[1.028s] Invoking command in '/home/minmin/robocon_ws/src/robocon_tutorial': PYTHONPATH=/home/minmin/robocon_ws/src/build/robocon_tutorial/prefix_override:/usr/lib/python3/dist-packages/colcon_core/task/python/colcon_distutils_commands:/home/minmin/robocon_ws/src/install/robocon_tutorial/lib/python3.10/site-packages:${PYTHONPATH} /usr/bin/python3 -W ignore:setup.py install is deprecated -W ignore:easy_install command is deprecated setup.py egg_info --egg-base ../build/robocon_tutorial build --build-base /home/minmin/robocon_ws/src/build/robocon_tutorial/build install --record /home/minmin/robocon_ws/src/build/robocon_tutorial/install.log --single-version-externally-managed install_data
[1.341s] running egg_info
[1.343s] writing ../build/robocon_tutorial/robocon_tutorial.egg-info/PKG-INFO
[1.343s] writing dependency_links to ../build/robocon_tutorial/robocon_tutorial.egg-info/dependency_links.txt
[1.344s] writing entry points to ../build/robocon_tutorial/robocon_tutorial.egg-info/entry_points.txt
[1.344s] writing requirements to ../build/robocon_tutorial/robocon_tutorial.egg-info/requires.txt
[1.345s] writing top-level names to ../build/robocon_tutorial/robocon_tutorial.egg-info/top_level.txt
[1.347s] reading manifest file '../build/robocon_tutorial/robocon_tutorial.egg-info/SOURCES.txt'
[1.349s] writing manifest file '../build/robocon_tutorial/robocon_tutorial.egg-info/SOURCES.txt'
[1.349s] running build
[1.349s] running build_py
[1.350s] copying robocon_tutorial/mecanum_serial_odometry.py -> /home/minmin/robocon_ws/src/build/robocon_tutorial/build/lib/robocon_tutorial
[1.350s] copying robocon_tutorial/simple_publisher.py -> /home/minmin/robocon_ws/src/build/robocon_tutorial/build/lib/robocon_tutorial
[1.351s] copying robocon_tutorial/simple_subscriber.py -> /home/minmin/robocon_ws/src/build/robocon_tutorial/build/lib/robocon_tutorial
[1.352s] running install
[1.353s] running install_lib
[1.354s] copying /home/minmin/robocon_ws/src/build/robocon_tutorial/build/lib/robocon_tutorial/mecanum_serial_odometry.py -> /home/minmin/robocon_ws/src/install/robocon_tutorial/lib/python3.10/site-packages/robocon_tutorial
[1.354s] copying /home/minmin/robocon_ws/src/build/robocon_tutorial/build/lib/robocon_tutorial/simple_publisher.py -> /home/minmin/robocon_ws/src/install/robocon_tutorial/lib/python3.10/site-packages/robocon_tutorial
[1.354s] copying /home/minmin/robocon_ws/src/build/robocon_tutorial/build/lib/robocon_tutorial/simple_subscriber.py -> /home/minmin/robocon_ws/src/install/robocon_tutorial/lib/python3.10/site-packages/robocon_tutorial
[1.355s] byte-compiling /home/minmin/robocon_ws/src/install/robocon_tutorial/lib/python3.10/site-packages/robocon_tutorial/mecanum_serial_odometry.py to mecanum_serial_odometry.cpython-310.pyc
[1.357s] byte-compiling /home/minmin/robocon_ws/src/install/robocon_tutorial/lib/python3.10/site-packages/robocon_tutorial/simple_publisher.py to simple_publisher.cpython-310.pyc
[1.358s] byte-compiling /home/minmin/robocon_ws/src/install/robocon_tutorial/lib/python3.10/site-packages/robocon_tutorial/simple_subscriber.py to simple_subscriber.cpython-310.pyc
[1.358s] running install_data
[1.359s] running install_egg_info
[1.361s] removing '/home/minmin/robocon_ws/src/install/robocon_tutorial/lib/python3.10/site-packages/robocon_tutorial-0.0.0-py3.10.egg-info' (and everything under it)
[1.362s] Copying ../build/robocon_tutorial/robocon_tutorial.egg-info to /home/minmin/robocon_ws/src/install/robocon_tutorial/lib/python3.10/site-packages/robocon_tutorial-0.0.0-py3.10.egg-info
[1.364s] running install_scripts
[1.391s] Installing mecanum_serial_odometry script to /home/minmin/robocon_ws/src/install/robocon_tutorial/lib/robocon_tutorial
[1.393s] Installing simple_publisher script to /home/minmin/robocon_ws/src/install/robocon_tutorial/lib/robocon_tutorial
[1.393s] Installing simple_subscriber script to /home/minmin/robocon_ws/src/install/robocon_tutorial/lib/robocon_tutorial
[1.393s] writing list of installed files to '/home/minmin/robocon_ws/src/build/robocon_tutorial/install.log'
[1.436s] Invoked command in '/home/minmin/robocon_ws/src/robocon_tutorial' returned '0': PYTHONPATH=/home/minmin/robocon_ws/src/build/robocon_tutorial/prefix_override:/usr/lib/python3/dist-packages/colcon_core/task/python/colcon_distutils_commands:/home/minmin/robocon_ws/src/install/robocon_tutorial/lib/python3.10/site-packages:${PYTHONPATH} /usr/bin/python3 -W ignore:setup.py install is deprecated -W ignore:easy_install command is deprecated setup.py egg_info --egg-base ../build/robocon_tutorial build --build-base /home/minmin/robocon_ws/src/build/robocon_tutorial/build install --record /home/minmin/robocon_ws/src/build/robocon_tutorial/install.log --single-version-externally-managed install_data
