[0.481s] Invoking command in '/home/poomjai/roboarm_ws/src/my_vision_system': PYTHONPATH=/home/poomjai/roboarm_ws/build/my_vision_system/prefix_override:/usr/lib/python3/dist-packages/colcon_core/task/python/colcon_distutils_commands:/home/poomjai/roboarm_ws/install/my_vision_system/lib/python3.10/site-packages:${PYTHONPATH} /usr/bin/python3 -W ignore:setup.py install is deprecated -W ignore:easy_install command is deprecated setup.py egg_info --egg-base ../../build/my_vision_system build --build-base /home/poomjai/roboarm_ws/build/my_vision_system/build install --record /home/poomjai/roboarm_ws/build/my_vision_system/install.log --single-version-externally-managed install_data
[0.654s] running egg_info
[0.655s] writing ../../build/my_vision_system/my_vision_system.egg-info/PKG-INFO
[0.655s] writing dependency_links to ../../build/my_vision_system/my_vision_system.egg-info/dependency_links.txt
[0.655s] writing entry points to ../../build/my_vision_system/my_vision_system.egg-info/entry_points.txt
[0.655s] writing requirements to ../../build/my_vision_system/my_vision_system.egg-info/requires.txt
[0.656s] writing top-level names to ../../build/my_vision_system/my_vision_system.egg-info/top_level.txt
[0.657s] reading manifest file '../../build/my_vision_system/my_vision_system.egg-info/SOURCES.txt'
[0.658s] writing manifest file '../../build/my_vision_system/my_vision_system.egg-info/SOURCES.txt'
[0.658s] running build
[0.658s] running build_py
[0.658s] copying my_vision_system/yolo_node.py -> /home/poomjai/roboarm_ws/build/my_vision_system/build/lib/my_vision_system
[0.658s] running install
[0.659s] running install_lib
[0.659s] copying /home/poomjai/roboarm_ws/build/my_vision_system/build/lib/my_vision_system/yolo_node.py -> /home/poomjai/roboarm_ws/install/my_vision_system/lib/python3.10/site-packages/my_vision_system
[0.660s] byte-compiling /home/poomjai/roboarm_ws/install/my_vision_system/lib/python3.10/site-packages/my_vision_system/yolo_node.py to yolo_node.cpython-310.pyc
[0.660s] running install_data
[0.660s] running install_egg_info
[0.662s] removing '/home/poomjai/roboarm_ws/install/my_vision_system/lib/python3.10/site-packages/my_vision_system-0.0.0-py3.10.egg-info' (and everything under it)
[0.662s] Copying ../../build/my_vision_system/my_vision_system.egg-info to /home/poomjai/roboarm_ws/install/my_vision_system/lib/python3.10/site-packages/my_vision_system-0.0.0-py3.10.egg-info
[0.663s] running install_scripts
[0.680s] Installing yolo_node script to /home/poomjai/roboarm_ws/install/my_vision_system/lib/my_vision_system
[0.680s] writing list of installed files to '/home/poomjai/roboarm_ws/build/my_vision_system/install.log'
[0.700s] Invoked command in '/home/poomjai/roboarm_ws/src/my_vision_system' returned '0': PYTHONPATH=/home/poomjai/roboarm_ws/build/my_vision_system/prefix_override:/usr/lib/python3/dist-packages/colcon_core/task/python/colcon_distutils_commands:/home/poomjai/roboarm_ws/install/my_vision_system/lib/python3.10/site-packages:${PYTHONPATH} /usr/bin/python3 -W ignore:setup.py install is deprecated -W ignore:easy_install command is deprecated setup.py egg_info --egg-base ../../build/my_vision_system build --build-base /home/poomjai/roboarm_ws/build/my_vision_system/build install --record /home/poomjai/roboarm_ws/build/my_vision_system/install.log --single-version-externally-managed install_data
