[1.343s] Invoking command in '/home/vboxuser/robocon_ws/build/robocon_tutorial': PYTHONPATH=/home/vboxuser/robocon_ws/build/robocon_tutorial/prefix_override:/usr/lib/python3/dist-packages/colcon_core/task/python/colcon_distutils_commands:/home/vboxuser/robocon_ws/install/robocon_tutorial/lib/python3.10/site-packages:${PYTHONPATH} /usr/bin/python3 -W ignore:setup.py install is deprecated -W ignore:easy_install command is deprecated setup.py develop --uninstall --editable --build-directory /home/vboxuser/robocon_ws/build/robocon_tutorial/build
[1.720s] running develop
[2.026s] Removing /home/vboxuser/robocon_ws/install/robocon_tutorial/lib/python3.10/site-packages/robocon-tutorial.egg-link (link to .)
[2.097s] Invoked command in '/home/vboxuser/robocon_ws/build/robocon_tutorial' returned '0': PYTHONPATH=/home/vboxuser/robocon_ws/build/robocon_tutorial/prefix_override:/usr/lib/python3/dist-packages/colcon_core/task/python/colcon_distutils_commands:/home/vboxuser/robocon_ws/install/robocon_tutorial/lib/python3.10/site-packages:${PYTHONPATH} /usr/bin/python3 -W ignore:setup.py install is deprecated -W ignore:easy_install command is deprecated setup.py develop --uninstall --editable --build-directory /home/vboxuser/robocon_ws/build/robocon_tutorial/build
[2.100s] Invoking command in '/home/vboxuser/robocon_ws/src/robocon_tutorial': PYTHONPATH=/home/vboxuser/robocon_ws/build/robocon_tutorial/prefix_override:/usr/lib/python3/dist-packages/colcon_core/task/python/colcon_distutils_commands:/home/vboxuser/robocon_ws/install/robocon_tutorial/lib/python3.10/site-packages:${PYTHONPATH} /usr/bin/python3 -W ignore:setup.py install is deprecated -W ignore:easy_install command is deprecated setup.py egg_info --egg-base ../../build/robocon_tutorial build --build-base /home/vboxuser/robocon_ws/build/robocon_tutorial/build install --record /home/vboxuser/robocon_ws/build/robocon_tutorial/install.log --single-version-externally-managed install_data --force
[2.452s] running egg_info
[2.455s] writing ../../build/robocon_tutorial/robocon_tutorial.egg-info/PKG-INFO
[2.456s] writing dependency_links to ../../build/robocon_tutorial/robocon_tutorial.egg-info/dependency_links.txt
[2.456s] writing entry points to ../../build/robocon_tutorial/robocon_tutorial.egg-info/entry_points.txt
[2.457s] writing requirements to ../../build/robocon_tutorial/robocon_tutorial.egg-info/requires.txt
[2.457s] writing top-level names to ../../build/robocon_tutorial/robocon_tutorial.egg-info/top_level.txt
[2.460s] reading manifest file '../../build/robocon_tutorial/robocon_tutorial.egg-info/SOURCES.txt'
[2.553s] writing manifest file '../../build/robocon_tutorial/robocon_tutorial.egg-info/SOURCES.txt'
[2.554s] running build
[2.554s] running build_py
[2.554s] copying robocon_tutorial/mecanum_serial_odometry.py -> /home/vboxuser/robocon_ws/build/robocon_tutorial/build/lib/robocon_tutorial
[2.555s] running install
[2.555s] running install_lib
[2.556s] creating /home/vboxuser/robocon_ws/install/robocon_tutorial/lib/python3.10/site-packages/robocon_tutorial
[2.557s] copying /home/vboxuser/robocon_ws/build/robocon_tutorial/build/lib/robocon_tutorial/simple_subscriber.py -> /home/vboxuser/robocon_ws/install/robocon_tutorial/lib/python3.10/site-packages/robocon_tutorial
[2.582s] copying /home/vboxuser/robocon_ws/build/robocon_tutorial/build/lib/robocon_tutorial/mecanum_serial_odometry.py -> /home/vboxuser/robocon_ws/install/robocon_tutorial/lib/python3.10/site-packages/robocon_tutorial
[2.584s] copying /home/vboxuser/robocon_ws/build/robocon_tutorial/build/lib/robocon_tutorial/__init__.py -> /home/vboxuser/robocon_ws/install/robocon_tutorial/lib/python3.10/site-packages/robocon_tutorial
[2.585s] copying /home/vboxuser/robocon_ws/build/robocon_tutorial/build/lib/robocon_tutorial/simple_publisher.py -> /home/vboxuser/robocon_ws/install/robocon_tutorial/lib/python3.10/site-packages/robocon_tutorial
[2.590s] byte-compiling /home/vboxuser/robocon_ws/install/robocon_tutorial/lib/python3.10/site-packages/robocon_tutorial/simple_subscriber.py to simple_subscriber.cpython-310.pyc
[2.592s] byte-compiling /home/vboxuser/robocon_ws/install/robocon_tutorial/lib/python3.10/site-packages/robocon_tutorial/mecanum_serial_odometry.py to mecanum_serial_odometry.cpython-310.pyc
[2.595s] byte-compiling /home/vboxuser/robocon_ws/install/robocon_tutorial/lib/python3.10/site-packages/robocon_tutorial/__init__.py to __init__.cpython-310.pyc
[2.596s] byte-compiling /home/vboxuser/robocon_ws/install/robocon_tutorial/lib/python3.10/site-packages/robocon_tutorial/simple_publisher.py to simple_publisher.cpython-310.pyc
[2.596s] running install_data
[2.597s] copying resource/robocon_tutorial -> /home/vboxuser/robocon_ws/install/robocon_tutorial/share/ament_index/resource_index/packages
[2.597s] copying package.xml -> /home/vboxuser/robocon_ws/install/robocon_tutorial/share/robocon_tutorial
[2.619s] running install_egg_info
[2.623s] Copying ../../build/robocon_tutorial/robocon_tutorial.egg-info to /home/vboxuser/robocon_ws/install/robocon_tutorial/lib/python3.10/site-packages/robocon_tutorial-0.0.0-py3.10.egg-info
[2.641s] running install_scripts
[2.673s] Installing mecanum_serial_odometry script to /home/vboxuser/robocon_ws/install/robocon_tutorial/lib/robocon_tutorial
[2.674s] Installing simple_publisher script to /home/vboxuser/robocon_ws/install/robocon_tutorial/lib/robocon_tutorial
[2.674s] Installing simple_subscriber script to /home/vboxuser/robocon_ws/install/robocon_tutorial/lib/robocon_tutorial
[2.675s] writing list of installed files to '/home/vboxuser/robocon_ws/build/robocon_tutorial/install.log'
[2.726s] Invoked command in '/home/vboxuser/robocon_ws/src/robocon_tutorial' returned '0': PYTHONPATH=/home/vboxuser/robocon_ws/build/robocon_tutorial/prefix_override:/usr/lib/python3/dist-packages/colcon_core/task/python/colcon_distutils_commands:/home/vboxuser/robocon_ws/install/robocon_tutorial/lib/python3.10/site-packages:${PYTHONPATH} /usr/bin/python3 -W ignore:setup.py install is deprecated -W ignore:easy_install command is deprecated setup.py egg_info --egg-base ../../build/robocon_tutorial build --build-base /home/vboxuser/robocon_ws/build/robocon_tutorial/build install --record /home/vboxuser/robocon_ws/build/robocon_tutorial/install.log --single-version-externally-managed install_data --force
