[0.213s] DEBUG:colcon:Command line arguments: ['/usr/bin/colcon', 'build']
[0.214s] DEBUG:colcon:Parsed command line arguments: Namespace(log_base=None, log_level=None, verb_name='build', build_base='build', install_base='install', merge_install=False, symlink_install=False, test_result_base=None, continue_on_error=False, executor='parallel', parallel_workers=5, event_handlers=None, ignore_user_meta=False, metas=['./colcon.meta'], base_paths=['.'], packages_ignore=None, packages_ignore_regex=None, paths=None, packages_up_to=None, packages_up_to_regex=None, packages_above=None, packages_above_and_dependencies=None, packages_above_depth=None, packages_select_by_dep=None, packages_skip_by_dep=None, packages_skip_up_to=None, packages_select_build_failed=False, packages_skip_build_finished=False, packages_select_test_failures=False, packages_skip_test_passed=False, packages_select=None, packages_skip=None, packages_select_regex=None, packages_skip_regex=None, packages_start=None, packages_end=None, allow_overriding=[], cmake_args=None, cmake_target=None, cmake_target_skip_unavailable=False, cmake_clean_cache=False, cmake_clean_first=False, cmake_force_configure=False, ament_cmake_args=None, catkin_cmake_args=None, catkin_skip_building_tests=False, verb_parser=<colcon_defaults.argument_parser.defaults.DefaultArgumentsDecorator object at 0x746088c37d00>, verb_extension=<colcon_core.verb.build.BuildVerb object at 0x746088c37730>, main=<bound method BuildVerb.main of <colcon_core.verb.build.BuildVerb object at 0x746088c37730>>)
[3.839s] Level 1:colcon.colcon_core.package_discovery:discover_packages(colcon_meta) check parameters
[3.840s] Level 1:colcon.colcon_core.package_discovery:discover_packages(recursive) check parameters
[3.840s] Level 1:colcon.colcon_core.package_discovery:discover_packages(ignore) check parameters
[3.840s] Level 1:colcon.colcon_core.package_discovery:discover_packages(path) check parameters
[3.840s] Level 1:colcon.colcon_core.package_discovery:discover_packages(colcon_meta) discover
[3.840s] Level 1:colcon.colcon_core.package_discovery:discover_packages(recursive) discover
[3.840s] INFO:colcon.colcon_core.package_discovery:Crawling recursively for packages in '/home/vboxuser/robocon_ws'
[3.840s] Level 1:colcon.colcon_core.package_identification:_identify(.) by extensions ['ignore', 'ignore_ament_install']
[3.840s] Level 1:colcon.colcon_core.package_identification:_identify(.) by extension 'ignore'
[3.841s] Level 1:colcon.colcon_core.package_identification:_identify(.) by extension 'ignore_ament_install'
[3.841s] Level 1:colcon.colcon_core.package_identification:_identify(.) by extensions ['colcon_pkg']
[3.841s] Level 1:colcon.colcon_core.package_identification:_identify(.) by extension 'colcon_pkg'
[3.841s] Level 1:colcon.colcon_core.package_identification:_identify(.) by extensions ['colcon_meta']
[3.841s] Level 1:colcon.colcon_core.package_identification:_identify(.) by extension 'colcon_meta'
[3.841s] Level 1:colcon.colcon_core.package_identification:_identify(.) by extensions ['ros']
[3.841s] Level 1:colcon.colcon_core.package_identification:_identify(.) by extension 'ros'
[3.895s] Level 1:colcon.colcon_core.package_identification:_identify(.) by extensions ['cmake', 'python']
[3.895s] Level 1:colcon.colcon_core.package_identification:_identify(.) by extension 'cmake'
[3.895s] Level 1:colcon.colcon_core.package_identification:_identify(.) by extension 'python'
[3.895s] Level 1:colcon.colcon_core.package_identification:_identify(.) by extensions ['python_setup_py']
[3.895s] Level 1:colcon.colcon_core.package_identification:_identify(.) by extension 'python_setup_py'
[3.895s] Level 1:colcon.colcon_core.package_identification:_identify(build) by extensions ['ignore', 'ignore_ament_install']
[3.895s] Level 1:colcon.colcon_core.package_identification:_identify(build) by extension 'ignore'
[3.896s] Level 1:colcon.colcon_core.package_identification:_identify(build) ignored
[3.896s] Level 1:colcon.colcon_core.package_identification:_identify(install) by extensions ['ignore', 'ignore_ament_install']
[3.896s] Level 1:colcon.colcon_core.package_identification:_identify(install) by extension 'ignore'
[3.896s] Level 1:colcon.colcon_core.package_identification:_identify(install) ignored
[3.896s] Level 1:colcon.colcon_core.package_identification:_identify(log) by extensions ['ignore', 'ignore_ament_install']
[3.896s] Level 1:colcon.colcon_core.package_identification:_identify(log) by extension 'ignore'
[3.896s] Level 1:colcon.colcon_core.package_identification:_identify(log) ignored
[3.896s] Level 1:colcon.colcon_core.package_identification:_identify(src) by extensions ['ignore', 'ignore_ament_install']
[3.896s] Level 1:colcon.colcon_core.package_identification:_identify(src) by extension 'ignore'
[3.896s] Level 1:colcon.colcon_core.package_identification:_identify(src) by extension 'ignore_ament_install'
[3.897s] Level 1:colcon.colcon_core.package_identification:_identify(src) by extensions ['colcon_pkg']
[3.897s] Level 1:colcon.colcon_core.package_identification:_identify(src) by extension 'colcon_pkg'
[3.897s] Level 1:colcon.colcon_core.package_identification:_identify(src) by extensions ['colcon_meta']
[3.897s] Level 1:colcon.colcon_core.package_identification:_identify(src) by extension 'colcon_meta'
[3.897s] Level 1:colcon.colcon_core.package_identification:_identify(src) by extensions ['ros']
[3.897s] Level 1:colcon.colcon_core.package_identification:_identify(src) by extension 'ros'
[3.897s] Level 1:colcon.colcon_core.package_identification:_identify(src) by extensions ['cmake', 'python']
[3.897s] Level 1:colcon.colcon_core.package_identification:_identify(src) by extension 'cmake'
[3.897s] Level 1:colcon.colcon_core.package_identification:_identify(src) by extension 'python'
[3.897s] Level 1:colcon.colcon_core.package_identification:_identify(src) by extensions ['python_setup_py']
[3.897s] Level 1:colcon.colcon_core.package_identification:_identify(src) by extension 'python_setup_py'
[3.911s] Level 1:colcon.colcon_core.package_identification:_identify(src/build) by extensions ['ignore', 'ignore_ament_install']
[3.912s] Level 1:colcon.colcon_core.package_identification:_identify(src/build) by extension 'ignore'
[3.912s] Level 1:colcon.colcon_core.package_identification:_identify(src/build) ignored
[3.913s] Level 1:colcon.colcon_core.package_identification:_identify(src/install) by extensions ['ignore', 'ignore_ament_install']
[3.913s] Level 1:colcon.colcon_core.package_identification:_identify(src/install) by extension 'ignore'
[3.913s] Level 1:colcon.colcon_core.package_identification:_identify(src/install) ignored
[3.914s] Level 1:colcon.colcon_core.package_identification:_identify(src/log) by extensions ['ignore', 'ignore_ament_install']
[3.915s] Level 1:colcon.colcon_core.package_identification:_identify(src/log) by extension 'ignore'
[3.915s] Level 1:colcon.colcon_core.package_identification:_identify(src/log) ignored
[3.915s] Level 1:colcon.colcon_core.package_identification:_identify(src/robocon_tutorial) by extensions ['ignore', 'ignore_ament_install']
[3.915s] Level 1:colcon.colcon_core.package_identification:_identify(src/robocon_tutorial) by extension 'ignore'
[3.915s] Level 1:colcon.colcon_core.package_identification:_identify(src/robocon_tutorial) by extension 'ignore_ament_install'
[3.915s] Level 1:colcon.colcon_core.package_identification:_identify(src/robocon_tutorial) by extensions ['colcon_pkg']
[3.915s] Level 1:colcon.colcon_core.package_identification:_identify(src/robocon_tutorial) by extension 'colcon_pkg'
[3.915s] Level 1:colcon.colcon_core.package_identification:_identify(src/robocon_tutorial) by extensions ['colcon_meta']
[3.915s] Level 1:colcon.colcon_core.package_identification:_identify(src/robocon_tutorial) by extension 'colcon_meta'
[3.915s] Level 1:colcon.colcon_core.package_identification:_identify(src/robocon_tutorial) by extensions ['ros']
[3.915s] Level 1:colcon.colcon_core.package_identification:_identify(src/robocon_tutorial) by extension 'ros'
[3.963s] DEBUG:colcon.colcon_core.package_identification:Package 'src/robocon_tutorial' with type 'ros.ament_python' and name 'robocon_tutorial'
[3.963s] Level 1:colcon.colcon_core.package_discovery:discover_packages(recursive) using defaults
[3.964s] Level 1:colcon.colcon_core.package_discovery:discover_packages(ignore) discover
[3.964s] Level 1:colcon.colcon_core.package_discovery:discover_packages(ignore) using defaults
[3.964s] Level 1:colcon.colcon_core.package_discovery:discover_packages(path) discover
[3.964s] Level 1:colcon.colcon_core.package_discovery:discover_packages(path) using defaults
[4.117s] Level 1:colcon.colcon_core.package_discovery:discover_packages(prefix_path) check parameters
[4.117s] Level 1:colcon.colcon_core.package_discovery:discover_packages(prefix_path) discover
[4.136s] DEBUG:colcon.colcon_installed_package_information.package_discovery:Found 1 installed packages in /home/vboxuser/robocon_ws/install
[4.136s] DEBUG:colcon.colcon_installed_package_information.package_discovery:Found 2 installed packages in /home/vboxuser/ros2_ws/install
[4.138s] DEBUG:colcon.colcon_installed_package_information.package_discovery:Found 280 installed packages in /opt/ros/humble
[4.159s] Level 1:colcon.colcon_core.package_discovery:discover_packages(prefix_path) using defaults
[4.328s] Level 5:colcon.colcon_core.verb:set package 'robocon_tutorial' build argument 'cmake_args' from command line to 'None'
[4.328s] Level 5:colcon.colcon_core.verb:set package 'robocon_tutorial' build argument 'cmake_target' from command line to 'None'
[4.328s] Level 5:colcon.colcon_core.verb:set package 'robocon_tutorial' build argument 'cmake_target_skip_unavailable' from command line to 'False'
[4.328s] Level 5:colcon.colcon_core.verb:set package 'robocon_tutorial' build argument 'cmake_clean_cache' from command line to 'False'
[4.328s] Level 5:colcon.colcon_core.verb:set package 'robocon_tutorial' build argument 'cmake_clean_first' from command line to 'False'
[4.328s] Level 5:colcon.colcon_core.verb:set package 'robocon_tutorial' build argument 'cmake_force_configure' from command line to 'False'
[4.328s] Level 5:colcon.colcon_core.verb:set package 'robocon_tutorial' build argument 'ament_cmake_args' from command line to 'None'
[4.328s] Level 5:colcon.colcon_core.verb:set package 'robocon_tutorial' build argument 'catkin_cmake_args' from command line to 'None'
[4.328s] Level 5:colcon.colcon_core.verb:set package 'robocon_tutorial' build argument 'catkin_skip_building_tests' from command line to 'False'
[4.328s] DEBUG:colcon.colcon_core.verb:Building package 'robocon_tutorial' with the following arguments: {'ament_cmake_args': None, 'build_base': '/home/vboxuser/robocon_ws/build/robocon_tutorial', 'catkin_cmake_args': None, 'catkin_skip_building_tests': False, 'cmake_args': None, 'cmake_clean_cache': False, 'cmake_clean_first': False, 'cmake_force_configure': False, 'cmake_target': None, 'cmake_target_skip_unavailable': False, 'install_base': '/home/vboxuser/robocon_ws/install/robocon_tutorial', 'merge_install': False, 'path': '/home/vboxuser/robocon_ws/src/robocon_tutorial', 'symlink_install': False, 'test_result_base': None}
[4.328s] INFO:colcon.colcon_core.executor:Executing jobs using 'parallel' executor
[4.330s] DEBUG:colcon.colcon_parallel_executor.executor.parallel:run_until_complete
[4.330s] INFO:colcon.colcon_ros.task.ament_python.build:Building ROS package in '/home/vboxuser/robocon_ws/src/robocon_tutorial' with build type 'ament_python'
[4.330s] Level 1:colcon.colcon_core.shell:create_environment_hook('robocon_tutorial', 'ament_prefix_path')
[4.338s] INFO:colcon.colcon_core.plugin_system:Skipping extension 'colcon_core.shell.bat': Not used on non-Windows systems
[4.338s] INFO:colcon.colcon_core.shell:Creating environment hook '/home/vboxuser/robocon_ws/install/robocon_tutorial/share/robocon_tutorial/hook/ament_prefix_path.ps1'
[4.340s] INFO:colcon.colcon_core.shell:Creating environment descriptor '/home/vboxuser/robocon_ws/install/robocon_tutorial/share/robocon_tutorial/hook/ament_prefix_path.dsv'
[4.364s] INFO:colcon.colcon_core.shell:Creating environment hook '/home/vboxuser/robocon_ws/install/robocon_tutorial/share/robocon_tutorial/hook/ament_prefix_path.sh'
[4.368s] INFO:colcon.colcon_core.shell:Skip shell extension 'powershell' for command environment: Not usable outside of PowerShell
[4.368s] DEBUG:colcon.colcon_core.shell:Skip shell extension 'dsv' for command environment
[4.834s] INFO:colcon.colcon_core.task.python.build:Building Python package in '/home/vboxuser/robocon_ws/src/robocon_tutorial'
[4.834s] INFO:colcon.colcon_core.shell:Skip shell extension 'powershell' for command environment: Not usable outside of PowerShell
[4.834s] DEBUG:colcon.colcon_core.shell:Skip shell extension 'dsv' for command environment
[5.674s] DEBUG:colcon.colcon_core.event_handler.log_command:Invoking command in '/home/vboxuser/robocon_ws/build/robocon_tutorial': PYTHONPATH=/home/vboxuser/robocon_ws/build/robocon_tutorial/prefix_override:/usr/lib/python3/dist-packages/colcon_core/task/python/colcon_distutils_commands:/home/vboxuser/robocon_ws/install/robocon_tutorial/lib/python3.10/site-packages:${PYTHONPATH} /usr/bin/python3 -W ignore:setup.py install is deprecated -W ignore:easy_install command is deprecated setup.py develop --uninstall --editable --build-directory /home/vboxuser/robocon_ws/build/robocon_tutorial/build
[6.428s] DEBUG:colcon.colcon_core.event_handler.log_command:Invoked command in '/home/vboxuser/robocon_ws/build/robocon_tutorial' returned '0': PYTHONPATH=/home/vboxuser/robocon_ws/build/robocon_tutorial/prefix_override:/usr/lib/python3/dist-packages/colcon_core/task/python/colcon_distutils_commands:/home/vboxuser/robocon_ws/install/robocon_tutorial/lib/python3.10/site-packages:${PYTHONPATH} /usr/bin/python3 -W ignore:setup.py install is deprecated -W ignore:easy_install command is deprecated setup.py develop --uninstall --editable --build-directory /home/vboxuser/robocon_ws/build/robocon_tutorial/build
[6.430s] DEBUG:colcon.colcon_core.event_handler.log_command:Invoking command in '/home/vboxuser/robocon_ws/src/robocon_tutorial': PYTHONPATH=/home/vboxuser/robocon_ws/build/robocon_tutorial/prefix_override:/usr/lib/python3/dist-packages/colcon_core/task/python/colcon_distutils_commands:/home/vboxuser/robocon_ws/install/robocon_tutorial/lib/python3.10/site-packages:${PYTHONPATH} /usr/bin/python3 -W ignore:setup.py install is deprecated -W ignore:easy_install command is deprecated setup.py egg_info --egg-base ../../build/robocon_tutorial build --build-base /home/vboxuser/robocon_ws/build/robocon_tutorial/build install --record /home/vboxuser/robocon_ws/build/robocon_tutorial/install.log --single-version-externally-managed install_data --force
[7.056s] DEBUG:colcon.colcon_core.event_handler.log_command:Invoked command in '/home/vboxuser/robocon_ws/src/robocon_tutorial' returned '0': PYTHONPATH=/home/vboxuser/robocon_ws/build/robocon_tutorial/prefix_override:/usr/lib/python3/dist-packages/colcon_core/task/python/colcon_distutils_commands:/home/vboxuser/robocon_ws/install/robocon_tutorial/lib/python3.10/site-packages:${PYTHONPATH} /usr/bin/python3 -W ignore:setup.py install is deprecated -W ignore:easy_install command is deprecated setup.py egg_info --egg-base ../../build/robocon_tutorial build --build-base /home/vboxuser/robocon_ws/build/robocon_tutorial/build install --record /home/vboxuser/robocon_ws/build/robocon_tutorial/install.log --single-version-externally-managed install_data --force
[7.065s] Level 1:colcon.colcon_core.environment:checking '/home/vboxuser/robocon_ws/install/robocon_tutorial' for CMake module files
[7.066s] Level 1:colcon.colcon_core.environment:checking '/home/vboxuser/robocon_ws/install/robocon_tutorial' for CMake config files
[7.067s] Level 1:colcon.colcon_core.environment:checking '/home/vboxuser/robocon_ws/install/robocon_tutorial/lib'
[7.067s] Level 1:colcon.colcon_core.environment:checking '/home/vboxuser/robocon_ws/install/robocon_tutorial/bin'
[7.068s] Level 1:colcon.colcon_core.environment:checking '/home/vboxuser/robocon_ws/install/robocon_tutorial/lib/pkgconfig/robocon_tutorial.pc'
[7.068s] Level 1:colcon.colcon_core.environment:checking '/home/vboxuser/robocon_ws/install/robocon_tutorial/lib/python3.10/site-packages'
[7.068s] Level 1:colcon.colcon_core.shell:create_environment_hook('robocon_tutorial', 'pythonpath')
[7.068s] INFO:colcon.colcon_core.shell:Creating environment hook '/home/vboxuser/robocon_ws/install/robocon_tutorial/share/robocon_tutorial/hook/pythonpath.ps1'
[7.071s] INFO:colcon.colcon_core.shell:Creating environment descriptor '/home/vboxuser/robocon_ws/install/robocon_tutorial/share/robocon_tutorial/hook/pythonpath.dsv'
[7.073s] INFO:colcon.colcon_core.shell:Creating environment hook '/home/vboxuser/robocon_ws/install/robocon_tutorial/share/robocon_tutorial/hook/pythonpath.sh'
[7.076s] Level 1:colcon.colcon_core.environment:checking '/home/vboxuser/robocon_ws/install/robocon_tutorial/bin'
[7.076s] Level 1:colcon.colcon_core.environment:create_environment_scripts_only(robocon_tutorial)
[7.077s] INFO:colcon.colcon_core.shell:Creating package script '/home/vboxuser/robocon_ws/install/robocon_tutorial/share/robocon_tutorial/package.ps1'
[7.079s] INFO:colcon.colcon_core.shell:Creating package descriptor '/home/vboxuser/robocon_ws/install/robocon_tutorial/share/robocon_tutorial/package.dsv'
[7.081s] INFO:colcon.colcon_core.shell:Creating package script '/home/vboxuser/robocon_ws/install/robocon_tutorial/share/robocon_tutorial/package.sh'
[7.082s] INFO:colcon.colcon_core.shell:Creating package script '/home/vboxuser/robocon_ws/install/robocon_tutorial/share/robocon_tutorial/package.bash'
[7.084s] INFO:colcon.colcon_core.shell:Creating package script '/home/vboxuser/robocon_ws/install/robocon_tutorial/share/robocon_tutorial/package.zsh'
[7.086s] Level 1:colcon.colcon_core.environment:create_file_with_runtime_dependencies(/home/vboxuser/robocon_ws/install/robocon_tutorial/share/colcon-core/packages/robocon_tutorial)
[7.087s] DEBUG:colcon.colcon_parallel_executor.executor.parallel:closing loop
[7.087s] DEBUG:colcon.colcon_parallel_executor.executor.parallel:loop closed
[7.088s] DEBUG:colcon.colcon_parallel_executor.executor.parallel:run_until_complete finished with '0'
[7.088s] DEBUG:colcon.colcon_core.event_reactor:joining thread
[7.098s] INFO:colcon.colcon_core.plugin_system:Skipping extension 'colcon_notification.desktop_notification.terminal_notifier': Not used on non-Darwin systems
[7.098s] INFO:colcon.colcon_core.plugin_system:Skipping extension 'colcon_notification.desktop_notification.win32': Not used on non-Windows systems
[7.098s] INFO:colcon.colcon_notification.desktop_notification:Sending desktop notification using 'notify2'
[7.148s] DEBUG:colcon.colcon_core.event_reactor:joined thread
[7.148s] INFO:colcon.colcon_core.shell:Creating prefix script '/home/vboxuser/robocon_ws/install/local_setup.ps1'
[7.151s] INFO:colcon.colcon_core.shell:Creating prefix util module '/home/vboxuser/robocon_ws/install/_local_setup_util_ps1.py'
[7.156s] INFO:colcon.colcon_core.shell:Creating prefix chain script '/home/vboxuser/robocon_ws/install/setup.ps1'
[7.162s] INFO:colcon.colcon_core.shell:Creating prefix script '/home/vboxuser/robocon_ws/install/local_setup.sh'
[7.164s] INFO:colcon.colcon_core.shell:Creating prefix util module '/home/vboxuser/robocon_ws/install/_local_setup_util_sh.py'
[7.166s] INFO:colcon.colcon_core.shell:Creating prefix chain script '/home/vboxuser/robocon_ws/install/setup.sh'
[7.169s] INFO:colcon.colcon_core.shell:Creating prefix script '/home/vboxuser/robocon_ws/install/local_setup.bash'
[7.170s] INFO:colcon.colcon_core.shell:Creating prefix chain script '/home/vboxuser/robocon_ws/install/setup.bash'
[7.173s] INFO:colcon.colcon_core.shell:Creating prefix script '/home/vboxuser/robocon_ws/install/local_setup.zsh'
[7.175s] INFO:colcon.colcon_core.shell:Creating prefix chain script '/home/vboxuser/robocon_ws/install/setup.zsh'
