[0.027s] Invoking command in '/home/vboxuser/ros2_ws/build/mecanum4_description': CMAKE_PREFIX_PATH=${CMAKE_PREFIX_PATH}:/home/vboxuser/robocon_ws/install/robocon_tutorial:/opt/ros/humble /usr/bin/cmake /home/vboxuser/ros2_ws/src/mecanum4_description -DAMENT_CMAKE_SYMLINK_INSTALL=1 -DCMAKE_INSTALL_PREFIX=/home/vboxuser/ros2_ws/install/mecanum4_description
[0.049s] -- Found ament_cmake: 1.3.12 (/opt/ros/humble/share/ament_cmake/cmake)
[0.331s] -- Override CMake install command with custom implementation using symlinks instead of copying resources
[0.350s] -- Found ament_lint_auto: 0.12.14 (/opt/ros/humble/share/ament_lint_auto/cmake)
[0.482s] -- Added test 'flake8' to check Python code syntax and style conventions
[0.483s] -- Added test 'lint_cmake' to check CMake code style
[0.483s] -- Added test 'pep257' to check Python code against some of the docstring style conventions in PEP 257
[0.486s] -- Added test 'xmllint' to check XML markup files
[0.489s] -- Configuring done
[0.512s] -- Generating done
[0.512s] -- Build files have been written to: /home/vboxuser/ros2_ws/build/mecanum4_description
[30.035s] Invoked command in '/home/vboxuser/ros2_ws/build/mecanum4_description' returned '0': CMAKE_PREFIX_PATH=${CMAKE_PREFIX_PATH}:/home/vboxuser/robocon_ws/install/robocon_tutorial:/opt/ros/humble /usr/bin/cmake /home/vboxuser/ros2_ws/src/mecanum4_description -DAMENT_CMAKE_SYMLINK_INSTALL=1 -DCMAKE_INSTALL_PREFIX=/home/vboxuser/ros2_ws/install/mecanum4_description
[30.039s] Invoking command in '/home/vboxuser/ros2_ws/build/mecanum4_description': CMAKE_PREFIX_PATH=${CMAKE_PREFIX_PATH}:/home/vboxuser/robocon_ws/install/robocon_tutorial:/opt/ros/humble /usr/bin/cmake --build /home/vboxuser/ros2_ws/build/mecanum4_description -- -j5 -l5
[60.064s] Invoked command in '/home/vboxuser/ros2_ws/build/mecanum4_description' returned '0': CMAKE_PREFIX_PATH=${CMAKE_PREFIX_PATH}:/home/vboxuser/robocon_ws/install/robocon_tutorial:/opt/ros/humble /usr/bin/cmake --build /home/vboxuser/ros2_ws/build/mecanum4_description -- -j5 -l5
[60.080s] Invoking command in '/home/vboxuser/ros2_ws/build/mecanum4_description': CMAKE_PREFIX_PATH=${CMAKE_PREFIX_PATH}:/home/vboxuser/robocon_ws/install/robocon_tutorial:/opt/ros/humble /usr/bin/cmake --install /home/vboxuser/ros2_ws/build/mecanum4_description
[60.104s] -- Install configuration: ""
[60.104s] -- Execute custom install script
[60.104s] -- Up-to-date symlink: /home/vboxuser/ros2_ws/install/mecanum4_description/share/mecanum4_description/urdf/mecanum4_lidar.urdf
[60.104s] -- Up-to-date symlink: /home/vboxuser/ros2_ws/install/mecanum4_description/share/mecanum4_description/launch/display.launch.py
[60.105s] -- Up-to-date symlink: /home/vboxuser/ros2_ws/install/mecanum4_description/share/ament_index/resource_index/package_run_dependencies/mecanum4_description
[60.105s] -- Up-to-date symlink: /home/vboxuser/ros2_ws/install/mecanum4_description/share/ament_index/resource_index/parent_prefix_path/mecanum4_description
[60.105s] -- Up-to-date symlink: /home/vboxuser/ros2_ws/install/mecanum4_description/share/mecanum4_description/environment/ament_prefix_path.sh
[60.105s] -- Up-to-date symlink: /home/vboxuser/ros2_ws/install/mecanum4_description/share/mecanum4_description/environment/ament_prefix_path.dsv
[60.105s] -- Up-to-date symlink: /home/vboxuser/ros2_ws/install/mecanum4_description/share/mecanum4_description/environment/path.sh
[60.105s] -- Up-to-date symlink: /home/vboxuser/ros2_ws/install/mecanum4_description/share/mecanum4_description/environment/path.dsv
[60.105s] -- Up-to-date symlink: /home/vboxuser/ros2_ws/install/mecanum4_description/share/mecanum4_description/local_setup.bash
[60.106s] -- Up-to-date symlink: /home/vboxuser/ros2_ws/install/mecanum4_description/share/mecanum4_description/local_setup.sh
[60.106s] -- Up-to-date symlink: /home/vboxuser/ros2_ws/install/mecanum4_description/share/mecanum4_description/local_setup.zsh
[60.106s] -- Up-to-date symlink: /home/vboxuser/ros2_ws/install/mecanum4_description/share/mecanum4_description/local_setup.dsv
[60.107s] -- Symlinking: /home/vboxuser/ros2_ws/install/mecanum4_description/share/mecanum4_description/package.dsv
[60.130s] -- Up-to-date symlink: /home/vboxuser/ros2_ws/install/mecanum4_description/share/ament_index/resource_index/packages/mecanum4_description
[60.131s] -- Up-to-date symlink: /home/vboxuser/ros2_ws/install/mecanum4_description/share/mecanum4_description/cmake/mecanum4_descriptionConfig.cmake
[60.132s] -- Up-to-date symlink: /home/vboxuser/ros2_ws/install/mecanum4_description/share/mecanum4_description/cmake/mecanum4_descriptionConfig-version.cmake
[60.133s] -- Up-to-date symlink: /home/vboxuser/ros2_ws/install/mecanum4_description/share/mecanum4_description/package.xml
[60.137s] Invoked command in '/home/vboxuser/ros2_ws/build/mecanum4_description' returned '0': CMAKE_PREFIX_PATH=${CMAKE_PREFIX_PATH}:/home/vboxuser/robocon_ws/install/robocon_tutorial:/opt/ros/humble /usr/bin/cmake --install /home/vboxuser/ros2_ws/build/mecanum4_description
