[0.713s] Invoking command in '/home/poomjai/roboarm_ws/src/my_vision_system': PYTHONPATH=/home/poomjai/roboarm_ws/build/my_vision_system/prefix_override:/usr/lib/python3/dist-packages/colcon_core/task/python/colcon_distutils_commands:/home/poomjai/roboarm_ws/install/my_vision_system/lib/python3.10/site-packages:${PYTHONPATH} /usr/bin/python3 -W ignore:setup.py install is deprecated -W ignore:easy_install command is deprecated setup.py egg_info --egg-base ../../build/my_vision_system build --build-base /home/poomjai/roboarm_ws/build/my_vision_system/build install --record /home/poomjai/roboarm_ws/build/my_vision_system/install.log --single-version-externally-managed install_data
[0.890s] running egg_info
[0.891s] writing ../../build/my_vision_system/my_vision_system.egg-info/PKG-INFO
[0.891s] writing dependency_links to ../../build/my_vision_system/my_vision_system.egg-info/dependency_links.txt
[0.892s] writing entry points to ../../build/my_vision_system/my_vision_system.egg-info/entry_points.txt
[0.892s] writing requirements to ../../build/my_vision_system/my_vision_system.egg-info/requires.txt
[0.892s] writing top-level names to ../../build/my_vision_system/my_vision_system.egg-info/top_level.txt
[0.894s] reading manifest file '../../build/my_vision_system/my_vision_system.egg-info/SOURCES.txt'
[0.896s] writing manifest file '../../build/my_vision_system/my_vision_system.egg-info/SOURCES.txt'
[0.896s] running build
[0.897s] running build_py
[0.897s] copying my_vision_system/yolo_node.py -> /home/poomjai/roboarm_ws/build/my_vision_system/build/lib/my_vision_system
[0.897s] running install
[0.897s] running install_lib
[0.898s] copying /home/poomjai/roboarm_ws/build/my_vision_system/build/lib/my_vision_system/yolo_node.py -> /home/poomjai/roboarm_ws/install/my_vision_system/lib/python3.10/site-packages/my_vision_system
[0.899s] byte-compiling /home/poomjai/roboarm_ws/install/my_vision_system/lib/python3.10/site-packages/my_vision_system/yolo_node.py to yolo_node.cpython-310.pyc
[0.899s] Sorry: TabError: inconsistent use of tabs and spaces in indentation (yolo_node.py, line 21)
[0.899s] running install_data
[0.899s] running install_egg_info
[0.901s] removing '/home/poomjai/roboarm_ws/install/my_vision_system/lib/python3.10/site-packages/my_vision_system-0.0.0-py3.10.egg-info' (and everything under it)
[0.901s] Copying ../../build/my_vision_system/my_vision_system.egg-info to /home/poomjai/roboarm_ws/install/my_vision_system/lib/python3.10/site-packages/my_vision_system-0.0.0-py3.10.egg-info
[0.902s] running install_scripts
[0.920s] Installing yolo_node script to /home/poomjai/roboarm_ws/install/my_vision_system/lib/my_vision_system
[0.920s] writing list of installed files to '/home/poomjai/roboarm_ws/build/my_vision_system/install.log'
[0.938s] Invoked command in '/home/poomjai/roboarm_ws/src/my_vision_system' returned '0': PYTHONPATH=/home/poomjai/roboarm_ws/build/my_vision_system/prefix_override:/usr/lib/python3/dist-packages/colcon_core/task/python/colcon_distutils_commands:/home/poomjai/roboarm_ws/install/my_vision_system/lib/python3.10/site-packages:${PYTHONPATH} /usr/bin/python3 -W ignore:setup.py install is deprecated -W ignore:easy_install command is deprecated setup.py egg_info --egg-base ../../build/my_vision_system build --build-base /home/poomjai/roboarm_ws/build/my_vision_system/build install --record /home/poomjai/roboarm_ws/build/my_vision_system/install.log --single-version-externally-managed install_data
