[0.028s] Invoking command in '/home/minmin/ros2_ws/src/build/mecanum4_description': CMAKE_PREFIX_PATH=${CMAKE_PREFIX_PATH}:/opt/ros/humble /usr/bin/cmake --build /home/minmin/ros2_ws/src/build/mecanum4_description -- -j8 -l8
[0.081s] -- Found ament_cmake: 1.3.14 (/opt/ros/humble/share/ament_cmake/cmake)
[0.324s] -- Found ament_lint_auto: 0.12.15 (/opt/ros/humble/share/ament_lint_auto/cmake)
[0.517s] -- Added test 'cppcheck' to perform static code analysis on C / C++ code
[0.518s] -- Configured cppcheck include dirs: 
[0.518s] -- Configured cppcheck exclude dirs and/or files: 
[0.523s] -- Added test 'flake8' to check Python code syntax and style conventions
[0.529s] -- Added test 'lint_cmake' to check CMake code style
[0.533s] -- Added test 'pep257' to check Python code against some of the docstring style conventions in PEP 257
[0.558s] -- Added test 'uncrustify' to check C / C++ code style
[0.558s] -- Configured uncrustify additional arguments: 
[0.563s] -- Added test 'xmllint' to check XML markup files
[0.566s] -- Configuring done
[0.575s] -- Generating done
[0.579s] -- Build files have been written to: /home/minmin/ros2_ws/src/build/mecanum4_description
[0.614s] Invoked command in '/home/minmin/ros2_ws/src/build/mecanum4_description' returned '0': CMAKE_PREFIX_PATH=${CMAKE_PREFIX_PATH}:/opt/ros/humble /usr/bin/cmake --build /home/minmin/ros2_ws/src/build/mecanum4_description -- -j8 -l8
[0.617s] Invoking command in '/home/minmin/ros2_ws/src/build/mecanum4_description': CMAKE_PREFIX_PATH=${CMAKE_PREFIX_PATH}:/opt/ros/humble /usr/bin/cmake --install /home/minmin/ros2_ws/src/build/mecanum4_description
[0.628s] -- Install configuration: ""
[0.629s] -- Up-to-date: /home/minmin/ros2_ws/src/install/mecanum4_description/share/mecanum4_description/urdf
[0.629s] -- Installing: /home/minmin/ros2_ws/src/install/mecanum4_description/share/mecanum4_description/urdf/mecanum4_lidar.urdf
[0.629s] -- Up-to-date: /home/minmin/ros2_ws/src/install/mecanum4_description/share/mecanum4_description/launch
[0.629s] -- Installing: /home/minmin/ros2_ws/src/install/mecanum4_description/share/mecanum4_description/launch/localization_bringup.launch.py
[0.629s] -- Installing: /home/minmin/ros2_ws/src/install/mecanum4_description/share/mecanum4_description/launch/nav2_slam_bringup.launch.py
[0.630s] -- Up-to-date: /home/minmin/ros2_ws/src/install/mecanum4_description/share/mecanum4_description/launch/abu_stadium_spawn.launch.py
[0.630s] -- Installing: /home/minmin/ros2_ws/src/install/mecanum4_description/share/mecanum4_description/launch/nav2_amcl_bringup.launch.py
[0.630s] -- Up-to-date: /home/minmin/ros2_ws/src/install/mecanum4_description/share/mecanum4_description/launch/sim_bringup.launch.py
[0.630s] -- Up-to-date: /home/minmin/ros2_ws/src/install/mecanum4_description/share/mecanum4_description/launch/display.launch.py
[0.631s] -- Up-to-date: /home/minmin/ros2_ws/src/install/mecanum4_description/share/mecanum4_description/launch/robot_state_publisher.launch.py
[0.631s] -- Up-to-date: /home/minmin/ros2_ws/src/install/mecanum4_description/share/mecanum4_description/config
[0.632s] -- Up-to-date: /home/minmin/ros2_ws/src/install/mecanum4_description/share/mecanum4_description/config/nav2_params.yaml
[0.632s] -- Up-to-date: /home/minmin/ros2_ws/src/install/mecanum4_description/share/mecanum4_description/config/slam_params.yaml
[0.632s] -- Installing: /home/minmin/ros2_ws/src/install/mecanum4_description/share/mecanum4_description/config/nav2_view.rviz
[0.633s] -- Up-to-date: /home/minmin/ros2_ws/src/install/mecanum4_description/share/mecanum4_description/config/mecanum_controllers.yaml
[0.633s] -- Up-to-date: /home/minmin/ros2_ws/src/install/mecanum4_description/share/mecanum4_description/behavior_trees
[0.633s] -- Up-to-date: /home/minmin/ros2_ws/src/install/mecanum4_description/share/mecanum4_description/behavior_trees/navigate_to_pose_w_replanning_and_recovery.xml
[0.633s] -- Up-to-date: /home/minmin/ros2_ws/src/install/mecanum4_description/lib/mecanum4_description/cmd_vel_to_wheels.py
[0.633s] -- Up-to-date: /home/minmin/ros2_ws/src/install/mecanum4_description/lib/mecanum4_description/teleop_gui.py
[0.634s] -- Up-to-date: /home/minmin/ros2_ws/src/install/mecanum4_description/lib/mecanum4_description/docking_node.py
[0.634s] -- Installing: /home/minmin/ros2_ws/src/install/mecanum4_description/lib/mecanum4_description/camera_docking_node.py
[0.634s] -- Installing: /home/minmin/ros2_ws/src/install/mecanum4_description/lib/mecanum4_description/fused_docking_node.py
[0.634s] -- Up-to-date: /home/minmin/ros2_ws/src/install/mecanum4_description/share/ament_index/resource_index/package_run_dependencies/mecanum4_description
[0.634s] -- Up-to-date: /home/minmin/ros2_ws/src/install/mecanum4_description/share/ament_index/resource_index/parent_prefix_path/mecanum4_description
[0.635s] -- Up-to-date: /home/minmin/ros2_ws/src/install/mecanum4_description/share/mecanum4_description/environment/ament_prefix_path.sh
[0.635s] -- Installing: /home/minmin/ros2_ws/src/install/mecanum4_description/share/mecanum4_description/environment/ament_prefix_path.dsv
[0.635s] -- Up-to-date: /home/minmin/ros2_ws/src/install/mecanum4_description/share/mecanum4_description/environment/path.sh
[0.635s] -- Installing: /home/minmin/ros2_ws/src/install/mecanum4_description/share/mecanum4_description/environment/path.dsv
[0.635s] -- Up-to-date: /home/minmin/ros2_ws/src/install/mecanum4_description/share/mecanum4_description/local_setup.bash
[0.635s] -- Up-to-date: /home/minmin/ros2_ws/src/install/mecanum4_description/share/mecanum4_description/local_setup.sh
[0.636s] -- Up-to-date: /home/minmin/ros2_ws/src/install/mecanum4_description/share/mecanum4_description/local_setup.zsh
[0.636s] -- Installing: /home/minmin/ros2_ws/src/install/mecanum4_description/share/mecanum4_description/local_setup.dsv
[0.636s] -- Installing: /home/minmin/ros2_ws/src/install/mecanum4_description/share/mecanum4_description/package.dsv
[0.636s] -- Up-to-date: /home/minmin/ros2_ws/src/install/mecanum4_description/share/ament_index/resource_index/packages/mecanum4_description
[0.636s] -- Up-to-date: /home/minmin/ros2_ws/src/install/mecanum4_description/share/mecanum4_description/cmake/mecanum4_descriptionConfig.cmake
[0.636s] -- Up-to-date: /home/minmin/ros2_ws/src/install/mecanum4_description/share/mecanum4_description/cmake/mecanum4_descriptionConfig-version.cmake
[0.636s] -- Up-to-date: /home/minmin/ros2_ws/src/install/mecanum4_description/share/mecanum4_description/package.xml
[0.639s] Invoked command in '/home/minmin/ros2_ws/src/build/mecanum4_description' returned '0': CMAKE_PREFIX_PATH=${CMAKE_PREFIX_PATH}:/opt/ros/humble /usr/bin/cmake --install /home/minmin/ros2_ws/src/build/mecanum4_description
