[0.098s] Invoking command in '/home/vboxuser/ros2_ws/build/ydlidar_ros2_driver': CMAKE_PREFIX_PATH=/home/vboxuser/robocon_ws/install/robocon_tutorial:/opt/ros/humble /usr/bin/cmake --build /home/vboxuser/ros2_ws/build/ydlidar_ros2_driver -- -j5 -l5
[0.881s] -- Found ament_cmake: 1.3.12 (/opt/ros/humble/share/ament_cmake/cmake)
[1.264s] -- Override CMake install command with custom implementation using symlinks instead of copying resources
[1.409s] -- Found rclcpp: 16.0.17 (/opt/ros/humble/share/rclcpp/cmake)
[1.728s] -- Found rosidl_generator_c: 3.1.8 (/opt/ros/humble/share/rosidl_generator_c/cmake)
[1.748s] -- Found rosidl_adapter: 3.1.8 (/opt/ros/humble/share/rosidl_adapter/cmake)
[1.806s] -- Found rosidl_generator_cpp: 3.1.8 (/opt/ros/humble/share/rosidl_generator_cpp/cmake)
[1.852s] -- Using all available rosidl_typesupport_c: rosidl_typesupport_fastrtps_c;rosidl_typesupport_introspection_c
[1.900s] -- Using all available rosidl_typesupport_cpp: rosidl_typesupport_fastrtps_cpp;rosidl_typesupport_introspection_cpp
[2.067s] -- Found rmw_implementation_cmake: 6.1.2 (/opt/ros/humble/share/rmw_implementation_cmake/cmake)
[2.101s] -- Found rmw_fastrtps_cpp: 6.2.9 (/opt/ros/humble/share/rmw_fastrtps_cpp/cmake)
[2.454s] -- Using RMW implementation 'rmw_fastrtps_cpp' as default
[2.788s] -- Found sensor_msgs: 4.9.0 (/opt/ros/humble/share/sensor_msgs/cmake)
[2.913s] -- Found visualization_msgs: 4.9.0 (/opt/ros/humble/share/visualization_msgs/cmake)
[2.969s] -- Found std_srvs: 4.9.0 (/opt/ros/humble/share/std_srvs/cmake)
[3.062s] -- Found ament_lint_auto: 0.12.14 (/opt/ros/humble/share/ament_lint_auto/cmake)
[3.436s] -- Added test 'copyright' to check source files copyright and LICENSE
[3.502s] -- Added test 'cppcheck' to perform static code analysis on C / C++ code
[3.502s] -- Configured cppcheck include dirs: /home/vboxuser/ros2_ws/src/ydlidar_ros2_driver/src
[3.502s] -- Configured cppcheck exclude dirs and/or files: 
[3.507s] -- Added test 'cpplint' to check C / C++ code against the Google style
[3.507s] -- Configured cpplint exclude dirs and/or files: 
[3.509s] -- Added test 'flake8' to check Python code syntax and style conventions
[3.512s] -- Added test 'lint_cmake' to check CMake code style
[3.513s] -- Added test 'pep257' to check Python code against some of the docstring style conventions in PEP 257
[3.521s] -- Added test 'uncrustify' to check C / C++ code style
[3.521s] -- Configured uncrustify additional arguments: 
[3.522s] -- Added test 'xmllint' to check XML markup files
[3.533s] -- Configuring done
[3.612s] -- Generating done
[3.622s] -- Build files have been written to: /home/vboxuser/ros2_ws/build/ydlidar_ros2_driver
[3.678s] Consolidate compiler generated dependencies of target ydlidar_ros2_driver_node
[3.706s] Consolidate compiler generated dependencies of target ydlidar_ros2_driver_client
[3.814s] [ 25%] Building CXX object CMakeFiles/ydlidar_ros2_driver_client.dir/src/ydlidar_ros2_driver_client.cpp.o
[3.817s] [ 50%] Building CXX object CMakeFiles/ydlidar_ros2_driver_node.dir/src/ydlidar_ros2_driver_node.cpp.o
[7.557s] In file included from /home/vboxuser/.local/include/core/base/v8stdint.h:142,
[7.557s]                  from /home/vboxuser/.local/include/core/common/DriverInterface.h:4,
[7.558s]                  from /home/vboxuser/.local/include/src/CYdLidar.h:48,
[7.558s]                  from /home/vboxuser/ros2_ws/src/ydlidar_ros2_driver/src/ydlidar_ros2_driver_node.cpp:16:
[7.558s] /home/vboxuser/.local/include/core/base/ydlidar.h: In function ‘bool ydlidar::core::base::fileExists(const string&)’:
[7.558s] /home/vboxuser/.local/include/core/base/ydlidar.h:183:24: warning: missing initializer for member ‘stat::st_ino’ [-Wmissing-field-initializers]
[7.558s]   183 |   struct stat info = {0};
[7.559s]       |                        ^
[7.560s] /home/vboxuser/.local/include/core/base/ydlidar.h:183:24: warning: missing initializer for member ‘stat::st_nlink’ [-Wmissing-field-initializers]
[7.561s] /home/vboxuser/.local/include/core/base/ydlidar.h:183:24: warning: missing initializer for member ‘stat::st_mode’ [-Wmissing-field-initializers]
[7.561s] /home/vboxuser/.local/include/core/base/ydlidar.h:183:24: warning: missing initializer for member ‘stat::st_uid’ [-Wmissing-field-initializers]
[7.561s] /home/vboxuser/.local/include/core/base/ydlidar.h:183:24: warning: missing initializer for member ‘stat::st_gid’ [-Wmissing-field-initializers]
[7.562s] /home/vboxuser/.local/include/core/base/ydlidar.h:183:24: warning: missing initializer for member ‘stat::__pad0’ [-Wmissing-field-initializers]
[7.562s] /home/vboxuser/.local/include/core/base/ydlidar.h:183:24: warning: missing initializer for member ‘stat::st_rdev’ [-Wmissing-field-initializers]
[7.562s] /home/vboxuser/.local/include/core/base/ydlidar.h:183:24: warning: missing initializer for member ‘stat::st_size’ [-Wmissing-field-initializers]
[7.562s] /home/vboxuser/.local/include/core/base/ydlidar.h:183:24: warning: missing initializer for member ‘stat::st_blksize’ [-Wmissing-field-initializers]
[7.563s] /home/vboxuser/.local/include/core/base/ydlidar.h:183:24: warning: missing initializer for member ‘stat::st_blocks’ [-Wmissing-field-initializers]
[7.563s] /home/vboxuser/.local/include/core/base/ydlidar.h:183:24: warning: missing initializer for member ‘stat::st_atim’ [-Wmissing-field-initializers]
[7.564s] /home/vboxuser/.local/include/core/base/ydlidar.h:183:24: warning: missing initializer for member ‘stat::st_mtim’ [-Wmissing-field-initializers]
[7.564s] /home/vboxuser/.local/include/core/base/ydlidar.h:183:24: warning: missing initializer for member ‘stat::st_ctim’ [-Wmissing-field-initializers]
[7.565s] /home/vboxuser/.local/include/core/base/ydlidar.h:183:24: warning: missing initializer for member ‘stat::__glibc_reserved’ [-Wmissing-field-initializers]
[7.565s] In file included from /home/vboxuser/.local/include/core/common/DriverInterface.h:5,
[7.565s]                  from /home/vboxuser/.local/include/src/CYdLidar.h:48,
[7.565s]                  from /home/vboxuser/ros2_ws/src/ydlidar_ros2_driver/src/ydlidar_ros2_driver_node.cpp:16:
[7.565s] /home/vboxuser/.local/include/core/base/thread.h: In static member function ‘static ydlidar::core::base::Thread ydlidar::core::base::Thread::createThread(thread_proc_t, void*)’:
[7.565s] /home/vboxuser/.local/include/core/base/thread.h:54:42: warning: cast between incompatible function types from ‘thread_proc_t’ {aka ‘long unsigned int (*)(void*)’} to ‘void* (*)(void*)’ [-Wcast-function-type]
[7.566s]    54 |                                    NULL, (void *(*)(void *))proc,
[7.566s]       |                                          ^~~~~~~~~~~~~~~~~~~~~~~
[7.636s] /home/vboxuser/.local/include/core/base/thread.h: In member function ‘int ydlidar::core::base::Thread::join(long unsigned int)’:
[7.636s] /home/vboxuser/.local/include/core/base/thread.h:135:46: warning: format ‘%X’ expects argument of type ‘unsigned int’, but argument 2 has type ‘_size_t’ {aka ‘long unsigned int’} [-Wformat=]
[7.636s]   135 |           printf("[YDLIDAR DEBUG] Thread [0x%X] ready to cancel[%d]\n", _handle, s);
[7.636s]       |                                             ~^                          ~~~~~~~
[7.637s]       |                                              |                          |
[7.637s]       |                                              unsigned int               _size_t {aka long unsigned int}
[7.638s]       |                                             %lX
[7.639s] /home/vboxuser/.local/include/core/base/thread.h:137:46: warning: format ‘%X’ expects argument of type ‘unsigned int’, but argument 2 has type ‘_size_t’ {aka ‘long unsigned int’} [-Wformat=]
[7.639s]   137 |           printf("[YDLIDAR DEBUG] Thread [0x%X] ready to cancel[%d] time[%u]\n",
[7.639s]       |                                             ~^
[7.640s]       |                                              |
[7.640s]       |                                              unsigned int
[7.640s]       |                                             %lX
[7.640s]   138 |             _handle, s, getms() - t);
[7.640s]       |             ~~~~~~~                           
[7.641s]       |             |
[7.641s]       |             _size_t {aka long unsigned int}
[7.641s] /home/vboxuser/.local/include/core/base/thread.h:141:42: warning: format ‘%X’ expects argument of type ‘unsigned int’, but argument 2 has type ‘_size_t’ {aka ‘long unsigned int’} [-Wformat=]
[7.649s]   141 |             printf("[YDLIDAR] Thread [0x%X] has been canceled in other thread\n", _handle);
[7.649s]       |                                         ~^                                        ~~~~~~~
[7.649s]       |                                          |                                        |
[7.649s]       |                                          unsigned int                             _size_t {aka long unsigned int}
[7.649s]       |                                         %lX
[7.649s] /home/vboxuser/.local/include/core/base/thread.h:146:74: warning: format ‘%X’ expects argument of type ‘unsigned int’, but argument 3 has type ‘_size_t’ {aka ‘long unsigned int’} [-Wformat=]
[7.650s]   146 |             fprintf(stderr, "[YDLIDAR] An error occurred while thread[0x%X] cancelled!\n", _handle);
[7.650s]       |                                                                         ~^                 ~~~~~~~
[7.650s]       |                                                                          |                 |
[7.650s]       |                                                                          unsigned int      _size_t {aka long unsigned int}
[7.650s]       |                                                                         %lX
[7.650s] /home/vboxuser/.local/include/core/base/thread.h:150:40: warning: format ‘%X’ expects argument of type ‘unsigned int’, but argument 2 has type ‘_size_t’ {aka ‘long unsigned int’} [-Wformat=]
[7.650s]   150 |           printf("[YDLIDAR] Thread [0x%X] has been canceled\n", _handle);
[7.650s]       |                                       ~^                        ~~~~~~~
[7.650s]       |                                        |                        |
[7.650s]       |                                        unsigned int             _size_t {aka long unsigned int}
[7.651s]       |                                       %lX
[7.961s] In file included from /home/vboxuser/.local/include/core/common/DriverInterface.h:8,
[7.961s]                  from /home/vboxuser/.local/include/src/CYdLidar.h:48,
[7.961s]                  from /home/vboxuser/ros2_ws/src/ydlidar_ros2_driver/src/ydlidar_ros2_driver_node.cpp:16:
[7.961s] /home/vboxuser/.local/include/core/common/ydlidar_protocol.h: At global scope:
[7.961s] /home/vboxuser/.local/include/core/common/ydlidar_protocol.h:291:22: warning: missing initializer for member ‘device_info::firmware_version’ [-Wmissing-field-initializers]
[7.961s]   291 |   device_info di = {0};
[7.961s]       |                      ^
[7.961s] /home/vboxuser/.local/include/core/common/ydlidar_protocol.h:291:22: warning: missing initializer for member ‘device_info::hardware_version’ [-Wmissing-field-initializers]
[7.961s] /home/vboxuser/.local/include/core/common/ydlidar_protocol.h:291:22: warning: missing initializer for member ‘device_info::serialnum’ [-Wmissing-field-initializers]
[21.252s] [ 75%] Linking CXX executable ydlidar_ros2_driver_node
[22.890s] [ 75%] Built target ydlidar_ros2_driver_node
[25.525s] [100%] Linking CXX executable ydlidar_ros2_driver_client
[26.173s] [100%] Built target ydlidar_ros2_driver_client
[26.190s] Invoked command in '/home/vboxuser/ros2_ws/build/ydlidar_ros2_driver' returned '0': CMAKE_PREFIX_PATH=/home/vboxuser/robocon_ws/install/robocon_tutorial:/opt/ros/humble /usr/bin/cmake --build /home/vboxuser/ros2_ws/build/ydlidar_ros2_driver -- -j5 -l5
[26.208s] Invoking command in '/home/vboxuser/ros2_ws/build/ydlidar_ros2_driver': CMAKE_PREFIX_PATH=/home/vboxuser/robocon_ws/install/robocon_tutorial:/opt/ros/humble /usr/bin/cmake --install /home/vboxuser/ros2_ws/build/ydlidar_ros2_driver
[26.216s] -- Install configuration: ""
[26.217s] -- Execute custom install script
[26.274s] -- Up-to-date symlink: /home/vboxuser/ros2_ws/install/ydlidar_ros2_driver/lib/ydlidar_ros2_driver/ydlidar_ros2_driver_node
[26.274s] -- Up-to-date symlink: /home/vboxuser/ros2_ws/install/ydlidar_ros2_driver/lib/ydlidar_ros2_driver/ydlidar_ros2_driver_client
[26.301s] -- Up-to-date symlink: /home/vboxuser/ros2_ws/install/ydlidar_ros2_driver/share/ydlidar_ros2_driver/launch/ydlidar.py
[26.322s] -- Up-to-date symlink: /home/vboxuser/ros2_ws/install/ydlidar_ros2_driver/share/ydlidar_ros2_driver/launch/ydlidar_launch.py
[26.340s] -- Up-to-date symlink: /home/vboxuser/ros2_ws/install/ydlidar_ros2_driver/share/ydlidar_ros2_driver/launch/ydlidar_launch_view.py
[26.363s] -- Up-to-date symlink: /home/vboxuser/ros2_ws/install/ydlidar_ros2_driver/share/ydlidar_ros2_driver/params/G1.yaml
[26.367s] -- Up-to-date symlink: /home/vboxuser/ros2_ws/install/ydlidar_ros2_driver/share/ydlidar_ros2_driver/params/G2.yaml
[26.380s] -- Up-to-date symlink: /home/vboxuser/ros2_ws/install/ydlidar_ros2_driver/share/ydlidar_ros2_driver/params/G6.yaml
[26.380s] -- Up-to-date symlink: /home/vboxuser/ros2_ws/install/ydlidar_ros2_driver/share/ydlidar_ros2_driver/params/GS2.yaml
[26.381s] -- Up-to-date symlink: /home/vboxuser/ros2_ws/install/ydlidar_ros2_driver/share/ydlidar_ros2_driver/params/TEA.yaml
[26.381s] -- Up-to-date symlink: /home/vboxuser/ros2_ws/install/ydlidar_ros2_driver/share/ydlidar_ros2_driver/params/TG.yaml
[26.382s] -- Up-to-date symlink: /home/vboxuser/ros2_ws/install/ydlidar_ros2_driver/share/ydlidar_ros2_driver/params/TminiPro.yaml
[26.383s] -- Up-to-date symlink: /home/vboxuser/ros2_ws/install/ydlidar_ros2_driver/share/ydlidar_ros2_driver/params/X2.yaml
[26.401s] -- Up-to-date symlink: /home/vboxuser/ros2_ws/install/ydlidar_ros2_driver/share/ydlidar_ros2_driver/params/X4-Pro.yaml
[26.402s] -- Up-to-date symlink: /home/vboxuser/ros2_ws/install/ydlidar_ros2_driver/share/ydlidar_ros2_driver/params/X4.yaml
[26.402s] -- Up-to-date symlink: /home/vboxuser/ros2_ws/install/ydlidar_ros2_driver/share/ydlidar_ros2_driver/params/ydlidar.yaml
[26.403s] -- Up-to-date symlink: /home/vboxuser/ros2_ws/install/ydlidar_ros2_driver/share/ydlidar_ros2_driver/startup/initenv.sh
[26.404s] -- Up-to-date symlink: /home/vboxuser/ros2_ws/install/ydlidar_ros2_driver/share/ydlidar_ros2_driver/config/ydlidar.rviz
[26.419s] -- Up-to-date symlink: /home/vboxuser/ros2_ws/install/ydlidar_ros2_driver/share/ament_index/resource_index/package_run_dependencies/ydlidar_ros2_driver
[26.420s] -- Up-to-date symlink: /home/vboxuser/ros2_ws/install/ydlidar_ros2_driver/share/ament_index/resource_index/parent_prefix_path/ydlidar_ros2_driver
[26.421s] -- Up-to-date symlink: /home/vboxuser/ros2_ws/install/ydlidar_ros2_driver/share/ydlidar_ros2_driver/environment/ament_prefix_path.sh
[26.422s] -- Up-to-date symlink: /home/vboxuser/ros2_ws/install/ydlidar_ros2_driver/share/ydlidar_ros2_driver/environment/ament_prefix_path.dsv
[26.423s] -- Up-to-date symlink: /home/vboxuser/ros2_ws/install/ydlidar_ros2_driver/share/ydlidar_ros2_driver/environment/path.sh
[26.424s] -- Up-to-date symlink: /home/vboxuser/ros2_ws/install/ydlidar_ros2_driver/share/ydlidar_ros2_driver/environment/path.dsv
[26.433s] -- Up-to-date symlink: /home/vboxuser/ros2_ws/install/ydlidar_ros2_driver/share/ydlidar_ros2_driver/local_setup.bash
[26.434s] -- Up-to-date symlink: /home/vboxuser/ros2_ws/install/ydlidar_ros2_driver/share/ydlidar_ros2_driver/local_setup.sh
[26.435s] -- Up-to-date symlink: /home/vboxuser/ros2_ws/install/ydlidar_ros2_driver/share/ydlidar_ros2_driver/local_setup.zsh
[26.436s] -- Up-to-date symlink: /home/vboxuser/ros2_ws/install/ydlidar_ros2_driver/share/ydlidar_ros2_driver/local_setup.dsv
[26.436s] -- Symlinking: /home/vboxuser/ros2_ws/install/ydlidar_ros2_driver/share/ydlidar_ros2_driver/package.dsv
[26.450s] -- Up-to-date symlink: /home/vboxuser/ros2_ws/install/ydlidar_ros2_driver/share/ament_index/resource_index/packages/ydlidar_ros2_driver
[26.452s] -- Up-to-date symlink: /home/vboxuser/ros2_ws/install/ydlidar_ros2_driver/share/ydlidar_ros2_driver/cmake/ydlidar_ros2_driverConfig.cmake
[26.453s] -- Up-to-date symlink: /home/vboxuser/ros2_ws/install/ydlidar_ros2_driver/share/ydlidar_ros2_driver/cmake/ydlidar_ros2_driverConfig-version.cmake
[26.453s] -- Up-to-date symlink: /home/vboxuser/ros2_ws/install/ydlidar_ros2_driver/share/ydlidar_ros2_driver/package.xml
[26.457s] Invoked command in '/home/vboxuser/ros2_ws/build/ydlidar_ros2_driver' returned '0': CMAKE_PREFIX_PATH=/home/vboxuser/robocon_ws/install/robocon_tutorial:/opt/ros/humble /usr/bin/cmake --install /home/vboxuser/ros2_ws/build/ydlidar_ros2_driver
