[0.864s] Invoking command in '/home/vboxuser/robocon_ws/src/robocon_tutorial': PYTHONPATH=/home/vboxuser/robocon_ws/build/robocon_tutorial/prefix_override:/usr/lib/python3/dist-packages/colcon_core/task/python/colcon_distutils_commands:/home/vboxuser/robocon_ws/install/robocon_tutorial/lib/python3.10/site-packages:${PYTHONPATH} /usr/bin/python3 -W ignore:setup.py install is deprecated -W ignore:easy_install command is deprecated setup.py egg_info --egg-base ../../build/robocon_tutorial build --build-base /home/vboxuser/robocon_ws/build/robocon_tutorial/build install --record /home/vboxuser/robocon_ws/build/robocon_tutorial/install.log --single-version-externally-managed install_data
[1.153s] running egg_info
[1.154s] writing ../../build/robocon_tutorial/robocon_tutorial.egg-info/PKG-INFO
[1.155s] writing dependency_links to ../../build/robocon_tutorial/robocon_tutorial.egg-info/dependency_links.txt
[1.156s] writing entry points to ../../build/robocon_tutorial/robocon_tutorial.egg-info/entry_points.txt
[1.156s] writing requirements to ../../build/robocon_tutorial/robocon_tutorial.egg-info/requires.txt
[1.156s] writing top-level names to ../../build/robocon_tutorial/robocon_tutorial.egg-info/top_level.txt
[1.159s] reading manifest file '../../build/robocon_tutorial/robocon_tutorial.egg-info/SOURCES.txt'
[1.160s] writing manifest file '../../build/robocon_tutorial/robocon_tutorial.egg-info/SOURCES.txt'
[1.160s] running build
[1.160s] running build_py
[1.161s] copying robocon_tutorial/simple_publisher.py -> /home/vboxuser/robocon_ws/build/robocon_tutorial/build/lib/robocon_tutorial
[1.161s] running install
[1.162s] running install_lib
[1.163s] copying /home/vboxuser/robocon_ws/build/robocon_tutorial/build/lib/robocon_tutorial/simple_publisher.py -> /home/vboxuser/robocon_ws/install/robocon_tutorial/lib/python3.10/site-packages/robocon_tutorial
[1.164s] byte-compiling /home/vboxuser/robocon_ws/install/robocon_tutorial/lib/python3.10/site-packages/robocon_tutorial/simple_publisher.py to simple_publisher.cpython-310.pyc
[1.164s] running install_data
[1.165s] running install_egg_info
[1.167s] removing '/home/vboxuser/robocon_ws/install/robocon_tutorial/lib/python3.10/site-packages/robocon_tutorial-0.0.0-py3.10.egg-info' (and everything under it)
[1.167s] Copying ../../build/robocon_tutorial/robocon_tutorial.egg-info to /home/vboxuser/robocon_ws/install/robocon_tutorial/lib/python3.10/site-packages/robocon_tutorial-0.0.0-py3.10.egg-info
[1.168s] running install_scripts
[1.197s] Installing simple_publisher script to /home/vboxuser/robocon_ws/install/robocon_tutorial/lib/robocon_tutorial
[1.198s] writing list of installed files to '/home/vboxuser/robocon_ws/build/robocon_tutorial/install.log'
[1.239s] Invoked command in '/home/vboxuser/robocon_ws/src/robocon_tutorial' returned '0': PYTHONPATH=/home/vboxuser/robocon_ws/build/robocon_tutorial/prefix_override:/usr/lib/python3/dist-packages/colcon_core/task/python/colcon_distutils_commands:/home/vboxuser/robocon_ws/install/robocon_tutorial/lib/python3.10/site-packages:${PYTHONPATH} /usr/bin/python3 -W ignore:setup.py install is deprecated -W ignore:easy_install command is deprecated setup.py egg_info --egg-base ../../build/robocon_tutorial build --build-base /home/vboxuser/robocon_ws/build/robocon_tutorial/build install --record /home/vboxuser/robocon_ws/build/robocon_tutorial/install.log --single-version-externally-managed install_data
