/home/vboxuser/robocon_ws/install/robocon_tutorial/lib/python3.10/site-packages/robocon_tutorial/simple_subscriber.py
/home/vboxuser/robocon_ws/install/robocon_tutorial/lib/python3.10/site-packages/robocon_tutorial/mecanum_serial_odometry.py
/home/vboxuser/robocon_ws/install/robocon_tutorial/lib/python3.10/site-packages/robocon_tutorial/__init__.py
/home/vboxuser/robocon_ws/install/robocon_tutorial/lib/python3.10/site-packages/robocon_tutorial/simple_publisher.py
/home/vboxuser/robocon_ws/install/robocon_tutorial/lib/python3.10/site-packages/robocon_tutorial/__pycache__/simple_subscriber.cpython-310.pyc
/home/vboxuser/robocon_ws/install/robocon_tutorial/lib/python3.10/site-packages/robocon_tutorial/__pycache__/mecanum_serial_odometry.cpython-310.pyc
/home/vboxuser/robocon_ws/install/robocon_tutorial/lib/python3.10/site-packages/robocon_tutorial/__pycache__/__init__.cpython-310.pyc
/home/vboxuser/robocon_ws/install/robocon_tutorial/lib/python3.10/site-packages/robocon_tutorial/__pycache__/simple_publisher.cpython-310.pyc
/home/vboxuser/robocon_ws/install/robocon_tutorial/share/ament_index/resource_index/packages/robocon_tutorial
/home/vboxuser/robocon_ws/install/robocon_tutorial/share/robocon_tutorial/package.xml
/home/vboxuser/robocon_ws/install/robocon_tutorial/lib/python3.10/site-packages/robocon_tutorial-0.0.0-py3.10.egg-info/requires.txt
/home/vboxuser/robocon_ws/install/robocon_tutorial/lib/python3.10/site-packages/robocon_tutorial-0.0.0-py3.10.egg-info/top_level.txt
/home/vboxuser/robocon_ws/install/robocon_tutorial/lib/python3.10/site-packages/robocon_tutorial-0.0.0-py3.10.egg-info/zip-safe
/home/vboxuser/robocon_ws/install/robocon_tutorial/lib/python3.10/site-packages/robocon_tutorial-0.0.0-py3.10.egg-info/entry_points.txt
/home/vboxuser/robocon_ws/install/robocon_tutorial/lib/python3.10/site-packages/robocon_tutorial-0.0.0-py3.10.egg-info/SOURCES.txt
/home/vboxuser/robocon_ws/install/robocon_tutorial/lib/python3.10/site-packages/robocon_tutorial-0.0.0-py3.10.egg-info/dependency_links.txt
/home/vboxuser/robocon_ws/install/robocon_tutorial/lib/python3.10/site-packages/robocon_tutorial-0.0.0-py3.10.egg-info/PKG-INFO
/home/vboxuser/robocon_ws/install/robocon_tutorial/lib/robocon_tutorial/mecanum_serial_odometry
/home/vboxuser/robocon_ws/install/robocon_tutorial/lib/robocon_tutorial/simple_publisher
/home/vboxuser/robocon_ws/install/robocon_tutorial/lib/robocon_tutorial/simple_subscriber
