[4.014s] DEBUG:colcon:Command line arguments: ['/usr/bin/colcon', 'build']
[4.016s] DEBUG:colcon:Parsed command line arguments: Namespace(log_base=None, log_level=None, verb_name='build', build_base='build', install_base='install', merge_install=False, symlink_install=False, test_result_base=None, continue_on_error=False, executor='parallel', parallel_workers=8, event_handlers=None, ignore_user_meta=False, metas=['./colcon.meta'], base_paths=['.'], packages_ignore=None, packages_ignore_regex=None, paths=None, packages_up_to=None, packages_up_to_regex=None, packages_above=None, packages_above_and_dependencies=None, packages_above_depth=None, packages_select_by_dep=None, packages_skip_by_dep=None, packages_skip_up_to=None, packages_select_build_failed=False, packages_skip_build_finished=False, packages_select_test_failures=False, packages_skip_test_passed=False, packages_select=None, packages_skip=None, packages_select_regex=None, packages_skip_regex=None, packages_start=None, packages_end=None, allow_overriding=[], cmake_args=None, cmake_target=None, cmake_target_skip_unavailable=False, cmake_clean_cache=False, cmake_clean_first=False, cmake_force_configure=False, ament_cmake_args=None, catkin_cmake_args=None, catkin_skip_building_tests=False, mixin_files=None, mixin=None, verb_parser=<colcon_mixin.mixin.mixin_argument.MixinArgumentDecorator object at 0x7a9e13255810>, verb_extension=<colcon_core.verb.build.BuildVerb object at 0x7a9e13255240>, main=<bound method BuildVerb.main of <colcon_core.verb.build.BuildVerb object at 0x7a9e13255240>>, mixin_verb=('build',))
[5.273s] Level 1:colcon.colcon_core.package_discovery:discover_packages(colcon_meta) check parameters
[5.273s] Level 1:colcon.colcon_core.package_discovery:discover_packages(recursive) check parameters
[5.274s] Level 1:colcon.colcon_core.package_discovery:discover_packages(ignore) check parameters
[5.274s] Level 1:colcon.colcon_core.package_discovery:discover_packages(path) check parameters
[5.274s] Level 1:colcon.colcon_core.package_discovery:discover_packages(colcon_meta) discover
[5.274s] Level 1:colcon.colcon_core.package_discovery:discover_packages(recursive) discover
[5.274s] INFO:colcon.colcon_core.package_discovery:Crawling recursively for packages in '/home/minmin/ros2_ws/src'
[5.275s] Level 1:colcon.colcon_core.package_identification:_identify(.) by extensions ['ignore', 'ignore_ament_install']
[5.276s] Level 1:colcon.colcon_core.package_identification:_identify(.) by extension 'ignore'
[5.276s] Level 1:colcon.colcon_core.package_identification:_identify(.) by extension 'ignore_ament_install'
[5.277s] Level 1:colcon.colcon_core.package_identification:_identify(.) by extensions ['colcon_pkg']
[5.277s] Level 1:colcon.colcon_core.package_identification:_identify(.) by extension 'colcon_pkg'
[5.277s] Level 1:colcon.colcon_core.package_identification:_identify(.) by extensions ['colcon_meta']
[5.277s] Level 1:colcon.colcon_core.package_identification:_identify(.) by extension 'colcon_meta'
[5.277s] Level 1:colcon.colcon_core.package_identification:_identify(.) by extensions ['ros']
[5.278s] Level 1:colcon.colcon_core.package_identification:_identify(.) by extension 'ros'
[5.345s] Level 1:colcon.colcon_core.package_identification:_identify(.) by extensions ['cmake', 'python']
[5.347s] Level 1:colcon.colcon_core.package_identification:_identify(.) by extension 'cmake'
[5.347s] Level 1:colcon.colcon_core.package_identification:_identify(.) by extension 'python'
[5.347s] Level 1:colcon.colcon_core.package_identification:_identify(.) by extensions ['python_setup_py']
[5.347s] Level 1:colcon.colcon_core.package_identification:_identify(.) by extension 'python_setup_py'
[5.347s] Level 1:colcon.colcon_core.package_identification:_identify(build) by extensions ['ignore', 'ignore_ament_install']
[5.348s] Level 1:colcon.colcon_core.package_identification:_identify(build) by extension 'ignore'
[5.348s] Level 1:colcon.colcon_core.package_identification:_identify(build) ignored
[5.348s] Level 1:colcon.colcon_core.package_identification:_identify(install) by extensions ['ignore', 'ignore_ament_install']
[5.349s] Level 1:colcon.colcon_core.package_identification:_identify(install) by extension 'ignore'
[5.349s] Level 1:colcon.colcon_core.package_identification:_identify(install) ignored
[5.350s] Level 1:colcon.colcon_core.package_identification:_identify(log) by extensions ['ignore', 'ignore_ament_install']
[5.350s] Level 1:colcon.colcon_core.package_identification:_identify(log) by extension 'ignore'
[5.351s] Level 1:colcon.colcon_core.package_identification:_identify(log) ignored
[5.355s] Level 1:colcon.colcon_core.package_identification:_identify(mecanum4_description) by extensions ['ignore', 'ignore_ament_install']
[5.356s] Level 1:colcon.colcon_core.package_identification:_identify(mecanum4_description) by extension 'ignore'
[5.356s] Level 1:colcon.colcon_core.package_identification:_identify(mecanum4_description) by extension 'ignore_ament_install'
[5.356s] Level 1:colcon.colcon_core.package_identification:_identify(mecanum4_description) by extensions ['colcon_pkg']
[5.356s] Level 1:colcon.colcon_core.package_identification:_identify(mecanum4_description) by extension 'colcon_pkg'
[5.356s] Level 1:colcon.colcon_core.package_identification:_identify(mecanum4_description) by extensions ['colcon_meta']
[5.357s] Level 1:colcon.colcon_core.package_identification:_identify(mecanum4_description) by extension 'colcon_meta'
[5.357s] Level 1:colcon.colcon_core.package_identification:_identify(mecanum4_description) by extensions ['ros']
[5.357s] Level 1:colcon.colcon_core.package_identification:_identify(mecanum4_description) by extension 'ros'
[5.374s] DEBUG:colcon.colcon_core.package_identification:Package 'mecanum4_description' with type 'ros.ament_cmake' and name 'mecanum4_description'
[5.375s] Level 1:colcon.colcon_core.package_identification:_identify(ydlidar_ros2_driver) by extensions ['ignore', 'ignore_ament_install']
[5.375s] Level 1:colcon.colcon_core.package_identification:_identify(ydlidar_ros2_driver) by extension 'ignore'
[5.375s] Level 1:colcon.colcon_core.package_identification:_identify(ydlidar_ros2_driver) by extension 'ignore_ament_install'
[5.375s] Level 1:colcon.colcon_core.package_identification:_identify(ydlidar_ros2_driver) by extensions ['colcon_pkg']
[5.375s] Level 1:colcon.colcon_core.package_identification:_identify(ydlidar_ros2_driver) by extension 'colcon_pkg'
[5.376s] Level 1:colcon.colcon_core.package_identification:_identify(ydlidar_ros2_driver) by extensions ['colcon_meta']
[5.376s] Level 1:colcon.colcon_core.package_identification:_identify(ydlidar_ros2_driver) by extension 'colcon_meta'
[5.376s] Level 1:colcon.colcon_core.package_identification:_identify(ydlidar_ros2_driver) by extensions ['ros']
[5.376s] Level 1:colcon.colcon_core.package_identification:_identify(ydlidar_ros2_driver) by extension 'ros'
[5.379s] DEBUG:colcon.colcon_core.package_identification:Package 'ydlidar_ros2_driver' with type 'ros.ament_cmake' and name 'ydlidar_ros2_driver'
[5.379s] Level 1:colcon.colcon_core.package_discovery:discover_packages(recursive) using defaults
[5.379s] Level 1:colcon.colcon_core.package_discovery:discover_packages(ignore) discover
[5.379s] Level 1:colcon.colcon_core.package_discovery:discover_packages(ignore) using defaults
[5.379s] Level 1:colcon.colcon_core.package_discovery:discover_packages(path) discover
[5.379s] Level 1:colcon.colcon_core.package_discovery:discover_packages(path) using defaults
[5.577s] Level 1:colcon.colcon_core.package_discovery:discover_packages(prefix_path) check parameters
[5.577s] Level 1:colcon.colcon_core.package_discovery:discover_packages(prefix_path) discover
[5.601s] DEBUG:colcon.colcon_installed_package_information.package_discovery:Found 2 installed packages in /home/minmin/ros2_ws/install
[5.610s] DEBUG:colcon.colcon_installed_package_information.package_discovery:Found 370 installed packages in /opt/ros/humble
[5.615s] Level 1:colcon.colcon_core.package_discovery:discover_packages(prefix_path) using defaults
[5.881s] Level 5:colcon.colcon_core.verb:set package 'mecanum4_description' build argument 'cmake_args' from command line to 'None'
[5.881s] Level 5:colcon.colcon_core.verb:set package 'mecanum4_description' build argument 'cmake_target' from command line to 'None'
[5.881s] Level 5:colcon.colcon_core.verb:set package 'mecanum4_description' build argument 'cmake_target_skip_unavailable' from command line to 'False'
[5.882s] Level 5:colcon.colcon_core.verb:set package 'mecanum4_description' build argument 'cmake_clean_cache' from command line to 'False'
[5.882s] Level 5:colcon.colcon_core.verb:set package 'mecanum4_description' build argument 'cmake_clean_first' from command line to 'False'
[5.882s] Level 5:colcon.colcon_core.verb:set package 'mecanum4_description' build argument 'cmake_force_configure' from command line to 'False'
[5.882s] Level 5:colcon.colcon_core.verb:set package 'mecanum4_description' build argument 'ament_cmake_args' from command line to 'None'
[5.882s] Level 5:colcon.colcon_core.verb:set package 'mecanum4_description' build argument 'catkin_cmake_args' from command line to 'None'
[5.882s] Level 5:colcon.colcon_core.verb:set package 'mecanum4_description' build argument 'catkin_skip_building_tests' from command line to 'False'
[5.882s] DEBUG:colcon.colcon_core.verb:Building package 'mecanum4_description' with the following arguments: {'ament_cmake_args': None, 'build_base': '/home/minmin/ros2_ws/src/build/mecanum4_description', 'catkin_cmake_args': None, 'catkin_skip_building_tests': False, 'cmake_args': None, 'cmake_clean_cache': False, 'cmake_clean_first': False, 'cmake_force_configure': False, 'cmake_target': None, 'cmake_target_skip_unavailable': False, 'install_base': '/home/minmin/ros2_ws/src/install/mecanum4_description', 'merge_install': False, 'path': '/home/minmin/ros2_ws/src/mecanum4_description', 'symlink_install': False, 'test_result_base': None}
[5.883s] Level 5:colcon.colcon_core.verb:set package 'ydlidar_ros2_driver' build argument 'cmake_args' from command line to 'None'
[5.883s] Level 5:colcon.colcon_core.verb:set package 'ydlidar_ros2_driver' build argument 'cmake_target' from command line to 'None'
[5.883s] Level 5:colcon.colcon_core.verb:set package 'ydlidar_ros2_driver' build argument 'cmake_target_skip_unavailable' from command line to 'False'
[5.883s] Level 5:colcon.colcon_core.verb:set package 'ydlidar_ros2_driver' build argument 'cmake_clean_cache' from command line to 'False'
[5.884s] Level 5:colcon.colcon_core.verb:set package 'ydlidar_ros2_driver' build argument 'cmake_clean_first' from command line to 'False'
[5.884s] Level 5:colcon.colcon_core.verb:set package 'ydlidar_ros2_driver' build argument 'cmake_force_configure' from command line to 'False'
[5.884s] Level 5:colcon.colcon_core.verb:set package 'ydlidar_ros2_driver' build argument 'ament_cmake_args' from command line to 'None'
[5.884s] Level 5:colcon.colcon_core.verb:set package 'ydlidar_ros2_driver' build argument 'catkin_cmake_args' from command line to 'None'
[5.884s] Level 5:colcon.colcon_core.verb:set package 'ydlidar_ros2_driver' build argument 'catkin_skip_building_tests' from command line to 'False'
[5.884s] DEBUG:colcon.colcon_core.verb:Building package 'ydlidar_ros2_driver' with the following arguments: {'ament_cmake_args': None, 'build_base': '/home/minmin/ros2_ws/src/build/ydlidar_ros2_driver', 'catkin_cmake_args': None, 'catkin_skip_building_tests': False, 'cmake_args': None, 'cmake_clean_cache': False, 'cmake_clean_first': False, 'cmake_force_configure': False, 'cmake_target': None, 'cmake_target_skip_unavailable': False, 'install_base': '/home/minmin/ros2_ws/src/install/ydlidar_ros2_driver', 'merge_install': False, 'path': '/home/minmin/ros2_ws/src/ydlidar_ros2_driver', 'symlink_install': False, 'test_result_base': None}
[5.884s] INFO:colcon.colcon_core.executor:Executing jobs using 'parallel' executor
[5.894s] DEBUG:colcon.colcon_parallel_executor.executor.parallel:run_until_complete
[5.902s] INFO:colcon.colcon_ros.task.ament_cmake.build:Building ROS package in '/home/minmin/ros2_ws/src/mecanum4_description' with build type 'ament_cmake'
[5.903s] INFO:colcon.colcon_cmake.task.cmake.build:Building CMake package in '/home/minmin/ros2_ws/src/mecanum4_description'
[5.914s] INFO:colcon.colcon_core.plugin_system:Skipping extension 'colcon_core.shell.bat': Not used on non-Windows systems
[5.916s] INFO:colcon.colcon_core.shell:Skip shell extension 'powershell' for command environment: Not usable outside of PowerShell
[5.916s] DEBUG:colcon.colcon_core.shell:Skip shell extension 'dsv' for command environment
[5.948s] INFO:colcon.colcon_ros.task.ament_cmake.build:Building ROS package in '/home/minmin/ros2_ws/src/ydlidar_ros2_driver' with build type 'ament_cmake'
[5.948s] INFO:colcon.colcon_cmake.task.cmake.build:Building CMake package in '/home/minmin/ros2_ws/src/ydlidar_ros2_driver'
[5.949s] INFO:colcon.colcon_core.shell:Skip shell extension 'powershell' for command environment: Not usable outside of PowerShell
[5.949s] DEBUG:colcon.colcon_core.shell:Skip shell extension 'dsv' for command environment
[6.037s] DEBUG:colcon.colcon_core.event_handler.log_command:Invoking command in '/home/minmin/ros2_ws/src/build/mecanum4_description': CMAKE_PREFIX_PATH=${CMAKE_PREFIX_PATH}:/opt/ros/humble /usr/bin/cmake --build /home/minmin/ros2_ws/src/build/mecanum4_description -- -j8 -l8
[6.099s] DEBUG:colcon.colcon_core.event_handler.log_command:Invoking command in '/home/minmin/ros2_ws/src/build/ydlidar_ros2_driver': CMAKE_PREFIX_PATH=${CMAKE_PREFIX_PATH}:/opt/ros/humble /usr/bin/cmake --build /home/minmin/ros2_ws/src/build/ydlidar_ros2_driver -- -j8 -l8
[6.784s] DEBUG:colcon.colcon_core.event_handler.log_command:Invoked command in '/home/minmin/ros2_ws/src/build/ydlidar_ros2_driver' returned '0': CMAKE_PREFIX_PATH=${CMAKE_PREFIX_PATH}:/opt/ros/humble /usr/bin/cmake --build /home/minmin/ros2_ws/src/build/ydlidar_ros2_driver -- -j8 -l8
[6.884s] DEBUG:colcon.colcon_core.event_handler.log_command:Invoking command in '/home/minmin/ros2_ws/src/build/ydlidar_ros2_driver': CMAKE_PREFIX_PATH=${CMAKE_PREFIX_PATH}:/opt/ros/humble /usr/bin/cmake --install /home/minmin/ros2_ws/src/build/ydlidar_ros2_driver
[6.991s] Level 1:colcon.colcon_core.environment:create_environment_scripts_only(ydlidar_ros2_driver)
[6.993s] DEBUG:colcon.colcon_core.event_handler.log_command:Invoked command in '/home/minmin/ros2_ws/src/build/ydlidar_ros2_driver' returned '0': CMAKE_PREFIX_PATH=${CMAKE_PREFIX_PATH}:/opt/ros/humble /usr/bin/cmake --install /home/minmin/ros2_ws/src/build/ydlidar_ros2_driver
[7.003s] Level 1:colcon.colcon_core.environment:checking '/home/minmin/ros2_ws/src/install/ydlidar_ros2_driver' for CMake module files
[7.012s] Level 1:colcon.colcon_core.environment:checking '/home/minmin/ros2_ws/src/install/ydlidar_ros2_driver' for CMake config files
[7.023s] Level 1:colcon.colcon_core.shell:create_environment_hook('ydlidar_ros2_driver', 'cmake_prefix_path')
[7.023s] INFO:colcon.colcon_core.shell:Creating environment hook '/home/minmin/ros2_ws/src/install/ydlidar_ros2_driver/share/ydlidar_ros2_driver/hook/cmake_prefix_path.ps1'
[7.027s] INFO:colcon.colcon_core.shell:Creating environment descriptor '/home/minmin/ros2_ws/src/install/ydlidar_ros2_driver/share/ydlidar_ros2_driver/hook/cmake_prefix_path.dsv'
[7.037s] INFO:colcon.colcon_core.shell:Creating environment hook '/home/minmin/ros2_ws/src/install/ydlidar_ros2_driver/share/ydlidar_ros2_driver/hook/cmake_prefix_path.sh'
[7.041s] Level 1:colcon.colcon_core.environment:checking '/home/minmin/ros2_ws/src/install/ydlidar_ros2_driver/lib'
[7.041s] Level 1:colcon.colcon_core.environment:checking '/home/minmin/ros2_ws/src/install/ydlidar_ros2_driver/bin'
[7.042s] Level 1:colcon.colcon_core.environment:checking '/home/minmin/ros2_ws/src/install/ydlidar_ros2_driver/lib/pkgconfig/ydlidar_ros2_driver.pc'
[7.043s] Level 1:colcon.colcon_core.environment:checking '/home/minmin/ros2_ws/src/install/ydlidar_ros2_driver/lib/python3.10/site-packages'
[7.044s] Level 1:colcon.colcon_core.environment:checking '/home/minmin/ros2_ws/src/install/ydlidar_ros2_driver/bin'
[7.045s] INFO:colcon.colcon_core.shell:Creating package script '/home/minmin/ros2_ws/src/install/ydlidar_ros2_driver/share/ydlidar_ros2_driver/package.ps1'
[7.050s] INFO:colcon.colcon_core.shell:Creating package descriptor '/home/minmin/ros2_ws/src/install/ydlidar_ros2_driver/share/ydlidar_ros2_driver/package.dsv'
[7.056s] INFO:colcon.colcon_core.shell:Creating package script '/home/minmin/ros2_ws/src/install/ydlidar_ros2_driver/share/ydlidar_ros2_driver/package.sh'
[7.061s] INFO:colcon.colcon_core.shell:Creating package script '/home/minmin/ros2_ws/src/install/ydlidar_ros2_driver/share/ydlidar_ros2_driver/package.bash'
[7.064s] INFO:colcon.colcon_core.shell:Creating package script '/home/minmin/ros2_ws/src/install/ydlidar_ros2_driver/share/ydlidar_ros2_driver/package.zsh'
[7.067s] Level 1:colcon.colcon_core.environment:create_file_with_runtime_dependencies(/home/minmin/ros2_ws/src/install/ydlidar_ros2_driver/share/colcon-core/packages/ydlidar_ros2_driver)
[7.073s] Level 1:colcon.colcon_core.environment:create_environment_scripts_only(ydlidar_ros2_driver)
[7.075s] Level 1:colcon.colcon_core.environment:checking '/home/minmin/ros2_ws/src/install/ydlidar_ros2_driver' for CMake module files
[7.079s] Level 1:colcon.colcon_core.environment:checking '/home/minmin/ros2_ws/src/install/ydlidar_ros2_driver' for CMake config files
[7.080s] Level 1:colcon.colcon_core.shell:create_environment_hook('ydlidar_ros2_driver', 'cmake_prefix_path')
[7.081s] INFO:colcon.colcon_core.shell:Creating environment hook '/home/minmin/ros2_ws/src/install/ydlidar_ros2_driver/share/ydlidar_ros2_driver/hook/cmake_prefix_path.ps1'
[7.083s] INFO:colcon.colcon_core.shell:Creating environment descriptor '/home/minmin/ros2_ws/src/install/ydlidar_ros2_driver/share/ydlidar_ros2_driver/hook/cmake_prefix_path.dsv'
[7.097s] INFO:colcon.colcon_core.shell:Creating environment hook '/home/minmin/ros2_ws/src/install/ydlidar_ros2_driver/share/ydlidar_ros2_driver/hook/cmake_prefix_path.sh'
[7.099s] Level 1:colcon.colcon_core.environment:checking '/home/minmin/ros2_ws/src/install/ydlidar_ros2_driver/lib'
[7.099s] Level 1:colcon.colcon_core.environment:checking '/home/minmin/ros2_ws/src/install/ydlidar_ros2_driver/bin'
[7.099s] Level 1:colcon.colcon_core.environment:checking '/home/minmin/ros2_ws/src/install/ydlidar_ros2_driver/lib/pkgconfig/ydlidar_ros2_driver.pc'
[7.100s] Level 1:colcon.colcon_core.environment:checking '/home/minmin/ros2_ws/src/install/ydlidar_ros2_driver/lib/python3.10/site-packages'
[7.112s] Level 1:colcon.colcon_core.environment:checking '/home/minmin/ros2_ws/src/install/ydlidar_ros2_driver/bin'
[7.120s] INFO:colcon.colcon_core.shell:Creating package script '/home/minmin/ros2_ws/src/install/ydlidar_ros2_driver/share/ydlidar_ros2_driver/package.ps1'
[7.138s] INFO:colcon.colcon_core.shell:Creating package descriptor '/home/minmin/ros2_ws/src/install/ydlidar_ros2_driver/share/ydlidar_ros2_driver/package.dsv'
[7.146s] INFO:colcon.colcon_core.shell:Creating package script '/home/minmin/ros2_ws/src/install/ydlidar_ros2_driver/share/ydlidar_ros2_driver/package.sh'
[7.148s] INFO:colcon.colcon_core.shell:Creating package script '/home/minmin/ros2_ws/src/install/ydlidar_ros2_driver/share/ydlidar_ros2_driver/package.bash'
[7.156s] INFO:colcon.colcon_core.shell:Creating package script '/home/minmin/ros2_ws/src/install/ydlidar_ros2_driver/share/ydlidar_ros2_driver/package.zsh'
[7.164s] Level 1:colcon.colcon_core.environment:create_file_with_runtime_dependencies(/home/minmin/ros2_ws/src/install/ydlidar_ros2_driver/share/colcon-core/packages/ydlidar_ros2_driver)
[7.997s] DEBUG:colcon.colcon_core.event_handler.log_command:Invoked command in '/home/minmin/ros2_ws/src/build/mecanum4_description' returned '0': CMAKE_PREFIX_PATH=${CMAKE_PREFIX_PATH}:/opt/ros/humble /usr/bin/cmake --build /home/minmin/ros2_ws/src/build/mecanum4_description -- -j8 -l8
[8.007s] DEBUG:colcon.colcon_core.event_handler.log_command:Invoking command in '/home/minmin/ros2_ws/src/build/mecanum4_description': CMAKE_PREFIX_PATH=${CMAKE_PREFIX_PATH}:/opt/ros/humble /usr/bin/cmake --install /home/minmin/ros2_ws/src/build/mecanum4_description
[8.185s] Level 1:colcon.colcon_core.environment:create_environment_scripts_only(mecanum4_description)
[8.186s] Level 1:colcon.colcon_core.environment:checking '/home/minmin/ros2_ws/src/install/mecanum4_description' for CMake module files
[8.218s] DEBUG:colcon.colcon_core.event_handler.log_command:Invoked command in '/home/minmin/ros2_ws/src/build/mecanum4_description' returned '0': CMAKE_PREFIX_PATH=${CMAKE_PREFIX_PATH}:/opt/ros/humble /usr/bin/cmake --install /home/minmin/ros2_ws/src/build/mecanum4_description
[8.220s] Level 1:colcon.colcon_core.environment:checking '/home/minmin/ros2_ws/src/install/mecanum4_description' for CMake config files
[8.254s] Level 1:colcon.colcon_core.shell:create_environment_hook('mecanum4_description', 'cmake_prefix_path')
[8.255s] INFO:colcon.colcon_core.shell:Creating environment hook '/home/minmin/ros2_ws/src/install/mecanum4_description/share/mecanum4_description/hook/cmake_prefix_path.ps1'
[8.259s] INFO:colcon.colcon_core.shell:Creating environment descriptor '/home/minmin/ros2_ws/src/install/mecanum4_description/share/mecanum4_description/hook/cmake_prefix_path.dsv'
[8.261s] INFO:colcon.colcon_core.shell:Creating environment hook '/home/minmin/ros2_ws/src/install/mecanum4_description/share/mecanum4_description/hook/cmake_prefix_path.sh'
[8.314s] Level 1:colcon.colcon_core.environment:checking '/home/minmin/ros2_ws/src/install/mecanum4_description/lib'
[8.315s] Level 1:colcon.colcon_core.environment:checking '/home/minmin/ros2_ws/src/install/mecanum4_description/bin'
[8.315s] Level 1:colcon.colcon_core.environment:checking '/home/minmin/ros2_ws/src/install/mecanum4_description/lib/pkgconfig/mecanum4_description.pc'
[8.316s] Level 1:colcon.colcon_core.environment:checking '/home/minmin/ros2_ws/src/install/mecanum4_description/lib/python3.10/site-packages'
[8.319s] Level 1:colcon.colcon_core.environment:checking '/home/minmin/ros2_ws/src/install/mecanum4_description/bin'
[8.320s] INFO:colcon.colcon_core.shell:Creating package script '/home/minmin/ros2_ws/src/install/mecanum4_description/share/mecanum4_description/package.ps1'
[8.339s] INFO:colcon.colcon_core.shell:Creating package descriptor '/home/minmin/ros2_ws/src/install/mecanum4_description/share/mecanum4_description/package.dsv'
[8.354s] INFO:colcon.colcon_core.shell:Creating package script '/home/minmin/ros2_ws/src/install/mecanum4_description/share/mecanum4_description/package.sh'
[8.355s] INFO:colcon.colcon_core.shell:Creating package script '/home/minmin/ros2_ws/src/install/mecanum4_description/share/mecanum4_description/package.bash'
[8.358s] INFO:colcon.colcon_core.shell:Creating package script '/home/minmin/ros2_ws/src/install/mecanum4_description/share/mecanum4_description/package.zsh'
[8.360s] Level 1:colcon.colcon_core.environment:create_file_with_runtime_dependencies(/home/minmin/ros2_ws/src/install/mecanum4_description/share/colcon-core/packages/mecanum4_description)
[8.366s] Level 1:colcon.colcon_core.environment:create_environment_scripts_only(mecanum4_description)
[8.367s] Level 1:colcon.colcon_core.environment:checking '/home/minmin/ros2_ws/src/install/mecanum4_description' for CMake module files
[8.369s] Level 1:colcon.colcon_core.environment:checking '/home/minmin/ros2_ws/src/install/mecanum4_description' for CMake config files
[8.370s] Level 1:colcon.colcon_core.shell:create_environment_hook('mecanum4_description', 'cmake_prefix_path')
[8.370s] INFO:colcon.colcon_core.shell:Creating environment hook '/home/minmin/ros2_ws/src/install/mecanum4_description/share/mecanum4_description/hook/cmake_prefix_path.ps1'
[8.373s] INFO:colcon.colcon_core.shell:Creating environment descriptor '/home/minmin/ros2_ws/src/install/mecanum4_description/share/mecanum4_description/hook/cmake_prefix_path.dsv'
[8.374s] INFO:colcon.colcon_core.shell:Creating environment hook '/home/minmin/ros2_ws/src/install/mecanum4_description/share/mecanum4_description/hook/cmake_prefix_path.sh'
[8.376s] Level 1:colcon.colcon_core.environment:checking '/home/minmin/ros2_ws/src/install/mecanum4_description/lib'
[8.376s] Level 1:colcon.colcon_core.environment:checking '/home/minmin/ros2_ws/src/install/mecanum4_description/bin'
[8.376s] Level 1:colcon.colcon_core.environment:checking '/home/minmin/ros2_ws/src/install/mecanum4_description/lib/pkgconfig/mecanum4_description.pc'
[8.377s] Level 1:colcon.colcon_core.environment:checking '/home/minmin/ros2_ws/src/install/mecanum4_description/lib/python3.10/site-packages'
[8.380s] Level 1:colcon.colcon_core.environment:checking '/home/minmin/ros2_ws/src/install/mecanum4_description/bin'
[8.381s] INFO:colcon.colcon_core.shell:Creating package script '/home/minmin/ros2_ws/src/install/mecanum4_description/share/mecanum4_description/package.ps1'
[8.386s] INFO:colcon.colcon_core.shell:Creating package descriptor '/home/minmin/ros2_ws/src/install/mecanum4_description/share/mecanum4_description/package.dsv'
[8.388s] INFO:colcon.colcon_core.shell:Creating package script '/home/minmin/ros2_ws/src/install/mecanum4_description/share/mecanum4_description/package.sh'
[8.389s] INFO:colcon.colcon_core.shell:Creating package script '/home/minmin/ros2_ws/src/install/mecanum4_description/share/mecanum4_description/package.bash'
[8.392s] INFO:colcon.colcon_core.shell:Creating package script '/home/minmin/ros2_ws/src/install/mecanum4_description/share/mecanum4_description/package.zsh'
[8.393s] Level 1:colcon.colcon_core.environment:create_file_with_runtime_dependencies(/home/minmin/ros2_ws/src/install/mecanum4_description/share/colcon-core/packages/mecanum4_description)
[8.409s] DEBUG:colcon.colcon_parallel_executor.executor.parallel:closing loop
[8.410s] DEBUG:colcon.colcon_parallel_executor.executor.parallel:loop closed
[8.410s] DEBUG:colcon.colcon_parallel_executor.executor.parallel:run_until_complete finished with '0'
[8.410s] DEBUG:colcon.colcon_core.event_reactor:joining thread
[9.588s] INFO:colcon.colcon_core.plugin_system:Skipping extension 'colcon_notification.desktop_notification.notify_send': Could not find 'notify-send'
[9.589s] INFO:colcon.colcon_core.plugin_system:Skipping extension 'colcon_notification.desktop_notification.terminal_notifier': Not used on non-Darwin systems
[9.589s] INFO:colcon.colcon_core.plugin_system:Skipping extension 'colcon_notification.desktop_notification.win32': Not used on non-Windows systems
[9.589s] INFO:colcon.colcon_notification.desktop_notification:Sending desktop notification using 'notify2'
[9.589s] DEBUG:colcon.colcon_notification.desktop_notification.notify2:Failed to initialize notify2: org.freedesktop.DBus.Error.FileNotFound: Failed to connect to socket /run/user/1000/bus: No such file or directory
[9.590s] DEBUG:colcon.colcon_core.event_reactor:joined thread
[9.590s] INFO:colcon.colcon_core.shell:Creating prefix script '/home/minmin/ros2_ws/src/install/local_setup.ps1'
[9.593s] INFO:colcon.colcon_core.shell:Creating prefix util module '/home/minmin/ros2_ws/src/install/_local_setup_util_ps1.py'
[9.603s] INFO:colcon.colcon_core.shell:Creating prefix chain script '/home/minmin/ros2_ws/src/install/setup.ps1'
[9.608s] INFO:colcon.colcon_core.shell:Creating prefix script '/home/minmin/ros2_ws/src/install/local_setup.sh'
[9.611s] INFO:colcon.colcon_core.shell:Creating prefix util module '/home/minmin/ros2_ws/src/install/_local_setup_util_sh.py'
[9.613s] INFO:colcon.colcon_core.shell:Creating prefix chain script '/home/minmin/ros2_ws/src/install/setup.sh'
[9.618s] INFO:colcon.colcon_core.shell:Creating prefix script '/home/minmin/ros2_ws/src/install/local_setup.bash'
[9.621s] INFO:colcon.colcon_core.shell:Creating prefix chain script '/home/minmin/ros2_ws/src/install/setup.bash'
[9.627s] INFO:colcon.colcon_core.shell:Creating prefix script '/home/minmin/ros2_ws/src/install/local_setup.zsh'
[9.630s] INFO:colcon.colcon_core.shell:Creating prefix chain script '/home/minmin/ros2_ws/src/install/setup.zsh'
