[5.522s] DEBUG:colcon:Command line arguments: ['/usr/bin/colcon', 'build', '--packages-select', 'robocon_tutorial']
[5.523s] DEBUG:colcon:Parsed command line arguments: Namespace(log_base=None, log_level=None, verb_name='build', build_base='build', install_base='install', merge_install=False, symlink_install=False, test_result_base=None, continue_on_error=False, executor='parallel', parallel_workers=4, event_handlers=None, ignore_user_meta=False, metas=['./colcon.meta'], base_paths=['.'], packages_ignore=None, packages_ignore_regex=None, paths=None, packages_up_to=None, packages_up_to_regex=None, packages_above=None, packages_above_and_dependencies=None, packages_above_depth=None, packages_select_by_dep=None, packages_skip_by_dep=None, packages_skip_up_to=None, packages_select_build_failed=False, packages_skip_build_finished=False, packages_select_test_failures=False, packages_skip_test_passed=False, packages_select=['robocon_tutorial'], packages_skip=None, packages_select_regex=None, packages_skip_regex=None, packages_start=None, packages_end=None, allow_overriding=[], cmake_args=None, cmake_target=None, cmake_target_skip_unavailable=False, cmake_clean_cache=False, cmake_clean_first=False, cmake_force_configure=False, ament_cmake_args=None, catkin_cmake_args=None, catkin_skip_building_tests=False, verb_parser=<colcon_defaults.argument_parser.defaults.DefaultArgumentsDecorator object at 0x770c2933b2e0>, verb_extension=<colcon_core.verb.build.BuildVerb object at 0x770c2933ad10>, main=<bound method BuildVerb.main of <colcon_core.verb.build.BuildVerb object at 0x770c2933ad10>>)
[13.648s] Level 1:colcon.colcon_core.package_discovery:discover_packages(colcon_meta) check parameters
[13.649s] Level 1:colcon.colcon_core.package_discovery:discover_packages(recursive) check parameters
[13.649s] Level 1:colcon.colcon_core.package_discovery:discover_packages(ignore) check parameters
[13.649s] Level 1:colcon.colcon_core.package_discovery:discover_packages(path) check parameters
[13.649s] Level 1:colcon.colcon_core.package_discovery:discover_packages(colcon_meta) discover
[13.649s] Level 1:colcon.colcon_core.package_discovery:discover_packages(recursive) discover
[13.649s] INFO:colcon.colcon_core.package_discovery:Crawling recursively for packages in '/home/vboxuser/robocon_ws'
[13.650s] Level 1:colcon.colcon_core.package_identification:_identify(.) by extensions ['ignore', 'ignore_ament_install']
[13.650s] Level 1:colcon.colcon_core.package_identification:_identify(.) by extension 'ignore'
[13.650s] Level 1:colcon.colcon_core.package_identification:_identify(.) by extension 'ignore_ament_install'
[13.651s] Level 1:colcon.colcon_core.package_identification:_identify(.) by extensions ['colcon_pkg']
[13.651s] Level 1:colcon.colcon_core.package_identification:_identify(.) by extension 'colcon_pkg'
[13.652s] Level 1:colcon.colcon_core.package_identification:_identify(.) by extensions ['colcon_meta']
[13.652s] Level 1:colcon.colcon_core.package_identification:_identify(.) by extension 'colcon_meta'
[13.652s] Level 1:colcon.colcon_core.package_identification:_identify(.) by extensions ['ros']
[13.652s] Level 1:colcon.colcon_core.package_identification:_identify(.) by extension 'ros'
[13.744s] Level 1:colcon.colcon_core.package_identification:_identify(.) by extensions ['cmake', 'python']
[13.745s] Level 1:colcon.colcon_core.package_identification:_identify(.) by extension 'cmake'
[13.745s] Level 1:colcon.colcon_core.package_identification:_identify(.) by extension 'python'
[13.745s] Level 1:colcon.colcon_core.package_identification:_identify(.) by extensions ['python_setup_py']
[13.745s] Level 1:colcon.colcon_core.package_identification:_identify(.) by extension 'python_setup_py'
[13.746s] Level 1:colcon.colcon_core.package_identification:_identify(build) by extensions ['ignore', 'ignore_ament_install']
[13.746s] Level 1:colcon.colcon_core.package_identification:_identify(build) by extension 'ignore'
[13.747s] Level 1:colcon.colcon_core.package_identification:_identify(build) ignored
[13.747s] Level 1:colcon.colcon_core.package_identification:_identify(install) by extensions ['ignore', 'ignore_ament_install']
[13.748s] Level 1:colcon.colcon_core.package_identification:_identify(install) by extension 'ignore'
[13.749s] Level 1:colcon.colcon_core.package_identification:_identify(install) ignored
[13.749s] Level 1:colcon.colcon_core.package_identification:_identify(log) by extensions ['ignore', 'ignore_ament_install']
[13.750s] Level 1:colcon.colcon_core.package_identification:_identify(log) by extension 'ignore'
[13.750s] Level 1:colcon.colcon_core.package_identification:_identify(log) ignored
[13.802s] Level 1:colcon.colcon_core.package_identification:_identify(src) by extensions ['ignore', 'ignore_ament_install']
[13.802s] Level 1:colcon.colcon_core.package_identification:_identify(src) by extension 'ignore'
[13.803s] Level 1:colcon.colcon_core.package_identification:_identify(src) by extension 'ignore_ament_install'
[13.803s] Level 1:colcon.colcon_core.package_identification:_identify(src) by extensions ['colcon_pkg']
[13.803s] Level 1:colcon.colcon_core.package_identification:_identify(src) by extension 'colcon_pkg'
[13.803s] Level 1:colcon.colcon_core.package_identification:_identify(src) by extensions ['colcon_meta']
[13.803s] Level 1:colcon.colcon_core.package_identification:_identify(src) by extension 'colcon_meta'
[13.803s] Level 1:colcon.colcon_core.package_identification:_identify(src) by extensions ['ros']
[13.803s] Level 1:colcon.colcon_core.package_identification:_identify(src) by extension 'ros'
[13.803s] Level 1:colcon.colcon_core.package_identification:_identify(src) by extensions ['cmake', 'python']
[13.803s] Level 1:colcon.colcon_core.package_identification:_identify(src) by extension 'cmake'
[13.803s] Level 1:colcon.colcon_core.package_identification:_identify(src) by extension 'python'
[13.803s] Level 1:colcon.colcon_core.package_identification:_identify(src) by extensions ['python_setup_py']
[13.803s] Level 1:colcon.colcon_core.package_identification:_identify(src) by extension 'python_setup_py'
[13.804s] Level 1:colcon.colcon_core.package_identification:_identify(src/build) by extensions ['ignore', 'ignore_ament_install']
[13.805s] Level 1:colcon.colcon_core.package_identification:_identify(src/build) by extension 'ignore'
[13.805s] Level 1:colcon.colcon_core.package_identification:_identify(src/build) ignored
[13.806s] Level 1:colcon.colcon_core.package_identification:_identify(src/install) by extensions ['ignore', 'ignore_ament_install']
[13.806s] Level 1:colcon.colcon_core.package_identification:_identify(src/install) by extension 'ignore'
[13.806s] Level 1:colcon.colcon_core.package_identification:_identify(src/install) ignored
[13.807s] Level 1:colcon.colcon_core.package_identification:_identify(src/log) by extensions ['ignore', 'ignore_ament_install']
[13.808s] Level 1:colcon.colcon_core.package_identification:_identify(src/log) by extension 'ignore'
[13.808s] Level 1:colcon.colcon_core.package_identification:_identify(src/log) ignored
[13.809s] Level 1:colcon.colcon_core.package_identification:_identify(src/robocon_tutorial) by extensions ['ignore', 'ignore_ament_install']
[13.809s] Level 1:colcon.colcon_core.package_identification:_identify(src/robocon_tutorial) by extension 'ignore'
[13.809s] Level 1:colcon.colcon_core.package_identification:_identify(src/robocon_tutorial) by extension 'ignore_ament_install'
[13.809s] Level 1:colcon.colcon_core.package_identification:_identify(src/robocon_tutorial) by extensions ['colcon_pkg']
[13.809s] Level 1:colcon.colcon_core.package_identification:_identify(src/robocon_tutorial) by extension 'colcon_pkg'
[13.809s] Level 1:colcon.colcon_core.package_identification:_identify(src/robocon_tutorial) by extensions ['colcon_meta']
[13.809s] Level 1:colcon.colcon_core.package_identification:_identify(src/robocon_tutorial) by extension 'colcon_meta'
[13.809s] Level 1:colcon.colcon_core.package_identification:_identify(src/robocon_tutorial) by extensions ['ros']
[13.810s] Level 1:colcon.colcon_core.package_identification:_identify(src/robocon_tutorial) by extension 'ros'
[14.034s] DEBUG:colcon.colcon_core.package_identification:Package 'src/robocon_tutorial' with type 'ros.ament_python' and name 'robocon_tutorial'
[14.035s] Level 1:colcon.colcon_core.package_discovery:discover_packages(recursive) using defaults
[14.035s] Level 1:colcon.colcon_core.package_discovery:discover_packages(ignore) discover
[14.035s] Level 1:colcon.colcon_core.package_discovery:discover_packages(ignore) using defaults
[14.035s] Level 1:colcon.colcon_core.package_discovery:discover_packages(path) discover
[14.035s] Level 1:colcon.colcon_core.package_discovery:discover_packages(path) using defaults
[14.833s] Level 1:colcon.colcon_core.package_discovery:discover_packages(prefix_path) check parameters
[14.833s] Level 1:colcon.colcon_core.package_discovery:discover_packages(prefix_path) discover
[14.933s] DEBUG:colcon.colcon_installed_package_information.package_discovery:Found 272 installed packages in /opt/ros/humble
[14.939s] Level 1:colcon.colcon_core.package_discovery:discover_packages(prefix_path) using defaults
[15.085s] Level 5:colcon.colcon_core.verb:set package 'robocon_tutorial' build argument 'cmake_args' from command line to 'None'
[15.085s] Level 5:colcon.colcon_core.verb:set package 'robocon_tutorial' build argument 'cmake_target' from command line to 'None'
[15.085s] Level 5:colcon.colcon_core.verb:set package 'robocon_tutorial' build argument 'cmake_target_skip_unavailable' from command line to 'False'
[15.086s] Level 5:colcon.colcon_core.verb:set package 'robocon_tutorial' build argument 'cmake_clean_cache' from command line to 'False'
[15.086s] Level 5:colcon.colcon_core.verb:set package 'robocon_tutorial' build argument 'cmake_clean_first' from command line to 'False'
[15.086s] Level 5:colcon.colcon_core.verb:set package 'robocon_tutorial' build argument 'cmake_force_configure' from command line to 'False'
[15.086s] Level 5:colcon.colcon_core.verb:set package 'robocon_tutorial' build argument 'ament_cmake_args' from command line to 'None'
[15.086s] Level 5:colcon.colcon_core.verb:set package 'robocon_tutorial' build argument 'catkin_cmake_args' from command line to 'None'
[15.086s] Level 5:colcon.colcon_core.verb:set package 'robocon_tutorial' build argument 'catkin_skip_building_tests' from command line to 'False'
[15.086s] DEBUG:colcon.colcon_core.verb:Building package 'robocon_tutorial' with the following arguments: {'ament_cmake_args': None, 'build_base': '/home/vboxuser/robocon_ws/build/robocon_tutorial', 'catkin_cmake_args': None, 'catkin_skip_building_tests': False, 'cmake_args': None, 'cmake_clean_cache': False, 'cmake_clean_first': False, 'cmake_force_configure': False, 'cmake_target': None, 'cmake_target_skip_unavailable': False, 'install_base': '/home/vboxuser/robocon_ws/install/robocon_tutorial', 'merge_install': False, 'path': '/home/vboxuser/robocon_ws/src/robocon_tutorial', 'symlink_install': False, 'test_result_base': None}
[15.087s] INFO:colcon.colcon_core.executor:Executing jobs using 'parallel' executor
[15.090s] DEBUG:colcon.colcon_parallel_executor.executor.parallel:run_until_complete
[15.090s] INFO:colcon.colcon_ros.task.ament_python.build:Building ROS package in '/home/vboxuser/robocon_ws/src/robocon_tutorial' with build type 'ament_python'
[15.091s] Level 1:colcon.colcon_core.shell:create_environment_hook('robocon_tutorial', 'ament_prefix_path')
[15.108s] INFO:colcon.colcon_core.plugin_system:Skipping extension 'colcon_core.shell.bat': Not used on non-Windows systems
[15.109s] INFO:colcon.colcon_core.shell:Creating environment hook '/home/vboxuser/robocon_ws/install/robocon_tutorial/share/robocon_tutorial/hook/ament_prefix_path.ps1'
[15.661s] INFO:colcon.colcon_core.shell:Creating environment descriptor '/home/vboxuser/robocon_ws/install/robocon_tutorial/share/robocon_tutorial/hook/ament_prefix_path.dsv'
[15.838s] INFO:colcon.colcon_core.shell:Creating environment hook '/home/vboxuser/robocon_ws/install/robocon_tutorial/share/robocon_tutorial/hook/ament_prefix_path.sh'
[15.840s] INFO:colcon.colcon_core.shell:Skip shell extension 'powershell' for command environment: Not usable outside of PowerShell
[15.840s] DEBUG:colcon.colcon_core.shell:Skip shell extension 'dsv' for command environment
[16.420s] INFO:colcon.colcon_core.task.python.build:Building Python package in '/home/vboxuser/robocon_ws/src/robocon_tutorial'
[16.421s] INFO:colcon.colcon_core.shell:Skip shell extension 'powershell' for command environment: Not usable outside of PowerShell
[16.421s] DEBUG:colcon.colcon_core.shell:Skip shell extension 'dsv' for command environment
[17.527s] DEBUG:colcon.colcon_core.event_handler.log_command:Invoking command in '/home/vboxuser/robocon_ws/src/robocon_tutorial': PYTHONPATH=/home/vboxuser/robocon_ws/build/robocon_tutorial/prefix_override:/usr/lib/python3/dist-packages/colcon_core/task/python/colcon_distutils_commands:/home/vboxuser/robocon_ws/install/robocon_tutorial/lib/python3.10/site-packages:${PYTHONPATH} /usr/bin/python3 -W ignore:setup.py install is deprecated -W ignore:easy_install command is deprecated setup.py egg_info --egg-base ../../build/robocon_tutorial build --build-base /home/vboxuser/robocon_ws/build/robocon_tutorial/build install --record /home/vboxuser/robocon_ws/build/robocon_tutorial/install.log --single-version-externally-managed install_data
[18.012s] DEBUG:colcon.colcon_core.event_handler.log_command:Invoked command in '/home/vboxuser/robocon_ws/src/robocon_tutorial' returned '0': PYTHONPATH=/home/vboxuser/robocon_ws/build/robocon_tutorial/prefix_override:/usr/lib/python3/dist-packages/colcon_core/task/python/colcon_distutils_commands:/home/vboxuser/robocon_ws/install/robocon_tutorial/lib/python3.10/site-packages:${PYTHONPATH} /usr/bin/python3 -W ignore:setup.py install is deprecated -W ignore:easy_install command is deprecated setup.py egg_info --egg-base ../../build/robocon_tutorial build --build-base /home/vboxuser/robocon_ws/build/robocon_tutorial/build install --record /home/vboxuser/robocon_ws/build/robocon_tutorial/install.log --single-version-externally-managed install_data
[18.028s] Level 1:colcon.colcon_core.environment:checking '/home/vboxuser/robocon_ws/install/robocon_tutorial' for CMake module files
[18.029s] Level 1:colcon.colcon_core.environment:checking '/home/vboxuser/robocon_ws/install/robocon_tutorial' for CMake config files
[18.031s] Level 1:colcon.colcon_core.environment:checking '/home/vboxuser/robocon_ws/install/robocon_tutorial/lib'
[18.031s] Level 1:colcon.colcon_core.environment:checking '/home/vboxuser/robocon_ws/install/robocon_tutorial/bin'
[18.031s] Level 1:colcon.colcon_core.environment:checking '/home/vboxuser/robocon_ws/install/robocon_tutorial/lib/pkgconfig/robocon_tutorial.pc'
[18.032s] Level 1:colcon.colcon_core.environment:checking '/home/vboxuser/robocon_ws/install/robocon_tutorial/lib/python3.10/site-packages'
[18.032s] Level 1:colcon.colcon_core.shell:create_environment_hook('robocon_tutorial', 'pythonpath')
[18.032s] INFO:colcon.colcon_core.shell:Creating environment hook '/home/vboxuser/robocon_ws/install/robocon_tutorial/share/robocon_tutorial/hook/pythonpath.ps1'
[18.033s] INFO:colcon.colcon_core.shell:Creating environment descriptor '/home/vboxuser/robocon_ws/install/robocon_tutorial/share/robocon_tutorial/hook/pythonpath.dsv'
[18.034s] INFO:colcon.colcon_core.shell:Creating environment hook '/home/vboxuser/robocon_ws/install/robocon_tutorial/share/robocon_tutorial/hook/pythonpath.sh'
[18.035s] Level 1:colcon.colcon_core.environment:checking '/home/vboxuser/robocon_ws/install/robocon_tutorial/bin'
[18.035s] Level 1:colcon.colcon_core.environment:create_environment_scripts_only(robocon_tutorial)
[18.036s] INFO:colcon.colcon_core.shell:Creating package script '/home/vboxuser/robocon_ws/install/robocon_tutorial/share/robocon_tutorial/package.ps1'
[18.038s] INFO:colcon.colcon_core.shell:Creating package descriptor '/home/vboxuser/robocon_ws/install/robocon_tutorial/share/robocon_tutorial/package.dsv'
[18.039s] INFO:colcon.colcon_core.shell:Creating package script '/home/vboxuser/robocon_ws/install/robocon_tutorial/share/robocon_tutorial/package.sh'
[18.041s] INFO:colcon.colcon_core.shell:Creating package script '/home/vboxuser/robocon_ws/install/robocon_tutorial/share/robocon_tutorial/package.bash'
[18.044s] INFO:colcon.colcon_core.shell:Creating package script '/home/vboxuser/robocon_ws/install/robocon_tutorial/share/robocon_tutorial/package.zsh'
[18.077s] Level 1:colcon.colcon_core.environment:create_file_with_runtime_dependencies(/home/vboxuser/robocon_ws/install/robocon_tutorial/share/colcon-core/packages/robocon_tutorial)
[18.078s] DEBUG:colcon.colcon_parallel_executor.executor.parallel:closing loop
[18.079s] DEBUG:colcon.colcon_parallel_executor.executor.parallel:loop closed
[18.080s] DEBUG:colcon.colcon_parallel_executor.executor.parallel:run_until_complete finished with '0'
[18.080s] DEBUG:colcon.colcon_core.event_reactor:joining thread
[18.159s] INFO:colcon.colcon_core.plugin_system:Skipping extension 'colcon_notification.desktop_notification.terminal_notifier': Not used on non-Darwin systems
[18.159s] INFO:colcon.colcon_core.plugin_system:Skipping extension 'colcon_notification.desktop_notification.win32': Not used on non-Windows systems
[18.159s] INFO:colcon.colcon_notification.desktop_notification:Sending desktop notification using 'notify2'
[18.272s] DEBUG:colcon.colcon_core.event_reactor:joined thread
[18.273s] INFO:colcon.colcon_core.shell:Creating prefix script '/home/vboxuser/robocon_ws/install/local_setup.ps1'
[18.275s] INFO:colcon.colcon_core.shell:Creating prefix util module '/home/vboxuser/robocon_ws/install/_local_setup_util_ps1.py'
[18.279s] INFO:colcon.colcon_core.shell:Creating prefix chain script '/home/vboxuser/robocon_ws/install/setup.ps1'
[18.284s] INFO:colcon.colcon_core.shell:Creating prefix script '/home/vboxuser/robocon_ws/install/local_setup.sh'
[18.289s] INFO:colcon.colcon_core.shell:Creating prefix util module '/home/vboxuser/robocon_ws/install/_local_setup_util_sh.py'
[18.290s] INFO:colcon.colcon_core.shell:Creating prefix chain script '/home/vboxuser/robocon_ws/install/setup.sh'
[18.293s] INFO:colcon.colcon_core.shell:Creating prefix script '/home/vboxuser/robocon_ws/install/local_setup.bash'
[18.295s] INFO:colcon.colcon_core.shell:Creating prefix chain script '/home/vboxuser/robocon_ws/install/setup.bash'
[18.297s] INFO:colcon.colcon_core.shell:Creating prefix script '/home/vboxuser/robocon_ws/install/local_setup.zsh'
[18.299s] INFO:colcon.colcon_core.shell:Creating prefix chain script '/home/vboxuser/robocon_ws/install/setup.zsh'
