[0.802s] Invoking command in '/home/minmin/roboarm_ws/build/my_vision_system': PYTHONPATH=/home/minmin/roboarm_ws/build/my_vision_system/prefix_override:/usr/lib/python3/dist-packages/colcon_core/task/python/colcon_distutils_commands:/home/minmin/roboarm_ws/install/my_vision_system/lib/python3.10/site-packages:${PYTHONPATH} /usr/bin/python3 -W ignore:setup.py install is deprecated -W ignore:easy_install command is deprecated setup.py develop --editable --build-directory /home/minmin/roboarm_ws/build/my_vision_system/build --no-deps symlink_data --force
[1.104s] running develop
[1.289s] running egg_info
[1.289s] writing my_vision_system.egg-info/PKG-INFO
[1.290s] writing dependency_links to my_vision_system.egg-info/dependency_links.txt
[1.290s] writing entry points to my_vision_system.egg-info/entry_points.txt
[1.290s] writing requirements to my_vision_system.egg-info/requires.txt
[1.290s] writing top-level names to my_vision_system.egg-info/top_level.txt
[1.292s] reading manifest file 'my_vision_system.egg-info/SOURCES.txt'
[1.293s] writing manifest file 'my_vision_system.egg-info/SOURCES.txt'
[1.294s] running build_ext
[1.294s] Creating /home/minmin/roboarm_ws/install/my_vision_system/lib/python3.10/site-packages/my-vision-system.egg-link (link to .)
[1.295s] Installing yolo_docking_node script to /home/minmin/roboarm_ws/install/my_vision_system/lib/my_vision_system
[1.296s] Installing yolo_node script to /home/minmin/roboarm_ws/install/my_vision_system/lib/my_vision_system
[1.296s] Installing yolo_real_cam_debug script to /home/minmin/roboarm_ws/install/my_vision_system/lib/my_vision_system
[1.296s] Installing yolo_select_node script to /home/minmin/roboarm_ws/install/my_vision_system/lib/my_vision_system
[1.296s] 
[1.297s] Installed /home/minmin/roboarm_ws/build/my_vision_system
[1.297s] running symlink_data
[1.297s] symbolically linking /home/minmin/roboarm_ws/build/my_vision_system/resource/my_vision_system -> /home/minmin/roboarm_ws/install/my_vision_system/share/ament_index/resource_index/packages
[1.297s] symbolically linking /home/minmin/roboarm_ws/build/my_vision_system/package.xml -> /home/minmin/roboarm_ws/install/my_vision_system/share/my_vision_system
[1.300s] symbolically linking /home/minmin/roboarm_ws/build/my_vision_system/models_upgrade/best.pt -> /home/minmin/roboarm_ws/install/my_vision_system/share/my_vision_system/models_upgrade
[1.345s] Invoked command in '/home/minmin/roboarm_ws/build/my_vision_system' returned '0': PYTHONPATH=/home/minmin/roboarm_ws/build/my_vision_system/prefix_override:/usr/lib/python3/dist-packages/colcon_core/task/python/colcon_distutils_commands:/home/minmin/roboarm_ws/install/my_vision_system/lib/python3.10/site-packages:${PYTHONPATH} /usr/bin/python3 -W ignore:setup.py install is deprecated -W ignore:easy_install command is deprecated setup.py develop --editable --build-directory /home/minmin/roboarm_ws/build/my_vision_system/build --no-deps symlink_data --force
