[0.037s] Invoking command in '/home/poomjai/ros2_ws/src/mecanum4_description/build/mecanum4_description': CMAKE_PREFIX_PATH=${CMAKE_PREFIX_PATH}:/opt/ros/humble /usr/bin/cmake /home/poomjai/ros2_ws/src/mecanum4_description -DCMAKE_INSTALL_PREFIX=/home/poomjai/ros2_ws/src/mecanum4_description/install/mecanum4_description
[0.960s] -- The C compiler identification is GNU 11.4.0
[3.466s] -- The CXX compiler identification is GNU 11.4.0
[5.133s] -- Detecting C compiler ABI info
[5.778s] -- Detecting C compiler ABI info - done
[5.790s] -- Check for working C compiler: /usr/bin/cc - skipped
[5.791s] -- Detecting C compile features
[5.792s] -- Detecting C compile features - done
[5.798s] -- Detecting CXX compiler ABI info
[6.410s] -- Detecting CXX compiler ABI info - done
[6.419s] -- Check for working CXX compiler: /usr/bin/c++ - skipped
[6.420s] -- Detecting CXX compile features
[6.420s] -- Detecting CXX compile features - done
[6.436s] -- Found ament_cmake: 1.3.14 (/opt/ros/humble/share/ament_cmake/cmake)
[6.754s] -- Found Python3: /usr/bin/python3 (found version "3.10.12") found components: Interpreter 
[6.951s] -- Found ament_lint_auto: 0.12.15 (/opt/ros/humble/share/ament_lint_auto/cmake)
[7.085s] -- Added test 'cppcheck' to perform static code analysis on C / C++ code
[7.085s] -- Configured cppcheck include dirs: 
[7.085s] -- Configured cppcheck exclude dirs and/or files: 
[7.089s] -- Added test 'flake8' to check Python code syntax and style conventions
[7.094s] -- Added test 'lint_cmake' to check CMake code style
[7.099s] -- Added test 'pep257' to check Python code against some of the docstring style conventions in PEP 257
[7.112s] -- Added test 'uncrustify' to check C / C++ code style
[7.112s] -- Configured uncrustify additional arguments: 
[7.116s] -- Added test 'xmllint' to check XML markup files
[7.120s] -- Configuring done
[7.136s] -- Generating done
[7.141s] -- Build files have been written to: /home/poomjai/ros2_ws/src/mecanum4_description/build/mecanum4_description
[7.152s] Invoked command in '/home/poomjai/ros2_ws/src/mecanum4_description/build/mecanum4_description' returned '0': CMAKE_PREFIX_PATH=${CMAKE_PREFIX_PATH}:/opt/ros/humble /usr/bin/cmake /home/poomjai/ros2_ws/src/mecanum4_description -DCMAKE_INSTALL_PREFIX=/home/poomjai/ros2_ws/src/mecanum4_description/install/mecanum4_description
[7.159s] Invoking command in '/home/poomjai/ros2_ws/src/mecanum4_description/build/mecanum4_description': CMAKE_PREFIX_PATH=${CMAKE_PREFIX_PATH}:/opt/ros/humble /usr/bin/cmake --build /home/poomjai/ros2_ws/src/mecanum4_description/build/mecanum4_description -- -j8 -l8
[7.250s] Invoked command in '/home/poomjai/ros2_ws/src/mecanum4_description/build/mecanum4_description' returned '0': CMAKE_PREFIX_PATH=${CMAKE_PREFIX_PATH}:/opt/ros/humble /usr/bin/cmake --build /home/poomjai/ros2_ws/src/mecanum4_description/build/mecanum4_description -- -j8 -l8
[7.276s] Invoking command in '/home/poomjai/ros2_ws/src/mecanum4_description/build/mecanum4_description': CMAKE_PREFIX_PATH=${CMAKE_PREFIX_PATH}:/opt/ros/humble /usr/bin/cmake --install /home/poomjai/ros2_ws/src/mecanum4_description/build/mecanum4_description
[7.292s] -- Install configuration: ""
[7.292s] -- Installing: /home/poomjai/ros2_ws/src/mecanum4_description/install/mecanum4_description/share/mecanum4_description/urdf
[7.296s] -- Installing: /home/poomjai/ros2_ws/src/mecanum4_description/install/mecanum4_description/share/mecanum4_description/urdf/mecanum4_lidar.urdf
[7.298s] -- Installing: /home/poomjai/ros2_ws/src/mecanum4_description/install/mecanum4_description/share/mecanum4_description/launch
[7.299s] -- Installing: /home/poomjai/ros2_ws/src/mecanum4_description/install/mecanum4_description/share/mecanum4_description/launch/localization_bringup.launch.py
[7.300s] -- Installing: /home/poomjai/ros2_ws/src/mecanum4_description/install/mecanum4_description/share/mecanum4_description/launch/nav2_slam_bringup.launch.py
[7.301s] -- Installing: /home/poomjai/ros2_ws/src/mecanum4_description/install/mecanum4_description/share/mecanum4_description/launch/abu_stadium_spawn.launch.py
[7.301s] -- Installing: /home/poomjai/ros2_ws/src/mecanum4_description/install/mecanum4_description/share/mecanum4_description/launch/nav2_amcl_bringup.launch.py
[7.302s] -- Installing: /home/poomjai/ros2_ws/src/mecanum4_description/install/mecanum4_description/share/mecanum4_description/launch/sim_bringup.launch.py
[7.302s] -- Installing: /home/poomjai/ros2_ws/src/mecanum4_description/install/mecanum4_description/share/mecanum4_description/launch/display.launch.py
[7.303s] -- Installing: /home/poomjai/ros2_ws/src/mecanum4_description/install/mecanum4_description/share/mecanum4_description/launch/robot_state_publisher.launch.py
[7.303s] -- Installing: /home/poomjai/ros2_ws/src/mecanum4_description/install/mecanum4_description/share/mecanum4_description/config
[7.304s] -- Installing: /home/poomjai/ros2_ws/src/mecanum4_description/install/mecanum4_description/share/mecanum4_description/config/nav2_params.yaml
[7.305s] -- Installing: /home/poomjai/ros2_ws/src/mecanum4_description/install/mecanum4_description/share/mecanum4_description/config/slam_params.yaml
[7.305s] -- Installing: /home/poomjai/ros2_ws/src/mecanum4_description/install/mecanum4_description/share/mecanum4_description/config/mecanum_controllers.yaml
[7.305s] -- Installing: /home/poomjai/ros2_ws/src/mecanum4_description/install/mecanum4_description/share/mecanum4_description/behavior_trees
[7.306s] -- Installing: /home/poomjai/ros2_ws/src/mecanum4_description/install/mecanum4_description/share/mecanum4_description/behavior_trees/navigate_to_pose_w_replanning_and_recovery.xml
[7.309s] -- Installing: /home/poomjai/ros2_ws/src/mecanum4_description/install/mecanum4_description/lib/mecanum4_description/cmd_vel_to_wheels.py
[7.309s] -- Installing: /home/poomjai/ros2_ws/src/mecanum4_description/install/mecanum4_description/lib/mecanum4_description/teleop_gui.py
[7.310s] -- Installing: /home/poomjai/ros2_ws/src/mecanum4_description/install/mecanum4_description/lib/mecanum4_description/docking_node.py
[7.311s] -- Installing: /home/poomjai/ros2_ws/src/mecanum4_description/install/mecanum4_description/lib/mecanum4_description/camera_docking_node.py
[7.315s] -- Installing: /home/poomjai/ros2_ws/src/mecanum4_description/install/mecanum4_description/share/ament_index/resource_index/package_run_dependencies/mecanum4_description
[7.316s] -- Installing: /home/poomjai/ros2_ws/src/mecanum4_description/install/mecanum4_description/share/ament_index/resource_index/parent_prefix_path/mecanum4_description
[7.318s] -- Installing: /home/poomjai/ros2_ws/src/mecanum4_description/install/mecanum4_description/share/mecanum4_description/environment/ament_prefix_path.sh
[7.318s] -- Installing: /home/poomjai/ros2_ws/src/mecanum4_description/install/mecanum4_description/share/mecanum4_description/environment/ament_prefix_path.dsv
[7.319s] -- Installing: /home/poomjai/ros2_ws/src/mecanum4_description/install/mecanum4_description/share/mecanum4_description/environment/path.sh
[7.319s] -- Installing: /home/poomjai/ros2_ws/src/mecanum4_description/install/mecanum4_description/share/mecanum4_description/environment/path.dsv
[7.319s] -- Installing: /home/poomjai/ros2_ws/src/mecanum4_description/install/mecanum4_description/share/mecanum4_description/local_setup.bash
[7.320s] -- Installing: /home/poomjai/ros2_ws/src/mecanum4_description/install/mecanum4_description/share/mecanum4_description/local_setup.sh
[7.320s] -- Installing: /home/poomjai/ros2_ws/src/mecanum4_description/install/mecanum4_description/share/mecanum4_description/local_setup.zsh
[7.321s] -- Installing: /home/poomjai/ros2_ws/src/mecanum4_description/install/mecanum4_description/share/mecanum4_description/local_setup.dsv
[7.321s] -- Installing: /home/poomjai/ros2_ws/src/mecanum4_description/install/mecanum4_description/share/mecanum4_description/package.dsv
[7.323s] -- Installing: /home/poomjai/ros2_ws/src/mecanum4_description/install/mecanum4_description/share/ament_index/resource_index/packages/mecanum4_description
[7.324s] -- Installing: /home/poomjai/ros2_ws/src/mecanum4_description/install/mecanum4_description/share/mecanum4_description/cmake/mecanum4_descriptionConfig.cmake
[7.324s] -- Installing: /home/poomjai/ros2_ws/src/mecanum4_description/install/mecanum4_description/share/mecanum4_description/cmake/mecanum4_descriptionConfig-version.cmake
[7.324s] -- Installing: /home/poomjai/ros2_ws/src/mecanum4_description/install/mecanum4_description/share/mecanum4_description/package.xml
[7.330s] Invoked command in '/home/poomjai/ros2_ws/src/mecanum4_description/build/mecanum4_description' returned '0': CMAKE_PREFIX_PATH=${CMAKE_PREFIX_PATH}:/opt/ros/humble /usr/bin/cmake --install /home/poomjai/ros2_ws/src/mecanum4_description/build/mecanum4_description
