[2.800s] DEBUG:colcon:Command line arguments: ['/usr/bin/colcon', 'build']
[2.800s] DEBUG:colcon:Parsed command line arguments: Namespace(log_base=None, log_level=None, verb_name='build', build_base='build', install_base='install', merge_install=False, symlink_install=False, test_result_base=None, continue_on_error=False, executor='parallel', parallel_workers=8, event_handlers=None, ignore_user_meta=False, metas=['./colcon.meta'], base_paths=['.'], packages_ignore=None, packages_ignore_regex=None, paths=None, packages_up_to=None, packages_up_to_regex=None, packages_above=None, packages_above_and_dependencies=None, packages_above_depth=None, packages_select_by_dep=None, packages_skip_by_dep=None, packages_skip_up_to=None, packages_select_build_failed=False, packages_skip_build_finished=False, packages_select_test_failures=False, packages_skip_test_passed=False, packages_select=None, packages_skip=None, packages_select_regex=None, packages_skip_regex=None, packages_start=None, packages_end=None, allow_overriding=[], cmake_args=None, cmake_target=None, cmake_target_skip_unavailable=False, cmake_clean_cache=False, cmake_clean_first=False, cmake_force_configure=False, ament_cmake_args=None, catkin_cmake_args=None, catkin_skip_building_tests=False, mixin_files=None, mixin=None, verb_parser=<colcon_mixin.mixin.mixin_argument.MixinArgumentDecorator object at 0x7476cd952200>, verb_extension=<colcon_core.verb.build.BuildVerb object at 0x7476cd951c30>, main=<bound method BuildVerb.main of <colcon_core.verb.build.BuildVerb object at 0x7476cd951c30>>, mixin_verb=('build',))
[3.901s] Level 1:colcon.colcon_core.package_discovery:discover_packages(colcon_meta) check parameters
[3.903s] Level 1:colcon.colcon_core.package_discovery:discover_packages(recursive) check parameters
[3.903s] Level 1:colcon.colcon_core.package_discovery:discover_packages(ignore) check parameters
[3.904s] Level 1:colcon.colcon_core.package_discovery:discover_packages(path) check parameters
[3.904s] Level 1:colcon.colcon_core.package_discovery:discover_packages(colcon_meta) discover
[3.904s] Level 1:colcon.colcon_core.package_discovery:discover_packages(recursive) discover
[3.904s] INFO:colcon.colcon_core.package_discovery:Crawling recursively for packages in '/home/minmin/ros2_ws/src/mecanum4_description'
[3.905s] Level 1:colcon.colcon_core.package_identification:_identify(.) by extensions ['ignore', 'ignore_ament_install']
[3.907s] Level 1:colcon.colcon_core.package_identification:_identify(.) by extension 'ignore'
[3.907s] Level 1:colcon.colcon_core.package_identification:_identify(.) by extension 'ignore_ament_install'
[3.908s] Level 1:colcon.colcon_core.package_identification:_identify(.) by extensions ['colcon_pkg']
[3.908s] Level 1:colcon.colcon_core.package_identification:_identify(.) by extension 'colcon_pkg'
[3.908s] Level 1:colcon.colcon_core.package_identification:_identify(.) by extensions ['colcon_meta']
[3.908s] Level 1:colcon.colcon_core.package_identification:_identify(.) by extension 'colcon_meta'
[3.909s] Level 1:colcon.colcon_core.package_identification:_identify(.) by extensions ['ros']
[3.909s] Level 1:colcon.colcon_core.package_identification:_identify(.) by extension 'ros'
[3.962s] DEBUG:colcon.colcon_core.package_identification:Package '.' with type 'ros.ament_cmake' and name 'mecanum4_description'
[3.962s] Level 1:colcon.colcon_core.package_discovery:discover_packages(recursive) using defaults
[3.963s] Level 1:colcon.colcon_core.package_discovery:discover_packages(ignore) discover
[3.963s] Level 1:colcon.colcon_core.package_discovery:discover_packages(ignore) using defaults
[3.963s] Level 1:colcon.colcon_core.package_discovery:discover_packages(path) discover
[3.963s] Level 1:colcon.colcon_core.package_discovery:discover_packages(path) using defaults
[4.118s] Level 1:colcon.colcon_core.package_discovery:discover_packages(prefix_path) check parameters
[4.118s] Level 1:colcon.colcon_core.package_discovery:discover_packages(prefix_path) discover
[4.125s] DEBUG:colcon.colcon_installed_package_information.package_discovery:Found 2 installed packages in /home/minmin/ros2_ws/install
[4.135s] DEBUG:colcon.colcon_installed_package_information.package_discovery:Found 370 installed packages in /opt/ros/humble
[4.142s] Level 1:colcon.colcon_core.package_discovery:discover_packages(prefix_path) using defaults
[4.365s] Level 5:colcon.colcon_core.verb:set package 'mecanum4_description' build argument 'cmake_args' from command line to 'None'
[4.365s] Level 5:colcon.colcon_core.verb:set package 'mecanum4_description' build argument 'cmake_target' from command line to 'None'
[4.365s] Level 5:colcon.colcon_core.verb:set package 'mecanum4_description' build argument 'cmake_target_skip_unavailable' from command line to 'False'
[4.366s] Level 5:colcon.colcon_core.verb:set package 'mecanum4_description' build argument 'cmake_clean_cache' from command line to 'False'
[4.366s] Level 5:colcon.colcon_core.verb:set package 'mecanum4_description' build argument 'cmake_clean_first' from command line to 'False'
[4.366s] Level 5:colcon.colcon_core.verb:set package 'mecanum4_description' build argument 'cmake_force_configure' from command line to 'False'
[4.366s] Level 5:colcon.colcon_core.verb:set package 'mecanum4_description' build argument 'ament_cmake_args' from command line to 'None'
[4.366s] Level 5:colcon.colcon_core.verb:set package 'mecanum4_description' build argument 'catkin_cmake_args' from command line to 'None'
[4.366s] Level 5:colcon.colcon_core.verb:set package 'mecanum4_description' build argument 'catkin_skip_building_tests' from command line to 'False'
[4.366s] DEBUG:colcon.colcon_core.verb:Building package 'mecanum4_description' with the following arguments: {'ament_cmake_args': None, 'build_base': '/home/minmin/ros2_ws/src/mecanum4_description/build/mecanum4_description', 'catkin_cmake_args': None, 'catkin_skip_building_tests': False, 'cmake_args': None, 'cmake_clean_cache': False, 'cmake_clean_first': False, 'cmake_force_configure': False, 'cmake_target': None, 'cmake_target_skip_unavailable': False, 'install_base': '/home/minmin/ros2_ws/src/mecanum4_description/install/mecanum4_description', 'merge_install': False, 'path': '/home/minmin/ros2_ws/src/mecanum4_description', 'symlink_install': False, 'test_result_base': None}
[4.367s] INFO:colcon.colcon_core.executor:Executing jobs using 'parallel' executor
[4.376s] DEBUG:colcon.colcon_parallel_executor.executor.parallel:run_until_complete
[4.377s] INFO:colcon.colcon_ros.task.ament_cmake.build:Building ROS package in '/home/minmin/ros2_ws/src/mecanum4_description' with build type 'ament_cmake'
[4.378s] INFO:colcon.colcon_cmake.task.cmake.build:Building CMake package in '/home/minmin/ros2_ws/src/mecanum4_description'
[4.388s] INFO:colcon.colcon_core.plugin_system:Skipping extension 'colcon_core.shell.bat': Not used on non-Windows systems
[4.389s] INFO:colcon.colcon_core.shell:Skip shell extension 'powershell' for command environment: Not usable outside of PowerShell
[4.390s] DEBUG:colcon.colcon_core.shell:Skip shell extension 'dsv' for command environment
[4.430s] DEBUG:colcon.colcon_core.event_handler.log_command:Invoking command in '/home/minmin/ros2_ws/src/mecanum4_description/build/mecanum4_description': CMAKE_PREFIX_PATH=${CMAKE_PREFIX_PATH}:/opt/ros/humble /usr/bin/cmake --build /home/minmin/ros2_ws/src/mecanum4_description/build/mecanum4_description -- -j8 -l8
[4.593s] DEBUG:colcon.colcon_core.event_handler.log_command:Invoked command in '/home/minmin/ros2_ws/src/mecanum4_description/build/mecanum4_description' returned '0': CMAKE_PREFIX_PATH=${CMAKE_PREFIX_PATH}:/opt/ros/humble /usr/bin/cmake --build /home/minmin/ros2_ws/src/mecanum4_description/build/mecanum4_description -- -j8 -l8
[4.650s] DEBUG:colcon.colcon_core.event_handler.log_command:Invoking command in '/home/minmin/ros2_ws/src/mecanum4_description/build/mecanum4_description': CMAKE_PREFIX_PATH=${CMAKE_PREFIX_PATH}:/opt/ros/humble /usr/bin/cmake --install /home/minmin/ros2_ws/src/mecanum4_description/build/mecanum4_description
[4.716s] Level 1:colcon.colcon_core.environment:create_environment_scripts_only(mecanum4_description)
[4.724s] DEBUG:colcon.colcon_core.event_handler.log_command:Invoked command in '/home/minmin/ros2_ws/src/mecanum4_description/build/mecanum4_description' returned '0': CMAKE_PREFIX_PATH=${CMAKE_PREFIX_PATH}:/opt/ros/humble /usr/bin/cmake --install /home/minmin/ros2_ws/src/mecanum4_description/build/mecanum4_description
[4.735s] Level 1:colcon.colcon_core.environment:checking '/home/minmin/ros2_ws/src/mecanum4_description/install/mecanum4_description' for CMake module files
[4.739s] Level 1:colcon.colcon_core.environment:checking '/home/minmin/ros2_ws/src/mecanum4_description/install/mecanum4_description' for CMake config files
[4.745s] Level 1:colcon.colcon_core.shell:create_environment_hook('mecanum4_description', 'cmake_prefix_path')
[4.746s] INFO:colcon.colcon_core.shell:Creating environment hook '/home/minmin/ros2_ws/src/mecanum4_description/install/mecanum4_description/share/mecanum4_description/hook/cmake_prefix_path.ps1'
[4.749s] INFO:colcon.colcon_core.shell:Creating environment descriptor '/home/minmin/ros2_ws/src/mecanum4_description/install/mecanum4_description/share/mecanum4_description/hook/cmake_prefix_path.dsv'
[4.752s] INFO:colcon.colcon_core.shell:Creating environment hook '/home/minmin/ros2_ws/src/mecanum4_description/install/mecanum4_description/share/mecanum4_description/hook/cmake_prefix_path.sh'
[4.755s] Level 1:colcon.colcon_core.environment:checking '/home/minmin/ros2_ws/src/mecanum4_description/install/mecanum4_description/lib'
[4.756s] Level 1:colcon.colcon_core.environment:checking '/home/minmin/ros2_ws/src/mecanum4_description/install/mecanum4_description/bin'
[4.757s] Level 1:colcon.colcon_core.environment:checking '/home/minmin/ros2_ws/src/mecanum4_description/install/mecanum4_description/lib/pkgconfig/mecanum4_description.pc'
[4.757s] Level 1:colcon.colcon_core.environment:checking '/home/minmin/ros2_ws/src/mecanum4_description/install/mecanum4_description/lib/python3.10/site-packages'
[4.759s] Level 1:colcon.colcon_core.environment:checking '/home/minmin/ros2_ws/src/mecanum4_description/install/mecanum4_description/bin'
[4.760s] INFO:colcon.colcon_core.shell:Creating package script '/home/minmin/ros2_ws/src/mecanum4_description/install/mecanum4_description/share/mecanum4_description/package.ps1'
[4.766s] INFO:colcon.colcon_core.shell:Creating package descriptor '/home/minmin/ros2_ws/src/mecanum4_description/install/mecanum4_description/share/mecanum4_description/package.dsv'
[4.767s] INFO:colcon.colcon_core.shell:Creating package script '/home/minmin/ros2_ws/src/mecanum4_description/install/mecanum4_description/share/mecanum4_description/package.sh'
[4.769s] INFO:colcon.colcon_core.shell:Creating package script '/home/minmin/ros2_ws/src/mecanum4_description/install/mecanum4_description/share/mecanum4_description/package.bash'
[4.771s] INFO:colcon.colcon_core.shell:Creating package script '/home/minmin/ros2_ws/src/mecanum4_description/install/mecanum4_description/share/mecanum4_description/package.zsh'
[4.773s] Level 1:colcon.colcon_core.environment:create_file_with_runtime_dependencies(/home/minmin/ros2_ws/src/mecanum4_description/install/mecanum4_description/share/colcon-core/packages/mecanum4_description)
[4.783s] Level 1:colcon.colcon_core.environment:create_environment_scripts_only(mecanum4_description)
[4.785s] Level 1:colcon.colcon_core.environment:checking '/home/minmin/ros2_ws/src/mecanum4_description/install/mecanum4_description' for CMake module files
[4.787s] Level 1:colcon.colcon_core.environment:checking '/home/minmin/ros2_ws/src/mecanum4_description/install/mecanum4_description' for CMake config files
[4.789s] Level 1:colcon.colcon_core.shell:create_environment_hook('mecanum4_description', 'cmake_prefix_path')
[4.791s] INFO:colcon.colcon_core.shell:Creating environment hook '/home/minmin/ros2_ws/src/mecanum4_description/install/mecanum4_description/share/mecanum4_description/hook/cmake_prefix_path.ps1'
[4.795s] INFO:colcon.colcon_core.shell:Creating environment descriptor '/home/minmin/ros2_ws/src/mecanum4_description/install/mecanum4_description/share/mecanum4_description/hook/cmake_prefix_path.dsv'
[4.800s] INFO:colcon.colcon_core.shell:Creating environment hook '/home/minmin/ros2_ws/src/mecanum4_description/install/mecanum4_description/share/mecanum4_description/hook/cmake_prefix_path.sh'
[4.803s] Level 1:colcon.colcon_core.environment:checking '/home/minmin/ros2_ws/src/mecanum4_description/install/mecanum4_description/lib'
[4.803s] Level 1:colcon.colcon_core.environment:checking '/home/minmin/ros2_ws/src/mecanum4_description/install/mecanum4_description/bin'
[4.804s] Level 1:colcon.colcon_core.environment:checking '/home/minmin/ros2_ws/src/mecanum4_description/install/mecanum4_description/lib/pkgconfig/mecanum4_description.pc'
[4.805s] Level 1:colcon.colcon_core.environment:checking '/home/minmin/ros2_ws/src/mecanum4_description/install/mecanum4_description/lib/python3.10/site-packages'
[4.807s] Level 1:colcon.colcon_core.environment:checking '/home/minmin/ros2_ws/src/mecanum4_description/install/mecanum4_description/bin'
[4.808s] INFO:colcon.colcon_core.shell:Creating package script '/home/minmin/ros2_ws/src/mecanum4_description/install/mecanum4_description/share/mecanum4_description/package.ps1'
[4.818s] INFO:colcon.colcon_core.shell:Creating package descriptor '/home/minmin/ros2_ws/src/mecanum4_description/install/mecanum4_description/share/mecanum4_description/package.dsv'
[4.822s] INFO:colcon.colcon_core.shell:Creating package script '/home/minmin/ros2_ws/src/mecanum4_description/install/mecanum4_description/share/mecanum4_description/package.sh'
[4.825s] INFO:colcon.colcon_core.shell:Creating package script '/home/minmin/ros2_ws/src/mecanum4_description/install/mecanum4_description/share/mecanum4_description/package.bash'
[4.835s] INFO:colcon.colcon_core.shell:Creating package script '/home/minmin/ros2_ws/src/mecanum4_description/install/mecanum4_description/share/mecanum4_description/package.zsh'
[4.840s] Level 1:colcon.colcon_core.environment:create_file_with_runtime_dependencies(/home/minmin/ros2_ws/src/mecanum4_description/install/mecanum4_description/share/colcon-core/packages/mecanum4_description)
[4.841s] DEBUG:colcon.colcon_parallel_executor.executor.parallel:closing loop
[4.842s] DEBUG:colcon.colcon_parallel_executor.executor.parallel:loop closed
[4.842s] DEBUG:colcon.colcon_parallel_executor.executor.parallel:run_until_complete finished with '0'
[4.842s] DEBUG:colcon.colcon_core.event_reactor:joining thread
[5.926s] INFO:colcon.colcon_core.plugin_system:Skipping extension 'colcon_notification.desktop_notification.notify_send': Could not find 'notify-send'
[5.927s] INFO:colcon.colcon_core.plugin_system:Skipping extension 'colcon_notification.desktop_notification.terminal_notifier': Not used on non-Darwin systems
[5.929s] INFO:colcon.colcon_core.plugin_system:Skipping extension 'colcon_notification.desktop_notification.win32': Not used on non-Windows systems
[5.929s] INFO:colcon.colcon_notification.desktop_notification:Sending desktop notification using 'notify2'
[5.929s] DEBUG:colcon.colcon_notification.desktop_notification.notify2:Failed to initialize notify2: org.freedesktop.DBus.Error.FileNotFound: Failed to connect to socket /run/user/1000/bus: No such file or directory
[5.931s] DEBUG:colcon.colcon_core.event_reactor:joined thread
[5.932s] INFO:colcon.colcon_core.shell:Creating prefix script '/home/minmin/ros2_ws/src/mecanum4_description/install/local_setup.ps1'
[5.934s] INFO:colcon.colcon_core.shell:Creating prefix util module '/home/minmin/ros2_ws/src/mecanum4_description/install/_local_setup_util_ps1.py'
[5.953s] INFO:colcon.colcon_core.shell:Creating prefix chain script '/home/minmin/ros2_ws/src/mecanum4_description/install/setup.ps1'
[5.960s] INFO:colcon.colcon_core.shell:Creating prefix script '/home/minmin/ros2_ws/src/mecanum4_description/install/local_setup.sh'
[5.966s] INFO:colcon.colcon_core.shell:Creating prefix util module '/home/minmin/ros2_ws/src/mecanum4_description/install/_local_setup_util_sh.py'
[5.970s] INFO:colcon.colcon_core.shell:Creating prefix chain script '/home/minmin/ros2_ws/src/mecanum4_description/install/setup.sh'
[5.986s] INFO:colcon.colcon_core.shell:Creating prefix script '/home/minmin/ros2_ws/src/mecanum4_description/install/local_setup.bash'
[5.990s] INFO:colcon.colcon_core.shell:Creating prefix chain script '/home/minmin/ros2_ws/src/mecanum4_description/install/setup.bash'
[5.994s] INFO:colcon.colcon_core.shell:Creating prefix script '/home/minmin/ros2_ws/src/mecanum4_description/install/local_setup.zsh'
[5.995s] INFO:colcon.colcon_core.shell:Creating prefix chain script '/home/minmin/ros2_ws/src/mecanum4_description/install/setup.zsh'
