[0.567s] DEBUG:colcon:Command line arguments: ['/usr/bin/colcon', 'build']
[0.567s] DEBUG:colcon:Parsed command line arguments: Namespace(log_base=None, log_level=None, verb_name='build', build_base='build', install_base='install', merge_install=False, symlink_install=False, test_result_base=None, continue_on_error=False, executor='parallel', parallel_workers=8, event_handlers=None, ignore_user_meta=False, metas=['./colcon.meta'], base_paths=['.'], packages_ignore=None, packages_ignore_regex=None, paths=None, packages_up_to=None, packages_up_to_regex=None, packages_above=None, packages_above_and_dependencies=None, packages_above_depth=None, packages_select_by_dep=None, packages_skip_by_dep=None, packages_skip_up_to=None, packages_select_build_failed=False, packages_skip_build_finished=False, packages_select_test_failures=False, packages_skip_test_passed=False, packages_select=None, packages_skip=None, packages_select_regex=None, packages_skip_regex=None, packages_start=None, packages_end=None, allow_overriding=[], cmake_args=None, cmake_target=None, cmake_target_skip_unavailable=False, cmake_clean_cache=False, cmake_clean_first=False, cmake_force_configure=False, ament_cmake_args=None, catkin_cmake_args=None, catkin_skip_building_tests=False, mixin_files=None, mixin=None, verb_parser=<colcon_mixin.mixin.mixin_argument.MixinArgumentDecorator object at 0x7cc08f6557b0>, verb_extension=<colcon_core.verb.build.BuildVerb object at 0x7cc08f6551e0>, main=<bound method BuildVerb.main of <colcon_core.verb.build.BuildVerb object at 0x7cc08f6551e0>>, mixin_verb=('build',))
[0.819s] Level 1:colcon.colcon_core.package_discovery:discover_packages(colcon_meta) check parameters
[0.820s] Level 1:colcon.colcon_core.package_discovery:discover_packages(recursive) check parameters
[0.820s] Level 1:colcon.colcon_core.package_discovery:discover_packages(ignore) check parameters
[0.820s] Level 1:colcon.colcon_core.package_discovery:discover_packages(path) check parameters
[0.820s] Level 1:colcon.colcon_core.package_discovery:discover_packages(colcon_meta) discover
[0.820s] Level 1:colcon.colcon_core.package_discovery:discover_packages(recursive) discover
[0.820s] INFO:colcon.colcon_core.package_discovery:Crawling recursively for packages in '/home/minmin/robocon_ws/src/robocon_tutorial'
[0.820s] Level 1:colcon.colcon_core.package_identification:_identify(.) by extensions ['ignore', 'ignore_ament_install']
[0.821s] Level 1:colcon.colcon_core.package_identification:_identify(.) by extension 'ignore'
[0.821s] Level 1:colcon.colcon_core.package_identification:_identify(.) by extension 'ignore_ament_install'
[0.821s] Level 1:colcon.colcon_core.package_identification:_identify(.) by extensions ['colcon_pkg']
[0.821s] Level 1:colcon.colcon_core.package_identification:_identify(.) by extension 'colcon_pkg'
[0.821s] Level 1:colcon.colcon_core.package_identification:_identify(.) by extensions ['colcon_meta']
[0.821s] Level 1:colcon.colcon_core.package_identification:_identify(.) by extension 'colcon_meta'
[0.821s] Level 1:colcon.colcon_core.package_identification:_identify(.) by extensions ['ros']
[0.821s] Level 1:colcon.colcon_core.package_identification:_identify(.) by extension 'ros'
[0.837s] DEBUG:colcon.colcon_core.package_identification:Package '.' with type 'ros.ament_python' and name 'robocon_tutorial'
[0.837s] Level 1:colcon.colcon_core.package_discovery:discover_packages(recursive) using defaults
[0.837s] Level 1:colcon.colcon_core.package_discovery:discover_packages(ignore) discover
[0.837s] Level 1:colcon.colcon_core.package_discovery:discover_packages(ignore) using defaults
[0.837s] Level 1:colcon.colcon_core.package_discovery:discover_packages(path) discover
[0.837s] Level 1:colcon.colcon_core.package_discovery:discover_packages(path) using defaults
[0.882s] Level 1:colcon.colcon_core.package_discovery:discover_packages(prefix_path) check parameters
[0.882s] Level 1:colcon.colcon_core.package_discovery:discover_packages(prefix_path) discover
[0.885s] DEBUG:colcon.colcon_installed_package_information.package_discovery:Found 2 installed packages in /home/minmin/ros2_ws/install
[0.888s] DEBUG:colcon.colcon_installed_package_information.package_discovery:Found 370 installed packages in /opt/ros/humble
[0.890s] Level 1:colcon.colcon_core.package_discovery:discover_packages(prefix_path) using defaults
[0.951s] Level 5:colcon.colcon_core.verb:set package 'robocon_tutorial' build argument 'cmake_args' from command line to 'None'
[0.951s] Level 5:colcon.colcon_core.verb:set package 'robocon_tutorial' build argument 'cmake_target' from command line to 'None'
[0.951s] Level 5:colcon.colcon_core.verb:set package 'robocon_tutorial' build argument 'cmake_target_skip_unavailable' from command line to 'False'
[0.951s] Level 5:colcon.colcon_core.verb:set package 'robocon_tutorial' build argument 'cmake_clean_cache' from command line to 'False'
[0.951s] Level 5:colcon.colcon_core.verb:set package 'robocon_tutorial' build argument 'cmake_clean_first' from command line to 'False'
[0.951s] Level 5:colcon.colcon_core.verb:set package 'robocon_tutorial' build argument 'cmake_force_configure' from command line to 'False'
[0.951s] Level 5:colcon.colcon_core.verb:set package 'robocon_tutorial' build argument 'ament_cmake_args' from command line to 'None'
[0.951s] Level 5:colcon.colcon_core.verb:set package 'robocon_tutorial' build argument 'catkin_cmake_args' from command line to 'None'
[0.951s] Level 5:colcon.colcon_core.verb:set package 'robocon_tutorial' build argument 'catkin_skip_building_tests' from command line to 'False'
[0.951s] DEBUG:colcon.colcon_core.verb:Building package 'robocon_tutorial' with the following arguments: {'ament_cmake_args': None, 'build_base': '/home/minmin/robocon_ws/src/robocon_tutorial/build/robocon_tutorial', 'catkin_cmake_args': None, 'catkin_skip_building_tests': False, 'cmake_args': None, 'cmake_clean_cache': False, 'cmake_clean_first': False, 'cmake_force_configure': False, 'cmake_target': None, 'cmake_target_skip_unavailable': False, 'install_base': '/home/minmin/robocon_ws/src/robocon_tutorial/install/robocon_tutorial', 'merge_install': False, 'path': '/home/minmin/robocon_ws/src/robocon_tutorial', 'symlink_install': False, 'test_result_base': None}
[0.952s] INFO:colcon.colcon_core.executor:Executing jobs using 'parallel' executor
[0.953s] DEBUG:colcon.colcon_parallel_executor.executor.parallel:run_until_complete
[0.954s] INFO:colcon.colcon_ros.task.ament_python.build:Building ROS package in '/home/minmin/robocon_ws/src/robocon_tutorial' with build type 'ament_python'
[0.954s] Level 1:colcon.colcon_core.shell:create_environment_hook('robocon_tutorial', 'ament_prefix_path')
[0.958s] INFO:colcon.colcon_core.plugin_system:Skipping extension 'colcon_core.shell.bat': Not used on non-Windows systems
[0.958s] INFO:colcon.colcon_core.shell:Creating environment hook '/home/minmin/robocon_ws/src/robocon_tutorial/install/robocon_tutorial/share/robocon_tutorial/hook/ament_prefix_path.ps1'
[0.963s] INFO:colcon.colcon_core.shell:Creating environment descriptor '/home/minmin/robocon_ws/src/robocon_tutorial/install/robocon_tutorial/share/robocon_tutorial/hook/ament_prefix_path.dsv'
[0.963s] INFO:colcon.colcon_core.shell:Creating environment hook '/home/minmin/robocon_ws/src/robocon_tutorial/install/robocon_tutorial/share/robocon_tutorial/hook/ament_prefix_path.sh'
[0.965s] INFO:colcon.colcon_core.shell:Skip shell extension 'powershell' for command environment: Not usable outside of PowerShell
[0.965s] DEBUG:colcon.colcon_core.shell:Skip shell extension 'dsv' for command environment
[1.374s] INFO:colcon.colcon_core.task.python.build:Building Python package in '/home/minmin/robocon_ws/src/robocon_tutorial'
[1.374s] INFO:colcon.colcon_core.shell:Skip shell extension 'powershell' for command environment: Not usable outside of PowerShell
[1.374s] DEBUG:colcon.colcon_core.shell:Skip shell extension 'dsv' for command environment
[1.950s] DEBUG:colcon.colcon_core.event_handler.log_command:Invoking command in '/home/minmin/robocon_ws/src/robocon_tutorial': PYTHONPATH=/home/minmin/robocon_ws/src/robocon_tutorial/build/robocon_tutorial/prefix_override:/usr/lib/python3/dist-packages/colcon_core/task/python/colcon_distutils_commands:/home/minmin/robocon_ws/src/robocon_tutorial/install/robocon_tutorial/lib/python3.10/site-packages:${PYTHONPATH} /usr/bin/python3 -W ignore:setup.py install is deprecated -W ignore:easy_install command is deprecated setup.py egg_info --egg-base build/robocon_tutorial build --build-base /home/minmin/robocon_ws/src/robocon_tutorial/build/robocon_tutorial/build install --record /home/minmin/robocon_ws/src/robocon_tutorial/build/robocon_tutorial/install.log --single-version-externally-managed install_data
[2.480s] DEBUG:colcon.colcon_core.event_handler.log_command:Invoked command in '/home/minmin/robocon_ws/src/robocon_tutorial' returned '0': PYTHONPATH=/home/minmin/robocon_ws/src/robocon_tutorial/build/robocon_tutorial/prefix_override:/usr/lib/python3/dist-packages/colcon_core/task/python/colcon_distutils_commands:/home/minmin/robocon_ws/src/robocon_tutorial/install/robocon_tutorial/lib/python3.10/site-packages:${PYTHONPATH} /usr/bin/python3 -W ignore:setup.py install is deprecated -W ignore:easy_install command is deprecated setup.py egg_info --egg-base build/robocon_tutorial build --build-base /home/minmin/robocon_ws/src/robocon_tutorial/build/robocon_tutorial/build install --record /home/minmin/robocon_ws/src/robocon_tutorial/build/robocon_tutorial/install.log --single-version-externally-managed install_data
[2.483s] Level 1:colcon.colcon_core.environment:checking '/home/minmin/robocon_ws/src/robocon_tutorial/install/robocon_tutorial' for CMake module files
[2.484s] Level 1:colcon.colcon_core.environment:checking '/home/minmin/robocon_ws/src/robocon_tutorial/install/robocon_tutorial' for CMake config files
[2.485s] Level 1:colcon.colcon_core.environment:checking '/home/minmin/robocon_ws/src/robocon_tutorial/install/robocon_tutorial/lib'
[2.485s] Level 1:colcon.colcon_core.environment:checking '/home/minmin/robocon_ws/src/robocon_tutorial/install/robocon_tutorial/bin'
[2.485s] Level 1:colcon.colcon_core.environment:checking '/home/minmin/robocon_ws/src/robocon_tutorial/install/robocon_tutorial/lib/pkgconfig/robocon_tutorial.pc'
[2.485s] Level 1:colcon.colcon_core.environment:checking '/home/minmin/robocon_ws/src/robocon_tutorial/install/robocon_tutorial/lib/python3.10/site-packages'
[2.486s] Level 1:colcon.colcon_core.shell:create_environment_hook('robocon_tutorial', 'pythonpath')
[2.486s] INFO:colcon.colcon_core.shell:Creating environment hook '/home/minmin/robocon_ws/src/robocon_tutorial/install/robocon_tutorial/share/robocon_tutorial/hook/pythonpath.ps1'
[2.486s] INFO:colcon.colcon_core.shell:Creating environment descriptor '/home/minmin/robocon_ws/src/robocon_tutorial/install/robocon_tutorial/share/robocon_tutorial/hook/pythonpath.dsv'
[2.487s] INFO:colcon.colcon_core.shell:Creating environment hook '/home/minmin/robocon_ws/src/robocon_tutorial/install/robocon_tutorial/share/robocon_tutorial/hook/pythonpath.sh'
[2.488s] Level 1:colcon.colcon_core.environment:checking '/home/minmin/robocon_ws/src/robocon_tutorial/install/robocon_tutorial/bin'
[2.488s] Level 1:colcon.colcon_core.environment:create_environment_scripts_only(robocon_tutorial)
[2.488s] INFO:colcon.colcon_core.shell:Creating package script '/home/minmin/robocon_ws/src/robocon_tutorial/install/robocon_tutorial/share/robocon_tutorial/package.ps1'
[2.490s] INFO:colcon.colcon_core.shell:Creating package descriptor '/home/minmin/robocon_ws/src/robocon_tutorial/install/robocon_tutorial/share/robocon_tutorial/package.dsv'
[2.491s] INFO:colcon.colcon_core.shell:Creating package script '/home/minmin/robocon_ws/src/robocon_tutorial/install/robocon_tutorial/share/robocon_tutorial/package.sh'
[2.492s] INFO:colcon.colcon_core.shell:Creating package script '/home/minmin/robocon_ws/src/robocon_tutorial/install/robocon_tutorial/share/robocon_tutorial/package.bash'
[2.493s] INFO:colcon.colcon_core.shell:Creating package script '/home/minmin/robocon_ws/src/robocon_tutorial/install/robocon_tutorial/share/robocon_tutorial/package.zsh'
[2.494s] Level 1:colcon.colcon_core.environment:create_file_with_runtime_dependencies(/home/minmin/robocon_ws/src/robocon_tutorial/install/robocon_tutorial/share/colcon-core/packages/robocon_tutorial)
[2.496s] DEBUG:colcon.colcon_parallel_executor.executor.parallel:closing loop
[2.497s] DEBUG:colcon.colcon_parallel_executor.executor.parallel:loop closed
[2.498s] DEBUG:colcon.colcon_parallel_executor.executor.parallel:run_until_complete finished with '0'
[2.498s] DEBUG:colcon.colcon_core.event_reactor:joining thread
[2.748s] INFO:colcon.colcon_core.plugin_system:Skipping extension 'colcon_notification.desktop_notification.notify_send': Could not find 'notify-send'
[2.749s] INFO:colcon.colcon_core.plugin_system:Skipping extension 'colcon_notification.desktop_notification.terminal_notifier': Not used on non-Darwin systems
[2.749s] INFO:colcon.colcon_core.plugin_system:Skipping extension 'colcon_notification.desktop_notification.win32': Not used on non-Windows systems
[2.749s] INFO:colcon.colcon_notification.desktop_notification:Sending desktop notification using 'notify2'
[2.749s] DEBUG:colcon.colcon_notification.desktop_notification.notify2:Failed to initialize notify2: org.freedesktop.DBus.Error.FileNotFound: Failed to connect to socket /run/user/1000/bus: No such file or directory
[2.749s] DEBUG:colcon.colcon_core.event_reactor:joined thread
[2.749s] INFO:colcon.colcon_core.shell:Creating prefix script '/home/minmin/robocon_ws/src/robocon_tutorial/install/local_setup.ps1'
[2.751s] INFO:colcon.colcon_core.shell:Creating prefix util module '/home/minmin/robocon_ws/src/robocon_tutorial/install/_local_setup_util_ps1.py'
[2.753s] INFO:colcon.colcon_core.shell:Creating prefix chain script '/home/minmin/robocon_ws/src/robocon_tutorial/install/setup.ps1'
[2.755s] INFO:colcon.colcon_core.shell:Creating prefix script '/home/minmin/robocon_ws/src/robocon_tutorial/install/local_setup.sh'
[2.756s] INFO:colcon.colcon_core.shell:Creating prefix util module '/home/minmin/robocon_ws/src/robocon_tutorial/install/_local_setup_util_sh.py'
[2.757s] INFO:colcon.colcon_core.shell:Creating prefix chain script '/home/minmin/robocon_ws/src/robocon_tutorial/install/setup.sh'
[2.758s] INFO:colcon.colcon_core.shell:Creating prefix script '/home/minmin/robocon_ws/src/robocon_tutorial/install/local_setup.bash'
[2.759s] INFO:colcon.colcon_core.shell:Creating prefix chain script '/home/minmin/robocon_ws/src/robocon_tutorial/install/setup.bash'
[2.761s] INFO:colcon.colcon_core.shell:Creating prefix script '/home/minmin/robocon_ws/src/robocon_tutorial/install/local_setup.zsh'
[2.761s] INFO:colcon.colcon_core.shell:Creating prefix chain script '/home/minmin/robocon_ws/src/robocon_tutorial/install/setup.zsh'
