[0.099s] Invoking command in '/home/poomjai/ros2_ws/src/mecanum4_description/build/mecanum4_description': CMAKE_PREFIX_PATH=${CMAKE_PREFIX_PATH}:/opt/ros/humble /usr/bin/cmake --build /home/poomjai/ros2_ws/src/mecanum4_description/build/mecanum4_description -- -j8 -l8
[0.256s] -- Found ament_cmake: 1.3.14 (/opt/ros/humble/share/ament_cmake/cmake)
[1.074s] -- Found ament_lint_auto: 0.12.15 (/opt/ros/humble/share/ament_lint_auto/cmake)
[1.644s] -- Added test 'cppcheck' to perform static code analysis on C / C++ code
[1.644s] -- Configured cppcheck include dirs: 
[1.645s] -- Configured cppcheck exclude dirs and/or files: 
[1.657s] -- Added test 'flake8' to check Python code syntax and style conventions
[1.689s] -- Added test 'lint_cmake' to check CMake code style
[1.704s] -- Added test 'pep257' to check Python code against some of the docstring style conventions in PEP 257
[1.805s] -- Added test 'uncrustify' to check C / C++ code style
[1.805s] -- Configured uncrustify additional arguments: 
[1.814s] -- Added test 'xmllint' to check XML markup files
[1.827s] -- Configuring done
[1.875s] -- Generating done
[1.887s] -- Build files have been written to: /home/poomjai/ros2_ws/src/mecanum4_description/build/mecanum4_description
[2.032s] Invoked command in '/home/poomjai/ros2_ws/src/mecanum4_description/build/mecanum4_description' returned '0': CMAKE_PREFIX_PATH=${CMAKE_PREFIX_PATH}:/opt/ros/humble /usr/bin/cmake --build /home/poomjai/ros2_ws/src/mecanum4_description/build/mecanum4_description -- -j8 -l8
[2.088s] Invoking command in '/home/poomjai/ros2_ws/src/mecanum4_description/build/mecanum4_description': CMAKE_PREFIX_PATH=${CMAKE_PREFIX_PATH}:/opt/ros/humble /usr/bin/cmake --install /home/poomjai/ros2_ws/src/mecanum4_description/build/mecanum4_description
[2.129s] -- Install configuration: ""
[2.146s] -- Up-to-date: /home/poomjai/ros2_ws/src/mecanum4_description/install/mecanum4_description/share/mecanum4_description/urdf
[2.147s] -- Up-to-date: /home/poomjai/ros2_ws/src/mecanum4_description/install/mecanum4_description/share/mecanum4_description/urdf/mecanum4_lidar.urdf
[2.147s] -- Up-to-date: /home/poomjai/ros2_ws/src/mecanum4_description/install/mecanum4_description/share/mecanum4_description/launch
[2.147s] -- Up-to-date: /home/poomjai/ros2_ws/src/mecanum4_description/install/mecanum4_description/share/mecanum4_description/launch/localization_bringup.launch.py
[2.148s] -- Up-to-date: /home/poomjai/ros2_ws/src/mecanum4_description/install/mecanum4_description/share/mecanum4_description/launch/nav2_slam_bringup.launch.py
[2.148s] -- Up-to-date: /home/poomjai/ros2_ws/src/mecanum4_description/install/mecanum4_description/share/mecanum4_description/launch/abu_stadium_spawn.launch.py
[2.148s] -- Up-to-date: /home/poomjai/ros2_ws/src/mecanum4_description/install/mecanum4_description/share/mecanum4_description/launch/nav2_amcl_bringup.launch.py
[2.148s] -- Up-to-date: /home/poomjai/ros2_ws/src/mecanum4_description/install/mecanum4_description/share/mecanum4_description/launch/sim_bringup.launch.py
[2.149s] -- Up-to-date: /home/poomjai/ros2_ws/src/mecanum4_description/install/mecanum4_description/share/mecanum4_description/launch/display.launch.py
[2.151s] -- Up-to-date: /home/poomjai/ros2_ws/src/mecanum4_description/install/mecanum4_description/share/mecanum4_description/launch/robot_state_publisher.launch.py
[2.152s] -- Up-to-date: /home/poomjai/ros2_ws/src/mecanum4_description/install/mecanum4_description/share/mecanum4_description/config
[2.154s] -- Up-to-date: /home/poomjai/ros2_ws/src/mecanum4_description/install/mecanum4_description/share/mecanum4_description/config/nav2_params.yaml
[2.157s] -- Up-to-date: /home/poomjai/ros2_ws/src/mecanum4_description/install/mecanum4_description/share/mecanum4_description/config/slam_params.yaml
[2.157s] -- Installing: /home/poomjai/ros2_ws/src/mecanum4_description/install/mecanum4_description/share/mecanum4_description/config/nav2_view.rviz
[2.158s] -- Up-to-date: /home/poomjai/ros2_ws/src/mecanum4_description/install/mecanum4_description/share/mecanum4_description/config/mecanum_controllers.yaml
[2.158s] -- Up-to-date: /home/poomjai/ros2_ws/src/mecanum4_description/install/mecanum4_description/share/mecanum4_description/behavior_trees
[2.160s] -- Up-to-date: /home/poomjai/ros2_ws/src/mecanum4_description/install/mecanum4_description/share/mecanum4_description/behavior_trees/navigate_to_pose_w_replanning_and_recovery.xml
[2.160s] -- Up-to-date: /home/poomjai/ros2_ws/src/mecanum4_description/install/mecanum4_description/lib/mecanum4_description/cmd_vel_to_wheels.py
[2.161s] -- Up-to-date: /home/poomjai/ros2_ws/src/mecanum4_description/install/mecanum4_description/lib/mecanum4_description/teleop_gui.py
[2.161s] -- Up-to-date: /home/poomjai/ros2_ws/src/mecanum4_description/install/mecanum4_description/lib/mecanum4_description/docking_node.py
[2.161s] -- Installing: /home/poomjai/ros2_ws/src/mecanum4_description/install/mecanum4_description/lib/mecanum4_description/camera_docking_node.py
[2.162s] -- Installing: /home/poomjai/ros2_ws/src/mecanum4_description/install/mecanum4_description/lib/mecanum4_description/fused_docking_node.py
[2.162s] -- Up-to-date: /home/poomjai/ros2_ws/src/mecanum4_description/install/mecanum4_description/share/ament_index/resource_index/package_run_dependencies/mecanum4_description
[2.162s] -- Up-to-date: /home/poomjai/ros2_ws/src/mecanum4_description/install/mecanum4_description/share/ament_index/resource_index/parent_prefix_path/mecanum4_description
[2.162s] -- Up-to-date: /home/poomjai/ros2_ws/src/mecanum4_description/install/mecanum4_description/share/mecanum4_description/environment/ament_prefix_path.sh
[2.163s] -- Installing: /home/poomjai/ros2_ws/src/mecanum4_description/install/mecanum4_description/share/mecanum4_description/environment/ament_prefix_path.dsv
[2.163s] -- Up-to-date: /home/poomjai/ros2_ws/src/mecanum4_description/install/mecanum4_description/share/mecanum4_description/environment/path.sh
[2.164s] -- Installing: /home/poomjai/ros2_ws/src/mecanum4_description/install/mecanum4_description/share/mecanum4_description/environment/path.dsv
[2.166s] -- Up-to-date: /home/poomjai/ros2_ws/src/mecanum4_description/install/mecanum4_description/share/mecanum4_description/local_setup.bash
[2.166s] -- Up-to-date: /home/poomjai/ros2_ws/src/mecanum4_description/install/mecanum4_description/share/mecanum4_description/local_setup.sh
[2.167s] -- Up-to-date: /home/poomjai/ros2_ws/src/mecanum4_description/install/mecanum4_description/share/mecanum4_description/local_setup.zsh
[2.167s] -- Installing: /home/poomjai/ros2_ws/src/mecanum4_description/install/mecanum4_description/share/mecanum4_description/local_setup.dsv
[2.168s] -- Installing: /home/poomjai/ros2_ws/src/mecanum4_description/install/mecanum4_description/share/mecanum4_description/package.dsv
[2.168s] -- Up-to-date: /home/poomjai/ros2_ws/src/mecanum4_description/install/mecanum4_description/share/ament_index/resource_index/packages/mecanum4_description
[2.175s] -- Up-to-date: /home/poomjai/ros2_ws/src/mecanum4_description/install/mecanum4_description/share/mecanum4_description/cmake/mecanum4_descriptionConfig.cmake
[2.176s] -- Up-to-date: /home/poomjai/ros2_ws/src/mecanum4_description/install/mecanum4_description/share/mecanum4_description/cmake/mecanum4_descriptionConfig-version.cmake
[2.178s] -- Up-to-date: /home/poomjai/ros2_ws/src/mecanum4_description/install/mecanum4_description/share/mecanum4_description/package.xml
[2.211s] Invoked command in '/home/poomjai/ros2_ws/src/mecanum4_description/build/mecanum4_description' returned '0': CMAKE_PREFIX_PATH=${CMAKE_PREFIX_PATH}:/opt/ros/humble /usr/bin/cmake --install /home/poomjai/ros2_ws/src/mecanum4_description/build/mecanum4_description
