[1.093s] Invoking command in '/home/vboxuser/robocon_ws/build/robocon_tutorial': PYTHONPATH=/home/vboxuser/robocon_ws/build/robocon_tutorial/prefix_override:/usr/lib/python3/dist-packages/colcon_core/task/python/colcon_distutils_commands:/home/vboxuser/robocon_ws/install/robocon_tutorial/lib/python3.10/site-packages:${PYTHONPATH} /usr/bin/python3 -W ignore:setup.py install is deprecated -W ignore:easy_install command is deprecated setup.py develop --editable --build-directory /home/vboxuser/robocon_ws/build/robocon_tutorial/build --no-deps symlink_data --force
[1.516s] running develop
[1.744s] running egg_info
[1.745s] writing robocon_tutorial.egg-info/PKG-INFO
[1.745s] writing dependency_links to robocon_tutorial.egg-info/dependency_links.txt
[1.746s] writing entry points to robocon_tutorial.egg-info/entry_points.txt
[1.746s] writing requirements to robocon_tutorial.egg-info/requires.txt
[1.747s] writing top-level names to robocon_tutorial.egg-info/top_level.txt
[1.750s] reading manifest file 'robocon_tutorial.egg-info/SOURCES.txt'
[1.752s] writing manifest file 'robocon_tutorial.egg-info/SOURCES.txt'
[1.755s] running build_ext
[1.756s] Creating /home/vboxuser/robocon_ws/install/robocon_tutorial/lib/python3.10/site-packages/robocon-tutorial.egg-link (link to .)
[1.757s] Installing mecanum_serial_odometry script to /home/vboxuser/robocon_ws/install/robocon_tutorial/lib/robocon_tutorial
[1.757s] Installing simple_publisher script to /home/vboxuser/robocon_ws/install/robocon_tutorial/lib/robocon_tutorial
[1.757s] Installing simple_subscriber script to /home/vboxuser/robocon_ws/install/robocon_tutorial/lib/robocon_tutorial
[1.758s] 
[1.758s] Installed /home/vboxuser/robocon_ws/build/robocon_tutorial
[1.758s] running symlink_data
[1.758s] symbolically linking /home/vboxuser/robocon_ws/build/robocon_tutorial/resource/robocon_tutorial -> /home/vboxuser/robocon_ws/install/robocon_tutorial/share/ament_index/resource_index/packages
[1.758s] symbolically linking /home/vboxuser/robocon_ws/build/robocon_tutorial/package.xml -> /home/vboxuser/robocon_ws/install/robocon_tutorial/share/robocon_tutorial
[1.817s] Invoked command in '/home/vboxuser/robocon_ws/build/robocon_tutorial' returned '0': PYTHONPATH=/home/vboxuser/robocon_ws/build/robocon_tutorial/prefix_override:/usr/lib/python3/dist-packages/colcon_core/task/python/colcon_distutils_commands:/home/vboxuser/robocon_ws/install/robocon_tutorial/lib/python3.10/site-packages:${PYTHONPATH} /usr/bin/python3 -W ignore:setup.py install is deprecated -W ignore:easy_install command is deprecated setup.py develop --editable --build-directory /home/vboxuser/robocon_ws/build/robocon_tutorial/build --no-deps symlink_data --force
