[0.043s] Invoking command in '/home/vboxuser/ros2_ws/build/mecanum4_description': CMAKE_PREFIX_PATH=/home/vboxuser/robocon_ws/install/robocon_tutorial:/opt/ros/humble /usr/bin/cmake --build /home/vboxuser/ros2_ws/build/mecanum4_description -- -j5 -l5
[0.136s] -- Found ament_cmake: 1.3.12 (/opt/ros/humble/share/ament_cmake/cmake)
[0.671s] -- Override CMake install command with custom implementation using symlinks instead of copying resources
[0.696s] -- Found ament_lint_auto: 0.12.14 (/opt/ros/humble/share/ament_lint_auto/cmake)
[0.933s] -- Added test 'flake8' to check Python code syntax and style conventions
[0.935s] -- Added test 'lint_cmake' to check CMake code style
[0.936s] -- Added test 'pep257' to check Python code against some of the docstring style conventions in PEP 257
[0.937s] -- Added test 'xmllint' to check XML markup files
[0.940s] -- Configuring done
[0.952s] -- Generating done
[0.960s] -- Build files have been written to: /home/vboxuser/ros2_ws/build/mecanum4_description
[1.038s] Invoked command in '/home/vboxuser/ros2_ws/build/mecanum4_description' returned '0': CMAKE_PREFIX_PATH=/home/vboxuser/robocon_ws/install/robocon_tutorial:/opt/ros/humble /usr/bin/cmake --build /home/vboxuser/ros2_ws/build/mecanum4_description -- -j5 -l5
[1.065s] Invoking command in '/home/vboxuser/ros2_ws/build/mecanum4_description': CMAKE_PREFIX_PATH=/home/vboxuser/robocon_ws/install/robocon_tutorial:/opt/ros/humble /usr/bin/cmake --install /home/vboxuser/ros2_ws/build/mecanum4_description
[1.090s] -- Install configuration: ""
[1.092s] -- Execute custom install script
[1.098s] -- Up-to-date symlink: /home/vboxuser/ros2_ws/install/mecanum4_description/share/mecanum4_description/urdf/mecanum4_lidar.urdf
[1.098s] -- Up-to-date symlink: /home/vboxuser/ros2_ws/install/mecanum4_description/share/mecanum4_description/launch/display.launch.py
[1.098s] -- Up-to-date symlink: /home/vboxuser/ros2_ws/install/mecanum4_description/share/ament_index/resource_index/package_run_dependencies/mecanum4_description
[1.098s] -- Up-to-date symlink: /home/vboxuser/ros2_ws/install/mecanum4_description/share/ament_index/resource_index/parent_prefix_path/mecanum4_description
[1.100s] -- Up-to-date symlink: /home/vboxuser/ros2_ws/install/mecanum4_description/share/mecanum4_description/environment/ament_prefix_path.sh
[1.100s] -- Up-to-date symlink: /home/vboxuser/ros2_ws/install/mecanum4_description/share/mecanum4_description/environment/ament_prefix_path.dsv
[1.101s] -- Up-to-date symlink: /home/vboxuser/ros2_ws/install/mecanum4_description/share/mecanum4_description/environment/path.sh
[1.101s] -- Up-to-date symlink: /home/vboxuser/ros2_ws/install/mecanum4_description/share/mecanum4_description/environment/path.dsv
[1.102s] -- Up-to-date symlink: /home/vboxuser/ros2_ws/install/mecanum4_description/share/mecanum4_description/local_setup.bash
[1.102s] -- Up-to-date symlink: /home/vboxuser/ros2_ws/install/mecanum4_description/share/mecanum4_description/local_setup.sh
[1.105s] -- Up-to-date symlink: /home/vboxuser/ros2_ws/install/mecanum4_description/share/mecanum4_description/local_setup.zsh
[1.105s] -- Up-to-date symlink: /home/vboxuser/ros2_ws/install/mecanum4_description/share/mecanum4_description/local_setup.dsv
[1.105s] -- Symlinking: /home/vboxuser/ros2_ws/install/mecanum4_description/share/mecanum4_description/package.dsv
[1.138s] -- Up-to-date symlink: /home/vboxuser/ros2_ws/install/mecanum4_description/share/ament_index/resource_index/packages/mecanum4_description
[1.140s] -- Up-to-date symlink: /home/vboxuser/ros2_ws/install/mecanum4_description/share/mecanum4_description/cmake/mecanum4_descriptionConfig.cmake
[1.140s] -- Up-to-date symlink: /home/vboxuser/ros2_ws/install/mecanum4_description/share/mecanum4_description/cmake/mecanum4_descriptionConfig-version.cmake
[1.140s] -- Up-to-date symlink: /home/vboxuser/ros2_ws/install/mecanum4_description/share/mecanum4_description/package.xml
[1.147s] Invoked command in '/home/vboxuser/ros2_ws/build/mecanum4_description' returned '0': CMAKE_PREFIX_PATH=/home/vboxuser/robocon_ws/install/robocon_tutorial:/opt/ros/humble /usr/bin/cmake --install /home/vboxuser/ros2_ws/build/mecanum4_description
