[0.448s] DEBUG:colcon:Command line arguments: ['/usr/bin/colcon', 'build', '--packages-select', 'robocon_tutorial', '--symlink-install']
[0.448s] DEBUG:colcon:Parsed command line arguments: Namespace(log_base=None, log_level=None, verb_name='build', build_base='build', install_base='install', merge_install=False, symlink_install=True, test_result_base=None, continue_on_error=False, executor='parallel', parallel_workers=5, event_handlers=None, ignore_user_meta=False, metas=['./colcon.meta'], base_paths=['.'], packages_ignore=None, packages_ignore_regex=None, paths=None, packages_up_to=None, packages_up_to_regex=None, packages_above=None, packages_above_and_dependencies=None, packages_above_depth=None, packages_select_by_dep=None, packages_skip_by_dep=None, packages_skip_up_to=None, packages_select_build_failed=False, packages_skip_build_finished=False, packages_select_test_failures=False, packages_skip_test_passed=False, packages_select=['robocon_tutorial'], packages_skip=None, packages_select_regex=None, packages_skip_regex=None, packages_start=None, packages_end=None, allow_overriding=[], cmake_args=None, cmake_target=None, cmake_target_skip_unavailable=False, cmake_clean_cache=False, cmake_clean_first=False, cmake_force_configure=False, ament_cmake_args=None, catkin_cmake_args=None, catkin_skip_building_tests=False, verb_parser=<colcon_defaults.argument_parser.defaults.DefaultArgumentsDecorator object at 0x7304762ebd60>, verb_extension=<colcon_core.verb.build.BuildVerb object at 0x7304762eb790>, main=<bound method BuildVerb.main of <colcon_core.verb.build.BuildVerb object at 0x7304762eb790>>)
[1.706s] Level 1:colcon.colcon_core.package_discovery:discover_packages(colcon_meta) check parameters
[1.706s] Level 1:colcon.colcon_core.package_discovery:discover_packages(recursive) check parameters
[1.707s] Level 1:colcon.colcon_core.package_discovery:discover_packages(ignore) check parameters
[1.707s] Level 1:colcon.colcon_core.package_discovery:discover_packages(path) check parameters
[1.707s] Level 1:colcon.colcon_core.package_discovery:discover_packages(colcon_meta) discover
[1.707s] Level 1:colcon.colcon_core.package_discovery:discover_packages(recursive) discover
[1.707s] INFO:colcon.colcon_core.package_discovery:Crawling recursively for packages in '/home/vboxuser/robocon_ws'
[1.707s] Level 1:colcon.colcon_core.package_identification:_identify(.) by extensions ['ignore', 'ignore_ament_install']
[1.707s] Level 1:colcon.colcon_core.package_identification:_identify(.) by extension 'ignore'
[1.707s] Level 1:colcon.colcon_core.package_identification:_identify(.) by extension 'ignore_ament_install'
[1.707s] Level 1:colcon.colcon_core.package_identification:_identify(.) by extensions ['colcon_pkg']
[1.707s] Level 1:colcon.colcon_core.package_identification:_identify(.) by extension 'colcon_pkg'
[1.707s] Level 1:colcon.colcon_core.package_identification:_identify(.) by extensions ['colcon_meta']
[1.708s] Level 1:colcon.colcon_core.package_identification:_identify(.) by extension 'colcon_meta'
[1.708s] Level 1:colcon.colcon_core.package_identification:_identify(.) by extensions ['ros']
[1.708s] Level 1:colcon.colcon_core.package_identification:_identify(.) by extension 'ros'
[1.741s] Level 1:colcon.colcon_core.package_identification:_identify(.) by extensions ['cmake', 'python']
[1.741s] Level 1:colcon.colcon_core.package_identification:_identify(.) by extension 'cmake'
[1.742s] Level 1:colcon.colcon_core.package_identification:_identify(.) by extension 'python'
[1.742s] Level 1:colcon.colcon_core.package_identification:_identify(.) by extensions ['python_setup_py']
[1.742s] Level 1:colcon.colcon_core.package_identification:_identify(.) by extension 'python_setup_py'
[1.742s] Level 1:colcon.colcon_core.package_identification:_identify(build) by extensions ['ignore', 'ignore_ament_install']
[1.742s] Level 1:colcon.colcon_core.package_identification:_identify(build) by extension 'ignore'
[1.743s] Level 1:colcon.colcon_core.package_identification:_identify(build) ignored
[1.743s] Level 1:colcon.colcon_core.package_identification:_identify(install) by extensions ['ignore', 'ignore_ament_install']
[1.744s] Level 1:colcon.colcon_core.package_identification:_identify(install) by extension 'ignore'
[1.744s] Level 1:colcon.colcon_core.package_identification:_identify(install) ignored
[1.745s] Level 1:colcon.colcon_core.package_identification:_identify(log) by extensions ['ignore', 'ignore_ament_install']
[1.745s] Level 1:colcon.colcon_core.package_identification:_identify(log) by extension 'ignore'
[1.745s] Level 1:colcon.colcon_core.package_identification:_identify(log) ignored
[1.745s] Level 1:colcon.colcon_core.package_identification:_identify(src) by extensions ['ignore', 'ignore_ament_install']
[1.746s] Level 1:colcon.colcon_core.package_identification:_identify(src) by extension 'ignore'
[1.746s] Level 1:colcon.colcon_core.package_identification:_identify(src) by extension 'ignore_ament_install'
[1.747s] Level 1:colcon.colcon_core.package_identification:_identify(src) by extensions ['colcon_pkg']
[1.747s] Level 1:colcon.colcon_core.package_identification:_identify(src) by extension 'colcon_pkg'
[1.747s] Level 1:colcon.colcon_core.package_identification:_identify(src) by extensions ['colcon_meta']
[1.747s] Level 1:colcon.colcon_core.package_identification:_identify(src) by extension 'colcon_meta'
[1.748s] Level 1:colcon.colcon_core.package_identification:_identify(src) by extensions ['ros']
[1.748s] Level 1:colcon.colcon_core.package_identification:_identify(src) by extension 'ros'
[1.749s] Level 1:colcon.colcon_core.package_identification:_identify(src) by extensions ['cmake', 'python']
[1.749s] Level 1:colcon.colcon_core.package_identification:_identify(src) by extension 'cmake'
[1.749s] Level 1:colcon.colcon_core.package_identification:_identify(src) by extension 'python'
[1.749s] Level 1:colcon.colcon_core.package_identification:_identify(src) by extensions ['python_setup_py']
[1.749s] Level 1:colcon.colcon_core.package_identification:_identify(src) by extension 'python_setup_py'
[1.749s] Level 1:colcon.colcon_core.package_identification:_identify(src/build) by extensions ['ignore', 'ignore_ament_install']
[1.750s] Level 1:colcon.colcon_core.package_identification:_identify(src/build) by extension 'ignore'
[1.750s] Level 1:colcon.colcon_core.package_identification:_identify(src/build) ignored
[1.750s] Level 1:colcon.colcon_core.package_identification:_identify(src/install) by extensions ['ignore', 'ignore_ament_install']
[1.750s] Level 1:colcon.colcon_core.package_identification:_identify(src/install) by extension 'ignore'
[1.751s] Level 1:colcon.colcon_core.package_identification:_identify(src/install) ignored
[1.751s] Level 1:colcon.colcon_core.package_identification:_identify(src/log) by extensions ['ignore', 'ignore_ament_install']
[1.751s] Level 1:colcon.colcon_core.package_identification:_identify(src/log) by extension 'ignore'
[1.751s] Level 1:colcon.colcon_core.package_identification:_identify(src/log) ignored
[1.752s] Level 1:colcon.colcon_core.package_identification:_identify(src/robocon_tutorial) by extensions ['ignore', 'ignore_ament_install']
[1.752s] Level 1:colcon.colcon_core.package_identification:_identify(src/robocon_tutorial) by extension 'ignore'
[1.752s] Level 1:colcon.colcon_core.package_identification:_identify(src/robocon_tutorial) by extension 'ignore_ament_install'
[1.752s] Level 1:colcon.colcon_core.package_identification:_identify(src/robocon_tutorial) by extensions ['colcon_pkg']
[1.752s] Level 1:colcon.colcon_core.package_identification:_identify(src/robocon_tutorial) by extension 'colcon_pkg'
[1.752s] Level 1:colcon.colcon_core.package_identification:_identify(src/robocon_tutorial) by extensions ['colcon_meta']
[1.753s] Level 1:colcon.colcon_core.package_identification:_identify(src/robocon_tutorial) by extension 'colcon_meta'
[1.753s] Level 1:colcon.colcon_core.package_identification:_identify(src/robocon_tutorial) by extensions ['ros']
[1.753s] Level 1:colcon.colcon_core.package_identification:_identify(src/robocon_tutorial) by extension 'ros'
[1.757s] DEBUG:colcon.colcon_core.package_identification:Package 'src/robocon_tutorial' with type 'ros.ament_python' and name 'robocon_tutorial'
[1.757s] Level 1:colcon.colcon_core.package_discovery:discover_packages(recursive) using defaults
[1.758s] Level 1:colcon.colcon_core.package_discovery:discover_packages(ignore) discover
[1.758s] Level 1:colcon.colcon_core.package_discovery:discover_packages(ignore) using defaults
[1.758s] Level 1:colcon.colcon_core.package_discovery:discover_packages(path) discover
[1.758s] Level 1:colcon.colcon_core.package_discovery:discover_packages(path) using defaults
[1.808s] Level 1:colcon.colcon_core.package_discovery:discover_packages(prefix_path) check parameters
[1.808s] Level 1:colcon.colcon_core.package_discovery:discover_packages(prefix_path) discover
[1.814s] DEBUG:colcon.colcon_installed_package_information.package_discovery:Found 1 installed packages in /home/vboxuser/robocon_ws/install
[1.817s] DEBUG:colcon.colcon_installed_package_information.package_discovery:Found 280 installed packages in /opt/ros/humble
[1.848s] Level 1:colcon.colcon_core.package_discovery:discover_packages(prefix_path) using defaults
[1.927s] Level 5:colcon.colcon_core.verb:set package 'robocon_tutorial' build argument 'cmake_args' from command line to 'None'
[1.928s] Level 5:colcon.colcon_core.verb:set package 'robocon_tutorial' build argument 'cmake_target' from command line to 'None'
[1.928s] Level 5:colcon.colcon_core.verb:set package 'robocon_tutorial' build argument 'cmake_target_skip_unavailable' from command line to 'False'
[1.928s] Level 5:colcon.colcon_core.verb:set package 'robocon_tutorial' build argument 'cmake_clean_cache' from command line to 'False'
[1.928s] Level 5:colcon.colcon_core.verb:set package 'robocon_tutorial' build argument 'cmake_clean_first' from command line to 'False'
[1.928s] Level 5:colcon.colcon_core.verb:set package 'robocon_tutorial' build argument 'cmake_force_configure' from command line to 'False'
[1.928s] Level 5:colcon.colcon_core.verb:set package 'robocon_tutorial' build argument 'ament_cmake_args' from command line to 'None'
[1.928s] Level 5:colcon.colcon_core.verb:set package 'robocon_tutorial' build argument 'catkin_cmake_args' from command line to 'None'
[1.928s] Level 5:colcon.colcon_core.verb:set package 'robocon_tutorial' build argument 'catkin_skip_building_tests' from command line to 'False'
[1.928s] DEBUG:colcon.colcon_core.verb:Building package 'robocon_tutorial' with the following arguments: {'ament_cmake_args': None, 'build_base': '/home/vboxuser/robocon_ws/build/robocon_tutorial', 'catkin_cmake_args': None, 'catkin_skip_building_tests': False, 'cmake_args': None, 'cmake_clean_cache': False, 'cmake_clean_first': False, 'cmake_force_configure': False, 'cmake_target': None, 'cmake_target_skip_unavailable': False, 'install_base': '/home/vboxuser/robocon_ws/install/robocon_tutorial', 'merge_install': False, 'path': '/home/vboxuser/robocon_ws/src/robocon_tutorial', 'symlink_install': True, 'test_result_base': None}
[1.928s] INFO:colcon.colcon_core.executor:Executing jobs using 'parallel' executor
[1.931s] DEBUG:colcon.colcon_parallel_executor.executor.parallel:run_until_complete
[1.932s] INFO:colcon.colcon_ros.task.ament_python.build:Building ROS package in '/home/vboxuser/robocon_ws/src/robocon_tutorial' with build type 'ament_python'
[1.933s] Level 1:colcon.colcon_core.shell:create_environment_hook('robocon_tutorial', 'ament_prefix_path')
[1.941s] INFO:colcon.colcon_core.plugin_system:Skipping extension 'colcon_core.shell.bat': Not used on non-Windows systems
[1.942s] INFO:colcon.colcon_core.shell:Creating environment hook '/home/vboxuser/robocon_ws/install/robocon_tutorial/share/robocon_tutorial/hook/ament_prefix_path.ps1'
[1.943s] INFO:colcon.colcon_core.shell:Creating environment descriptor '/home/vboxuser/robocon_ws/install/robocon_tutorial/share/robocon_tutorial/hook/ament_prefix_path.dsv'
[1.944s] INFO:colcon.colcon_core.shell:Creating environment hook '/home/vboxuser/robocon_ws/install/robocon_tutorial/share/robocon_tutorial/hook/ament_prefix_path.sh'
[1.946s] INFO:colcon.colcon_core.shell:Skip shell extension 'powershell' for command environment: Not usable outside of PowerShell
[1.946s] DEBUG:colcon.colcon_core.shell:Skip shell extension 'dsv' for command environment
[32.629s] INFO:colcon.colcon_core.task.python.build:Building Python package in '/home/vboxuser/robocon_ws/src/robocon_tutorial'
[32.630s] INFO:colcon.colcon_core.shell:Skip shell extension 'powershell' for command environment: Not usable outside of PowerShell
[32.630s] DEBUG:colcon.colcon_core.shell:Skip shell extension 'dsv' for command environment
[92.013s] DEBUG:colcon.colcon_core.task.python.build:While undoing a previous installation files outside the Python library path are being ignored: /home/vboxuser/robocon_ws/install/robocon_tutorial/share/ament_index/resource_index/packages/robocon_tutorial
[92.013s] DEBUG:colcon.colcon_core.task.python.build:While undoing a previous installation files outside the Python library path are being ignored: /home/vboxuser/robocon_ws/install/robocon_tutorial/share/robocon_tutorial/package.xml
[92.014s] DEBUG:colcon.colcon_core.task.python.build:While undoing a previous installation files outside the Python library path are being ignored: /home/vboxuser/robocon_ws/install/robocon_tutorial/lib/robocon_tutorial/mecanum_serial_odometry
[92.014s] DEBUG:colcon.colcon_core.task.python.build:While undoing a previous installation files outside the Python library path are being ignored: /home/vboxuser/robocon_ws/install/robocon_tutorial/lib/robocon_tutorial/simple_publisher
[92.014s] DEBUG:colcon.colcon_core.task.python.build:While undoing a previous installation files outside the Python library path are being ignored: /home/vboxuser/robocon_ws/install/robocon_tutorial/lib/robocon_tutorial/simple_subscriber
[92.028s] DEBUG:colcon.colcon_core.event_handler.log_command:Invoking command in '/home/vboxuser/robocon_ws/build/robocon_tutorial': PYTHONPATH=/home/vboxuser/robocon_ws/build/robocon_tutorial/prefix_override:/usr/lib/python3/dist-packages/colcon_core/task/python/colcon_distutils_commands:/home/vboxuser/robocon_ws/install/robocon_tutorial/lib/python3.10/site-packages:${PYTHONPATH} /usr/bin/python3 -W ignore:setup.py install is deprecated -W ignore:easy_install command is deprecated setup.py develop --editable --build-directory /home/vboxuser/robocon_ws/build/robocon_tutorial/build --no-deps symlink_data --force
[122.042s] Level 1:colcon.colcon_core.shell:create_environment_hook('robocon_tutorial', 'pythonpath_develop')
[122.043s] INFO:colcon.colcon_core.shell:Creating environment hook '/home/vboxuser/robocon_ws/build/robocon_tutorial/share/robocon_tutorial/hook/pythonpath_develop.ps1'
[122.045s] DEBUG:colcon.colcon_core.event_handler.log_command:Invoked command in '/home/vboxuser/robocon_ws/build/robocon_tutorial' returned '0': PYTHONPATH=/home/vboxuser/robocon_ws/build/robocon_tutorial/prefix_override:/usr/lib/python3/dist-packages/colcon_core/task/python/colcon_distutils_commands:/home/vboxuser/robocon_ws/install/robocon_tutorial/lib/python3.10/site-packages:${PYTHONPATH} /usr/bin/python3 -W ignore:setup.py install is deprecated -W ignore:easy_install command is deprecated setup.py develop --editable --build-directory /home/vboxuser/robocon_ws/build/robocon_tutorial/build --no-deps symlink_data --force
[122.046s] INFO:colcon.colcon_core.shell:Creating environment descriptor '/home/vboxuser/robocon_ws/build/robocon_tutorial/share/robocon_tutorial/hook/pythonpath_develop.dsv'
[122.047s] INFO:colcon.colcon_core.shell:Creating environment hook '/home/vboxuser/robocon_ws/build/robocon_tutorial/share/robocon_tutorial/hook/pythonpath_develop.sh'
[122.063s] Level 1:colcon.colcon_core.environment:checking '/home/vboxuser/robocon_ws/install/robocon_tutorial' for CMake module files
[122.064s] Level 1:colcon.colcon_core.environment:checking '/home/vboxuser/robocon_ws/install/robocon_tutorial' for CMake config files
[122.065s] Level 1:colcon.colcon_core.environment:checking '/home/vboxuser/robocon_ws/install/robocon_tutorial/lib'
[122.068s] Level 1:colcon.colcon_core.environment:checking '/home/vboxuser/robocon_ws/install/robocon_tutorial/bin'
[122.068s] Level 1:colcon.colcon_core.environment:checking '/home/vboxuser/robocon_ws/install/robocon_tutorial/lib/pkgconfig/robocon_tutorial.pc'
[122.069s] Level 1:colcon.colcon_core.environment:checking '/home/vboxuser/robocon_ws/install/robocon_tutorial/lib/python3.10/site-packages'
[122.069s] Level 1:colcon.colcon_core.shell:create_environment_hook('robocon_tutorial', 'pythonpath')
[122.069s] INFO:colcon.colcon_core.shell:Creating environment hook '/home/vboxuser/robocon_ws/install/robocon_tutorial/share/robocon_tutorial/hook/pythonpath.ps1'
[122.070s] INFO:colcon.colcon_core.shell:Creating environment descriptor '/home/vboxuser/robocon_ws/install/robocon_tutorial/share/robocon_tutorial/hook/pythonpath.dsv'
[122.071s] INFO:colcon.colcon_core.shell:Creating environment hook '/home/vboxuser/robocon_ws/install/robocon_tutorial/share/robocon_tutorial/hook/pythonpath.sh'
[122.073s] Level 1:colcon.colcon_core.environment:checking '/home/vboxuser/robocon_ws/install/robocon_tutorial/bin'
[122.073s] Level 1:colcon.colcon_core.environment:create_environment_scripts_only(robocon_tutorial)
[122.074s] INFO:colcon.colcon_core.shell:Creating package script '/home/vboxuser/robocon_ws/install/robocon_tutorial/share/robocon_tutorial/package.ps1'
[122.076s] INFO:colcon.colcon_core.shell:Creating package descriptor '/home/vboxuser/robocon_ws/install/robocon_tutorial/share/robocon_tutorial/package.dsv'
[122.077s] INFO:colcon.colcon_core.shell:Creating package script '/home/vboxuser/robocon_ws/install/robocon_tutorial/share/robocon_tutorial/package.sh'
[122.080s] INFO:colcon.colcon_core.shell:Creating package script '/home/vboxuser/robocon_ws/install/robocon_tutorial/share/robocon_tutorial/package.bash'
[122.082s] INFO:colcon.colcon_core.shell:Creating package script '/home/vboxuser/robocon_ws/install/robocon_tutorial/share/robocon_tutorial/package.zsh'
[122.084s] Level 1:colcon.colcon_core.environment:create_file_with_runtime_dependencies(/home/vboxuser/robocon_ws/install/robocon_tutorial/share/colcon-core/packages/robocon_tutorial)
[122.086s] DEBUG:colcon.colcon_parallel_executor.executor.parallel:closing loop
[122.086s] DEBUG:colcon.colcon_parallel_executor.executor.parallel:loop closed
[122.086s] DEBUG:colcon.colcon_parallel_executor.executor.parallel:run_until_complete finished with '0'
[122.086s] DEBUG:colcon.colcon_core.event_reactor:joining thread
[122.098s] INFO:colcon.colcon_core.plugin_system:Skipping extension 'colcon_notification.desktop_notification.terminal_notifier': Not used on non-Darwin systems
[122.099s] INFO:colcon.colcon_core.plugin_system:Skipping extension 'colcon_notification.desktop_notification.win32': Not used on non-Windows systems
[122.099s] INFO:colcon.colcon_notification.desktop_notification:Sending desktop notification using 'notify2'
[122.099s] DEBUG:colcon.colcon_notification.desktop_notification.notify2:Failed to initialize notify2: org.freedesktop.DBus.Error.AccessDenied: Failed to connect to socket /run/user/1000/bus: Operation not permitted
[122.099s] DEBUG:colcon.colcon_core.event_reactor:joined thread
[122.099s] INFO:colcon.colcon_core.shell:Creating prefix script '/home/vboxuser/robocon_ws/install/local_setup.ps1'
[122.101s] INFO:colcon.colcon_core.shell:Creating prefix util module '/home/vboxuser/robocon_ws/install/_local_setup_util_ps1.py'
[122.104s] INFO:colcon.colcon_core.shell:Creating prefix chain script '/home/vboxuser/robocon_ws/install/setup.ps1'
[122.106s] INFO:colcon.colcon_core.shell:Creating prefix script '/home/vboxuser/robocon_ws/install/local_setup.sh'
[122.108s] INFO:colcon.colcon_core.shell:Creating prefix util module '/home/vboxuser/robocon_ws/install/_local_setup_util_sh.py'
[122.110s] INFO:colcon.colcon_core.shell:Creating prefix chain script '/home/vboxuser/robocon_ws/install/setup.sh'
[122.113s] INFO:colcon.colcon_core.shell:Creating prefix script '/home/vboxuser/robocon_ws/install/local_setup.bash'
[122.114s] INFO:colcon.colcon_core.shell:Creating prefix chain script '/home/vboxuser/robocon_ws/install/setup.bash'
[122.117s] INFO:colcon.colcon_core.shell:Creating prefix script '/home/vboxuser/robocon_ws/install/local_setup.zsh'
[122.119s] INFO:colcon.colcon_core.shell:Creating prefix chain script '/home/vboxuser/robocon_ws/install/setup.zsh'
