[0.113s] Invoking command in '/home/minmin/ros2_ws/src/ydlidar_ros2_driver/build/ydlidar_ros2_driver': CMAKE_PREFIX_PATH=${CMAKE_PREFIX_PATH}:/opt/ros/humble /usr/bin/cmake --build /home/minmin/ros2_ws/src/ydlidar_ros2_driver/build/ydlidar_ros2_driver -- -j8 -l8
[0.442s] [35m[1mConsolidate compiler generated dependencies of target ydlidar_ros2_driver_client[0m
[0.571s] [100%] Built target ydlidar_ros2_driver_client
[0.686s] Invoked command in '/home/minmin/ros2_ws/src/ydlidar_ros2_driver/build/ydlidar_ros2_driver' returned '0': CMAKE_PREFIX_PATH=${CMAKE_PREFIX_PATH}:/opt/ros/humble /usr/bin/cmake --build /home/minmin/ros2_ws/src/ydlidar_ros2_driver/build/ydlidar_ros2_driver -- -j8 -l8
[0.784s] Invoking command in '/home/minmin/ros2_ws/src/ydlidar_ros2_driver/build/ydlidar_ros2_driver': CMAKE_PREFIX_PATH=${CMAKE_PREFIX_PATH}:/opt/ros/humble /usr/bin/cmake --install /home/minmin/ros2_ws/src/ydlidar_ros2_driver/build/ydlidar_ros2_driver
[0.847s] -- Install configuration: ""
[0.848s] -- Up-to-date: /home/minmin/ros2_ws/src/ydlidar_ros2_driver/install/ydlidar_ros2_driver/lib/ydlidar_ros2_driver/ydlidar_ros2_driver_client
[0.849s] -- Up-to-date: /home/minmin/ros2_ws/src/ydlidar_ros2_driver/install/ydlidar_ros2_driver/share/ydlidar_ros2_driver/launch
[0.849s] -- Up-to-date: /home/minmin/ros2_ws/src/ydlidar_ros2_driver/install/ydlidar_ros2_driver/share/ydlidar_ros2_driver/launch/ydlidar.py
[0.849s] -- Up-to-date: /home/minmin/ros2_ws/src/ydlidar_ros2_driver/install/ydlidar_ros2_driver/share/ydlidar_ros2_driver/launch/ydlidar_scan_echo.launch.py
[0.849s] -- Up-to-date: /home/minmin/ros2_ws/src/ydlidar_ros2_driver/install/ydlidar_ros2_driver/share/ydlidar_ros2_driver/launch/__pycache__
[0.850s] -- Up-to-date: /home/minmin/ros2_ws/src/ydlidar_ros2_driver/install/ydlidar_ros2_driver/share/ydlidar_ros2_driver/launch/__pycache__/ydlidar_rviz.launch.cpython-310.pyc
[0.850s] -- Up-to-date: /home/minmin/ros2_ws/src/ydlidar_ros2_driver/install/ydlidar_ros2_driver/share/ydlidar_ros2_driver/launch/__pycache__/ydlidar_bringup.launch.cpython-310.pyc
[0.850s] -- Up-to-date: /home/minmin/ros2_ws/src/ydlidar_ros2_driver/install/ydlidar_ros2_driver/share/ydlidar_ros2_driver/launch/__pycache__/ydlidar_launch.cpython-310.pyc
[0.851s] -- Up-to-date: /home/minmin/ros2_ws/src/ydlidar_ros2_driver/install/ydlidar_ros2_driver/share/ydlidar_ros2_driver/launch/__pycache__/ydlidar_driver.launch.cpython-310.pyc
[0.851s] -- Up-to-date: /home/minmin/ros2_ws/src/ydlidar_ros2_driver/install/ydlidar_ros2_driver/share/ydlidar_ros2_driver/launch/__pycache__/ydlidar_scan_echo.launch.cpython-310.pyc
[0.851s] -- Up-to-date: /home/minmin/ros2_ws/src/ydlidar_ros2_driver/install/ydlidar_ros2_driver/share/ydlidar_ros2_driver/launch/ydlidar_rviz.launch.py
[0.852s] -- Up-to-date: /home/minmin/ros2_ws/src/ydlidar_ros2_driver/install/ydlidar_ros2_driver/share/ydlidar_ros2_driver/launch/ydlidar_launch.py
[0.852s] -- Up-to-date: /home/minmin/ros2_ws/src/ydlidar_ros2_driver/install/ydlidar_ros2_driver/share/ydlidar_ros2_driver/launch/ydlidar_bringup.launch.py
[0.852s] -- Up-to-date: /home/minmin/ros2_ws/src/ydlidar_ros2_driver/install/ydlidar_ros2_driver/share/ydlidar_ros2_driver/launch/ydlidar_launch_view.py
[0.855s] -- Up-to-date: /home/minmin/ros2_ws/src/ydlidar_ros2_driver/install/ydlidar_ros2_driver/share/ydlidar_ros2_driver/launch/ydlidar_driver.launch.py
[0.889s] -- Up-to-date: /home/minmin/ros2_ws/src/ydlidar_ros2_driver/install/ydlidar_ros2_driver/share/ydlidar_ros2_driver/params
[0.895s] -- Up-to-date: /home/minmin/ros2_ws/src/ydlidar_ros2_driver/install/ydlidar_ros2_driver/share/ydlidar_ros2_driver/params/X4.yaml
[0.896s] -- Up-to-date: /home/minmin/ros2_ws/src/ydlidar_ros2_driver/install/ydlidar_ros2_driver/share/ydlidar_ros2_driver/params/TminiPro.yaml
[0.897s] -- Up-to-date: /home/minmin/ros2_ws/src/ydlidar_ros2_driver/install/ydlidar_ros2_driver/share/ydlidar_ros2_driver/params/G2.yaml
[0.897s] -- Up-to-date: /home/minmin/ros2_ws/src/ydlidar_ros2_driver/install/ydlidar_ros2_driver/share/ydlidar_ros2_driver/params/X2.yaml
[0.897s] -- Up-to-date: /home/minmin/ros2_ws/src/ydlidar_ros2_driver/install/ydlidar_ros2_driver/share/ydlidar_ros2_driver/params/G1.yaml
[0.897s] -- Up-to-date: /home/minmin/ros2_ws/src/ydlidar_ros2_driver/install/ydlidar_ros2_driver/share/ydlidar_ros2_driver/params/TG.yaml
[0.898s] -- Up-to-date: /home/minmin/ros2_ws/src/ydlidar_ros2_driver/install/ydlidar_ros2_driver/share/ydlidar_ros2_driver/params/GS2.yaml
[0.908s] -- Up-to-date: /home/minmin/ros2_ws/src/ydlidar_ros2_driver/install/ydlidar_ros2_driver/share/ydlidar_ros2_driver/params/ydlidar.yaml
[0.909s] -- Up-to-date: /home/minmin/ros2_ws/src/ydlidar_ros2_driver/install/ydlidar_ros2_driver/share/ydlidar_ros2_driver/params/X4-Pro.yaml
[0.910s] -- Up-to-date: /home/minmin/ros2_ws/src/ydlidar_ros2_driver/install/ydlidar_ros2_driver/share/ydlidar_ros2_driver/params/G6.yaml
[0.911s] -- Up-to-date: /home/minmin/ros2_ws/src/ydlidar_ros2_driver/install/ydlidar_ros2_driver/share/ydlidar_ros2_driver/params/TEA.yaml
[0.912s] -- Up-to-date: /home/minmin/ros2_ws/src/ydlidar_ros2_driver/install/ydlidar_ros2_driver/share/ydlidar_ros2_driver/startup
[0.914s] -- Up-to-date: /home/minmin/ros2_ws/src/ydlidar_ros2_driver/install/ydlidar_ros2_driver/share/ydlidar_ros2_driver/startup/initenv.sh
[0.914s] -- Up-to-date: /home/minmin/ros2_ws/src/ydlidar_ros2_driver/install/ydlidar_ros2_driver/share/ydlidar_ros2_driver/config
[0.915s] -- Up-to-date: /home/minmin/ros2_ws/src/ydlidar_ros2_driver/install/ydlidar_ros2_driver/share/ydlidar_ros2_driver/config/ydlidar.rviz
[0.915s] -- Up-to-date: /home/minmin/ros2_ws/src/ydlidar_ros2_driver/install/ydlidar_ros2_driver/share/ament_index/resource_index/package_run_dependencies/ydlidar_ros2_driver
[0.915s] -- Up-to-date: /home/minmin/ros2_ws/src/ydlidar_ros2_driver/install/ydlidar_ros2_driver/share/ament_index/resource_index/parent_prefix_path/ydlidar_ros2_driver
[0.915s] -- Up-to-date: /home/minmin/ros2_ws/src/ydlidar_ros2_driver/install/ydlidar_ros2_driver/share/ydlidar_ros2_driver/environment/ament_prefix_path.sh
[0.916s] -- Up-to-date: /home/minmin/ros2_ws/src/ydlidar_ros2_driver/install/ydlidar_ros2_driver/share/ydlidar_ros2_driver/environment/ament_prefix_path.dsv
[0.916s] -- Up-to-date: /home/minmin/ros2_ws/src/ydlidar_ros2_driver/install/ydlidar_ros2_driver/share/ydlidar_ros2_driver/environment/path.sh
[0.916s] -- Up-to-date: /home/minmin/ros2_ws/src/ydlidar_ros2_driver/install/ydlidar_ros2_driver/share/ydlidar_ros2_driver/environment/path.dsv
[0.917s] -- Up-to-date: /home/minmin/ros2_ws/src/ydlidar_ros2_driver/install/ydlidar_ros2_driver/share/ydlidar_ros2_driver/local_setup.bash
[0.917s] -- Up-to-date: /home/minmin/ros2_ws/src/ydlidar_ros2_driver/install/ydlidar_ros2_driver/share/ydlidar_ros2_driver/local_setup.sh
[0.917s] -- Up-to-date: /home/minmin/ros2_ws/src/ydlidar_ros2_driver/install/ydlidar_ros2_driver/share/ydlidar_ros2_driver/local_setup.zsh
[0.919s] -- Up-to-date: /home/minmin/ros2_ws/src/ydlidar_ros2_driver/install/ydlidar_ros2_driver/share/ydlidar_ros2_driver/local_setup.dsv
[0.919s] -- Installing: /home/minmin/ros2_ws/src/ydlidar_ros2_driver/install/ydlidar_ros2_driver/share/ydlidar_ros2_driver/package.dsv
[0.919s] -- Up-to-date: /home/minmin/ros2_ws/src/ydlidar_ros2_driver/install/ydlidar_ros2_driver/share/ament_index/resource_index/packages/ydlidar_ros2_driver
[0.920s] -- Up-to-date: /home/minmin/ros2_ws/src/ydlidar_ros2_driver/install/ydlidar_ros2_driver/share/ydlidar_ros2_driver/cmake/ydlidar_ros2_driverConfig.cmake
[0.921s] -- Up-to-date: /home/minmin/ros2_ws/src/ydlidar_ros2_driver/install/ydlidar_ros2_driver/share/ydlidar_ros2_driver/cmake/ydlidar_ros2_driverConfig-version.cmake
[0.929s] -- Up-to-date: /home/minmin/ros2_ws/src/ydlidar_ros2_driver/install/ydlidar_ros2_driver/share/ydlidar_ros2_driver/package.xml
[0.930s] Invoked command in '/home/minmin/ros2_ws/src/ydlidar_ros2_driver/build/ydlidar_ros2_driver' returned '0': CMAKE_PREFIX_PATH=${CMAKE_PREFIX_PATH}:/opt/ros/humble /usr/bin/cmake --install /home/minmin/ros2_ws/src/ydlidar_ros2_driver/build/ydlidar_ros2_driver
