/home/minmin/roboarm_ws/install/my_vision_system/lib/python3.10/site-packages/my_vision_system/picking_node.py
/home/minmin/roboarm_ws/install/my_vision_system/lib/python3.10/site-packages/my_vision_system/__init__.py
/home/minmin/roboarm_ws/install/my_vision_system/lib/python3.10/site-packages/my_vision_system/yolo_docking_node.py
/home/minmin/roboarm_ws/install/my_vision_system/lib/python3.10/site-packages/my_vision_system/yolo_node.py
/home/minmin/roboarm_ws/install/my_vision_system/lib/python3.10/site-packages/my_vision_system/__pycache__/picking_node.cpython-310.pyc
/home/minmin/roboarm_ws/install/my_vision_system/lib/python3.10/site-packages/my_vision_system/__pycache__/__init__.cpython-310.pyc
/home/minmin/roboarm_ws/install/my_vision_system/lib/python3.10/site-packages/my_vision_system/__pycache__/yolo_docking_node.cpython-310.pyc
/home/minmin/roboarm_ws/install/my_vision_system/lib/python3.10/site-packages/my_vision_system/__pycache__/yolo_node.cpython-310.pyc
/home/minmin/roboarm_ws/install/my_vision_system/share/ament_index/resource_index/packages/my_vision_system
/home/minmin/roboarm_ws/install/my_vision_system/share/my_vision_system/package.xml
/home/minmin/roboarm_ws/install/my_vision_system/share/my_vision_system/models/best.pt
/home/minmin/roboarm_ws/install/my_vision_system/lib/python3.10/site-packages/my_vision_system-0.0.0-py3.10.egg-info/PKG-INFO
/home/minmin/roboarm_ws/install/my_vision_system/lib/python3.10/site-packages/my_vision_system-0.0.0-py3.10.egg-info/zip-safe
/home/minmin/roboarm_ws/install/my_vision_system/lib/python3.10/site-packages/my_vision_system-0.0.0-py3.10.egg-info/top_level.txt
/home/minmin/roboarm_ws/install/my_vision_system/lib/python3.10/site-packages/my_vision_system-0.0.0-py3.10.egg-info/SOURCES.txt
/home/minmin/roboarm_ws/install/my_vision_system/lib/python3.10/site-packages/my_vision_system-0.0.0-py3.10.egg-info/requires.txt
/home/minmin/roboarm_ws/install/my_vision_system/lib/python3.10/site-packages/my_vision_system-0.0.0-py3.10.egg-info/dependency_links.txt
/home/minmin/roboarm_ws/install/my_vision_system/lib/python3.10/site-packages/my_vision_system-0.0.0-py3.10.egg-info/entry_points.txt
/home/minmin/roboarm_ws/install/my_vision_system/lib/my_vision_system/yolo_docking_node
/home/minmin/roboarm_ws/install/my_vision_system/lib/my_vision_system/yolo_node
