[0.788s] Invoking command in '/home/minmin/roboarm_ws/build/my_vision_system': PYTHONPATH=/home/minmin/roboarm_ws/build/my_vision_system/prefix_override:/usr/lib/python3/dist-packages/colcon_core/task/python/colcon_distutils_commands:/home/minmin/roboarm_ws/install/my_vision_system/lib/python3.10/site-packages:${PYTHONPATH} /usr/bin/python3 -W ignore:setup.py install is deprecated -W ignore:easy_install command is deprecated setup.py develop --editable --build-directory /home/minmin/roboarm_ws/build/my_vision_system/build --no-deps symlink_data --force
[1.111s] running develop
[1.307s] running egg_info
[1.307s] writing my_vision_system.egg-info/PKG-INFO
[1.308s] writing dependency_links to my_vision_system.egg-info/dependency_links.txt
[1.308s] writing entry points to my_vision_system.egg-info/entry_points.txt
[1.308s] writing requirements to my_vision_system.egg-info/requires.txt
[1.308s] writing top-level names to my_vision_system.egg-info/top_level.txt
[1.311s] reading manifest file 'my_vision_system.egg-info/SOURCES.txt'
[1.313s] writing manifest file 'my_vision_system.egg-info/SOURCES.txt'
[1.315s] running build_ext
[1.315s] Creating /home/minmin/roboarm_ws/install/my_vision_system/lib/python3.10/site-packages/my-vision-system.egg-link (link to .)
[1.317s] Installing yolo_docking_node script to /home/minmin/roboarm_ws/install/my_vision_system/lib/my_vision_system
[1.317s] Installing yolo_node script to /home/minmin/roboarm_ws/install/my_vision_system/lib/my_vision_system
[1.317s] Installing yolo_select_node script to /home/minmin/roboarm_ws/install/my_vision_system/lib/my_vision_system
[1.317s] 
[1.317s] Installed /home/minmin/roboarm_ws/build/my_vision_system
[1.317s] running symlink_data
[1.318s] symbolically linking /home/minmin/roboarm_ws/build/my_vision_system/resource/my_vision_system -> /home/minmin/roboarm_ws/install/my_vision_system/share/ament_index/resource_index/packages
[1.318s] symbolically linking /home/minmin/roboarm_ws/build/my_vision_system/package.xml -> /home/minmin/roboarm_ws/install/my_vision_system/share/my_vision_system
[1.323s] symbolically linking /home/minmin/roboarm_ws/build/my_vision_system/my_vision_system/models/best.pt -> /home/minmin/roboarm_ws/install/my_vision_system/share/my_vision_system/models
[1.324s] creating /home/minmin/roboarm_ws/install/my_vision_system/share/my_vision_system/models_upgrade
[1.325s] error: [Errno 2] No such file or directory: '/home/minmin/roboarm_ws/install/my_vision_system/share/my_vision_system/models_upgrade/best.pt'
[1.368s] Invoked command in '/home/minmin/roboarm_ws/build/my_vision_system' returned '1': PYTHONPATH=/home/minmin/roboarm_ws/build/my_vision_system/prefix_override:/usr/lib/python3/dist-packages/colcon_core/task/python/colcon_distutils_commands:/home/minmin/roboarm_ws/install/my_vision_system/lib/python3.10/site-packages:${PYTHONPATH} /usr/bin/python3 -W ignore:setup.py install is deprecated -W ignore:easy_install command is deprecated setup.py develop --editable --build-directory /home/minmin/roboarm_ws/build/my_vision_system/build --no-deps symlink_data --force
