[0.141s] DEBUG:colcon:Command line arguments: ['/usr/bin/colcon', 'build']
[0.141s] DEBUG:colcon:Parsed command line arguments: Namespace(log_base=None, log_level=None, verb_name='build', build_base='build', install_base='install', merge_install=False, symlink_install=False, test_result_base=None, continue_on_error=False, executor='parallel', parallel_workers=4, event_handlers=None, ignore_user_meta=False, metas=['./colcon.meta'], base_paths=['.'], packages_ignore=None, packages_ignore_regex=None, paths=None, packages_up_to=None, packages_up_to_regex=None, packages_above=None, packages_above_and_dependencies=None, packages_above_depth=None, packages_select_by_dep=None, packages_skip_by_dep=None, packages_skip_up_to=None, packages_select_build_failed=False, packages_skip_build_finished=False, packages_select_test_failures=False, packages_skip_test_passed=False, packages_select=None, packages_skip=None, packages_select_regex=None, packages_skip_regex=None, packages_start=None, packages_end=None, allow_overriding=[], cmake_args=None, cmake_target=None, cmake_target_skip_unavailable=False, cmake_clean_cache=False, cmake_clean_first=False, cmake_force_configure=False, ament_cmake_args=None, catkin_cmake_args=None, catkin_skip_building_tests=False, verb_parser=<colcon_defaults.argument_parser.defaults.DefaultArgumentsDecorator object at 0x78def321f580>, verb_extension=<colcon_core.verb.build.BuildVerb object at 0x78def321efb0>, main=<bound method BuildVerb.main of <colcon_core.verb.build.BuildVerb object at 0x78def321efb0>>)
[0.346s] Level 1:colcon.colcon_core.package_discovery:discover_packages(colcon_meta) check parameters
[0.347s] Level 1:colcon.colcon_core.package_discovery:discover_packages(recursive) check parameters
[0.347s] Level 1:colcon.colcon_core.package_discovery:discover_packages(ignore) check parameters
[0.347s] Level 1:colcon.colcon_core.package_discovery:discover_packages(path) check parameters
[0.347s] Level 1:colcon.colcon_core.package_discovery:discover_packages(colcon_meta) discover
[0.347s] Level 1:colcon.colcon_core.package_discovery:discover_packages(recursive) discover
[0.347s] INFO:colcon.colcon_core.package_discovery:Crawling recursively for packages in '/home/vboxuser/robocon_ws'
[0.347s] Level 1:colcon.colcon_core.package_identification:_identify(.) by extensions ['ignore', 'ignore_ament_install']
[0.347s] Level 1:colcon.colcon_core.package_identification:_identify(.) by extension 'ignore'
[0.347s] Level 1:colcon.colcon_core.package_identification:_identify(.) by extension 'ignore_ament_install'
[0.347s] Level 1:colcon.colcon_core.package_identification:_identify(.) by extensions ['colcon_pkg']
[0.347s] Level 1:colcon.colcon_core.package_identification:_identify(.) by extension 'colcon_pkg'
[0.347s] Level 1:colcon.colcon_core.package_identification:_identify(.) by extensions ['colcon_meta']
[0.347s] Level 1:colcon.colcon_core.package_identification:_identify(.) by extension 'colcon_meta'
[0.347s] Level 1:colcon.colcon_core.package_identification:_identify(.) by extensions ['ros']
[0.347s] Level 1:colcon.colcon_core.package_identification:_identify(.) by extension 'ros'
[0.362s] Level 1:colcon.colcon_core.package_identification:_identify(.) by extensions ['cmake', 'python']
[0.363s] Level 1:colcon.colcon_core.package_identification:_identify(.) by extension 'cmake'
[0.363s] Level 1:colcon.colcon_core.package_identification:_identify(.) by extension 'python'
[0.363s] Level 1:colcon.colcon_core.package_identification:_identify(.) by extensions ['python_setup_py']
[0.363s] Level 1:colcon.colcon_core.package_identification:_identify(.) by extension 'python_setup_py'
[0.363s] Level 1:colcon.colcon_core.package_identification:_identify(build) by extensions ['ignore', 'ignore_ament_install']
[0.363s] Level 1:colcon.colcon_core.package_identification:_identify(build) by extension 'ignore'
[0.363s] Level 1:colcon.colcon_core.package_identification:_identify(build) ignored
[0.363s] Level 1:colcon.colcon_core.package_identification:_identify(install) by extensions ['ignore', 'ignore_ament_install']
[0.363s] Level 1:colcon.colcon_core.package_identification:_identify(install) by extension 'ignore'
[0.363s] Level 1:colcon.colcon_core.package_identification:_identify(install) ignored
[0.364s] Level 1:colcon.colcon_core.package_identification:_identify(log) by extensions ['ignore', 'ignore_ament_install']
[0.364s] Level 1:colcon.colcon_core.package_identification:_identify(log) by extension 'ignore'
[0.364s] Level 1:colcon.colcon_core.package_identification:_identify(log) ignored
[0.364s] Level 1:colcon.colcon_core.package_identification:_identify(src) by extensions ['ignore', 'ignore_ament_install']
[0.364s] Level 1:colcon.colcon_core.package_identification:_identify(src) by extension 'ignore'
[0.364s] Level 1:colcon.colcon_core.package_identification:_identify(src) by extension 'ignore_ament_install'
[0.364s] Level 1:colcon.colcon_core.package_identification:_identify(src) by extensions ['colcon_pkg']
[0.364s] Level 1:colcon.colcon_core.package_identification:_identify(src) by extension 'colcon_pkg'
[0.364s] Level 1:colcon.colcon_core.package_identification:_identify(src) by extensions ['colcon_meta']
[0.364s] Level 1:colcon.colcon_core.package_identification:_identify(src) by extension 'colcon_meta'
[0.364s] Level 1:colcon.colcon_core.package_identification:_identify(src) by extensions ['ros']
[0.364s] Level 1:colcon.colcon_core.package_identification:_identify(src) by extension 'ros'
[0.364s] Level 1:colcon.colcon_core.package_identification:_identify(src) by extensions ['cmake', 'python']
[0.364s] Level 1:colcon.colcon_core.package_identification:_identify(src) by extension 'cmake'
[0.364s] Level 1:colcon.colcon_core.package_identification:_identify(src) by extension 'python'
[0.364s] Level 1:colcon.colcon_core.package_identification:_identify(src) by extensions ['python_setup_py']
[0.365s] Level 1:colcon.colcon_core.package_identification:_identify(src) by extension 'python_setup_py'
[0.365s] Level 1:colcon.colcon_core.package_identification:_identify(src/build) by extensions ['ignore', 'ignore_ament_install']
[0.365s] Level 1:colcon.colcon_core.package_identification:_identify(src/build) by extension 'ignore'
[0.365s] Level 1:colcon.colcon_core.package_identification:_identify(src/build) ignored
[0.365s] Level 1:colcon.colcon_core.package_identification:_identify(src/install) by extensions ['ignore', 'ignore_ament_install']
[0.365s] Level 1:colcon.colcon_core.package_identification:_identify(src/install) by extension 'ignore'
[0.365s] Level 1:colcon.colcon_core.package_identification:_identify(src/install) ignored
[0.365s] Level 1:colcon.colcon_core.package_identification:_identify(src/log) by extensions ['ignore', 'ignore_ament_install']
[0.365s] Level 1:colcon.colcon_core.package_identification:_identify(src/log) by extension 'ignore'
[0.365s] Level 1:colcon.colcon_core.package_identification:_identify(src/log) ignored
[0.365s] Level 1:colcon.colcon_core.package_identification:_identify(src/robocon_tutorial) by extensions ['ignore', 'ignore_ament_install']
[0.365s] Level 1:colcon.colcon_core.package_identification:_identify(src/robocon_tutorial) by extension 'ignore'
[0.366s] Level 1:colcon.colcon_core.package_identification:_identify(src/robocon_tutorial) by extension 'ignore_ament_install'
[0.366s] Level 1:colcon.colcon_core.package_identification:_identify(src/robocon_tutorial) by extensions ['colcon_pkg']
[0.366s] Level 1:colcon.colcon_core.package_identification:_identify(src/robocon_tutorial) by extension 'colcon_pkg'
[0.366s] Level 1:colcon.colcon_core.package_identification:_identify(src/robocon_tutorial) by extensions ['colcon_meta']
[0.366s] Level 1:colcon.colcon_core.package_identification:_identify(src/robocon_tutorial) by extension 'colcon_meta'
[0.366s] Level 1:colcon.colcon_core.package_identification:_identify(src/robocon_tutorial) by extensions ['ros']
[0.366s] Level 1:colcon.colcon_core.package_identification:_identify(src/robocon_tutorial) by extension 'ros'
[0.369s] DEBUG:colcon.colcon_core.package_identification:Package 'src/robocon_tutorial' with type 'ros.ament_python' and name 'robocon_tutorial'
[0.369s] Level 1:colcon.colcon_core.package_discovery:discover_packages(recursive) using defaults
[0.369s] Level 1:colcon.colcon_core.package_discovery:discover_packages(ignore) discover
[0.369s] Level 1:colcon.colcon_core.package_discovery:discover_packages(ignore) using defaults
[0.369s] Level 1:colcon.colcon_core.package_discovery:discover_packages(path) discover
[0.369s] Level 1:colcon.colcon_core.package_discovery:discover_packages(path) using defaults
[0.396s] Level 1:colcon.colcon_core.package_discovery:discover_packages(prefix_path) check parameters
[0.396s] Level 1:colcon.colcon_core.package_discovery:discover_packages(prefix_path) discover
[0.398s] DEBUG:colcon.colcon_installed_package_information.package_discovery:Found 1 installed packages in /home/vboxuser/robocon_ws/install
[0.400s] DEBUG:colcon.colcon_installed_package_information.package_discovery:Found 272 installed packages in /opt/ros/humble
[0.403s] Level 1:colcon.colcon_core.package_discovery:discover_packages(prefix_path) using defaults
[0.463s] Level 5:colcon.colcon_core.verb:set package 'robocon_tutorial' build argument 'cmake_args' from command line to 'None'
[0.463s] Level 5:colcon.colcon_core.verb:set package 'robocon_tutorial' build argument 'cmake_target' from command line to 'None'
[0.463s] Level 5:colcon.colcon_core.verb:set package 'robocon_tutorial' build argument 'cmake_target_skip_unavailable' from command line to 'False'
[0.463s] Level 5:colcon.colcon_core.verb:set package 'robocon_tutorial' build argument 'cmake_clean_cache' from command line to 'False'
[0.463s] Level 5:colcon.colcon_core.verb:set package 'robocon_tutorial' build argument 'cmake_clean_first' from command line to 'False'
[0.464s] Level 5:colcon.colcon_core.verb:set package 'robocon_tutorial' build argument 'cmake_force_configure' from command line to 'False'
[0.464s] Level 5:colcon.colcon_core.verb:set package 'robocon_tutorial' build argument 'ament_cmake_args' from command line to 'None'
[0.464s] Level 5:colcon.colcon_core.verb:set package 'robocon_tutorial' build argument 'catkin_cmake_args' from command line to 'None'
[0.464s] Level 5:colcon.colcon_core.verb:set package 'robocon_tutorial' build argument 'catkin_skip_building_tests' from command line to 'False'
[0.464s] DEBUG:colcon.colcon_core.verb:Building package 'robocon_tutorial' with the following arguments: {'ament_cmake_args': None, 'build_base': '/home/vboxuser/robocon_ws/build/robocon_tutorial', 'catkin_cmake_args': None, 'catkin_skip_building_tests': False, 'cmake_args': None, 'cmake_clean_cache': False, 'cmake_clean_first': False, 'cmake_force_configure': False, 'cmake_target': None, 'cmake_target_skip_unavailable': False, 'install_base': '/home/vboxuser/robocon_ws/install/robocon_tutorial', 'merge_install': False, 'path': '/home/vboxuser/robocon_ws/src/robocon_tutorial', 'symlink_install': False, 'test_result_base': None}
[0.464s] INFO:colcon.colcon_core.executor:Executing jobs using 'parallel' executor
[0.465s] DEBUG:colcon.colcon_parallel_executor.executor.parallel:run_until_complete
[0.466s] INFO:colcon.colcon_ros.task.ament_python.build:Building ROS package in '/home/vboxuser/robocon_ws/src/robocon_tutorial' with build type 'ament_python'
[0.466s] Level 1:colcon.colcon_core.shell:create_environment_hook('robocon_tutorial', 'ament_prefix_path')
[0.469s] INFO:colcon.colcon_core.plugin_system:Skipping extension 'colcon_core.shell.bat': Not used on non-Windows systems
[0.469s] INFO:colcon.colcon_core.shell:Creating environment hook '/home/vboxuser/robocon_ws/install/robocon_tutorial/share/robocon_tutorial/hook/ament_prefix_path.ps1'
[0.470s] INFO:colcon.colcon_core.shell:Creating environment descriptor '/home/vboxuser/robocon_ws/install/robocon_tutorial/share/robocon_tutorial/hook/ament_prefix_path.dsv'
[0.471s] INFO:colcon.colcon_core.shell:Creating environment hook '/home/vboxuser/robocon_ws/install/robocon_tutorial/share/robocon_tutorial/hook/ament_prefix_path.sh'
[0.472s] INFO:colcon.colcon_core.shell:Skip shell extension 'powershell' for command environment: Not usable outside of PowerShell
[0.473s] DEBUG:colcon.colcon_core.shell:Skip shell extension 'dsv' for command environment
[0.800s] INFO:colcon.colcon_core.task.python.build:Building Python package in '/home/vboxuser/robocon_ws/src/robocon_tutorial'
[0.801s] INFO:colcon.colcon_core.shell:Skip shell extension 'powershell' for command environment: Not usable outside of PowerShell
[0.801s] DEBUG:colcon.colcon_core.shell:Skip shell extension 'dsv' for command environment
[1.331s] DEBUG:colcon.colcon_core.event_handler.log_command:Invoking command in '/home/vboxuser/robocon_ws/src/robocon_tutorial': PYTHONPATH=/home/vboxuser/robocon_ws/build/robocon_tutorial/prefix_override:/usr/lib/python3/dist-packages/colcon_core/task/python/colcon_distutils_commands:/home/vboxuser/robocon_ws/install/robocon_tutorial/lib/python3.10/site-packages:${PYTHONPATH} /usr/bin/python3 -W ignore:setup.py install is deprecated -W ignore:easy_install command is deprecated setup.py egg_info --egg-base ../../build/robocon_tutorial build --build-base /home/vboxuser/robocon_ws/build/robocon_tutorial/build install --record /home/vboxuser/robocon_ws/build/robocon_tutorial/install.log --single-version-externally-managed install_data
[1.706s] DEBUG:colcon.colcon_core.event_handler.log_command:Invoked command in '/home/vboxuser/robocon_ws/src/robocon_tutorial' returned '0': PYTHONPATH=/home/vboxuser/robocon_ws/build/robocon_tutorial/prefix_override:/usr/lib/python3/dist-packages/colcon_core/task/python/colcon_distutils_commands:/home/vboxuser/robocon_ws/install/robocon_tutorial/lib/python3.10/site-packages:${PYTHONPATH} /usr/bin/python3 -W ignore:setup.py install is deprecated -W ignore:easy_install command is deprecated setup.py egg_info --egg-base ../../build/robocon_tutorial build --build-base /home/vboxuser/robocon_ws/build/robocon_tutorial/build install --record /home/vboxuser/robocon_ws/build/robocon_tutorial/install.log --single-version-externally-managed install_data
[1.709s] Level 1:colcon.colcon_core.environment:checking '/home/vboxuser/robocon_ws/install/robocon_tutorial' for CMake module files
[1.709s] Level 1:colcon.colcon_core.environment:checking '/home/vboxuser/robocon_ws/install/robocon_tutorial' for CMake config files
[1.710s] Level 1:colcon.colcon_core.environment:checking '/home/vboxuser/robocon_ws/install/robocon_tutorial/lib'
[1.710s] Level 1:colcon.colcon_core.environment:checking '/home/vboxuser/robocon_ws/install/robocon_tutorial/bin'
[1.710s] Level 1:colcon.colcon_core.environment:checking '/home/vboxuser/robocon_ws/install/robocon_tutorial/lib/pkgconfig/robocon_tutorial.pc'
[1.711s] Level 1:colcon.colcon_core.environment:checking '/home/vboxuser/robocon_ws/install/robocon_tutorial/lib/python3.10/site-packages'
[1.711s] Level 1:colcon.colcon_core.shell:create_environment_hook('robocon_tutorial', 'pythonpath')
[1.711s] INFO:colcon.colcon_core.shell:Creating environment hook '/home/vboxuser/robocon_ws/install/robocon_tutorial/share/robocon_tutorial/hook/pythonpath.ps1'
[1.712s] INFO:colcon.colcon_core.shell:Creating environment descriptor '/home/vboxuser/robocon_ws/install/robocon_tutorial/share/robocon_tutorial/hook/pythonpath.dsv'
[1.712s] INFO:colcon.colcon_core.shell:Creating environment hook '/home/vboxuser/robocon_ws/install/robocon_tutorial/share/robocon_tutorial/hook/pythonpath.sh'
[1.713s] Level 1:colcon.colcon_core.environment:checking '/home/vboxuser/robocon_ws/install/robocon_tutorial/bin'
[1.713s] Level 1:colcon.colcon_core.environment:create_environment_scripts_only(robocon_tutorial)
[1.714s] INFO:colcon.colcon_core.shell:Creating package script '/home/vboxuser/robocon_ws/install/robocon_tutorial/share/robocon_tutorial/package.ps1'
[1.715s] INFO:colcon.colcon_core.shell:Creating package descriptor '/home/vboxuser/robocon_ws/install/robocon_tutorial/share/robocon_tutorial/package.dsv'
[1.716s] INFO:colcon.colcon_core.shell:Creating package script '/home/vboxuser/robocon_ws/install/robocon_tutorial/share/robocon_tutorial/package.sh'
[1.718s] INFO:colcon.colcon_core.shell:Creating package script '/home/vboxuser/robocon_ws/install/robocon_tutorial/share/robocon_tutorial/package.bash'
[1.719s] INFO:colcon.colcon_core.shell:Creating package script '/home/vboxuser/robocon_ws/install/robocon_tutorial/share/robocon_tutorial/package.zsh'
[1.720s] Level 1:colcon.colcon_core.environment:create_file_with_runtime_dependencies(/home/vboxuser/robocon_ws/install/robocon_tutorial/share/colcon-core/packages/robocon_tutorial)
[1.721s] DEBUG:colcon.colcon_parallel_executor.executor.parallel:closing loop
[1.722s] DEBUG:colcon.colcon_parallel_executor.executor.parallel:loop closed
[1.722s] DEBUG:colcon.colcon_parallel_executor.executor.parallel:run_until_complete finished with '0'
[1.722s] DEBUG:colcon.colcon_core.event_reactor:joining thread
[1.729s] INFO:colcon.colcon_core.plugin_system:Skipping extension 'colcon_notification.desktop_notification.terminal_notifier': Not used on non-Darwin systems
[1.729s] INFO:colcon.colcon_core.plugin_system:Skipping extension 'colcon_notification.desktop_notification.win32': Not used on non-Windows systems
[1.729s] INFO:colcon.colcon_notification.desktop_notification:Sending desktop notification using 'notify2'
[1.759s] DEBUG:colcon.colcon_core.event_reactor:joined thread
[1.760s] INFO:colcon.colcon_core.shell:Creating prefix script '/home/vboxuser/robocon_ws/install/local_setup.ps1'
[1.763s] INFO:colcon.colcon_core.shell:Creating prefix util module '/home/vboxuser/robocon_ws/install/_local_setup_util_ps1.py'
[1.765s] INFO:colcon.colcon_core.shell:Creating prefix chain script '/home/vboxuser/robocon_ws/install/setup.ps1'
[1.766s] INFO:colcon.colcon_core.shell:Creating prefix script '/home/vboxuser/robocon_ws/install/local_setup.sh'
[1.768s] INFO:colcon.colcon_core.shell:Creating prefix util module '/home/vboxuser/robocon_ws/install/_local_setup_util_sh.py'
[1.769s] INFO:colcon.colcon_core.shell:Creating prefix chain script '/home/vboxuser/robocon_ws/install/setup.sh'
[1.770s] INFO:colcon.colcon_core.shell:Creating prefix script '/home/vboxuser/robocon_ws/install/local_setup.bash'
[1.772s] INFO:colcon.colcon_core.shell:Creating prefix chain script '/home/vboxuser/robocon_ws/install/setup.bash'
[1.773s] INFO:colcon.colcon_core.shell:Creating prefix script '/home/vboxuser/robocon_ws/install/local_setup.zsh'
[1.774s] INFO:colcon.colcon_core.shell:Creating prefix chain script '/home/vboxuser/robocon_ws/install/setup.zsh'
