[0.022s] Invoking command in '/home/minmin/ros2_ws/src/ydlidar_ros2_driver/build/ydlidar_ros2_driver': CMAKE_PREFIX_PATH=${CMAKE_PREFIX_PATH}:/home/minmin/my_camera_project/install/my_camera_project:/opt/ros/humble PS1=(yolo_env) \[\e]0;\u@\h: \w\a\]${debian_chroot:+($debian_chroot)}\[\033[01;32m\]\u@\h\[\033[00m\]:\[\033[01;34m\]\w\[\033[00m\]\$ VIRTUAL_ENV_PROMPT=(yolo_env) /usr/bin/cmake --build /home/minmin/ros2_ws/src/ydlidar_ros2_driver/build/ydlidar_ros2_driver -- -j8 -l8
[0.194s] [100%] Built target ydlidar_ros2_driver_client
[0.213s] Invoked command in '/home/minmin/ros2_ws/src/ydlidar_ros2_driver/build/ydlidar_ros2_driver' returned '0': CMAKE_PREFIX_PATH=${CMAKE_PREFIX_PATH}:/home/minmin/my_camera_project/install/my_camera_project:/opt/ros/humble PS1=(yolo_env) \[\e]0;\u@\h: \w\a\]${debian_chroot:+($debian_chroot)}\[\033[01;32m\]\u@\h\[\033[00m\]:\[\033[01;34m\]\w\[\033[00m\]\$ VIRTUAL_ENV_PROMPT=(yolo_env) /usr/bin/cmake --build /home/minmin/ros2_ws/src/ydlidar_ros2_driver/build/ydlidar_ros2_driver -- -j8 -l8
[0.231s] Invoking command in '/home/minmin/ros2_ws/src/ydlidar_ros2_driver/build/ydlidar_ros2_driver': CMAKE_PREFIX_PATH=${CMAKE_PREFIX_PATH}:/home/minmin/my_camera_project/install/my_camera_project:/opt/ros/humble PS1=(yolo_env) \[\e]0;\u@\h: \w\a\]${debian_chroot:+($debian_chroot)}\[\033[01;32m\]\u@\h\[\033[00m\]:\[\033[01;34m\]\w\[\033[00m\]\$ VIRTUAL_ENV_PROMPT=(yolo_env) /usr/bin/cmake --install /home/minmin/ros2_ws/src/ydlidar_ros2_driver/build/ydlidar_ros2_driver
[0.250s] -- Install configuration: ""
[0.252s] -- Up-to-date: /home/minmin/ros2_ws/src/ydlidar_ros2_driver/install/ydlidar_ros2_driver/lib/ydlidar_ros2_driver/ydlidar_ros2_driver_client
[0.253s] -- Up-to-date: /home/minmin/ros2_ws/src/ydlidar_ros2_driver/install/ydlidar_ros2_driver/share/ydlidar_ros2_driver/launch
[0.253s] -- Up-to-date: /home/minmin/ros2_ws/src/ydlidar_ros2_driver/install/ydlidar_ros2_driver/share/ydlidar_ros2_driver/launch/ydlidar.py
[0.253s] -- Up-to-date: /home/minmin/ros2_ws/src/ydlidar_ros2_driver/install/ydlidar_ros2_driver/share/ydlidar_ros2_driver/launch/ydlidar_scan_echo.launch.py
[0.254s] -- Up-to-date: /home/minmin/ros2_ws/src/ydlidar_ros2_driver/install/ydlidar_ros2_driver/share/ydlidar_ros2_driver/launch/__pycache__
[0.254s] -- Up-to-date: /home/minmin/ros2_ws/src/ydlidar_ros2_driver/install/ydlidar_ros2_driver/share/ydlidar_ros2_driver/launch/__pycache__/ydlidar_rviz.launch.cpython-310.pyc
[0.254s] -- Up-to-date: /home/minmin/ros2_ws/src/ydlidar_ros2_driver/install/ydlidar_ros2_driver/share/ydlidar_ros2_driver/launch/__pycache__/ydlidar_bringup.launch.cpython-310.pyc
[0.254s] -- Up-to-date: /home/minmin/ros2_ws/src/ydlidar_ros2_driver/install/ydlidar_ros2_driver/share/ydlidar_ros2_driver/launch/__pycache__/ydlidar_launch.cpython-310.pyc
[0.254s] -- Up-to-date: /home/minmin/ros2_ws/src/ydlidar_ros2_driver/install/ydlidar_ros2_driver/share/ydlidar_ros2_driver/launch/__pycache__/ydlidar_driver.launch.cpython-310.pyc
[0.255s] -- Up-to-date: /home/minmin/ros2_ws/src/ydlidar_ros2_driver/install/ydlidar_ros2_driver/share/ydlidar_ros2_driver/launch/__pycache__/ydlidar_scan_echo.launch.cpython-310.pyc
[0.255s] -- Up-to-date: /home/minmin/ros2_ws/src/ydlidar_ros2_driver/install/ydlidar_ros2_driver/share/ydlidar_ros2_driver/launch/ydlidar_rviz.launch.py
[0.255s] -- Up-to-date: /home/minmin/ros2_ws/src/ydlidar_ros2_driver/install/ydlidar_ros2_driver/share/ydlidar_ros2_driver/launch/ydlidar_launch.py
[0.255s] -- Up-to-date: /home/minmin/ros2_ws/src/ydlidar_ros2_driver/install/ydlidar_ros2_driver/share/ydlidar_ros2_driver/launch/ydlidar_bringup.launch.py
[0.256s] -- Up-to-date: /home/minmin/ros2_ws/src/ydlidar_ros2_driver/install/ydlidar_ros2_driver/share/ydlidar_ros2_driver/launch/ydlidar_launch_view.py
[0.256s] -- Up-to-date: /home/minmin/ros2_ws/src/ydlidar_ros2_driver/install/ydlidar_ros2_driver/share/ydlidar_ros2_driver/launch/ydlidar_driver.launch.py
[0.256s] -- Up-to-date: /home/minmin/ros2_ws/src/ydlidar_ros2_driver/install/ydlidar_ros2_driver/share/ydlidar_ros2_driver/params
[0.256s] -- Up-to-date: /home/minmin/ros2_ws/src/ydlidar_ros2_driver/install/ydlidar_ros2_driver/share/ydlidar_ros2_driver/params/X4.yaml
[0.256s] -- Up-to-date: /home/minmin/ros2_ws/src/ydlidar_ros2_driver/install/ydlidar_ros2_driver/share/ydlidar_ros2_driver/params/TminiPro.yaml
[0.256s] -- Up-to-date: /home/minmin/ros2_ws/src/ydlidar_ros2_driver/install/ydlidar_ros2_driver/share/ydlidar_ros2_driver/params/G2.yaml
[0.257s] -- Up-to-date: /home/minmin/ros2_ws/src/ydlidar_ros2_driver/install/ydlidar_ros2_driver/share/ydlidar_ros2_driver/params/X2.yaml
[0.257s] -- Up-to-date: /home/minmin/ros2_ws/src/ydlidar_ros2_driver/install/ydlidar_ros2_driver/share/ydlidar_ros2_driver/params/G1.yaml
[0.257s] -- Up-to-date: /home/minmin/ros2_ws/src/ydlidar_ros2_driver/install/ydlidar_ros2_driver/share/ydlidar_ros2_driver/params/TG.yaml
[0.257s] -- Up-to-date: /home/minmin/ros2_ws/src/ydlidar_ros2_driver/install/ydlidar_ros2_driver/share/ydlidar_ros2_driver/params/GS2.yaml
[0.258s] -- Up-to-date: /home/minmin/ros2_ws/src/ydlidar_ros2_driver/install/ydlidar_ros2_driver/share/ydlidar_ros2_driver/params/ydlidar.yaml
[0.258s] -- Up-to-date: /home/minmin/ros2_ws/src/ydlidar_ros2_driver/install/ydlidar_ros2_driver/share/ydlidar_ros2_driver/params/X4-Pro.yaml
[0.258s] -- Up-to-date: /home/minmin/ros2_ws/src/ydlidar_ros2_driver/install/ydlidar_ros2_driver/share/ydlidar_ros2_driver/params/G6.yaml
[0.258s] -- Up-to-date: /home/minmin/ros2_ws/src/ydlidar_ros2_driver/install/ydlidar_ros2_driver/share/ydlidar_ros2_driver/params/TEA.yaml
[0.258s] -- Up-to-date: /home/minmin/ros2_ws/src/ydlidar_ros2_driver/install/ydlidar_ros2_driver/share/ydlidar_ros2_driver/startup
[0.258s] -- Up-to-date: /home/minmin/ros2_ws/src/ydlidar_ros2_driver/install/ydlidar_ros2_driver/share/ydlidar_ros2_driver/startup/initenv.sh
[0.258s] -- Up-to-date: /home/minmin/ros2_ws/src/ydlidar_ros2_driver/install/ydlidar_ros2_driver/share/ydlidar_ros2_driver/config
[0.258s] -- Up-to-date: /home/minmin/ros2_ws/src/ydlidar_ros2_driver/install/ydlidar_ros2_driver/share/ydlidar_ros2_driver/config/ydlidar.rviz
[0.258s] -- Up-to-date: /home/minmin/ros2_ws/src/ydlidar_ros2_driver/install/ydlidar_ros2_driver/share/ament_index/resource_index/package_run_dependencies/ydlidar_ros2_driver
[0.258s] -- Up-to-date: /home/minmin/ros2_ws/src/ydlidar_ros2_driver/install/ydlidar_ros2_driver/share/ament_index/resource_index/parent_prefix_path/ydlidar_ros2_driver
[0.259s] -- Up-to-date: /home/minmin/ros2_ws/src/ydlidar_ros2_driver/install/ydlidar_ros2_driver/share/ydlidar_ros2_driver/environment/ament_prefix_path.sh
[0.259s] -- Up-to-date: /home/minmin/ros2_ws/src/ydlidar_ros2_driver/install/ydlidar_ros2_driver/share/ydlidar_ros2_driver/environment/ament_prefix_path.dsv
[0.259s] -- Up-to-date: /home/minmin/ros2_ws/src/ydlidar_ros2_driver/install/ydlidar_ros2_driver/share/ydlidar_ros2_driver/environment/path.sh
[0.259s] -- Up-to-date: /home/minmin/ros2_ws/src/ydlidar_ros2_driver/install/ydlidar_ros2_driver/share/ydlidar_ros2_driver/environment/path.dsv
[0.259s] -- Up-to-date: /home/minmin/ros2_ws/src/ydlidar_ros2_driver/install/ydlidar_ros2_driver/share/ydlidar_ros2_driver/local_setup.bash
[0.259s] -- Up-to-date: /home/minmin/ros2_ws/src/ydlidar_ros2_driver/install/ydlidar_ros2_driver/share/ydlidar_ros2_driver/local_setup.sh
[0.259s] -- Up-to-date: /home/minmin/ros2_ws/src/ydlidar_ros2_driver/install/ydlidar_ros2_driver/share/ydlidar_ros2_driver/local_setup.zsh
[0.259s] -- Up-to-date: /home/minmin/ros2_ws/src/ydlidar_ros2_driver/install/ydlidar_ros2_driver/share/ydlidar_ros2_driver/local_setup.dsv
[0.259s] -- Up-to-date: /home/minmin/ros2_ws/src/ydlidar_ros2_driver/install/ydlidar_ros2_driver/share/ydlidar_ros2_driver/package.dsv
[0.259s] -- Up-to-date: /home/minmin/ros2_ws/src/ydlidar_ros2_driver/install/ydlidar_ros2_driver/share/ament_index/resource_index/packages/ydlidar_ros2_driver
[0.259s] -- Up-to-date: /home/minmin/ros2_ws/src/ydlidar_ros2_driver/install/ydlidar_ros2_driver/share/ydlidar_ros2_driver/cmake/ydlidar_ros2_driverConfig.cmake
[0.259s] -- Up-to-date: /home/minmin/ros2_ws/src/ydlidar_ros2_driver/install/ydlidar_ros2_driver/share/ydlidar_ros2_driver/cmake/ydlidar_ros2_driverConfig-version.cmake
[0.259s] -- Up-to-date: /home/minmin/ros2_ws/src/ydlidar_ros2_driver/install/ydlidar_ros2_driver/share/ydlidar_ros2_driver/package.xml
[0.262s] Invoked command in '/home/minmin/ros2_ws/src/ydlidar_ros2_driver/build/ydlidar_ros2_driver' returned '0': CMAKE_PREFIX_PATH=${CMAKE_PREFIX_PATH}:/home/minmin/my_camera_project/install/my_camera_project:/opt/ros/humble PS1=(yolo_env) \[\e]0;\u@\h: \w\a\]${debian_chroot:+($debian_chroot)}\[\033[01;32m\]\u@\h\[\033[00m\]:\[\033[01;34m\]\w\[\033[00m\]\$ VIRTUAL_ENV_PROMPT=(yolo_env) /usr/bin/cmake --install /home/minmin/ros2_ws/src/ydlidar_ros2_driver/build/ydlidar_ros2_driver
