[0.471s] Invoking command in '/home/poomjai/roboarm_ws/src/my_vision_system': PYTHONPATH=/home/poomjai/roboarm_ws/build/my_vision_system/prefix_override:/usr/lib/python3/dist-packages/colcon_core/task/python/colcon_distutils_commands:/home/poomjai/roboarm_ws/install/my_vision_system/lib/python3.10/site-packages:${PYTHONPATH} /usr/bin/python3 -W ignore:setup.py install is deprecated -W ignore:easy_install command is deprecated setup.py egg_info --egg-base ../../build/my_vision_system build --build-base /home/poomjai/roboarm_ws/build/my_vision_system/build install --record /home/poomjai/roboarm_ws/build/my_vision_system/install.log --single-version-externally-managed install_data
[0.636s] running egg_info
[0.636s] creating ../../build/my_vision_system/my_vision_system.egg-info
[0.637s] writing ../../build/my_vision_system/my_vision_system.egg-info/PKG-INFO
[0.637s] writing dependency_links to ../../build/my_vision_system/my_vision_system.egg-info/dependency_links.txt
[0.637s] writing entry points to ../../build/my_vision_system/my_vision_system.egg-info/entry_points.txt
[0.637s] writing requirements to ../../build/my_vision_system/my_vision_system.egg-info/requires.txt
[0.637s] writing top-level names to ../../build/my_vision_system/my_vision_system.egg-info/top_level.txt
[0.637s] writing manifest file '../../build/my_vision_system/my_vision_system.egg-info/SOURCES.txt'
[0.639s] reading manifest file '../../build/my_vision_system/my_vision_system.egg-info/SOURCES.txt'
[0.639s] writing manifest file '../../build/my_vision_system/my_vision_system.egg-info/SOURCES.txt'
[0.639s] running build
[0.639s] running build_py
[0.639s] creating /home/poomjai/roboarm_ws/build/my_vision_system/build
[0.639s] creating /home/poomjai/roboarm_ws/build/my_vision_system/build/lib
[0.640s] creating /home/poomjai/roboarm_ws/build/my_vision_system/build/lib/my_vision_system
[0.640s] copying my_vision_system/yolo_node.py -> /home/poomjai/roboarm_ws/build/my_vision_system/build/lib/my_vision_system
[0.640s] copying my_vision_system/__init__.py -> /home/poomjai/roboarm_ws/build/my_vision_system/build/lib/my_vision_system
[0.640s] running install
[0.640s] running install_lib
[0.641s] creating /home/poomjai/roboarm_ws/install/my_vision_system/lib/python3.10/site-packages/my_vision_system
[0.641s] copying /home/poomjai/roboarm_ws/build/my_vision_system/build/lib/my_vision_system/yolo_node.py -> /home/poomjai/roboarm_ws/install/my_vision_system/lib/python3.10/site-packages/my_vision_system
[0.641s] copying /home/poomjai/roboarm_ws/build/my_vision_system/build/lib/my_vision_system/__init__.py -> /home/poomjai/roboarm_ws/install/my_vision_system/lib/python3.10/site-packages/my_vision_system
[0.641s] byte-compiling /home/poomjai/roboarm_ws/install/my_vision_system/lib/python3.10/site-packages/my_vision_system/yolo_node.py to yolo_node.cpython-310.pyc
[0.642s] byte-compiling /home/poomjai/roboarm_ws/install/my_vision_system/lib/python3.10/site-packages/my_vision_system/__init__.py to __init__.cpython-310.pyc
[0.642s] running install_data
[0.642s] creating /home/poomjai/roboarm_ws/install/my_vision_system/share/ament_index
[0.642s] creating /home/poomjai/roboarm_ws/install/my_vision_system/share/ament_index/resource_index
[0.643s] creating /home/poomjai/roboarm_ws/install/my_vision_system/share/ament_index/resource_index/packages
[0.643s] copying resource/my_vision_system -> /home/poomjai/roboarm_ws/install/my_vision_system/share/ament_index/resource_index/packages
[0.643s] copying package.xml -> /home/poomjai/roboarm_ws/install/my_vision_system/share/my_vision_system
[0.643s] running install_egg_info
[0.645s] Copying ../../build/my_vision_system/my_vision_system.egg-info to /home/poomjai/roboarm_ws/install/my_vision_system/lib/python3.10/site-packages/my_vision_system-0.0.0-py3.10.egg-info
[0.645s] running install_scripts
[0.662s] Installing yolo_node script to /home/poomjai/roboarm_ws/install/my_vision_system/lib/my_vision_system
[0.662s] writing list of installed files to '/home/poomjai/roboarm_ws/build/my_vision_system/install.log'
[0.678s] Invoked command in '/home/poomjai/roboarm_ws/src/my_vision_system' returned '0': PYTHONPATH=/home/poomjai/roboarm_ws/build/my_vision_system/prefix_override:/usr/lib/python3/dist-packages/colcon_core/task/python/colcon_distutils_commands:/home/poomjai/roboarm_ws/install/my_vision_system/lib/python3.10/site-packages:${PYTHONPATH} /usr/bin/python3 -W ignore:setup.py install is deprecated -W ignore:easy_install command is deprecated setup.py egg_info --egg-base ../../build/my_vision_system build --build-base /home/poomjai/roboarm_ws/build/my_vision_system/build install --record /home/poomjai/roboarm_ws/build/my_vision_system/install.log --single-version-externally-managed install_data
