running egg_info
creating build/robocon_tutorial/robocon_tutorial.egg-info
writing build/robocon_tutorial/robocon_tutorial.egg-info/PKG-INFO
writing dependency_links to build/robocon_tutorial/robocon_tutorial.egg-info/dependency_links.txt
writing entry points to build/robocon_tutorial/robocon_tutorial.egg-info/entry_points.txt
writing requirements to build/robocon_tutorial/robocon_tutorial.egg-info/requires.txt
writing top-level names to build/robocon_tutorial/robocon_tutorial.egg-info/top_level.txt
writing manifest file 'build/robocon_tutorial/robocon_tutorial.egg-info/SOURCES.txt'
reading manifest file 'build/robocon_tutorial/robocon_tutorial.egg-info/SOURCES.txt'
writing manifest file 'build/robocon_tutorial/robocon_tutorial.egg-info/SOURCES.txt'
running build
running build_py
creating /home/minmin/robocon_ws/src/robocon_tutorial/build/robocon_tutorial/build
creating /home/minmin/robocon_ws/src/robocon_tutorial/build/robocon_tutorial/build/lib
creating /home/minmin/robocon_ws/src/robocon_tutorial/build/robocon_tutorial/build/lib/robocon_tutorial
copying robocon_tutorial/__init__.py -> /home/minmin/robocon_ws/src/robocon_tutorial/build/robocon_tutorial/build/lib/robocon_tutorial
copying robocon_tutorial/mecanum_serial_odometry.py -> /home/minmin/robocon_ws/src/robocon_tutorial/build/robocon_tutorial/build/lib/robocon_tutorial
copying robocon_tutorial/simple_publisher.py -> /home/minmin/robocon_ws/src/robocon_tutorial/build/robocon_tutorial/build/lib/robocon_tutorial
copying robocon_tutorial/simple_subscriber.py -> /home/minmin/robocon_ws/src/robocon_tutorial/build/robocon_tutorial/build/lib/robocon_tutorial
running install
running install_lib
creating /home/minmin/robocon_ws/src/robocon_tutorial/install/robocon_tutorial/lib/python3.10/site-packages/robocon_tutorial
copying /home/minmin/robocon_ws/src/robocon_tutorial/build/robocon_tutorial/build/lib/robocon_tutorial/__init__.py -> /home/minmin/robocon_ws/src/robocon_tutorial/install/robocon_tutorial/lib/python3.10/site-packages/robocon_tutorial
copying /home/minmin/robocon_ws/src/robocon_tutorial/build/robocon_tutorial/build/lib/robocon_tutorial/mecanum_serial_odometry.py -> /home/minmin/robocon_ws/src/robocon_tutorial/install/robocon_tutorial/lib/python3.10/site-packages/robocon_tutorial
copying /home/minmin/robocon_ws/src/robocon_tutorial/build/robocon_tutorial/build/lib/robocon_tutorial/simple_publisher.py -> /home/minmin/robocon_ws/src/robocon_tutorial/install/robocon_tutorial/lib/python3.10/site-packages/robocon_tutorial
copying /home/minmin/robocon_ws/src/robocon_tutorial/build/robocon_tutorial/build/lib/robocon_tutorial/simple_subscriber.py -> /home/minmin/robocon_ws/src/robocon_tutorial/install/robocon_tutorial/lib/python3.10/site-packages/robocon_tutorial
byte-compiling /home/minmin/robocon_ws/src/robocon_tutorial/install/robocon_tutorial/lib/python3.10/site-packages/robocon_tutorial/__init__.py to __init__.cpython-310.pyc
byte-compiling /home/minmin/robocon_ws/src/robocon_tutorial/install/robocon_tutorial/lib/python3.10/site-packages/robocon_tutorial/mecanum_serial_odometry.py to mecanum_serial_odometry.cpython-310.pyc
byte-compiling /home/minmin/robocon_ws/src/robocon_tutorial/install/robocon_tutorial/lib/python3.10/site-packages/robocon_tutorial/simple_publisher.py to simple_publisher.cpython-310.pyc
byte-compiling /home/minmin/robocon_ws/src/robocon_tutorial/install/robocon_tutorial/lib/python3.10/site-packages/robocon_tutorial/simple_subscriber.py to simple_subscriber.cpython-310.pyc
running install_data
creating /home/minmin/robocon_ws/src/robocon_tutorial/install/robocon_tutorial/share/ament_index
creating /home/minmin/robocon_ws/src/robocon_tutorial/install/robocon_tutorial/share/ament_index/resource_index
creating /home/minmin/robocon_ws/src/robocon_tutorial/install/robocon_tutorial/share/ament_index/resource_index/packages
copying resource/robocon_tutorial -> /home/minmin/robocon_ws/src/robocon_tutorial/install/robocon_tutorial/share/ament_index/resource_index/packages
copying package.xml -> /home/minmin/robocon_ws/src/robocon_tutorial/install/robocon_tutorial/share/robocon_tutorial
running install_egg_info
Copying build/robocon_tutorial/robocon_tutorial.egg-info to /home/minmin/robocon_ws/src/robocon_tutorial/install/robocon_tutorial/lib/python3.10/site-packages/robocon_tutorial-0.0.0-py3.10.egg-info
running install_scripts
Installing mecanum_serial_odometry script to /home/minmin/robocon_ws/src/robocon_tutorial/install/robocon_tutorial/lib/robocon_tutorial
Installing simple_publisher script to /home/minmin/robocon_ws/src/robocon_tutorial/install/robocon_tutorial/lib/robocon_tutorial
Installing simple_subscriber script to /home/minmin/robocon_ws/src/robocon_tutorial/install/robocon_tutorial/lib/robocon_tutorial
writing list of installed files to '/home/minmin/robocon_ws/src/robocon_tutorial/build/robocon_tutorial/install.log'
