running develop
Removing /home/minmin/roboarm_ws/install/my_vision_system/lib/python3.10/site-packages/my-vision-system.egg-link (link to .)
running egg_info
writing ../../build/my_vision_system/my_vision_system.egg-info/PKG-INFO
writing dependency_links to ../../build/my_vision_system/my_vision_system.egg-info/dependency_links.txt
writing entry points to ../../build/my_vision_system/my_vision_system.egg-info/entry_points.txt
writing requirements to ../../build/my_vision_system/my_vision_system.egg-info/requires.txt
writing top-level names to ../../build/my_vision_system/my_vision_system.egg-info/top_level.txt
reading manifest file '../../build/my_vision_system/my_vision_system.egg-info/SOURCES.txt'
writing manifest file '../../build/my_vision_system/my_vision_system.egg-info/SOURCES.txt'
running build
running build_py
copying my_vision_system/picking_node.py -> /home/minmin/roboarm_ws/build/my_vision_system/build/lib/my_vision_system
copying my_vision_system/yolo_node.py -> /home/minmin/roboarm_ws/build/my_vision_system/build/lib/my_vision_system
running install
running install_lib
creating /home/minmin/roboarm_ws/install/my_vision_system/lib/python3.10/site-packages/my_vision_system
copying /home/minmin/roboarm_ws/build/my_vision_system/build/lib/my_vision_system/picking_node.py -> /home/minmin/roboarm_ws/install/my_vision_system/lib/python3.10/site-packages/my_vision_system
copying /home/minmin/roboarm_ws/build/my_vision_system/build/lib/my_vision_system/yolo_docking_node_v1_backup.py -> /home/minmin/roboarm_ws/install/my_vision_system/lib/python3.10/site-packages/my_vision_system
copying /home/minmin/roboarm_ws/build/my_vision_system/build/lib/my_vision_system/__init__.py -> /home/minmin/roboarm_ws/install/my_vision_system/lib/python3.10/site-packages/my_vision_system
copying /home/minmin/roboarm_ws/build/my_vision_system/build/lib/my_vision_system/yolo_docking_node.py -> /home/minmin/roboarm_ws/install/my_vision_system/lib/python3.10/site-packages/my_vision_system
copying /home/minmin/roboarm_ws/build/my_vision_system/build/lib/my_vision_system/yolo_node.py -> /home/minmin/roboarm_ws/install/my_vision_system/lib/python3.10/site-packages/my_vision_system
byte-compiling /home/minmin/roboarm_ws/install/my_vision_system/lib/python3.10/site-packages/my_vision_system/picking_node.py to picking_node.cpython-310.pyc
byte-compiling /home/minmin/roboarm_ws/install/my_vision_system/lib/python3.10/site-packages/my_vision_system/yolo_docking_node_v1_backup.py to yolo_docking_node_v1_backup.cpython-310.pyc
byte-compiling /home/minmin/roboarm_ws/install/my_vision_system/lib/python3.10/site-packages/my_vision_system/__init__.py to __init__.cpython-310.pyc
byte-compiling /home/minmin/roboarm_ws/install/my_vision_system/lib/python3.10/site-packages/my_vision_system/yolo_docking_node.py to yolo_docking_node.cpython-310.pyc
byte-compiling /home/minmin/roboarm_ws/install/my_vision_system/lib/python3.10/site-packages/my_vision_system/yolo_node.py to yolo_node.cpython-310.pyc
running install_data
copying resource/my_vision_system -> /home/minmin/roboarm_ws/install/my_vision_system/share/ament_index/resource_index/packages
copying package.xml -> /home/minmin/roboarm_ws/install/my_vision_system/share/my_vision_system
copying my_vision_system/models/best.pt -> /home/minmin/roboarm_ws/install/my_vision_system/share/my_vision_system/models
running install_egg_info
Copying ../../build/my_vision_system/my_vision_system.egg-info to /home/minmin/roboarm_ws/install/my_vision_system/lib/python3.10/site-packages/my_vision_system-0.0.0-py3.10.egg-info
running install_scripts
Installing yolo_docking_node script to /home/minmin/roboarm_ws/install/my_vision_system/lib/my_vision_system
Installing yolo_node script to /home/minmin/roboarm_ws/install/my_vision_system/lib/my_vision_system
writing list of installed files to '/home/minmin/roboarm_ws/build/my_vision_system/install.log'
