[0.687s] Invoking command in '/home/poomjai/roboarm_ws/src/my_vision_system': PYTHONPATH=/home/poomjai/roboarm_ws/build/my_vision_system/prefix_override:/usr/lib/python3/dist-packages/colcon_core/task/python/colcon_distutils_commands:/home/poomjai/roboarm_ws/install/my_vision_system/lib/python3.10/site-packages:${PYTHONPATH} /usr/bin/python3 -W ignore:setup.py install is deprecated -W ignore:easy_install command is deprecated setup.py egg_info --egg-base ../../build/my_vision_system build --build-base /home/poomjai/roboarm_ws/build/my_vision_system/build install --record /home/poomjai/roboarm_ws/build/my_vision_system/install.log --single-version-externally-managed install_data
[0.938s] running egg_info
[0.939s] writing ../../build/my_vision_system/my_vision_system.egg-info/PKG-INFO
[0.940s] writing dependency_links to ../../build/my_vision_system/my_vision_system.egg-info/dependency_links.txt
[0.940s] writing entry points to ../../build/my_vision_system/my_vision_system.egg-info/entry_points.txt
[0.940s] writing requirements to ../../build/my_vision_system/my_vision_system.egg-info/requires.txt
[0.940s] writing top-level names to ../../build/my_vision_system/my_vision_system.egg-info/top_level.txt
[0.942s] reading manifest file '../../build/my_vision_system/my_vision_system.egg-info/SOURCES.txt'
[0.943s] writing manifest file '../../build/my_vision_system/my_vision_system.egg-info/SOURCES.txt'
[0.943s] running build
[0.943s] running build_py
[0.943s] copying my_vision_system/yolo_node.py -> /home/poomjai/roboarm_ws/build/my_vision_system/build/lib/my_vision_system
[0.944s] running install
[0.944s] running install_lib
[0.945s] copying /home/poomjai/roboarm_ws/build/my_vision_system/build/lib/my_vision_system/yolo_node.py -> /home/poomjai/roboarm_ws/install/my_vision_system/lib/python3.10/site-packages/my_vision_system
[0.946s] byte-compiling /home/poomjai/roboarm_ws/install/my_vision_system/lib/python3.10/site-packages/my_vision_system/yolo_node.py to yolo_node.cpython-310.pyc
[0.947s] running install_data
[0.947s] running install_egg_info
[0.949s] removing '/home/poomjai/roboarm_ws/install/my_vision_system/lib/python3.10/site-packages/my_vision_system-0.0.0-py3.10.egg-info' (and everything under it)
[0.950s] Copying ../../build/my_vision_system/my_vision_system.egg-info to /home/poomjai/roboarm_ws/install/my_vision_system/lib/python3.10/site-packages/my_vision_system-0.0.0-py3.10.egg-info
[0.951s] running install_scripts
[0.977s] Installing yolo_node script to /home/poomjai/roboarm_ws/install/my_vision_system/lib/my_vision_system
[0.977s] writing list of installed files to '/home/poomjai/roboarm_ws/build/my_vision_system/install.log'
[1.004s] Invoked command in '/home/poomjai/roboarm_ws/src/my_vision_system' returned '0': PYTHONPATH=/home/poomjai/roboarm_ws/build/my_vision_system/prefix_override:/usr/lib/python3/dist-packages/colcon_core/task/python/colcon_distutils_commands:/home/poomjai/roboarm_ws/install/my_vision_system/lib/python3.10/site-packages:${PYTHONPATH} /usr/bin/python3 -W ignore:setup.py install is deprecated -W ignore:easy_install command is deprecated setup.py egg_info --egg-base ../../build/my_vision_system build --build-base /home/poomjai/roboarm_ws/build/my_vision_system/build install --record /home/poomjai/roboarm_ws/build/my_vision_system/install.log --single-version-externally-managed install_data
