[0.018s] Invoking command in '/home/vboxuser/ros2_ws/build/ydlidar_ros2_driver': CMAKE_PREFIX_PATH=/home/vboxuser/robocon_ws/install/robocon_tutorial:/opt/ros/humble /usr/bin/cmake --build /home/vboxuser/ros2_ws/build/ydlidar_ros2_driver -- -j5 -l5
[0.097s] [100%] Built target ydlidar_ros2_driver_node
[0.097s] [100%] Built target ydlidar_ros2_driver_client
[0.115s] Invoked command in '/home/vboxuser/ros2_ws/build/ydlidar_ros2_driver' returned '0': CMAKE_PREFIX_PATH=/home/vboxuser/robocon_ws/install/robocon_tutorial:/opt/ros/humble /usr/bin/cmake --build /home/vboxuser/ros2_ws/build/ydlidar_ros2_driver -- -j5 -l5
[0.130s] Invoking command in '/home/vboxuser/ros2_ws/build/ydlidar_ros2_driver': CMAKE_PREFIX_PATH=/home/vboxuser/robocon_ws/install/robocon_tutorial:/opt/ros/humble /usr/bin/cmake --install /home/vboxuser/ros2_ws/build/ydlidar_ros2_driver
[0.140s] -- Install configuration: ""
[0.140s] -- Execute custom install script
[0.141s] -- Up-to-date symlink: /home/vboxuser/ros2_ws/install/ydlidar_ros2_driver/lib/ydlidar_ros2_driver/ydlidar_ros2_driver_node
[0.141s] -- Up-to-date symlink: /home/vboxuser/ros2_ws/install/ydlidar_ros2_driver/lib/ydlidar_ros2_driver/ydlidar_ros2_driver_client
[0.141s] -- Up-to-date symlink: /home/vboxuser/ros2_ws/install/ydlidar_ros2_driver/share/ydlidar_ros2_driver/launch/ydlidar.py
[0.142s] -- Up-to-date symlink: /home/vboxuser/ros2_ws/install/ydlidar_ros2_driver/share/ydlidar_ros2_driver/launch/ydlidar_launch.py
[0.142s] -- Up-to-date symlink: /home/vboxuser/ros2_ws/install/ydlidar_ros2_driver/share/ydlidar_ros2_driver/launch/ydlidar_launch_view.py
[0.142s] -- Up-to-date symlink: /home/vboxuser/ros2_ws/install/ydlidar_ros2_driver/share/ydlidar_ros2_driver/params/G1.yaml
[0.143s] -- Up-to-date symlink: /home/vboxuser/ros2_ws/install/ydlidar_ros2_driver/share/ydlidar_ros2_driver/params/G2.yaml
[0.143s] -- Up-to-date symlink: /home/vboxuser/ros2_ws/install/ydlidar_ros2_driver/share/ydlidar_ros2_driver/params/G6.yaml
[0.143s] -- Up-to-date symlink: /home/vboxuser/ros2_ws/install/ydlidar_ros2_driver/share/ydlidar_ros2_driver/params/GS2.yaml
[0.143s] -- Up-to-date symlink: /home/vboxuser/ros2_ws/install/ydlidar_ros2_driver/share/ydlidar_ros2_driver/params/TEA.yaml
[0.144s] -- Up-to-date symlink: /home/vboxuser/ros2_ws/install/ydlidar_ros2_driver/share/ydlidar_ros2_driver/params/TG.yaml
[0.144s] -- Up-to-date symlink: /home/vboxuser/ros2_ws/install/ydlidar_ros2_driver/share/ydlidar_ros2_driver/params/TminiPro.yaml
[0.144s] -- Up-to-date symlink: /home/vboxuser/ros2_ws/install/ydlidar_ros2_driver/share/ydlidar_ros2_driver/params/X2.yaml
[0.144s] -- Up-to-date symlink: /home/vboxuser/ros2_ws/install/ydlidar_ros2_driver/share/ydlidar_ros2_driver/params/X4-Pro.yaml
[0.144s] -- Up-to-date symlink: /home/vboxuser/ros2_ws/install/ydlidar_ros2_driver/share/ydlidar_ros2_driver/params/X4.yaml
[0.144s] -- Up-to-date symlink: /home/vboxuser/ros2_ws/install/ydlidar_ros2_driver/share/ydlidar_ros2_driver/params/ydlidar.yaml
[0.145s] -- Up-to-date symlink: /home/vboxuser/ros2_ws/install/ydlidar_ros2_driver/share/ydlidar_ros2_driver/startup/initenv.sh
[0.145s] -- Up-to-date symlink: /home/vboxuser/ros2_ws/install/ydlidar_ros2_driver/share/ydlidar_ros2_driver/config/ydlidar.rviz
[0.145s] -- Up-to-date symlink: /home/vboxuser/ros2_ws/install/ydlidar_ros2_driver/share/ament_index/resource_index/package_run_dependencies/ydlidar_ros2_driver
[0.145s] -- Up-to-date symlink: /home/vboxuser/ros2_ws/install/ydlidar_ros2_driver/share/ament_index/resource_index/parent_prefix_path/ydlidar_ros2_driver
[0.145s] -- Up-to-date symlink: /home/vboxuser/ros2_ws/install/ydlidar_ros2_driver/share/ydlidar_ros2_driver/environment/ament_prefix_path.sh
[0.146s] -- Up-to-date symlink: /home/vboxuser/ros2_ws/install/ydlidar_ros2_driver/share/ydlidar_ros2_driver/environment/ament_prefix_path.dsv
[0.146s] -- Up-to-date symlink: /home/vboxuser/ros2_ws/install/ydlidar_ros2_driver/share/ydlidar_ros2_driver/environment/path.sh
[0.146s] -- Up-to-date symlink: /home/vboxuser/ros2_ws/install/ydlidar_ros2_driver/share/ydlidar_ros2_driver/environment/path.dsv
[0.146s] -- Up-to-date symlink: /home/vboxuser/ros2_ws/install/ydlidar_ros2_driver/share/ydlidar_ros2_driver/local_setup.bash
[0.146s] -- Up-to-date symlink: /home/vboxuser/ros2_ws/install/ydlidar_ros2_driver/share/ydlidar_ros2_driver/local_setup.sh
[0.146s] -- Up-to-date symlink: /home/vboxuser/ros2_ws/install/ydlidar_ros2_driver/share/ydlidar_ros2_driver/local_setup.zsh
[0.147s] -- Up-to-date symlink: /home/vboxuser/ros2_ws/install/ydlidar_ros2_driver/share/ydlidar_ros2_driver/local_setup.dsv
[0.147s] -- Symlinking: /home/vboxuser/ros2_ws/install/ydlidar_ros2_driver/share/ydlidar_ros2_driver/package.dsv
[0.160s] -- Up-to-date symlink: /home/vboxuser/ros2_ws/install/ydlidar_ros2_driver/share/ament_index/resource_index/packages/ydlidar_ros2_driver
[0.160s] -- Up-to-date symlink: /home/vboxuser/ros2_ws/install/ydlidar_ros2_driver/share/ydlidar_ros2_driver/cmake/ydlidar_ros2_driverConfig.cmake
[0.160s] -- Up-to-date symlink: /home/vboxuser/ros2_ws/install/ydlidar_ros2_driver/share/ydlidar_ros2_driver/cmake/ydlidar_ros2_driverConfig-version.cmake
[0.161s] -- Up-to-date symlink: /home/vboxuser/ros2_ws/install/ydlidar_ros2_driver/share/ydlidar_ros2_driver/package.xml
[0.168s] Invoked command in '/home/vboxuser/ros2_ws/build/ydlidar_ros2_driver' returned '0': CMAKE_PREFIX_PATH=/home/vboxuser/robocon_ws/install/robocon_tutorial:/opt/ros/humble /usr/bin/cmake --install /home/vboxuser/ros2_ws/build/ydlidar_ros2_driver
