running egg_info
writing ../../build/robocon_tutorial/robocon_tutorial.egg-info/PKG-INFO
writing dependency_links to ../../build/robocon_tutorial/robocon_tutorial.egg-info/dependency_links.txt
writing entry points to ../../build/robocon_tutorial/robocon_tutorial.egg-info/entry_points.txt
writing requirements to ../../build/robocon_tutorial/robocon_tutorial.egg-info/requires.txt
writing top-level names to ../../build/robocon_tutorial/robocon_tutorial.egg-info/top_level.txt
reading manifest file '../../build/robocon_tutorial/robocon_tutorial.egg-info/SOURCES.txt'
writing manifest file '../../build/robocon_tutorial/robocon_tutorial.egg-info/SOURCES.txt'
running build
running build_py
copying robocon_tutorial/simple_publisher.py -> /home/vboxuser/robocon_ws/build/robocon_tutorial/build/lib/robocon_tutorial
running install
running install_lib
copying /home/vboxuser/robocon_ws/build/robocon_tutorial/build/lib/robocon_tutorial/simple_publisher.py -> /home/vboxuser/robocon_ws/install/robocon_tutorial/lib/python3.10/site-packages/robocon_tutorial
byte-compiling /home/vboxuser/robocon_ws/install/robocon_tutorial/lib/python3.10/site-packages/robocon_tutorial/simple_publisher.py to simple_publisher.cpython-310.pyc
Sorry: IndentationError: unindent does not match any outer indentation level (simple_publisher.py, line 11)
running install_data
running install_egg_info
removing '/home/vboxuser/robocon_ws/install/robocon_tutorial/lib/python3.10/site-packages/robocon_tutorial-0.0.0-py3.10.egg-info' (and everything under it)
Copying ../../build/robocon_tutorial/robocon_tutorial.egg-info to /home/vboxuser/robocon_ws/install/robocon_tutorial/lib/python3.10/site-packages/robocon_tutorial-0.0.0-py3.10.egg-info
running install_scripts
Installing simple_publisher script to /home/vboxuser/robocon_ws/install/robocon_tutorial/lib/robocon_tutorial
writing list of installed files to '/home/vboxuser/robocon_ws/build/robocon_tutorial/install.log'
