running egg_info
creating ../../build/robocon_tutorial/robocon_tutorial.egg-info
writing ../../build/robocon_tutorial/robocon_tutorial.egg-info/PKG-INFO
writing dependency_links to ../../build/robocon_tutorial/robocon_tutorial.egg-info/dependency_links.txt
writing entry points to ../../build/robocon_tutorial/robocon_tutorial.egg-info/entry_points.txt
writing requirements to ../../build/robocon_tutorial/robocon_tutorial.egg-info/requires.txt
writing top-level names to ../../build/robocon_tutorial/robocon_tutorial.egg-info/top_level.txt
writing manifest file '../../build/robocon_tutorial/robocon_tutorial.egg-info/SOURCES.txt'
reading manifest file '../../build/robocon_tutorial/robocon_tutorial.egg-info/SOURCES.txt'
writing manifest file '../../build/robocon_tutorial/robocon_tutorial.egg-info/SOURCES.txt'
running build
running build_py
creating /home/vboxuser/robocon_ws/build/robocon_tutorial/build
creating /home/vboxuser/robocon_ws/build/robocon_tutorial/build/lib
creating /home/vboxuser/robocon_ws/build/robocon_tutorial/build/lib/robocon_tutorial
copying robocon_tutorial/__init__.py -> /home/vboxuser/robocon_ws/build/robocon_tutorial/build/lib/robocon_tutorial
copying robocon_tutorial/simple_publisher.py -> /home/vboxuser/robocon_ws/build/robocon_tutorial/build/lib/robocon_tutorial
running install
running install_lib
creating /home/vboxuser/robocon_ws/install/robocon_tutorial/lib/python3.10/site-packages/robocon_tutorial
copying /home/vboxuser/robocon_ws/build/robocon_tutorial/build/lib/robocon_tutorial/__init__.py -> /home/vboxuser/robocon_ws/install/robocon_tutorial/lib/python3.10/site-packages/robocon_tutorial
copying /home/vboxuser/robocon_ws/build/robocon_tutorial/build/lib/robocon_tutorial/simple_publisher.py -> /home/vboxuser/robocon_ws/install/robocon_tutorial/lib/python3.10/site-packages/robocon_tutorial
byte-compiling /home/vboxuser/robocon_ws/install/robocon_tutorial/lib/python3.10/site-packages/robocon_tutorial/__init__.py to __init__.cpython-310.pyc
byte-compiling /home/vboxuser/robocon_ws/install/robocon_tutorial/lib/python3.10/site-packages/robocon_tutorial/simple_publisher.py to simple_publisher.cpython-310.pyc
running install_data
creating /home/vboxuser/robocon_ws/install/robocon_tutorial/share/ament_index
creating /home/vboxuser/robocon_ws/install/robocon_tutorial/share/ament_index/resource_index
creating /home/vboxuser/robocon_ws/install/robocon_tutorial/share/ament_index/resource_index/packages
copying resource/robocon_tutorial -> /home/vboxuser/robocon_ws/install/robocon_tutorial/share/ament_index/resource_index/packages
copying package.xml -> /home/vboxuser/robocon_ws/install/robocon_tutorial/share/robocon_tutorial
running install_egg_info
Copying ../../build/robocon_tutorial/robocon_tutorial.egg-info to /home/vboxuser/robocon_ws/install/robocon_tutorial/lib/python3.10/site-packages/robocon_tutorial-0.0.0-py3.10.egg-info
running install_scripts
Installing simple_publisher script to /home/vboxuser/robocon_ws/install/robocon_tutorial/lib/robocon_tutorial
writing list of installed files to '/home/vboxuser/robocon_ws/build/robocon_tutorial/install.log'
