[1.271s] Invoking command in '/home/minmin/roboarm_ws/src/my_vision_system': PYTHONPATH=/home/minmin/roboarm_ws/build/my_vision_system/prefix_override:/usr/lib/python3/dist-packages/colcon_core/task/python/colcon_distutils_commands:/home/minmin/roboarm_ws/install/my_vision_system/lib/python3.10/site-packages:${PYTHONPATH} /usr/bin/python3 -W ignore:setup.py install is deprecated -W ignore:easy_install command is deprecated setup.py egg_info --egg-base ../../build/my_vision_system build --build-base /home/minmin/roboarm_ws/build/my_vision_system/build install --record /home/minmin/roboarm_ws/build/my_vision_system/install.log --single-version-externally-managed install_data
[1.709s] running egg_info
[1.710s] writing ../../build/my_vision_system/my_vision_system.egg-info/PKG-INFO
[1.711s] writing dependency_links to ../../build/my_vision_system/my_vision_system.egg-info/dependency_links.txt
[1.711s] writing entry points to ../../build/my_vision_system/my_vision_system.egg-info/entry_points.txt
[1.712s] writing requirements to ../../build/my_vision_system/my_vision_system.egg-info/requires.txt
[1.712s] writing top-level names to ../../build/my_vision_system/my_vision_system.egg-info/top_level.txt
[1.716s] reading manifest file '../../build/my_vision_system/my_vision_system.egg-info/SOURCES.txt'
[1.718s] writing manifest file '../../build/my_vision_system/my_vision_system.egg-info/SOURCES.txt'
[1.718s] running build
[1.718s] running build_py
[1.719s] copying my_vision_system/yolo_select_node.py -> /home/minmin/roboarm_ws/build/my_vision_system/build/lib/my_vision_system
[1.719s] running install
[1.720s] running install_lib
[1.722s] copying /home/minmin/roboarm_ws/build/my_vision_system/build/lib/my_vision_system/yolo_select_node.py -> /home/minmin/roboarm_ws/install/my_vision_system/lib/python3.10/site-packages/my_vision_system
[1.723s] byte-compiling /home/minmin/roboarm_ws/install/my_vision_system/lib/python3.10/site-packages/my_vision_system/yolo_select_node.py to yolo_select_node.cpython-310.pyc
[1.730s] running install_data
[1.730s] running install_egg_info
[1.735s] removing '/home/minmin/roboarm_ws/install/my_vision_system/lib/python3.10/site-packages/my_vision_system-0.0.0-py3.10.egg-info' (and everything under it)
[1.737s] Copying ../../build/my_vision_system/my_vision_system.egg-info to /home/minmin/roboarm_ws/install/my_vision_system/lib/python3.10/site-packages/my_vision_system-0.0.0-py3.10.egg-info
[1.739s] running install_scripts
[1.777s] Installing yolo_docking_node script to /home/minmin/roboarm_ws/install/my_vision_system/lib/my_vision_system
[1.777s] Installing yolo_node script to /home/minmin/roboarm_ws/install/my_vision_system/lib/my_vision_system
[1.778s] Installing yolo_select_node script to /home/minmin/roboarm_ws/install/my_vision_system/lib/my_vision_system
[1.778s] writing list of installed files to '/home/minmin/roboarm_ws/build/my_vision_system/install.log'
[1.851s] Invoked command in '/home/minmin/roboarm_ws/src/my_vision_system' returned '0': PYTHONPATH=/home/minmin/roboarm_ws/build/my_vision_system/prefix_override:/usr/lib/python3/dist-packages/colcon_core/task/python/colcon_distutils_commands:/home/minmin/roboarm_ws/install/my_vision_system/lib/python3.10/site-packages:${PYTHONPATH} /usr/bin/python3 -W ignore:setup.py install is deprecated -W ignore:easy_install command is deprecated setup.py egg_info --egg-base ../../build/my_vision_system build --build-base /home/minmin/roboarm_ws/build/my_vision_system/build install --record /home/minmin/roboarm_ws/build/my_vision_system/install.log --single-version-externally-managed install_data
