[1.888s] Invoking command in '/home/vboxuser/robocon_ws/src/robocon_tutorial': PYTHONPATH=/home/vboxuser/robocon_ws/src/build/robocon_tutorial/prefix_override:/usr/lib/python3/dist-packages/colcon_core/task/python/colcon_distutils_commands:/home/vboxuser/robocon_ws/src/install/robocon_tutorial/lib/python3.10/site-packages:${PYTHONPATH} /usr/bin/python3 -W ignore:setup.py install is deprecated -W ignore:easy_install command is deprecated setup.py egg_info --egg-base ../build/robocon_tutorial build --build-base /home/vboxuser/robocon_ws/src/build/robocon_tutorial/build install --record /home/vboxuser/robocon_ws/src/build/robocon_tutorial/install.log --single-version-externally-managed install_data
[2.321s] running egg_info
[2.322s] creating ../build/robocon_tutorial/robocon_tutorial.egg-info
[2.322s] writing ../build/robocon_tutorial/robocon_tutorial.egg-info/PKG-INFO
[2.323s] writing dependency_links to ../build/robocon_tutorial/robocon_tutorial.egg-info/dependency_links.txt
[2.324s] writing entry points to ../build/robocon_tutorial/robocon_tutorial.egg-info/entry_points.txt
[2.324s] writing requirements to ../build/robocon_tutorial/robocon_tutorial.egg-info/requires.txt
[2.325s] writing top-level names to ../build/robocon_tutorial/robocon_tutorial.egg-info/top_level.txt
[2.325s] writing manifest file '../build/robocon_tutorial/robocon_tutorial.egg-info/SOURCES.txt'
[2.329s] reading manifest file '../build/robocon_tutorial/robocon_tutorial.egg-info/SOURCES.txt'
[2.330s] writing manifest file '../build/robocon_tutorial/robocon_tutorial.egg-info/SOURCES.txt'
[2.331s] running build
[2.331s] running build_py
[2.331s] creating /home/vboxuser/robocon_ws/src/build/robocon_tutorial/build
[2.331s] creating /home/vboxuser/robocon_ws/src/build/robocon_tutorial/build/lib
[2.332s] creating /home/vboxuser/robocon_ws/src/build/robocon_tutorial/build/lib/robocon_tutorial
[2.332s] copying robocon_tutorial/__init__.py -> /home/vboxuser/robocon_ws/src/build/robocon_tutorial/build/lib/robocon_tutorial
[2.333s] running install
[2.333s] running install_lib
[2.336s] creating /home/vboxuser/robocon_ws/src/install/robocon_tutorial/lib/python3.10/site-packages/robocon_tutorial
[2.336s] copying /home/vboxuser/robocon_ws/src/build/robocon_tutorial/build/lib/robocon_tutorial/__init__.py -> /home/vboxuser/robocon_ws/src/install/robocon_tutorial/lib/python3.10/site-packages/robocon_tutorial
[2.339s] byte-compiling /home/vboxuser/robocon_ws/src/install/robocon_tutorial/lib/python3.10/site-packages/robocon_tutorial/__init__.py to __init__.cpython-310.pyc
[2.340s] running install_data
[2.340s] creating /home/vboxuser/robocon_ws/src/install/robocon_tutorial/share/ament_index
[2.342s] creating /home/vboxuser/robocon_ws/src/install/robocon_tutorial/share/ament_index/resource_index
[2.342s] creating /home/vboxuser/robocon_ws/src/install/robocon_tutorial/share/ament_index/resource_index/packages
[2.342s] copying resource/robocon_tutorial -> /home/vboxuser/robocon_ws/src/install/robocon_tutorial/share/ament_index/resource_index/packages
[2.343s] copying package.xml -> /home/vboxuser/robocon_ws/src/install/robocon_tutorial/share/robocon_tutorial
[2.343s] running install_egg_info
[2.344s] Copying ../build/robocon_tutorial/robocon_tutorial.egg-info to /home/vboxuser/robocon_ws/src/install/robocon_tutorial/lib/python3.10/site-packages/robocon_tutorial-0.0.0-py3.10.egg-info
[2.346s] running install_scripts
[2.377s] writing list of installed files to '/home/vboxuser/robocon_ws/src/build/robocon_tutorial/install.log'
[2.436s] Invoked command in '/home/vboxuser/robocon_ws/src/robocon_tutorial' returned '0': PYTHONPATH=/home/vboxuser/robocon_ws/src/build/robocon_tutorial/prefix_override:/usr/lib/python3/dist-packages/colcon_core/task/python/colcon_distutils_commands:/home/vboxuser/robocon_ws/src/install/robocon_tutorial/lib/python3.10/site-packages:${PYTHONPATH} /usr/bin/python3 -W ignore:setup.py install is deprecated -W ignore:easy_install command is deprecated setup.py egg_info --egg-base ../build/robocon_tutorial build --build-base /home/vboxuser/robocon_ws/src/build/robocon_tutorial/build install --record /home/vboxuser/robocon_ws/src/build/robocon_tutorial/install.log --single-version-externally-managed install_data
