[1.376s] Invoking command in '/home/minmin/roboarm_ws/build/my_vision_system': PYTHONPATH=/home/minmin/roboarm_ws/build/my_vision_system/prefix_override:/usr/lib/python3/dist-packages/colcon_core/task/python/colcon_distutils_commands:/home/minmin/roboarm_ws/install/my_vision_system/lib/python3.10/site-packages:${PYTHONPATH} /usr/bin/python3 -W ignore:setup.py install is deprecated -W ignore:easy_install command is deprecated setup.py develop --uninstall --editable --build-directory /home/minmin/roboarm_ws/build/my_vision_system/build
[1.864s] running develop
[2.205s] Removing /home/minmin/roboarm_ws/install/my_vision_system/lib/python3.10/site-packages/my-vision-system.egg-link (link to .)
[2.333s] Invoked command in '/home/minmin/roboarm_ws/build/my_vision_system' returned '0': PYTHONPATH=/home/minmin/roboarm_ws/build/my_vision_system/prefix_override:/usr/lib/python3/dist-packages/colcon_core/task/python/colcon_distutils_commands:/home/minmin/roboarm_ws/install/my_vision_system/lib/python3.10/site-packages:${PYTHONPATH} /usr/bin/python3 -W ignore:setup.py install is deprecated -W ignore:easy_install command is deprecated setup.py develop --uninstall --editable --build-directory /home/minmin/roboarm_ws/build/my_vision_system/build
[2.344s] Invoking command in '/home/minmin/roboarm_ws/src/my_vision_system': PYTHONPATH=/home/minmin/roboarm_ws/build/my_vision_system/prefix_override:/usr/lib/python3/dist-packages/colcon_core/task/python/colcon_distutils_commands:/home/minmin/roboarm_ws/install/my_vision_system/lib/python3.10/site-packages:${PYTHONPATH} /usr/bin/python3 -W ignore:setup.py install is deprecated -W ignore:easy_install command is deprecated setup.py egg_info --egg-base ../../build/my_vision_system build --build-base /home/minmin/roboarm_ws/build/my_vision_system/build install --record /home/minmin/roboarm_ws/build/my_vision_system/install.log --single-version-externally-managed install_data --force
[2.862s] running egg_info
[2.864s] writing ../../build/my_vision_system/my_vision_system.egg-info/PKG-INFO
[2.864s] writing dependency_links to ../../build/my_vision_system/my_vision_system.egg-info/dependency_links.txt
[2.864s] writing entry points to ../../build/my_vision_system/my_vision_system.egg-info/entry_points.txt
[2.865s] writing requirements to ../../build/my_vision_system/my_vision_system.egg-info/requires.txt
[2.865s] writing top-level names to ../../build/my_vision_system/my_vision_system.egg-info/top_level.txt
[2.871s] reading manifest file '../../build/my_vision_system/my_vision_system.egg-info/SOURCES.txt'
[2.873s] writing manifest file '../../build/my_vision_system/my_vision_system.egg-info/SOURCES.txt'
[2.873s] running build
[2.874s] running build_py
[2.874s] copying my_vision_system/yolo_select_node.py -> /home/minmin/roboarm_ws/build/my_vision_system/build/lib/my_vision_system
[2.875s] copying my_vision_system/yolo_real_cam_debug.py -> /home/minmin/roboarm_ws/build/my_vision_system/build/lib/my_vision_system
[2.876s] running install
[2.876s] running install_lib
[2.878s] creating /home/minmin/roboarm_ws/install/my_vision_system/lib/python3.10/site-packages/my_vision_system
[2.879s] copying /home/minmin/roboarm_ws/build/my_vision_system/build/lib/my_vision_system/picking_node.py -> /home/minmin/roboarm_ws/install/my_vision_system/lib/python3.10/site-packages/my_vision_system
[2.879s] copying /home/minmin/roboarm_ws/build/my_vision_system/build/lib/my_vision_system/yolo_docking_node_v1_backup.py -> /home/minmin/roboarm_ws/install/my_vision_system/lib/python3.10/site-packages/my_vision_system
[2.879s] copying /home/minmin/roboarm_ws/build/my_vision_system/build/lib/my_vision_system/__init__.py -> /home/minmin/roboarm_ws/install/my_vision_system/lib/python3.10/site-packages/my_vision_system
[2.879s] copying /home/minmin/roboarm_ws/build/my_vision_system/build/lib/my_vision_system/yolo_select_node.py -> /home/minmin/roboarm_ws/install/my_vision_system/lib/python3.10/site-packages/my_vision_system
[2.880s] copying /home/minmin/roboarm_ws/build/my_vision_system/build/lib/my_vision_system/yolo_real_cam_debug.py -> /home/minmin/roboarm_ws/install/my_vision_system/lib/python3.10/site-packages/my_vision_system
[2.880s] copying /home/minmin/roboarm_ws/build/my_vision_system/build/lib/my_vision_system/yolo_docking_node.py -> /home/minmin/roboarm_ws/install/my_vision_system/lib/python3.10/site-packages/my_vision_system
[2.880s] copying /home/minmin/roboarm_ws/build/my_vision_system/build/lib/my_vision_system/yolo_node.py -> /home/minmin/roboarm_ws/install/my_vision_system/lib/python3.10/site-packages/my_vision_system
[2.881s] byte-compiling /home/minmin/roboarm_ws/install/my_vision_system/lib/python3.10/site-packages/my_vision_system/picking_node.py to picking_node.cpython-310.pyc
[2.883s] byte-compiling /home/minmin/roboarm_ws/install/my_vision_system/lib/python3.10/site-packages/my_vision_system/yolo_docking_node_v1_backup.py to yolo_docking_node_v1_backup.cpython-310.pyc
[2.889s] byte-compiling /home/minmin/roboarm_ws/install/my_vision_system/lib/python3.10/site-packages/my_vision_system/__init__.py to __init__.cpython-310.pyc
[2.890s] byte-compiling /home/minmin/roboarm_ws/install/my_vision_system/lib/python3.10/site-packages/my_vision_system/yolo_select_node.py to yolo_select_node.cpython-310.pyc
[2.895s] byte-compiling /home/minmin/roboarm_ws/install/my_vision_system/lib/python3.10/site-packages/my_vision_system/yolo_real_cam_debug.py to yolo_real_cam_debug.cpython-310.pyc
[2.897s] byte-compiling /home/minmin/roboarm_ws/install/my_vision_system/lib/python3.10/site-packages/my_vision_system/yolo_docking_node.py to yolo_docking_node.cpython-310.pyc
[2.903s] byte-compiling /home/minmin/roboarm_ws/install/my_vision_system/lib/python3.10/site-packages/my_vision_system/yolo_node.py to yolo_node.cpython-310.pyc
[2.905s] running install_data
[2.906s] copying resource/my_vision_system -> /home/minmin/roboarm_ws/install/my_vision_system/share/ament_index/resource_index/packages
[2.906s] copying package.xml -> /home/minmin/roboarm_ws/install/my_vision_system/share/my_vision_system
[2.906s] copying models_upgrade/best.pt -> /home/minmin/roboarm_ws/install/my_vision_system/share/my_vision_system/models_upgrade
[2.942s] running install_egg_info
[2.946s] Copying ../../build/my_vision_system/my_vision_system.egg-info to /home/minmin/roboarm_ws/install/my_vision_system/lib/python3.10/site-packages/my_vision_system-0.0.0-py3.10.egg-info
[2.949s] running install_scripts
[2.987s] Installing yolo_docking_node script to /home/minmin/roboarm_ws/install/my_vision_system/lib/my_vision_system
[2.987s] Installing yolo_node script to /home/minmin/roboarm_ws/install/my_vision_system/lib/my_vision_system
[2.988s] Installing yolo_real_cam_debug script to /home/minmin/roboarm_ws/install/my_vision_system/lib/my_vision_system
[2.988s] Installing yolo_select_node script to /home/minmin/roboarm_ws/install/my_vision_system/lib/my_vision_system
[2.989s] writing list of installed files to '/home/minmin/roboarm_ws/build/my_vision_system/install.log'
[3.069s] Invoked command in '/home/minmin/roboarm_ws/src/my_vision_system' returned '0': PYTHONPATH=/home/minmin/roboarm_ws/build/my_vision_system/prefix_override:/usr/lib/python3/dist-packages/colcon_core/task/python/colcon_distutils_commands:/home/minmin/roboarm_ws/install/my_vision_system/lib/python3.10/site-packages:${PYTHONPATH} /usr/bin/python3 -W ignore:setup.py install is deprecated -W ignore:easy_install command is deprecated setup.py egg_info --egg-base ../../build/my_vision_system build --build-base /home/minmin/roboarm_ws/build/my_vision_system/build install --record /home/minmin/roboarm_ws/build/my_vision_system/install.log --single-version-externally-managed install_data --force
