[1.762s] Invoking command in '/home/vboxuser/robocon_ws/build/robocon_tutorial': PYTHONPATH=/home/vboxuser/robocon_ws/build/robocon_tutorial/prefix_override:/usr/lib/python3/dist-packages/colcon_core/task/python/colcon_distutils_commands:/home/vboxuser/robocon_ws/install/robocon_tutorial/lib/python3.10/site-packages:${PYTHONPATH} /usr/bin/python3 -W ignore:setup.py install is deprecated -W ignore:easy_install command is deprecated setup.py develop --editable --build-directory /home/vboxuser/robocon_ws/build/robocon_tutorial/build --no-deps symlink_data --force
[2.356s] running develop
[2.695s] running egg_info
[2.696s] writing robocon_tutorial.egg-info/PKG-INFO
[2.696s] writing dependency_links to robocon_tutorial.egg-info/dependency_links.txt
[2.696s] writing entry points to robocon_tutorial.egg-info/entry_points.txt
[2.696s] writing requirements to robocon_tutorial.egg-info/requires.txt
[2.696s] writing top-level names to robocon_tutorial.egg-info/top_level.txt
[2.700s] reading manifest file 'robocon_tutorial.egg-info/SOURCES.txt'
[2.702s] writing manifest file 'robocon_tutorial.egg-info/SOURCES.txt'
[2.707s] running build_ext
[2.707s] Creating /home/vboxuser/robocon_ws/install/robocon_tutorial/lib/python3.10/site-packages/robocon-tutorial.egg-link (link to .)
[2.712s] Installing mecanum_serial_odometry script to /home/vboxuser/robocon_ws/install/robocon_tutorial/lib/robocon_tutorial
[2.712s] Installing simple_publisher script to /home/vboxuser/robocon_ws/install/robocon_tutorial/lib/robocon_tutorial
[2.712s] Installing simple_subscriber script to /home/vboxuser/robocon_ws/install/robocon_tutorial/lib/robocon_tutorial
[2.712s] 
[2.712s] Installed /home/vboxuser/robocon_ws/build/robocon_tutorial
[2.712s] running symlink_data
[2.712s] symbolically linking /home/vboxuser/robocon_ws/build/robocon_tutorial/resource/robocon_tutorial -> /home/vboxuser/robocon_ws/install/robocon_tutorial/share/ament_index/resource_index/packages
[2.713s] symbolically linking /home/vboxuser/robocon_ws/build/robocon_tutorial/package.xml -> /home/vboxuser/robocon_ws/install/robocon_tutorial/share/robocon_tutorial
[2.713s] creating /home/vboxuser/robocon_ws/install/robocon_tutorial/share/robocon_tutorial/config
[2.713s] error: [Errno 2] No such file or directory: '/home/vboxuser/robocon_ws/install/robocon_tutorial/share/robocon_tutorial/config/slam_toolbox_online_async_base_link.yaml'
[2.801s] Invoked command in '/home/vboxuser/robocon_ws/build/robocon_tutorial' returned '1': PYTHONPATH=/home/vboxuser/robocon_ws/build/robocon_tutorial/prefix_override:/usr/lib/python3/dist-packages/colcon_core/task/python/colcon_distutils_commands:/home/vboxuser/robocon_ws/install/robocon_tutorial/lib/python3.10/site-packages:${PYTHONPATH} /usr/bin/python3 -W ignore:setup.py install is deprecated -W ignore:easy_install command is deprecated setup.py develop --editable --build-directory /home/vboxuser/robocon_ws/build/robocon_tutorial/build --no-deps symlink_data --force
