[0.256s] DEBUG:colcon:Command line arguments: ['/usr/bin/colcon', 'build', '--packages-select', 'my_vision_system', '--symlink-install']
[0.256s] DEBUG:colcon:Parsed command line arguments: Namespace(log_base=None, log_level=None, verb_name='build', build_base='build', install_base='install', merge_install=False, symlink_install=True, test_result_base=None, continue_on_error=False, executor='parallel', parallel_workers=8, event_handlers=None, ignore_user_meta=False, metas=['./colcon.meta'], base_paths=['.'], packages_ignore=None, packages_ignore_regex=None, paths=None, packages_up_to=None, packages_up_to_regex=None, packages_above=None, packages_above_and_dependencies=None, packages_above_depth=None, packages_select_by_dep=None, packages_skip_by_dep=None, packages_skip_up_to=None, packages_select_build_failed=False, packages_skip_build_finished=False, packages_select_test_failures=False, packages_skip_test_passed=False, packages_select=['my_vision_system'], packages_skip=None, packages_select_regex=None, packages_skip_regex=None, packages_start=None, packages_end=None, allow_overriding=[], cmake_args=None, cmake_target=None, cmake_target_skip_unavailable=False, cmake_clean_cache=False, cmake_clean_first=False, cmake_force_configure=False, ament_cmake_args=None, catkin_cmake_args=None, catkin_skip_building_tests=False, verb_parser=<colcon_defaults.argument_parser.defaults.DefaultArgumentsDecorator object at 0x7f609b4748b0>, verb_extension=<colcon_core.verb.build.BuildVerb object at 0x7f609b575d80>, main=<bound method BuildVerb.main of <colcon_core.verb.build.BuildVerb object at 0x7f609b575d80>>)
[0.655s] Level 1:colcon.colcon_core.package_discovery:discover_packages(colcon_meta) check parameters
[0.655s] Level 1:colcon.colcon_core.package_discovery:discover_packages(recursive) check parameters
[0.655s] Level 1:colcon.colcon_core.package_discovery:discover_packages(ignore) check parameters
[0.655s] Level 1:colcon.colcon_core.package_discovery:discover_packages(path) check parameters
[0.655s] Level 1:colcon.colcon_core.package_discovery:discover_packages(colcon_meta) discover
[0.656s] Level 1:colcon.colcon_core.package_discovery:discover_packages(recursive) discover
[0.656s] INFO:colcon.colcon_core.package_discovery:Crawling recursively for packages in '/home/minmin/roboarm_ws'
[0.656s] Level 1:colcon.colcon_core.package_identification:_identify(.) by extensions ['ignore', 'ignore_ament_install']
[0.656s] Level 1:colcon.colcon_core.package_identification:_identify(.) by extension 'ignore'
[0.657s] Level 1:colcon.colcon_core.package_identification:_identify(.) by extension 'ignore_ament_install'
[0.657s] Level 1:colcon.colcon_core.package_identification:_identify(.) by extensions ['colcon_pkg']
[0.657s] Level 1:colcon.colcon_core.package_identification:_identify(.) by extension 'colcon_pkg'
[0.657s] Level 1:colcon.colcon_core.package_identification:_identify(.) by extensions ['colcon_meta']
[0.657s] Level 1:colcon.colcon_core.package_identification:_identify(.) by extension 'colcon_meta'
[0.657s] Level 1:colcon.colcon_core.package_identification:_identify(.) by extensions ['ros']
[0.657s] Level 1:colcon.colcon_core.package_identification:_identify(.) by extension 'ros'
[0.681s] Level 1:colcon.colcon_core.package_identification:_identify(.) by extensions ['cmake', 'python']
[0.681s] Level 1:colcon.colcon_core.package_identification:_identify(.) by extension 'cmake'
[0.681s] Level 1:colcon.colcon_core.package_identification:_identify(.) by extension 'python'
[0.681s] Level 1:colcon.colcon_core.package_identification:_identify(.) by extensions ['python_setup_py']
[0.681s] Level 1:colcon.colcon_core.package_identification:_identify(.) by extension 'python_setup_py'
[0.681s] Level 1:colcon.colcon_core.package_identification:_identify(build) by extensions ['ignore', 'ignore_ament_install']
[0.682s] Level 1:colcon.colcon_core.package_identification:_identify(build) by extension 'ignore'
[0.682s] Level 1:colcon.colcon_core.package_identification:_identify(build) ignored
[0.682s] Level 1:colcon.colcon_core.package_identification:_identify(install) by extensions ['ignore', 'ignore_ament_install']
[0.682s] Level 1:colcon.colcon_core.package_identification:_identify(install) by extension 'ignore'
[0.682s] Level 1:colcon.colcon_core.package_identification:_identify(install) ignored
[0.682s] Level 1:colcon.colcon_core.package_identification:_identify(log) by extensions ['ignore', 'ignore_ament_install']
[0.682s] Level 1:colcon.colcon_core.package_identification:_identify(log) by extension 'ignore'
[0.683s] Level 1:colcon.colcon_core.package_identification:_identify(log) ignored
[0.683s] Level 1:colcon.colcon_core.package_identification:_identify(src) by extensions ['ignore', 'ignore_ament_install']
[0.683s] Level 1:colcon.colcon_core.package_identification:_identify(src) by extension 'ignore'
[0.683s] Level 1:colcon.colcon_core.package_identification:_identify(src) by extension 'ignore_ament_install'
[0.683s] Level 1:colcon.colcon_core.package_identification:_identify(src) by extensions ['colcon_pkg']
[0.683s] Level 1:colcon.colcon_core.package_identification:_identify(src) by extension 'colcon_pkg'
[0.683s] Level 1:colcon.colcon_core.package_identification:_identify(src) by extensions ['colcon_meta']
[0.683s] Level 1:colcon.colcon_core.package_identification:_identify(src) by extension 'colcon_meta'
[0.683s] Level 1:colcon.colcon_core.package_identification:_identify(src) by extensions ['ros']
[0.683s] Level 1:colcon.colcon_core.package_identification:_identify(src) by extension 'ros'
[0.683s] Level 1:colcon.colcon_core.package_identification:_identify(src) by extensions ['cmake', 'python']
[0.683s] Level 1:colcon.colcon_core.package_identification:_identify(src) by extension 'cmake'
[0.683s] Level 1:colcon.colcon_core.package_identification:_identify(src) by extension 'python'
[0.684s] Level 1:colcon.colcon_core.package_identification:_identify(src) by extensions ['python_setup_py']
[0.684s] Level 1:colcon.colcon_core.package_identification:_identify(src) by extension 'python_setup_py'
[0.684s] Level 1:colcon.colcon_core.package_identification:_identify(src/my_vision_system) by extensions ['ignore', 'ignore_ament_install']
[0.684s] Level 1:colcon.colcon_core.package_identification:_identify(src/my_vision_system) by extension 'ignore'
[0.684s] Level 1:colcon.colcon_core.package_identification:_identify(src/my_vision_system) by extension 'ignore_ament_install'
[0.684s] Level 1:colcon.colcon_core.package_identification:_identify(src/my_vision_system) by extensions ['colcon_pkg']
[0.684s] Level 1:colcon.colcon_core.package_identification:_identify(src/my_vision_system) by extension 'colcon_pkg'
[0.684s] Level 1:colcon.colcon_core.package_identification:_identify(src/my_vision_system) by extensions ['colcon_meta']
[0.684s] Level 1:colcon.colcon_core.package_identification:_identify(src/my_vision_system) by extension 'colcon_meta'
[0.684s] Level 1:colcon.colcon_core.package_identification:_identify(src/my_vision_system) by extensions ['ros']
[0.684s] Level 1:colcon.colcon_core.package_identification:_identify(src/my_vision_system) by extension 'ros'
[0.690s] DEBUG:colcon.colcon_core.package_identification:Package 'src/my_vision_system' with type 'ros.ament_python' and name 'my_vision_system'
[0.690s] Level 1:colcon.colcon_core.package_discovery:discover_packages(recursive) using defaults
[0.690s] Level 1:colcon.colcon_core.package_discovery:discover_packages(ignore) discover
[0.690s] Level 1:colcon.colcon_core.package_discovery:discover_packages(ignore) using defaults
[0.690s] Level 1:colcon.colcon_core.package_discovery:discover_packages(path) discover
[0.690s] Level 1:colcon.colcon_core.package_discovery:discover_packages(path) using defaults
[0.735s] Level 1:colcon.colcon_core.package_discovery:discover_packages(prefix_path) check parameters
[0.735s] Level 1:colcon.colcon_core.package_discovery:discover_packages(prefix_path) discover
[0.770s] DEBUG:colcon.colcon_installed_package_information.package_discovery:Found 1 installed packages in /home/minmin/roboarm_ws/install
[0.771s] DEBUG:colcon.colcon_installed_package_information.package_discovery:Found 2 installed packages in /home/minmin/ros2_ws/install
[0.774s] DEBUG:colcon.colcon_installed_package_information.package_discovery:Found 341 installed packages in /opt/ros/humble
[0.777s] Level 1:colcon.colcon_core.package_discovery:discover_packages(prefix_path) using defaults
[0.876s] Level 5:colcon.colcon_core.verb:set package 'my_vision_system' build argument 'cmake_args' from command line to 'None'
[0.876s] Level 5:colcon.colcon_core.verb:set package 'my_vision_system' build argument 'cmake_target' from command line to 'None'
[0.876s] Level 5:colcon.colcon_core.verb:set package 'my_vision_system' build argument 'cmake_target_skip_unavailable' from command line to 'False'
[0.876s] Level 5:colcon.colcon_core.verb:set package 'my_vision_system' build argument 'cmake_clean_cache' from command line to 'False'
[0.876s] Level 5:colcon.colcon_core.verb:set package 'my_vision_system' build argument 'cmake_clean_first' from command line to 'False'
[0.876s] Level 5:colcon.colcon_core.verb:set package 'my_vision_system' build argument 'cmake_force_configure' from command line to 'False'
[0.877s] Level 5:colcon.colcon_core.verb:set package 'my_vision_system' build argument 'ament_cmake_args' from command line to 'None'
[0.877s] Level 5:colcon.colcon_core.verb:set package 'my_vision_system' build argument 'catkin_cmake_args' from command line to 'None'
[0.877s] Level 5:colcon.colcon_core.verb:set package 'my_vision_system' build argument 'catkin_skip_building_tests' from command line to 'False'
[0.877s] DEBUG:colcon.colcon_core.verb:Building package 'my_vision_system' with the following arguments: {'ament_cmake_args': None, 'build_base': '/home/minmin/roboarm_ws/build/my_vision_system', 'catkin_cmake_args': None, 'catkin_skip_building_tests': False, 'cmake_args': None, 'cmake_clean_cache': False, 'cmake_clean_first': False, 'cmake_force_configure': False, 'cmake_target': None, 'cmake_target_skip_unavailable': False, 'install_base': '/home/minmin/roboarm_ws/install/my_vision_system', 'merge_install': False, 'path': '/home/minmin/roboarm_ws/src/my_vision_system', 'symlink_install': True, 'test_result_base': None}
[0.877s] INFO:colcon.colcon_core.executor:Executing jobs using 'parallel' executor
[0.880s] DEBUG:colcon.colcon_parallel_executor.executor.parallel:run_until_complete
[0.880s] INFO:colcon.colcon_ros.task.ament_python.build:Building ROS package in '/home/minmin/roboarm_ws/src/my_vision_system' with build type 'ament_python'
[0.881s] Level 1:colcon.colcon_core.shell:create_environment_hook('my_vision_system', 'ament_prefix_path')
[0.884s] INFO:colcon.colcon_core.plugin_system:Skipping extension 'colcon_core.shell.bat': Not used on non-Windows systems
[0.885s] INFO:colcon.colcon_core.shell:Creating environment hook '/home/minmin/roboarm_ws/install/my_vision_system/share/my_vision_system/hook/ament_prefix_path.ps1'
[0.886s] INFO:colcon.colcon_core.shell:Creating environment descriptor '/home/minmin/roboarm_ws/install/my_vision_system/share/my_vision_system/hook/ament_prefix_path.dsv'
[0.887s] INFO:colcon.colcon_core.shell:Creating environment hook '/home/minmin/roboarm_ws/install/my_vision_system/share/my_vision_system/hook/ament_prefix_path.sh'
[0.889s] INFO:colcon.colcon_core.shell:Skip shell extension 'powershell' for command environment: Not usable outside of PowerShell
[0.889s] DEBUG:colcon.colcon_core.shell:Skip shell extension 'dsv' for command environment
[1.450s] INFO:colcon.colcon_core.task.python.build:Building Python package in '/home/minmin/roboarm_ws/src/my_vision_system'
[1.451s] INFO:colcon.colcon_core.shell:Skip shell extension 'powershell' for command environment: Not usable outside of PowerShell
[1.451s] DEBUG:colcon.colcon_core.shell:Skip shell extension 'dsv' for command environment
[2.242s] DEBUG:colcon.colcon_core.event_handler.log_command:Invoking command in '/home/minmin/roboarm_ws/build/my_vision_system': PYTHONPATH=/home/minmin/roboarm_ws/build/my_vision_system/prefix_override:/usr/lib/python3/dist-packages/colcon_core/task/python/colcon_distutils_commands:/home/minmin/roboarm_ws/install/my_vision_system/lib/python3.10/site-packages:${PYTHONPATH} /usr/bin/python3 -W ignore:setup.py install is deprecated -W ignore:easy_install command is deprecated setup.py develop --editable --build-directory /home/minmin/roboarm_ws/build/my_vision_system/build --no-deps symlink_data
[3.183s] Level 1:colcon.colcon_core.shell:create_environment_hook('my_vision_system', 'pythonpath_develop')
[3.184s] INFO:colcon.colcon_core.shell:Creating environment hook '/home/minmin/roboarm_ws/build/my_vision_system/share/my_vision_system/hook/pythonpath_develop.ps1'
[3.186s] DEBUG:colcon.colcon_core.event_handler.log_command:Invoked command in '/home/minmin/roboarm_ws/build/my_vision_system' returned '0': PYTHONPATH=/home/minmin/roboarm_ws/build/my_vision_system/prefix_override:/usr/lib/python3/dist-packages/colcon_core/task/python/colcon_distutils_commands:/home/minmin/roboarm_ws/install/my_vision_system/lib/python3.10/site-packages:${PYTHONPATH} /usr/bin/python3 -W ignore:setup.py install is deprecated -W ignore:easy_install command is deprecated setup.py develop --editable --build-directory /home/minmin/roboarm_ws/build/my_vision_system/build --no-deps symlink_data
[3.186s] INFO:colcon.colcon_core.shell:Creating environment descriptor '/home/minmin/roboarm_ws/build/my_vision_system/share/my_vision_system/hook/pythonpath_develop.dsv'
[3.187s] INFO:colcon.colcon_core.shell:Creating environment hook '/home/minmin/roboarm_ws/build/my_vision_system/share/my_vision_system/hook/pythonpath_develop.sh'
[3.192s] Level 1:colcon.colcon_core.environment:checking '/home/minmin/roboarm_ws/install/my_vision_system' for CMake module files
[3.193s] Level 1:colcon.colcon_core.environment:checking '/home/minmin/roboarm_ws/install/my_vision_system' for CMake config files
[3.194s] Level 1:colcon.colcon_core.environment:checking '/home/minmin/roboarm_ws/install/my_vision_system/lib'
[3.194s] Level 1:colcon.colcon_core.environment:checking '/home/minmin/roboarm_ws/install/my_vision_system/bin'
[3.194s] Level 1:colcon.colcon_core.environment:checking '/home/minmin/roboarm_ws/install/my_vision_system/lib/pkgconfig/my_vision_system.pc'
[3.195s] Level 1:colcon.colcon_core.environment:checking '/home/minmin/roboarm_ws/install/my_vision_system/lib/python3.10/site-packages'
[3.195s] Level 1:colcon.colcon_core.shell:create_environment_hook('my_vision_system', 'pythonpath')
[3.195s] INFO:colcon.colcon_core.shell:Creating environment hook '/home/minmin/roboarm_ws/install/my_vision_system/share/my_vision_system/hook/pythonpath.ps1'
[3.196s] INFO:colcon.colcon_core.shell:Creating environment descriptor '/home/minmin/roboarm_ws/install/my_vision_system/share/my_vision_system/hook/pythonpath.dsv'
[3.197s] INFO:colcon.colcon_core.shell:Creating environment hook '/home/minmin/roboarm_ws/install/my_vision_system/share/my_vision_system/hook/pythonpath.sh'
[3.199s] Level 1:colcon.colcon_core.environment:checking '/home/minmin/roboarm_ws/install/my_vision_system/bin'
[3.199s] Level 1:colcon.colcon_core.environment:create_environment_scripts_only(my_vision_system)
[3.200s] INFO:colcon.colcon_core.shell:Creating package script '/home/minmin/roboarm_ws/install/my_vision_system/share/my_vision_system/package.ps1'
[3.203s] INFO:colcon.colcon_core.shell:Creating package descriptor '/home/minmin/roboarm_ws/install/my_vision_system/share/my_vision_system/package.dsv'
[3.205s] INFO:colcon.colcon_core.shell:Creating package script '/home/minmin/roboarm_ws/install/my_vision_system/share/my_vision_system/package.sh'
[3.207s] INFO:colcon.colcon_core.shell:Creating package script '/home/minmin/roboarm_ws/install/my_vision_system/share/my_vision_system/package.bash'
[3.208s] INFO:colcon.colcon_core.shell:Creating package script '/home/minmin/roboarm_ws/install/my_vision_system/share/my_vision_system/package.zsh'
[3.210s] Level 1:colcon.colcon_core.environment:create_file_with_runtime_dependencies(/home/minmin/roboarm_ws/install/my_vision_system/share/colcon-core/packages/my_vision_system)
[3.211s] DEBUG:colcon.colcon_parallel_executor.executor.parallel:closing loop
[3.211s] DEBUG:colcon.colcon_parallel_executor.executor.parallel:loop closed
[3.212s] DEBUG:colcon.colcon_parallel_executor.executor.parallel:run_until_complete finished with '0'
[3.212s] DEBUG:colcon.colcon_core.event_reactor:joining thread
[3.229s] INFO:colcon.colcon_core.plugin_system:Skipping extension 'colcon_notification.desktop_notification.terminal_notifier': Not used on non-Darwin systems
[3.229s] INFO:colcon.colcon_core.plugin_system:Skipping extension 'colcon_notification.desktop_notification.win32': Not used on non-Windows systems
[3.230s] INFO:colcon.colcon_notification.desktop_notification:Sending desktop notification using 'notify2'
[3.261s] DEBUG:colcon.colcon_core.event_reactor:joined thread
[3.262s] INFO:colcon.colcon_core.shell:Creating prefix script '/home/minmin/roboarm_ws/install/local_setup.ps1'
[3.266s] INFO:colcon.colcon_core.shell:Creating prefix util module '/home/minmin/roboarm_ws/install/_local_setup_util_ps1.py'
[3.269s] INFO:colcon.colcon_core.shell:Creating prefix chain script '/home/minmin/roboarm_ws/install/setup.ps1'
[3.272s] INFO:colcon.colcon_core.shell:Creating prefix script '/home/minmin/roboarm_ws/install/local_setup.sh'
[3.274s] INFO:colcon.colcon_core.shell:Creating prefix util module '/home/minmin/roboarm_ws/install/_local_setup_util_sh.py'
[3.275s] INFO:colcon.colcon_core.shell:Creating prefix chain script '/home/minmin/roboarm_ws/install/setup.sh'
[3.280s] INFO:colcon.colcon_core.shell:Creating prefix script '/home/minmin/roboarm_ws/install/local_setup.bash'
[3.282s] INFO:colcon.colcon_core.shell:Creating prefix chain script '/home/minmin/roboarm_ws/install/setup.bash'
[3.286s] INFO:colcon.colcon_core.shell:Creating prefix script '/home/minmin/roboarm_ws/install/local_setup.zsh'
[3.287s] INFO:colcon.colcon_core.shell:Creating prefix chain script '/home/minmin/roboarm_ws/install/setup.zsh'
