[0.023s] Invoking command in '/home/poomjai/ros2_ws/src/mecanum4_description/build/mecanum4_description': CMAKE_PREFIX_PATH=${CMAKE_PREFIX_PATH}:/home/poomjai/my_camera_project/install/my_camera_project:/opt/ros/humble PS1=(yolo_env) \[\e]0;\u@\h: \w\a\]${debian_chroot:+($debian_chroot)}\[\033[01;32m\]\u@\h\[\033[00m\]:\[\033[01;34m\]\w\[\033[00m\]\$ VIRTUAL_ENV_PROMPT=(yolo_env) /usr/bin/cmake --build /home/poomjai/ros2_ws/src/mecanum4_description/build/mecanum4_description -- -j8 -l8
[0.133s] Invoked command in '/home/poomjai/ros2_ws/src/mecanum4_description/build/mecanum4_description' returned '0': CMAKE_PREFIX_PATH=${CMAKE_PREFIX_PATH}:/home/poomjai/my_camera_project/install/my_camera_project:/opt/ros/humble PS1=(yolo_env) \[\e]0;\u@\h: \w\a\]${debian_chroot:+($debian_chroot)}\[\033[01;32m\]\u@\h\[\033[00m\]:\[\033[01;34m\]\w\[\033[00m\]\$ VIRTUAL_ENV_PROMPT=(yolo_env) /usr/bin/cmake --build /home/poomjai/ros2_ws/src/mecanum4_description/build/mecanum4_description -- -j8 -l8
[0.150s] Invoking command in '/home/poomjai/ros2_ws/src/mecanum4_description/build/mecanum4_description': CMAKE_PREFIX_PATH=${CMAKE_PREFIX_PATH}:/home/poomjai/my_camera_project/install/my_camera_project:/opt/ros/humble PS1=(yolo_env) \[\e]0;\u@\h: \w\a\]${debian_chroot:+($debian_chroot)}\[\033[01;32m\]\u@\h\[\033[00m\]:\[\033[01;34m\]\w\[\033[00m\]\$ VIRTUAL_ENV_PROMPT=(yolo_env) /usr/bin/cmake --install /home/poomjai/ros2_ws/src/mecanum4_description/build/mecanum4_description
[0.163s] -- Install configuration: ""
[0.164s] -- Up-to-date: /home/poomjai/ros2_ws/src/mecanum4_description/install/mecanum4_description/share/mecanum4_description/urdf
[0.164s] -- Installing: /home/poomjai/ros2_ws/src/mecanum4_description/install/mecanum4_description/share/mecanum4_description/urdf/mecanum4_lidar.urdf
[0.165s] -- Installing: /home/poomjai/ros2_ws/src/mecanum4_description/install/mecanum4_description/share/mecanum4_description/urdf/target_item.urdf
[0.166s] -- Installing: /home/poomjai/ros2_ws/src/mecanum4_description/install/mecanum4_description/share/mecanum4_description/urdf/meshes
[0.166s] -- Installing: /home/poomjai/ros2_ws/src/mecanum4_description/install/mecanum4_description/share/mecanum4_description/urdf/meshes/Hand.stl
[0.206s] -- Installing: /home/poomjai/ros2_ws/src/mecanum4_description/install/mecanum4_description/share/mecanum4_description/urdf/meshes/Fist.stl
[0.259s] -- Installing: /home/poomjai/ros2_ws/src/mecanum4_description/install/mecanum4_description/share/mecanum4_description/urdf/meshes/Spear.stl
[0.337s] -- Up-to-date: /home/poomjai/ros2_ws/src/mecanum4_description/install/mecanum4_description/share/mecanum4_description/launch
[0.337s] -- Installing: /home/poomjai/ros2_ws/src/mecanum4_description/install/mecanum4_description/share/mecanum4_description/launch/localization_bringup.launch.py
[0.338s] -- Installing: /home/poomjai/ros2_ws/src/mecanum4_description/install/mecanum4_description/share/mecanum4_description/launch/nav2_slam_bringup.launch.py
[0.338s] -- Up-to-date: /home/poomjai/ros2_ws/src/mecanum4_description/install/mecanum4_description/share/mecanum4_description/launch/abu_stadium_spawn.launch.py
[0.339s] -- Installing: /home/poomjai/ros2_ws/src/mecanum4_description/install/mecanum4_description/share/mecanum4_description/launch/nav2_amcl_bringup.launch.py
[0.339s] -- Up-to-date: /home/poomjai/ros2_ws/src/mecanum4_description/install/mecanum4_description/share/mecanum4_description/launch/sim_bringup.launch.py
[0.340s] -- Up-to-date: /home/poomjai/ros2_ws/src/mecanum4_description/install/mecanum4_description/share/mecanum4_description/launch/display.launch.py
[0.340s] -- Up-to-date: /home/poomjai/ros2_ws/src/mecanum4_description/install/mecanum4_description/share/mecanum4_description/launch/robot_state_publisher.launch.py
[0.340s] -- Up-to-date: /home/poomjai/ros2_ws/src/mecanum4_description/install/mecanum4_description/share/mecanum4_description/config
[0.340s] -- Up-to-date: /home/poomjai/ros2_ws/src/mecanum4_description/install/mecanum4_description/share/mecanum4_description/config/nav2_params.yaml
[0.340s] -- Up-to-date: /home/poomjai/ros2_ws/src/mecanum4_description/install/mecanum4_description/share/mecanum4_description/config/slam_params.yaml
[0.340s] -- Installing: /home/poomjai/ros2_ws/src/mecanum4_description/install/mecanum4_description/share/mecanum4_description/config/nav2_view.rviz
[0.341s] -- Up-to-date: /home/poomjai/ros2_ws/src/mecanum4_description/install/mecanum4_description/share/mecanum4_description/config/mecanum_controllers.yaml
[0.341s] -- Up-to-date: /home/poomjai/ros2_ws/src/mecanum4_description/install/mecanum4_description/share/mecanum4_description/behavior_trees
[0.342s] -- Up-to-date: /home/poomjai/ros2_ws/src/mecanum4_description/install/mecanum4_description/share/mecanum4_description/behavior_trees/navigate_to_pose_w_replanning_and_recovery.xml
[0.342s] -- Up-to-date: /home/poomjai/ros2_ws/src/mecanum4_description/install/mecanum4_description/lib/mecanum4_description/cmd_vel_to_wheels.py
[0.342s] -- Up-to-date: /home/poomjai/ros2_ws/src/mecanum4_description/install/mecanum4_description/lib/mecanum4_description/teleop_gui.py
[0.342s] -- Up-to-date: /home/poomjai/ros2_ws/src/mecanum4_description/install/mecanum4_description/lib/mecanum4_description/amcl_kidnap_spin.py
[0.343s] -- Up-to-date: /home/poomjai/ros2_ws/src/mecanum4_description/install/mecanum4_description/lib/mecanum4_description/docking_node.py
[0.343s] -- Installing: /home/poomjai/ros2_ws/src/mecanum4_description/install/mecanum4_description/lib/mecanum4_description/camera_docking_node.py
[0.344s] -- Installing: /home/poomjai/ros2_ws/src/mecanum4_description/install/mecanum4_description/lib/mecanum4_description/fused_docking_node.py
[0.345s] -- Installing: /home/poomjai/ros2_ws/src/mecanum4_description/install/mecanum4_description/lib/mecanum4_description/cam_lidar_docking_node.py
[0.346s] -- Up-to-date: /home/poomjai/ros2_ws/src/mecanum4_description/install/mecanum4_description/share/ament_index/resource_index/package_run_dependencies/mecanum4_description
[0.346s] -- Up-to-date: /home/poomjai/ros2_ws/src/mecanum4_description/install/mecanum4_description/share/ament_index/resource_index/parent_prefix_path/mecanum4_description
[0.346s] -- Up-to-date: /home/poomjai/ros2_ws/src/mecanum4_description/install/mecanum4_description/share/mecanum4_description/environment/ament_prefix_path.sh
[0.346s] -- Up-to-date: /home/poomjai/ros2_ws/src/mecanum4_description/install/mecanum4_description/share/mecanum4_description/environment/ament_prefix_path.dsv
[0.347s] -- Up-to-date: /home/poomjai/ros2_ws/src/mecanum4_description/install/mecanum4_description/share/mecanum4_description/environment/path.sh
[0.347s] -- Up-to-date: /home/poomjai/ros2_ws/src/mecanum4_description/install/mecanum4_description/share/mecanum4_description/environment/path.dsv
[0.347s] -- Up-to-date: /home/poomjai/ros2_ws/src/mecanum4_description/install/mecanum4_description/share/mecanum4_description/local_setup.bash
[0.347s] -- Up-to-date: /home/poomjai/ros2_ws/src/mecanum4_description/install/mecanum4_description/share/mecanum4_description/local_setup.sh
[0.347s] -- Up-to-date: /home/poomjai/ros2_ws/src/mecanum4_description/install/mecanum4_description/share/mecanum4_description/local_setup.zsh
[0.347s] -- Up-to-date: /home/poomjai/ros2_ws/src/mecanum4_description/install/mecanum4_description/share/mecanum4_description/local_setup.dsv
[0.347s] -- Installing: /home/poomjai/ros2_ws/src/mecanum4_description/install/mecanum4_description/share/mecanum4_description/package.dsv
[0.348s] -- Up-to-date: /home/poomjai/ros2_ws/src/mecanum4_description/install/mecanum4_description/share/ament_index/resource_index/packages/mecanum4_description
[0.348s] -- Up-to-date: /home/poomjai/ros2_ws/src/mecanum4_description/install/mecanum4_description/share/mecanum4_description/cmake/mecanum4_descriptionConfig.cmake
[0.348s] -- Up-to-date: /home/poomjai/ros2_ws/src/mecanum4_description/install/mecanum4_description/share/mecanum4_description/cmake/mecanum4_descriptionConfig-version.cmake
[0.348s] -- Up-to-date: /home/poomjai/ros2_ws/src/mecanum4_description/install/mecanum4_description/share/mecanum4_description/package.xml
[0.352s] Invoked command in '/home/poomjai/ros2_ws/src/mecanum4_description/build/mecanum4_description' returned '0': CMAKE_PREFIX_PATH=${CMAKE_PREFIX_PATH}:/home/poomjai/my_camera_project/install/my_camera_project:/opt/ros/humble PS1=(yolo_env) \[\e]0;\u@\h: \w\a\]${debian_chroot:+($debian_chroot)}\[\033[01;32m\]\u@\h\[\033[00m\]:\[\033[01;34m\]\w\[\033[00m\]\$ VIRTUAL_ENV_PROMPT=(yolo_env) /usr/bin/cmake --install /home/poomjai/ros2_ws/src/mecanum4_description/build/mecanum4_description
