[0.649s] DEBUG:colcon:Command line arguments: ['/usr/bin/colcon', 'build']
[0.650s] DEBUG:colcon:Parsed command line arguments: Namespace(log_base=None, log_level=None, verb_name='build', build_base='build', install_base='install', merge_install=False, symlink_install=False, test_result_base=None, continue_on_error=False, executor='parallel', parallel_workers=8, event_handlers=None, ignore_user_meta=False, metas=['./colcon.meta'], base_paths=['.'], packages_ignore=None, packages_ignore_regex=None, paths=None, packages_up_to=None, packages_up_to_regex=None, packages_above=None, packages_above_and_dependencies=None, packages_above_depth=None, packages_select_by_dep=None, packages_skip_by_dep=None, packages_skip_up_to=None, packages_select_build_failed=False, packages_skip_build_finished=False, packages_select_test_failures=False, packages_skip_test_passed=False, packages_select=None, packages_skip=None, packages_select_regex=None, packages_skip_regex=None, packages_start=None, packages_end=None, allow_overriding=[], cmake_args=None, cmake_target=None, cmake_target_skip_unavailable=False, cmake_clean_cache=False, cmake_clean_first=False, cmake_force_configure=False, ament_cmake_args=None, catkin_cmake_args=None, catkin_skip_building_tests=False, mixin_files=None, mixin=None, verb_parser=<colcon_mixin.mixin.mixin_argument.MixinArgumentDecorator object at 0x7bfa93461ff0>, verb_extension=<colcon_core.verb.build.BuildVerb object at 0x7bfa93461a20>, main=<bound method BuildVerb.main of <colcon_core.verb.build.BuildVerb object at 0x7bfa93461a20>>, mixin_verb=('build',))
[0.968s] Level 1:colcon.colcon_core.package_discovery:discover_packages(colcon_meta) check parameters
[0.968s] Level 1:colcon.colcon_core.package_discovery:discover_packages(recursive) check parameters
[0.968s] Level 1:colcon.colcon_core.package_discovery:discover_packages(ignore) check parameters
[0.968s] Level 1:colcon.colcon_core.package_discovery:discover_packages(path) check parameters
[0.968s] Level 1:colcon.colcon_core.package_discovery:discover_packages(colcon_meta) discover
[0.968s] Level 1:colcon.colcon_core.package_discovery:discover_packages(recursive) discover
[0.968s] INFO:colcon.colcon_core.package_discovery:Crawling recursively for packages in '/home/minmin/ros2_ws/src/mecanum4_description'
[0.968s] Level 1:colcon.colcon_core.package_identification:_identify(.) by extensions ['ignore', 'ignore_ament_install']
[0.968s] Level 1:colcon.colcon_core.package_identification:_identify(.) by extension 'ignore'
[0.968s] Level 1:colcon.colcon_core.package_identification:_identify(.) by extension 'ignore_ament_install'
[0.969s] Level 1:colcon.colcon_core.package_identification:_identify(.) by extensions ['colcon_pkg']
[0.969s] Level 1:colcon.colcon_core.package_identification:_identify(.) by extension 'colcon_pkg'
[0.969s] Level 1:colcon.colcon_core.package_identification:_identify(.) by extensions ['colcon_meta']
[0.969s] Level 1:colcon.colcon_core.package_identification:_identify(.) by extension 'colcon_meta'
[0.969s] Level 1:colcon.colcon_core.package_identification:_identify(.) by extensions ['ros']
[0.969s] Level 1:colcon.colcon_core.package_identification:_identify(.) by extension 'ros'
[0.993s] DEBUG:colcon.colcon_core.package_identification:Package '.' with type 'ros.ament_cmake' and name 'mecanum4_description'
[0.993s] Level 1:colcon.colcon_core.package_discovery:discover_packages(recursive) using defaults
[0.993s] Level 1:colcon.colcon_core.package_discovery:discover_packages(ignore) discover
[0.993s] Level 1:colcon.colcon_core.package_discovery:discover_packages(ignore) using defaults
[0.993s] Level 1:colcon.colcon_core.package_discovery:discover_packages(path) discover
[0.993s] Level 1:colcon.colcon_core.package_discovery:discover_packages(path) using defaults
[1.059s] Level 1:colcon.colcon_core.package_discovery:discover_packages(prefix_path) check parameters
[1.059s] Level 1:colcon.colcon_core.package_discovery:discover_packages(prefix_path) discover
[1.062s] DEBUG:colcon.colcon_installed_package_information.package_discovery:Found 2 installed packages in /home/minmin/ros2_ws/install
[1.066s] DEBUG:colcon.colcon_installed_package_information.package_discovery:Found 370 installed packages in /opt/ros/humble
[1.069s] Level 1:colcon.colcon_core.package_discovery:discover_packages(prefix_path) using defaults
[1.170s] Level 5:colcon.colcon_core.verb:set package 'mecanum4_description' build argument 'cmake_args' from command line to 'None'
[1.171s] Level 5:colcon.colcon_core.verb:set package 'mecanum4_description' build argument 'cmake_target' from command line to 'None'
[1.171s] Level 5:colcon.colcon_core.verb:set package 'mecanum4_description' build argument 'cmake_target_skip_unavailable' from command line to 'False'
[1.171s] Level 5:colcon.colcon_core.verb:set package 'mecanum4_description' build argument 'cmake_clean_cache' from command line to 'False'
[1.171s] Level 5:colcon.colcon_core.verb:set package 'mecanum4_description' build argument 'cmake_clean_first' from command line to 'False'
[1.171s] Level 5:colcon.colcon_core.verb:set package 'mecanum4_description' build argument 'cmake_force_configure' from command line to 'False'
[1.171s] Level 5:colcon.colcon_core.verb:set package 'mecanum4_description' build argument 'ament_cmake_args' from command line to 'None'
[1.171s] Level 5:colcon.colcon_core.verb:set package 'mecanum4_description' build argument 'catkin_cmake_args' from command line to 'None'
[1.171s] Level 5:colcon.colcon_core.verb:set package 'mecanum4_description' build argument 'catkin_skip_building_tests' from command line to 'False'
[1.171s] DEBUG:colcon.colcon_core.verb:Building package 'mecanum4_description' with the following arguments: {'ament_cmake_args': None, 'build_base': '/home/minmin/ros2_ws/src/mecanum4_description/build/mecanum4_description', 'catkin_cmake_args': None, 'catkin_skip_building_tests': False, 'cmake_args': None, 'cmake_clean_cache': False, 'cmake_clean_first': False, 'cmake_force_configure': False, 'cmake_target': None, 'cmake_target_skip_unavailable': False, 'install_base': '/home/minmin/ros2_ws/src/mecanum4_description/install/mecanum4_description', 'merge_install': False, 'path': '/home/minmin/ros2_ws/src/mecanum4_description', 'symlink_install': False, 'test_result_base': None}
[1.172s] INFO:colcon.colcon_core.executor:Executing jobs using 'parallel' executor
[1.175s] DEBUG:colcon.colcon_parallel_executor.executor.parallel:run_until_complete
[1.176s] INFO:colcon.colcon_ros.task.ament_cmake.build:Building ROS package in '/home/minmin/ros2_ws/src/mecanum4_description' with build type 'ament_cmake'
[1.176s] INFO:colcon.colcon_cmake.task.cmake.build:Building CMake package in '/home/minmin/ros2_ws/src/mecanum4_description'
[1.181s] INFO:colcon.colcon_core.plugin_system:Skipping extension 'colcon_core.shell.bat': Not used on non-Windows systems
[1.182s] INFO:colcon.colcon_core.shell:Skip shell extension 'powershell' for command environment: Not usable outside of PowerShell
[1.182s] DEBUG:colcon.colcon_core.shell:Skip shell extension 'dsv' for command environment
[1.208s] DEBUG:colcon.colcon_core.event_handler.log_command:Invoking command in '/home/minmin/ros2_ws/src/mecanum4_description/build/mecanum4_description': CMAKE_PREFIX_PATH=${CMAKE_PREFIX_PATH}:/opt/ros/humble /usr/bin/cmake --build /home/minmin/ros2_ws/src/mecanum4_description/build/mecanum4_description -- -j8 -l8
[1.286s] DEBUG:colcon.colcon_core.event_handler.log_command:Invoked command in '/home/minmin/ros2_ws/src/mecanum4_description/build/mecanum4_description' returned '0': CMAKE_PREFIX_PATH=${CMAKE_PREFIX_PATH}:/opt/ros/humble /usr/bin/cmake --build /home/minmin/ros2_ws/src/mecanum4_description/build/mecanum4_description -- -j8 -l8
[1.309s] DEBUG:colcon.colcon_core.event_handler.log_command:Invoking command in '/home/minmin/ros2_ws/src/mecanum4_description/build/mecanum4_description': CMAKE_PREFIX_PATH=${CMAKE_PREFIX_PATH}:/opt/ros/humble /usr/bin/cmake --install /home/minmin/ros2_ws/src/mecanum4_description/build/mecanum4_description
[1.334s] Level 1:colcon.colcon_core.environment:create_environment_scripts_only(mecanum4_description)
[1.335s] DEBUG:colcon.colcon_core.event_handler.log_command:Invoked command in '/home/minmin/ros2_ws/src/mecanum4_description/build/mecanum4_description' returned '0': CMAKE_PREFIX_PATH=${CMAKE_PREFIX_PATH}:/opt/ros/humble /usr/bin/cmake --install /home/minmin/ros2_ws/src/mecanum4_description/build/mecanum4_description
[1.338s] Level 1:colcon.colcon_core.environment:checking '/home/minmin/ros2_ws/src/mecanum4_description/install/mecanum4_description' for CMake module files
[1.339s] Level 1:colcon.colcon_core.environment:checking '/home/minmin/ros2_ws/src/mecanum4_description/install/mecanum4_description' for CMake config files
[1.340s] Level 1:colcon.colcon_core.shell:create_environment_hook('mecanum4_description', 'cmake_prefix_path')
[1.341s] INFO:colcon.colcon_core.shell:Creating environment hook '/home/minmin/ros2_ws/src/mecanum4_description/install/mecanum4_description/share/mecanum4_description/hook/cmake_prefix_path.ps1'
[1.342s] INFO:colcon.colcon_core.shell:Creating environment descriptor '/home/minmin/ros2_ws/src/mecanum4_description/install/mecanum4_description/share/mecanum4_description/hook/cmake_prefix_path.dsv'
[1.342s] INFO:colcon.colcon_core.shell:Creating environment hook '/home/minmin/ros2_ws/src/mecanum4_description/install/mecanum4_description/share/mecanum4_description/hook/cmake_prefix_path.sh'
[1.344s] Level 1:colcon.colcon_core.environment:checking '/home/minmin/ros2_ws/src/mecanum4_description/install/mecanum4_description/lib'
[1.344s] Level 1:colcon.colcon_core.environment:checking '/home/minmin/ros2_ws/src/mecanum4_description/install/mecanum4_description/bin'
[1.345s] Level 1:colcon.colcon_core.environment:checking '/home/minmin/ros2_ws/src/mecanum4_description/install/mecanum4_description/lib/pkgconfig/mecanum4_description.pc'
[1.346s] Level 1:colcon.colcon_core.environment:checking '/home/minmin/ros2_ws/src/mecanum4_description/install/mecanum4_description/lib/python3.10/site-packages'
[1.347s] Level 1:colcon.colcon_core.environment:checking '/home/minmin/ros2_ws/src/mecanum4_description/install/mecanum4_description/bin'
[1.348s] INFO:colcon.colcon_core.shell:Creating package script '/home/minmin/ros2_ws/src/mecanum4_description/install/mecanum4_description/share/mecanum4_description/package.ps1'
[1.349s] INFO:colcon.colcon_core.shell:Creating package descriptor '/home/minmin/ros2_ws/src/mecanum4_description/install/mecanum4_description/share/mecanum4_description/package.dsv'
[1.350s] INFO:colcon.colcon_core.shell:Creating package script '/home/minmin/ros2_ws/src/mecanum4_description/install/mecanum4_description/share/mecanum4_description/package.sh'
[1.351s] INFO:colcon.colcon_core.shell:Creating package script '/home/minmin/ros2_ws/src/mecanum4_description/install/mecanum4_description/share/mecanum4_description/package.bash'
[1.353s] INFO:colcon.colcon_core.shell:Creating package script '/home/minmin/ros2_ws/src/mecanum4_description/install/mecanum4_description/share/mecanum4_description/package.zsh'
[1.354s] Level 1:colcon.colcon_core.environment:create_file_with_runtime_dependencies(/home/minmin/ros2_ws/src/mecanum4_description/install/mecanum4_description/share/colcon-core/packages/mecanum4_description)
[1.355s] Level 1:colcon.colcon_core.environment:create_environment_scripts_only(mecanum4_description)
[1.355s] Level 1:colcon.colcon_core.environment:checking '/home/minmin/ros2_ws/src/mecanum4_description/install/mecanum4_description' for CMake module files
[1.356s] Level 1:colcon.colcon_core.environment:checking '/home/minmin/ros2_ws/src/mecanum4_description/install/mecanum4_description' for CMake config files
[1.357s] Level 1:colcon.colcon_core.shell:create_environment_hook('mecanum4_description', 'cmake_prefix_path')
[1.357s] INFO:colcon.colcon_core.shell:Creating environment hook '/home/minmin/ros2_ws/src/mecanum4_description/install/mecanum4_description/share/mecanum4_description/hook/cmake_prefix_path.ps1'
[1.358s] INFO:colcon.colcon_core.shell:Creating environment descriptor '/home/minmin/ros2_ws/src/mecanum4_description/install/mecanum4_description/share/mecanum4_description/hook/cmake_prefix_path.dsv'
[1.359s] INFO:colcon.colcon_core.shell:Creating environment hook '/home/minmin/ros2_ws/src/mecanum4_description/install/mecanum4_description/share/mecanum4_description/hook/cmake_prefix_path.sh'
[1.360s] Level 1:colcon.colcon_core.environment:checking '/home/minmin/ros2_ws/src/mecanum4_description/install/mecanum4_description/lib'
[1.361s] Level 1:colcon.colcon_core.environment:checking '/home/minmin/ros2_ws/src/mecanum4_description/install/mecanum4_description/bin'
[1.361s] Level 1:colcon.colcon_core.environment:checking '/home/minmin/ros2_ws/src/mecanum4_description/install/mecanum4_description/lib/pkgconfig/mecanum4_description.pc'
[1.361s] Level 1:colcon.colcon_core.environment:checking '/home/minmin/ros2_ws/src/mecanum4_description/install/mecanum4_description/lib/python3.10/site-packages'
[1.362s] Level 1:colcon.colcon_core.environment:checking '/home/minmin/ros2_ws/src/mecanum4_description/install/mecanum4_description/bin'
[1.363s] INFO:colcon.colcon_core.shell:Creating package script '/home/minmin/ros2_ws/src/mecanum4_description/install/mecanum4_description/share/mecanum4_description/package.ps1'
[1.364s] INFO:colcon.colcon_core.shell:Creating package descriptor '/home/minmin/ros2_ws/src/mecanum4_description/install/mecanum4_description/share/mecanum4_description/package.dsv'
[1.365s] INFO:colcon.colcon_core.shell:Creating package script '/home/minmin/ros2_ws/src/mecanum4_description/install/mecanum4_description/share/mecanum4_description/package.sh'
[1.366s] INFO:colcon.colcon_core.shell:Creating package script '/home/minmin/ros2_ws/src/mecanum4_description/install/mecanum4_description/share/mecanum4_description/package.bash'
[1.367s] INFO:colcon.colcon_core.shell:Creating package script '/home/minmin/ros2_ws/src/mecanum4_description/install/mecanum4_description/share/mecanum4_description/package.zsh'
[1.369s] Level 1:colcon.colcon_core.environment:create_file_with_runtime_dependencies(/home/minmin/ros2_ws/src/mecanum4_description/install/mecanum4_description/share/colcon-core/packages/mecanum4_description)
[1.369s] DEBUG:colcon.colcon_parallel_executor.executor.parallel:closing loop
[1.371s] DEBUG:colcon.colcon_parallel_executor.executor.parallel:loop closed
[1.371s] DEBUG:colcon.colcon_parallel_executor.executor.parallel:run_until_complete finished with '0'
[1.371s] DEBUG:colcon.colcon_core.event_reactor:joining thread
[1.611s] INFO:colcon.colcon_core.plugin_system:Skipping extension 'colcon_notification.desktop_notification.notify_send': Could not find 'notify-send'
[1.611s] INFO:colcon.colcon_core.plugin_system:Skipping extension 'colcon_notification.desktop_notification.terminal_notifier': Not used on non-Darwin systems
[1.612s] INFO:colcon.colcon_core.plugin_system:Skipping extension 'colcon_notification.desktop_notification.win32': Not used on non-Windows systems
[1.612s] INFO:colcon.colcon_notification.desktop_notification:Sending desktop notification using 'notify2'
[1.612s] DEBUG:colcon.colcon_notification.desktop_notification.notify2:Failed to initialize notify2: org.freedesktop.DBus.Error.FileNotFound: Failed to connect to socket /run/user/1000/bus: No such file or directory
[1.613s] DEBUG:colcon.colcon_core.event_reactor:joined thread
[1.613s] INFO:colcon.colcon_core.shell:Creating prefix script '/home/minmin/ros2_ws/src/mecanum4_description/install/local_setup.ps1'
[1.615s] INFO:colcon.colcon_core.shell:Creating prefix util module '/home/minmin/ros2_ws/src/mecanum4_description/install/_local_setup_util_ps1.py'
[1.618s] INFO:colcon.colcon_core.shell:Creating prefix chain script '/home/minmin/ros2_ws/src/mecanum4_description/install/setup.ps1'
[1.621s] INFO:colcon.colcon_core.shell:Creating prefix script '/home/minmin/ros2_ws/src/mecanum4_description/install/local_setup.sh'
[1.623s] INFO:colcon.colcon_core.shell:Creating prefix util module '/home/minmin/ros2_ws/src/mecanum4_description/install/_local_setup_util_sh.py'
[1.624s] INFO:colcon.colcon_core.shell:Creating prefix chain script '/home/minmin/ros2_ws/src/mecanum4_description/install/setup.sh'
[1.626s] INFO:colcon.colcon_core.shell:Creating prefix script '/home/minmin/ros2_ws/src/mecanum4_description/install/local_setup.bash'
[1.627s] INFO:colcon.colcon_core.shell:Creating prefix chain script '/home/minmin/ros2_ws/src/mecanum4_description/install/setup.bash'
[1.629s] INFO:colcon.colcon_core.shell:Creating prefix script '/home/minmin/ros2_ws/src/mecanum4_description/install/local_setup.zsh'
[1.630s] INFO:colcon.colcon_core.shell:Creating prefix chain script '/home/minmin/ros2_ws/src/mecanum4_description/install/setup.zsh'
