running egg_info
writing ../../build/my_vision_system/my_vision_system.egg-info/PKG-INFO
writing dependency_links to ../../build/my_vision_system/my_vision_system.egg-info/dependency_links.txt
writing entry points to ../../build/my_vision_system/my_vision_system.egg-info/entry_points.txt
writing requirements to ../../build/my_vision_system/my_vision_system.egg-info/requires.txt
writing top-level names to ../../build/my_vision_system/my_vision_system.egg-info/top_level.txt
reading manifest file '../../build/my_vision_system/my_vision_system.egg-info/SOURCES.txt'
writing manifest file '../../build/my_vision_system/my_vision_system.egg-info/SOURCES.txt'
running build
running build_py
copying my_vision_system/picking_node.py -> /home/poomjai/roboarm_ws/build/my_vision_system/build/lib/my_vision_system
running install
running install_lib
copying /home/poomjai/roboarm_ws/build/my_vision_system/build/lib/my_vision_system/picking_node.py -> /home/poomjai/roboarm_ws/install/my_vision_system/lib/python3.10/site-packages/my_vision_system
byte-compiling /home/poomjai/roboarm_ws/install/my_vision_system/lib/python3.10/site-packages/my_vision_system/picking_node.py to picking_node.cpython-310.pyc
running install_data
running install_egg_info
removing '/home/poomjai/roboarm_ws/install/my_vision_system/lib/python3.10/site-packages/my_vision_system-0.0.0-py3.10.egg-info' (and everything under it)
Copying ../../build/my_vision_system/my_vision_system.egg-info to /home/poomjai/roboarm_ws/install/my_vision_system/lib/python3.10/site-packages/my_vision_system-0.0.0-py3.10.egg-info
running install_scripts
Installing yolo_node script to /home/poomjai/roboarm_ws/install/my_vision_system/lib/my_vision_system
writing list of installed files to '/home/poomjai/roboarm_ws/build/my_vision_system/install.log'
