[0.303s] DEBUG:colcon:Command line arguments: ['/usr/bin/colcon', 'build']
[0.303s] DEBUG:colcon:Parsed command line arguments: Namespace(log_base=None, log_level=None, verb_name='build', build_base='build', install_base='install', merge_install=False, symlink_install=False, test_result_base=None, continue_on_error=False, executor='parallel', parallel_workers=4, event_handlers=None, ignore_user_meta=False, metas=['./colcon.meta'], base_paths=['.'], packages_ignore=None, packages_ignore_regex=None, paths=None, packages_up_to=None, packages_up_to_regex=None, packages_above=None, packages_above_and_dependencies=None, packages_above_depth=None, packages_select_by_dep=None, packages_skip_by_dep=None, packages_skip_up_to=None, packages_select_build_failed=False, packages_skip_build_finished=False, packages_select_test_failures=False, packages_skip_test_passed=False, packages_select=None, packages_skip=None, packages_select_regex=None, packages_skip_regex=None, packages_start=None, packages_end=None, allow_overriding=[], cmake_args=None, cmake_target=None, cmake_target_skip_unavailable=False, cmake_clean_cache=False, cmake_clean_first=False, cmake_force_configure=False, ament_cmake_args=None, catkin_cmake_args=None, catkin_skip_building_tests=False, verb_parser=<colcon_defaults.argument_parser.defaults.DefaultArgumentsDecorator object at 0x73a1f76a7580>, verb_extension=<colcon_core.verb.build.BuildVerb object at 0x73a1f76a6fb0>, main=<bound method BuildVerb.main of <colcon_core.verb.build.BuildVerb object at 0x73a1f76a6fb0>>)
[1.246s] Level 1:colcon.colcon_core.package_discovery:discover_packages(colcon_meta) check parameters
[1.246s] Level 1:colcon.colcon_core.package_discovery:discover_packages(recursive) check parameters
[1.246s] Level 1:colcon.colcon_core.package_discovery:discover_packages(ignore) check parameters
[1.246s] Level 1:colcon.colcon_core.package_discovery:discover_packages(path) check parameters
[1.246s] Level 1:colcon.colcon_core.package_discovery:discover_packages(colcon_meta) discover
[1.246s] Level 1:colcon.colcon_core.package_discovery:discover_packages(recursive) discover
[1.246s] INFO:colcon.colcon_core.package_discovery:Crawling recursively for packages in '/home/vboxuser/robocon_ws'
[1.246s] Level 1:colcon.colcon_core.package_identification:_identify(.) by extensions ['ignore', 'ignore_ament_install']
[1.246s] Level 1:colcon.colcon_core.package_identification:_identify(.) by extension 'ignore'
[1.246s] Level 1:colcon.colcon_core.package_identification:_identify(.) by extension 'ignore_ament_install'
[1.246s] Level 1:colcon.colcon_core.package_identification:_identify(.) by extensions ['colcon_pkg']
[1.246s] Level 1:colcon.colcon_core.package_identification:_identify(.) by extension 'colcon_pkg'
[1.246s] Level 1:colcon.colcon_core.package_identification:_identify(.) by extensions ['colcon_meta']
[1.246s] Level 1:colcon.colcon_core.package_identification:_identify(.) by extension 'colcon_meta'
[1.247s] Level 1:colcon.colcon_core.package_identification:_identify(.) by extensions ['ros']
[1.247s] Level 1:colcon.colcon_core.package_identification:_identify(.) by extension 'ros'
[1.267s] Level 1:colcon.colcon_core.package_identification:_identify(.) by extensions ['cmake', 'python']
[1.268s] Level 1:colcon.colcon_core.package_identification:_identify(.) by extension 'cmake'
[1.268s] Level 1:colcon.colcon_core.package_identification:_identify(.) by extension 'python'
[1.268s] Level 1:colcon.colcon_core.package_identification:_identify(.) by extensions ['python_setup_py']
[1.268s] Level 1:colcon.colcon_core.package_identification:_identify(.) by extension 'python_setup_py'
[1.292s] Level 1:colcon.colcon_core.package_identification:_identify(build) by extensions ['ignore', 'ignore_ament_install']
[1.292s] Level 1:colcon.colcon_core.package_identification:_identify(build) by extension 'ignore'
[1.292s] Level 1:colcon.colcon_core.package_identification:_identify(build) ignored
[1.303s] Level 1:colcon.colcon_core.package_identification:_identify(install) by extensions ['ignore', 'ignore_ament_install']
[1.303s] Level 1:colcon.colcon_core.package_identification:_identify(install) by extension 'ignore'
[1.303s] Level 1:colcon.colcon_core.package_identification:_identify(install) ignored
[1.303s] Level 1:colcon.colcon_core.package_identification:_identify(log) by extensions ['ignore', 'ignore_ament_install']
[1.304s] Level 1:colcon.colcon_core.package_identification:_identify(log) by extension 'ignore'
[1.304s] Level 1:colcon.colcon_core.package_identification:_identify(log) ignored
[1.331s] Level 1:colcon.colcon_core.package_identification:_identify(src) by extensions ['ignore', 'ignore_ament_install']
[1.332s] Level 1:colcon.colcon_core.package_identification:_identify(src) by extension 'ignore'
[1.332s] Level 1:colcon.colcon_core.package_identification:_identify(src) by extension 'ignore_ament_install'
[1.332s] Level 1:colcon.colcon_core.package_identification:_identify(src) by extensions ['colcon_pkg']
[1.332s] Level 1:colcon.colcon_core.package_identification:_identify(src) by extension 'colcon_pkg'
[1.332s] Level 1:colcon.colcon_core.package_identification:_identify(src) by extensions ['colcon_meta']
[1.332s] Level 1:colcon.colcon_core.package_identification:_identify(src) by extension 'colcon_meta'
[1.332s] Level 1:colcon.colcon_core.package_identification:_identify(src) by extensions ['ros']
[1.332s] Level 1:colcon.colcon_core.package_identification:_identify(src) by extension 'ros'
[1.333s] Level 1:colcon.colcon_core.package_identification:_identify(src) by extensions ['cmake', 'python']
[1.333s] Level 1:colcon.colcon_core.package_identification:_identify(src) by extension 'cmake'
[1.333s] Level 1:colcon.colcon_core.package_identification:_identify(src) by extension 'python'
[1.333s] Level 1:colcon.colcon_core.package_identification:_identify(src) by extensions ['python_setup_py']
[1.333s] Level 1:colcon.colcon_core.package_identification:_identify(src) by extension 'python_setup_py'
[1.335s] Level 1:colcon.colcon_core.package_identification:_identify(src/build) by extensions ['ignore', 'ignore_ament_install']
[1.335s] Level 1:colcon.colcon_core.package_identification:_identify(src/build) by extension 'ignore'
[1.335s] Level 1:colcon.colcon_core.package_identification:_identify(src/build) ignored
[1.336s] Level 1:colcon.colcon_core.package_identification:_identify(src/install) by extensions ['ignore', 'ignore_ament_install']
[1.336s] Level 1:colcon.colcon_core.package_identification:_identify(src/install) by extension 'ignore'
[1.336s] Level 1:colcon.colcon_core.package_identification:_identify(src/install) ignored
[1.337s] Level 1:colcon.colcon_core.package_identification:_identify(src/log) by extensions ['ignore', 'ignore_ament_install']
[1.338s] Level 1:colcon.colcon_core.package_identification:_identify(src/log) by extension 'ignore'
[1.338s] Level 1:colcon.colcon_core.package_identification:_identify(src/log) ignored
[1.338s] Level 1:colcon.colcon_core.package_identification:_identify(src/robocon_tutorial) by extensions ['ignore', 'ignore_ament_install']
[1.338s] Level 1:colcon.colcon_core.package_identification:_identify(src/robocon_tutorial) by extension 'ignore'
[1.338s] Level 1:colcon.colcon_core.package_identification:_identify(src/robocon_tutorial) by extension 'ignore_ament_install'
[1.338s] Level 1:colcon.colcon_core.package_identification:_identify(src/robocon_tutorial) by extensions ['colcon_pkg']
[1.338s] Level 1:colcon.colcon_core.package_identification:_identify(src/robocon_tutorial) by extension 'colcon_pkg'
[1.338s] Level 1:colcon.colcon_core.package_identification:_identify(src/robocon_tutorial) by extensions ['colcon_meta']
[1.338s] Level 1:colcon.colcon_core.package_identification:_identify(src/robocon_tutorial) by extension 'colcon_meta'
[1.338s] Level 1:colcon.colcon_core.package_identification:_identify(src/robocon_tutorial) by extensions ['ros']
[1.339s] Level 1:colcon.colcon_core.package_identification:_identify(src/robocon_tutorial) by extension 'ros'
[1.343s] DEBUG:colcon.colcon_core.package_identification:Package 'src/robocon_tutorial' with type 'ros.ament_python' and name 'robocon_tutorial'
[1.343s] Level 1:colcon.colcon_core.package_discovery:discover_packages(recursive) using defaults
[1.343s] Level 1:colcon.colcon_core.package_discovery:discover_packages(ignore) discover
[1.344s] Level 1:colcon.colcon_core.package_discovery:discover_packages(ignore) using defaults
[1.344s] Level 1:colcon.colcon_core.package_discovery:discover_packages(path) discover
[1.344s] Level 1:colcon.colcon_core.package_discovery:discover_packages(path) using defaults
[1.396s] Level 1:colcon.colcon_core.package_discovery:discover_packages(prefix_path) check parameters
[1.397s] Level 1:colcon.colcon_core.package_discovery:discover_packages(prefix_path) discover
[1.443s] DEBUG:colcon.colcon_installed_package_information.package_discovery:Found 1 installed packages in /home/vboxuser/robocon_ws/install
[1.447s] DEBUG:colcon.colcon_installed_package_information.package_discovery:Found 272 installed packages in /opt/ros/humble
[1.452s] Level 1:colcon.colcon_core.package_discovery:discover_packages(prefix_path) using defaults
[1.526s] Level 5:colcon.colcon_core.verb:set package 'robocon_tutorial' build argument 'cmake_args' from command line to 'None'
[1.526s] Level 5:colcon.colcon_core.verb:set package 'robocon_tutorial' build argument 'cmake_target' from command line to 'None'
[1.526s] Level 5:colcon.colcon_core.verb:set package 'robocon_tutorial' build argument 'cmake_target_skip_unavailable' from command line to 'False'
[1.527s] Level 5:colcon.colcon_core.verb:set package 'robocon_tutorial' build argument 'cmake_clean_cache' from command line to 'False'
[1.527s] Level 5:colcon.colcon_core.verb:set package 'robocon_tutorial' build argument 'cmake_clean_first' from command line to 'False'
[1.527s] Level 5:colcon.colcon_core.verb:set package 'robocon_tutorial' build argument 'cmake_force_configure' from command line to 'False'
[1.527s] Level 5:colcon.colcon_core.verb:set package 'robocon_tutorial' build argument 'ament_cmake_args' from command line to 'None'
[1.527s] Level 5:colcon.colcon_core.verb:set package 'robocon_tutorial' build argument 'catkin_cmake_args' from command line to 'None'
[1.527s] Level 5:colcon.colcon_core.verb:set package 'robocon_tutorial' build argument 'catkin_skip_building_tests' from command line to 'False'
[1.527s] DEBUG:colcon.colcon_core.verb:Building package 'robocon_tutorial' with the following arguments: {'ament_cmake_args': None, 'build_base': '/home/vboxuser/robocon_ws/build/robocon_tutorial', 'catkin_cmake_args': None, 'catkin_skip_building_tests': False, 'cmake_args': None, 'cmake_clean_cache': False, 'cmake_clean_first': False, 'cmake_force_configure': False, 'cmake_target': None, 'cmake_target_skip_unavailable': False, 'install_base': '/home/vboxuser/robocon_ws/install/robocon_tutorial', 'merge_install': False, 'path': '/home/vboxuser/robocon_ws/src/robocon_tutorial', 'symlink_install': False, 'test_result_base': None}
[1.527s] INFO:colcon.colcon_core.executor:Executing jobs using 'parallel' executor
[1.529s] DEBUG:colcon.colcon_parallel_executor.executor.parallel:run_until_complete
[1.529s] INFO:colcon.colcon_ros.task.ament_python.build:Building ROS package in '/home/vboxuser/robocon_ws/src/robocon_tutorial' with build type 'ament_python'
[1.530s] Level 1:colcon.colcon_core.shell:create_environment_hook('robocon_tutorial', 'ament_prefix_path')
[1.535s] INFO:colcon.colcon_core.plugin_system:Skipping extension 'colcon_core.shell.bat': Not used on non-Windows systems
[1.536s] INFO:colcon.colcon_core.shell:Creating environment hook '/home/vboxuser/robocon_ws/install/robocon_tutorial/share/robocon_tutorial/hook/ament_prefix_path.ps1'
[1.598s] INFO:colcon.colcon_core.shell:Creating environment descriptor '/home/vboxuser/robocon_ws/install/robocon_tutorial/share/robocon_tutorial/hook/ament_prefix_path.dsv'
[1.658s] INFO:colcon.colcon_core.shell:Creating environment hook '/home/vboxuser/robocon_ws/install/robocon_tutorial/share/robocon_tutorial/hook/ament_prefix_path.sh'
[1.660s] INFO:colcon.colcon_core.shell:Skip shell extension 'powershell' for command environment: Not usable outside of PowerShell
[1.660s] DEBUG:colcon.colcon_core.shell:Skip shell extension 'dsv' for command environment
[2.112s] INFO:colcon.colcon_core.task.python.build:Building Python package in '/home/vboxuser/robocon_ws/src/robocon_tutorial'
[2.112s] INFO:colcon.colcon_core.shell:Skip shell extension 'powershell' for command environment: Not usable outside of PowerShell
[2.113s] DEBUG:colcon.colcon_core.shell:Skip shell extension 'dsv' for command environment
[2.827s] DEBUG:colcon.colcon_core.event_handler.log_command:Invoking command in '/home/vboxuser/robocon_ws/src/robocon_tutorial': PYTHONPATH=/home/vboxuser/robocon_ws/build/robocon_tutorial/prefix_override:/usr/lib/python3/dist-packages/colcon_core/task/python/colcon_distutils_commands:/home/vboxuser/robocon_ws/install/robocon_tutorial/lib/python3.10/site-packages:${PYTHONPATH} /usr/bin/python3 -W ignore:setup.py install is deprecated -W ignore:easy_install command is deprecated setup.py egg_info --egg-base ../../build/robocon_tutorial build --build-base /home/vboxuser/robocon_ws/build/robocon_tutorial/build install --record /home/vboxuser/robocon_ws/build/robocon_tutorial/install.log --single-version-externally-managed install_data
[3.277s] DEBUG:colcon.colcon_core.event_handler.log_command:Invoked command in '/home/vboxuser/robocon_ws/src/robocon_tutorial' returned '0': PYTHONPATH=/home/vboxuser/robocon_ws/build/robocon_tutorial/prefix_override:/usr/lib/python3/dist-packages/colcon_core/task/python/colcon_distutils_commands:/home/vboxuser/robocon_ws/install/robocon_tutorial/lib/python3.10/site-packages:${PYTHONPATH} /usr/bin/python3 -W ignore:setup.py install is deprecated -W ignore:easy_install command is deprecated setup.py egg_info --egg-base ../../build/robocon_tutorial build --build-base /home/vboxuser/robocon_ws/build/robocon_tutorial/build install --record /home/vboxuser/robocon_ws/build/robocon_tutorial/install.log --single-version-externally-managed install_data
[3.321s] Level 1:colcon.colcon_core.environment:checking '/home/vboxuser/robocon_ws/install/robocon_tutorial' for CMake module files
[3.323s] Level 1:colcon.colcon_core.environment:checking '/home/vboxuser/robocon_ws/install/robocon_tutorial' for CMake config files
[3.420s] Level 1:colcon.colcon_core.environment:checking '/home/vboxuser/robocon_ws/install/robocon_tutorial/lib'
[3.421s] Level 1:colcon.colcon_core.environment:checking '/home/vboxuser/robocon_ws/install/robocon_tutorial/bin'
[3.421s] Level 1:colcon.colcon_core.environment:checking '/home/vboxuser/robocon_ws/install/robocon_tutorial/lib/pkgconfig/robocon_tutorial.pc'
[3.421s] Level 1:colcon.colcon_core.environment:checking '/home/vboxuser/robocon_ws/install/robocon_tutorial/lib/python3.10/site-packages'
[3.421s] Level 1:colcon.colcon_core.shell:create_environment_hook('robocon_tutorial', 'pythonpath')
[3.422s] INFO:colcon.colcon_core.shell:Creating environment hook '/home/vboxuser/robocon_ws/install/robocon_tutorial/share/robocon_tutorial/hook/pythonpath.ps1'
[3.423s] INFO:colcon.colcon_core.shell:Creating environment descriptor '/home/vboxuser/robocon_ws/install/robocon_tutorial/share/robocon_tutorial/hook/pythonpath.dsv'
[3.424s] INFO:colcon.colcon_core.shell:Creating environment hook '/home/vboxuser/robocon_ws/install/robocon_tutorial/share/robocon_tutorial/hook/pythonpath.sh'
[3.426s] Level 1:colcon.colcon_core.environment:checking '/home/vboxuser/robocon_ws/install/robocon_tutorial/bin'
[3.426s] Level 1:colcon.colcon_core.environment:create_environment_scripts_only(robocon_tutorial)
[3.426s] INFO:colcon.colcon_core.shell:Creating package script '/home/vboxuser/robocon_ws/install/robocon_tutorial/share/robocon_tutorial/package.ps1'
[3.428s] INFO:colcon.colcon_core.shell:Creating package descriptor '/home/vboxuser/robocon_ws/install/robocon_tutorial/share/robocon_tutorial/package.dsv'
[3.430s] INFO:colcon.colcon_core.shell:Creating package script '/home/vboxuser/robocon_ws/install/robocon_tutorial/share/robocon_tutorial/package.sh'
[3.433s] INFO:colcon.colcon_core.shell:Creating package script '/home/vboxuser/robocon_ws/install/robocon_tutorial/share/robocon_tutorial/package.bash'
[3.435s] INFO:colcon.colcon_core.shell:Creating package script '/home/vboxuser/robocon_ws/install/robocon_tutorial/share/robocon_tutorial/package.zsh'
[3.437s] Level 1:colcon.colcon_core.environment:create_file_with_runtime_dependencies(/home/vboxuser/robocon_ws/install/robocon_tutorial/share/colcon-core/packages/robocon_tutorial)
[3.437s] DEBUG:colcon.colcon_parallel_executor.executor.parallel:closing loop
[3.438s] DEBUG:colcon.colcon_parallel_executor.executor.parallel:loop closed
[3.438s] DEBUG:colcon.colcon_parallel_executor.executor.parallel:run_until_complete finished with '0'
[3.438s] DEBUG:colcon.colcon_core.event_reactor:joining thread
[3.455s] INFO:colcon.colcon_core.plugin_system:Skipping extension 'colcon_notification.desktop_notification.terminal_notifier': Not used on non-Darwin systems
[3.456s] INFO:colcon.colcon_core.plugin_system:Skipping extension 'colcon_notification.desktop_notification.win32': Not used on non-Windows systems
[3.456s] INFO:colcon.colcon_notification.desktop_notification:Sending desktop notification using 'notify2'
[3.485s] DEBUG:colcon.colcon_core.event_reactor:joined thread
[3.486s] INFO:colcon.colcon_core.shell:Creating prefix script '/home/vboxuser/robocon_ws/install/local_setup.ps1'
[3.488s] INFO:colcon.colcon_core.shell:Creating prefix util module '/home/vboxuser/robocon_ws/install/_local_setup_util_ps1.py'
[3.492s] INFO:colcon.colcon_core.shell:Creating prefix chain script '/home/vboxuser/robocon_ws/install/setup.ps1'
[3.494s] INFO:colcon.colcon_core.shell:Creating prefix script '/home/vboxuser/robocon_ws/install/local_setup.sh'
[3.496s] INFO:colcon.colcon_core.shell:Creating prefix util module '/home/vboxuser/robocon_ws/install/_local_setup_util_sh.py'
[3.497s] INFO:colcon.colcon_core.shell:Creating prefix chain script '/home/vboxuser/robocon_ws/install/setup.sh'
[3.500s] INFO:colcon.colcon_core.shell:Creating prefix script '/home/vboxuser/robocon_ws/install/local_setup.bash'
[3.502s] INFO:colcon.colcon_core.shell:Creating prefix chain script '/home/vboxuser/robocon_ws/install/setup.bash'
[3.505s] INFO:colcon.colcon_core.shell:Creating prefix script '/home/vboxuser/robocon_ws/install/local_setup.zsh'
[3.507s] INFO:colcon.colcon_core.shell:Creating prefix chain script '/home/vboxuser/robocon_ws/install/setup.zsh'
