[0.028s] Invoking command in '/home/vboxuser/ros2_ws/build/ydlidar_ros2_driver': CMAKE_PREFIX_PATH=${CMAKE_PREFIX_PATH}:/home/vboxuser/robocon_ws/install/robocon_tutorial:/opt/ros/humble /usr/bin/cmake --build /home/vboxuser/ros2_ws/build/ydlidar_ros2_driver -- -j5 -l5
[0.174s] [ 25%] Building CXX object CMakeFiles/ydlidar_ros2_driver_node.dir/src/ydlidar_ros2_driver_node.cpp.o
[0.174s] [ 75%] Built target ydlidar_ros2_driver_client
[1.051s] In file included from /home/vboxuser/.local/include/core/base/v8stdint.h:142,
[1.051s]                  from /home/vboxuser/.local/include/core/common/DriverInterface.h:4,
[1.052s]                  from /home/vboxuser/.local/include/src/CYdLidar.h:48,
[1.052s]                  from /home/vboxuser/ros2_ws/src/ydlidar_ros2_driver/src/ydlidar_ros2_driver_node.cpp:16:
[1.052s] /home/vboxuser/.local/include/core/base/ydlidar.h: In function ‘bool ydlidar::core::base::fileExists(const string&)’:
[1.052s] /home/vboxuser/.local/include/core/base/ydlidar.h:183:24: warning: missing initializer for member ‘stat::st_ino’ [-Wmissing-field-initializers]
[1.052s]   183 |   struct stat info = {0};
[1.052s]       |                        ^
[1.052s] /home/vboxuser/.local/include/core/base/ydlidar.h:183:24: warning: missing initializer for member ‘stat::st_nlink’ [-Wmissing-field-initializers]
[1.052s] /home/vboxuser/.local/include/core/base/ydlidar.h:183:24: warning: missing initializer for member ‘stat::st_mode’ [-Wmissing-field-initializers]
[1.052s] /home/vboxuser/.local/include/core/base/ydlidar.h:183:24: warning: missing initializer for member ‘stat::st_uid’ [-Wmissing-field-initializers]
[1.052s] /home/vboxuser/.local/include/core/base/ydlidar.h:183:24: warning: missing initializer for member ‘stat::st_gid’ [-Wmissing-field-initializers]
[1.052s] /home/vboxuser/.local/include/core/base/ydlidar.h:183:24: warning: missing initializer for member ‘stat::__pad0’ [-Wmissing-field-initializers]
[1.053s] /home/vboxuser/.local/include/core/base/ydlidar.h:183:24: warning: missing initializer for member ‘stat::st_rdev’ [-Wmissing-field-initializers]
[1.053s] /home/vboxuser/.local/include/core/base/ydlidar.h:183:24: warning: missing initializer for member ‘stat::st_size’ [-Wmissing-field-initializers]
[1.053s] /home/vboxuser/.local/include/core/base/ydlidar.h:183:24: warning: missing initializer for member ‘stat::st_blksize’ [-Wmissing-field-initializers]
[1.053s] /home/vboxuser/.local/include/core/base/ydlidar.h:183:24: warning: missing initializer for member ‘stat::st_blocks’ [-Wmissing-field-initializers]
[1.053s] /home/vboxuser/.local/include/core/base/ydlidar.h:183:24: warning: missing initializer for member ‘stat::st_atim’ [-Wmissing-field-initializers]
[1.054s] /home/vboxuser/.local/include/core/base/ydlidar.h:183:24: warning: missing initializer for member ‘stat::st_mtim’ [-Wmissing-field-initializers]
[1.054s] /home/vboxuser/.local/include/core/base/ydlidar.h:183:24: warning: missing initializer for member ‘stat::st_ctim’ [-Wmissing-field-initializers]
[1.054s] /home/vboxuser/.local/include/core/base/ydlidar.h:183:24: warning: missing initializer for member ‘stat::__glibc_reserved’ [-Wmissing-field-initializers]
[1.054s] In file included from /home/vboxuser/.local/include/core/common/DriverInterface.h:5,
[1.055s]                  from /home/vboxuser/.local/include/src/CYdLidar.h:48,
[1.055s]                  from /home/vboxuser/ros2_ws/src/ydlidar_ros2_driver/src/ydlidar_ros2_driver_node.cpp:16:
[1.055s] /home/vboxuser/.local/include/core/base/thread.h: In static member function ‘static ydlidar::core::base::Thread ydlidar::core::base::Thread::createThread(thread_proc_t, void*)’:
[1.055s] /home/vboxuser/.local/include/core/base/thread.h:54:42: warning: cast between incompatible function types from ‘thread_proc_t’ {aka ‘long unsigned int (*)(void*)’} to ‘void* (*)(void*)’ [-Wcast-function-type]
[1.055s]    54 |                                    NULL, (void *(*)(void *))proc,
[1.055s]       |                                          ^~~~~~~~~~~~~~~~~~~~~~~
[1.055s] /home/vboxuser/.local/include/core/base/thread.h: In member function ‘int ydlidar::core::base::Thread::join(long unsigned int)’:
[1.055s] /home/vboxuser/.local/include/core/base/thread.h:135:46: warning: format ‘%X’ expects argument of type ‘unsigned int’, but argument 2 has type ‘_size_t’ {aka ‘long unsigned int’} [-Wformat=]
[1.055s]   135 |           printf("[YDLIDAR DEBUG] Thread [0x%X] ready to cancel[%d]\n", _handle, s);
[1.055s]       |                                             ~^                          ~~~~~~~
[1.055s]       |                                              |                          |
[1.056s]       |                                              unsigned int               _size_t {aka long unsigned int}
[1.056s]       |                                             %lX
[1.056s] /home/vboxuser/.local/include/core/base/thread.h:137:46: warning: format ‘%X’ expects argument of type ‘unsigned int’, but argument 2 has type ‘_size_t’ {aka ‘long unsigned int’} [-Wformat=]
[1.056s]   137 |           printf("[YDLIDAR DEBUG] Thread [0x%X] ready to cancel[%d] time[%u]\n",
[1.056s]       |                                             ~^
[1.056s]       |                                              |
[1.056s]       |                                              unsigned int
[1.056s]       |                                             %lX
[1.056s]   138 |             _handle, s, getms() - t);
[1.056s]       |             ~~~~~~~                           
[1.056s]       |             |
[1.056s]       |             _size_t {aka long unsigned int}
[1.057s] /home/vboxuser/.local/include/core/base/thread.h:141:42: warning: format ‘%X’ expects argument of type ‘unsigned int’, but argument 2 has type ‘_size_t’ {aka ‘long unsigned int’} [-Wformat=]
[1.057s]   141 |             printf("[YDLIDAR] Thread [0x%X] has been canceled in other thread\n", _handle);
[1.057s]       |                                         ~^                                        ~~~~~~~
[1.057s]       |                                          |                                        |
[1.057s]       |                                          unsigned int                             _size_t {aka long unsigned int}
[1.057s]       |                                         %lX
[1.057s] /home/vboxuser/.local/include/core/base/thread.h:146:74: warning: format ‘%X’ expects argument of type ‘unsigned int’, but argument 3 has type ‘_size_t’ {aka ‘long unsigned int’} [-Wformat=]
[1.057s]   146 |             fprintf(stderr, "[YDLIDAR] An error occurred while thread[0x%X] cancelled!\n", _handle);
[1.057s]       |                                                                         ~^                 ~~~~~~~
[1.057s]       |                                                                          |                 |
[1.057s]       |                                                                          unsigned int      _size_t {aka long unsigned int}
[1.058s]       |                                                                         %lX
[1.058s] /home/vboxuser/.local/include/core/base/thread.h:150:40: warning: format ‘%X’ expects argument of type ‘unsigned int’, but argument 2 has type ‘_size_t’ {aka ‘long unsigned int’} [-Wformat=]
[1.058s]   150 |           printf("[YDLIDAR] Thread [0x%X] has been canceled\n", _handle);
[1.058s]       |                                       ~^                        ~~~~~~~
[1.058s]       |                                        |                        |
[1.058s]       |                                        unsigned int             _size_t {aka long unsigned int}
[1.059s]       |                                       %lX
[1.249s] In file included from /home/vboxuser/.local/include/core/common/DriverInterface.h:8,
[1.250s]                  from /home/vboxuser/.local/include/src/CYdLidar.h:48,
[1.250s]                  from /home/vboxuser/ros2_ws/src/ydlidar_ros2_driver/src/ydlidar_ros2_driver_node.cpp:16:
[1.250s] /home/vboxuser/.local/include/core/common/ydlidar_protocol.h: At global scope:
[1.250s] /home/vboxuser/.local/include/core/common/ydlidar_protocol.h:291:22: warning: missing initializer for member ‘device_info::firmware_version’ [-Wmissing-field-initializers]
[1.250s]   291 |   device_info di = {0};
[1.250s]       |                      ^
[1.250s] /home/vboxuser/.local/include/core/common/ydlidar_protocol.h:291:22: warning: missing initializer for member ‘device_info::hardware_version’ [-Wmissing-field-initializers]
[1.251s] /home/vboxuser/.local/include/core/common/ydlidar_protocol.h:291:22: warning: missing initializer for member ‘device_info::serialnum’ [-Wmissing-field-initializers]
[10.613s] [100%] Linking CXX executable ydlidar_ros2_driver_node
[11.299s] [100%] Built target ydlidar_ros2_driver_node
[11.319s] Invoked command in '/home/vboxuser/ros2_ws/build/ydlidar_ros2_driver' returned '0': CMAKE_PREFIX_PATH=${CMAKE_PREFIX_PATH}:/home/vboxuser/robocon_ws/install/robocon_tutorial:/opt/ros/humble /usr/bin/cmake --build /home/vboxuser/ros2_ws/build/ydlidar_ros2_driver -- -j5 -l5
[11.339s] Invoking command in '/home/vboxuser/ros2_ws/build/ydlidar_ros2_driver': CMAKE_PREFIX_PATH=${CMAKE_PREFIX_PATH}:/home/vboxuser/robocon_ws/install/robocon_tutorial:/opt/ros/humble /usr/bin/cmake --install /home/vboxuser/ros2_ws/build/ydlidar_ros2_driver
[11.350s] -- Install configuration: ""
[11.351s] -- Execute custom install script
[11.351s] -- Up-to-date symlink: /home/vboxuser/ros2_ws/install/ydlidar_ros2_driver/lib/ydlidar_ros2_driver/ydlidar_ros2_driver_node
[11.352s] -- Up-to-date symlink: /home/vboxuser/ros2_ws/install/ydlidar_ros2_driver/lib/ydlidar_ros2_driver/ydlidar_ros2_driver_client
[11.353s] -- Up-to-date symlink: /home/vboxuser/ros2_ws/install/ydlidar_ros2_driver/share/ydlidar_ros2_driver/launch/__pycache__/ydlidar_bringup.launch.cpython-310.pyc
[11.353s] -- Up-to-date symlink: /home/vboxuser/ros2_ws/install/ydlidar_ros2_driver/share/ydlidar_ros2_driver/launch/__pycache__/ydlidar_driver.launch.cpython-310.pyc
[11.353s] -- Up-to-date symlink: /home/vboxuser/ros2_ws/install/ydlidar_ros2_driver/share/ydlidar_ros2_driver/launch/__pycache__/ydlidar_launch.cpython-310.pyc
[11.353s] -- Up-to-date symlink: /home/vboxuser/ros2_ws/install/ydlidar_ros2_driver/share/ydlidar_ros2_driver/launch/__pycache__/ydlidar_rviz.launch.cpython-310.pyc
[11.354s] -- Up-to-date symlink: /home/vboxuser/ros2_ws/install/ydlidar_ros2_driver/share/ydlidar_ros2_driver/launch/__pycache__/ydlidar_scan_echo.launch.cpython-310.pyc
[11.354s] -- Up-to-date symlink: /home/vboxuser/ros2_ws/install/ydlidar_ros2_driver/share/ydlidar_ros2_driver/launch/ydlidar.py
[11.354s] -- Up-to-date symlink: /home/vboxuser/ros2_ws/install/ydlidar_ros2_driver/share/ydlidar_ros2_driver/launch/ydlidar_bringup.launch.py
[11.354s] -- Up-to-date symlink: /home/vboxuser/ros2_ws/install/ydlidar_ros2_driver/share/ydlidar_ros2_driver/launch/ydlidar_driver.launch.py
[11.354s] -- Up-to-date symlink: /home/vboxuser/ros2_ws/install/ydlidar_ros2_driver/share/ydlidar_ros2_driver/launch/ydlidar_launch.py
[11.354s] -- Up-to-date symlink: /home/vboxuser/ros2_ws/install/ydlidar_ros2_driver/share/ydlidar_ros2_driver/launch/ydlidar_launch_view.py
[11.355s] -- Up-to-date symlink: /home/vboxuser/ros2_ws/install/ydlidar_ros2_driver/share/ydlidar_ros2_driver/launch/ydlidar_rviz.launch.py
[11.355s] -- Up-to-date symlink: /home/vboxuser/ros2_ws/install/ydlidar_ros2_driver/share/ydlidar_ros2_driver/launch/ydlidar_scan_echo.launch.py
[11.355s] -- Up-to-date symlink: /home/vboxuser/ros2_ws/install/ydlidar_ros2_driver/share/ydlidar_ros2_driver/params/G1.yaml
[11.356s] -- Up-to-date symlink: /home/vboxuser/ros2_ws/install/ydlidar_ros2_driver/share/ydlidar_ros2_driver/params/G2.yaml
[11.356s] -- Up-to-date symlink: /home/vboxuser/ros2_ws/install/ydlidar_ros2_driver/share/ydlidar_ros2_driver/params/G6.yaml
[11.356s] -- Up-to-date symlink: /home/vboxuser/ros2_ws/install/ydlidar_ros2_driver/share/ydlidar_ros2_driver/params/GS2.yaml
[11.356s] -- Up-to-date symlink: /home/vboxuser/ros2_ws/install/ydlidar_ros2_driver/share/ydlidar_ros2_driver/params/TEA.yaml
[11.356s] -- Up-to-date symlink: /home/vboxuser/ros2_ws/install/ydlidar_ros2_driver/share/ydlidar_ros2_driver/params/TG.yaml
[11.356s] -- Up-to-date symlink: /home/vboxuser/ros2_ws/install/ydlidar_ros2_driver/share/ydlidar_ros2_driver/params/TminiPro.yaml
[11.356s] -- Up-to-date symlink: /home/vboxuser/ros2_ws/install/ydlidar_ros2_driver/share/ydlidar_ros2_driver/params/X2.yaml
[11.357s] -- Up-to-date symlink: /home/vboxuser/ros2_ws/install/ydlidar_ros2_driver/share/ydlidar_ros2_driver/params/X4-Pro.yaml
[11.357s] -- Up-to-date symlink: /home/vboxuser/ros2_ws/install/ydlidar_ros2_driver/share/ydlidar_ros2_driver/params/X4.yaml
[11.358s] -- Up-to-date symlink: /home/vboxuser/ros2_ws/install/ydlidar_ros2_driver/share/ydlidar_ros2_driver/params/ydlidar.yaml
[11.358s] -- Up-to-date symlink: /home/vboxuser/ros2_ws/install/ydlidar_ros2_driver/share/ydlidar_ros2_driver/startup/initenv.sh
[11.358s] -- Up-to-date symlink: /home/vboxuser/ros2_ws/install/ydlidar_ros2_driver/share/ydlidar_ros2_driver/config/ydlidar.rviz
[11.359s] -- Up-to-date symlink: /home/vboxuser/ros2_ws/install/ydlidar_ros2_driver/share/ament_index/resource_index/package_run_dependencies/ydlidar_ros2_driver
[11.359s] -- Up-to-date symlink: /home/vboxuser/ros2_ws/install/ydlidar_ros2_driver/share/ament_index/resource_index/parent_prefix_path/ydlidar_ros2_driver
[11.360s] -- Up-to-date symlink: /home/vboxuser/ros2_ws/install/ydlidar_ros2_driver/share/ydlidar_ros2_driver/environment/ament_prefix_path.sh
[11.361s] -- Up-to-date symlink: /home/vboxuser/ros2_ws/install/ydlidar_ros2_driver/share/ydlidar_ros2_driver/environment/ament_prefix_path.dsv
[11.361s] -- Up-to-date symlink: /home/vboxuser/ros2_ws/install/ydlidar_ros2_driver/share/ydlidar_ros2_driver/environment/path.sh
[11.362s] -- Up-to-date symlink: /home/vboxuser/ros2_ws/install/ydlidar_ros2_driver/share/ydlidar_ros2_driver/environment/path.dsv
[11.362s] -- Up-to-date symlink: /home/vboxuser/ros2_ws/install/ydlidar_ros2_driver/share/ydlidar_ros2_driver/local_setup.bash
[11.362s] -- Up-to-date symlink: /home/vboxuser/ros2_ws/install/ydlidar_ros2_driver/share/ydlidar_ros2_driver/local_setup.sh
[11.363s] -- Up-to-date symlink: /home/vboxuser/ros2_ws/install/ydlidar_ros2_driver/share/ydlidar_ros2_driver/local_setup.zsh
[11.363s] -- Up-to-date symlink: /home/vboxuser/ros2_ws/install/ydlidar_ros2_driver/share/ydlidar_ros2_driver/local_setup.dsv
[11.363s] -- Symlinking: /home/vboxuser/ros2_ws/install/ydlidar_ros2_driver/share/ydlidar_ros2_driver/package.dsv
[11.381s] -- Up-to-date symlink: /home/vboxuser/ros2_ws/install/ydlidar_ros2_driver/share/ament_index/resource_index/packages/ydlidar_ros2_driver
[11.382s] -- Up-to-date symlink: /home/vboxuser/ros2_ws/install/ydlidar_ros2_driver/share/ydlidar_ros2_driver/cmake/ydlidar_ros2_driverConfig.cmake
[11.382s] -- Up-to-date symlink: /home/vboxuser/ros2_ws/install/ydlidar_ros2_driver/share/ydlidar_ros2_driver/cmake/ydlidar_ros2_driverConfig-version.cmake
[11.382s] -- Up-to-date symlink: /home/vboxuser/ros2_ws/install/ydlidar_ros2_driver/share/ydlidar_ros2_driver/package.xml
[11.385s] Invoked command in '/home/vboxuser/ros2_ws/build/ydlidar_ros2_driver' returned '0': CMAKE_PREFIX_PATH=${CMAKE_PREFIX_PATH}:/home/vboxuser/robocon_ws/install/robocon_tutorial:/opt/ros/humble /usr/bin/cmake --install /home/vboxuser/ros2_ws/build/ydlidar_ros2_driver
