[0.023s] Invoking command in '/home/minmin/ros2_ws/src/mecanum4_description/build/mecanum4_description': CMAKE_PREFIX_PATH=${CMAKE_PREFIX_PATH}:/opt/ros/humble /usr/bin/cmake --build /home/minmin/ros2_ws/src/mecanum4_description/build/mecanum4_description -- -j8 -l8
[0.104s] Invoked command in '/home/minmin/ros2_ws/src/mecanum4_description/build/mecanum4_description' returned '0': CMAKE_PREFIX_PATH=${CMAKE_PREFIX_PATH}:/opt/ros/humble /usr/bin/cmake --build /home/minmin/ros2_ws/src/mecanum4_description/build/mecanum4_description -- -j8 -l8
[0.124s] Invoking command in '/home/minmin/ros2_ws/src/mecanum4_description/build/mecanum4_description': CMAKE_PREFIX_PATH=${CMAKE_PREFIX_PATH}:/opt/ros/humble /usr/bin/cmake --install /home/minmin/ros2_ws/src/mecanum4_description/build/mecanum4_description
[0.137s] -- Install configuration: ""
[0.139s] -- Up-to-date: /home/minmin/ros2_ws/src/mecanum4_description/install/mecanum4_description/share/mecanum4_description/urdf
[0.139s] -- Up-to-date: /home/minmin/ros2_ws/src/mecanum4_description/install/mecanum4_description/share/mecanum4_description/urdf/mecanum4_lidar.urdf
[0.140s] -- Up-to-date: /home/minmin/ros2_ws/src/mecanum4_description/install/mecanum4_description/share/mecanum4_description/launch
[0.140s] -- Installing: /home/minmin/ros2_ws/src/mecanum4_description/install/mecanum4_description/share/mecanum4_description/launch/localization_bringup.launch.py
[0.141s] -- Installing: /home/minmin/ros2_ws/src/mecanum4_description/install/mecanum4_description/share/mecanum4_description/launch/nav2_slam_bringup.launch.py
[0.142s] -- Up-to-date: /home/minmin/ros2_ws/src/mecanum4_description/install/mecanum4_description/share/mecanum4_description/launch/abu_stadium_spawn.launch.py
[0.142s] -- Installing: /home/minmin/ros2_ws/src/mecanum4_description/install/mecanum4_description/share/mecanum4_description/launch/nav2_amcl_bringup.launch.py
[0.143s] -- Up-to-date: /home/minmin/ros2_ws/src/mecanum4_description/install/mecanum4_description/share/mecanum4_description/launch/sim_bringup.launch.py
[0.143s] -- Up-to-date: /home/minmin/ros2_ws/src/mecanum4_description/install/mecanum4_description/share/mecanum4_description/launch/display.launch.py
[0.143s] -- Up-to-date: /home/minmin/ros2_ws/src/mecanum4_description/install/mecanum4_description/share/mecanum4_description/launch/robot_state_publisher.launch.py
[0.143s] -- Up-to-date: /home/minmin/ros2_ws/src/mecanum4_description/install/mecanum4_description/share/mecanum4_description/config
[0.144s] -- Up-to-date: /home/minmin/ros2_ws/src/mecanum4_description/install/mecanum4_description/share/mecanum4_description/config/nav2_params.yaml
[0.144s] -- Up-to-date: /home/minmin/ros2_ws/src/mecanum4_description/install/mecanum4_description/share/mecanum4_description/config/slam_params.yaml
[0.144s] -- Installing: /home/minmin/ros2_ws/src/mecanum4_description/install/mecanum4_description/share/mecanum4_description/config/nav2_view.rviz
[0.145s] -- Up-to-date: /home/minmin/ros2_ws/src/mecanum4_description/install/mecanum4_description/share/mecanum4_description/config/mecanum_controllers.yaml
[0.145s] -- Up-to-date: /home/minmin/ros2_ws/src/mecanum4_description/install/mecanum4_description/share/mecanum4_description/behavior_trees
[0.145s] -- Up-to-date: /home/minmin/ros2_ws/src/mecanum4_description/install/mecanum4_description/share/mecanum4_description/behavior_trees/navigate_to_pose_w_replanning_and_recovery.xml
[0.146s] -- Up-to-date: /home/minmin/ros2_ws/src/mecanum4_description/install/mecanum4_description/lib/mecanum4_description/cmd_vel_to_wheels.py
[0.147s] -- Up-to-date: /home/minmin/ros2_ws/src/mecanum4_description/install/mecanum4_description/lib/mecanum4_description/teleop_gui.py
[0.147s] -- Up-to-date: /home/minmin/ros2_ws/src/mecanum4_description/install/mecanum4_description/lib/mecanum4_description/docking_node.py
[0.147s] -- Up-to-date: /home/minmin/ros2_ws/src/mecanum4_description/install/mecanum4_description/lib/mecanum4_description/camera_docking_node.py
[0.148s] -- Up-to-date: /home/minmin/ros2_ws/src/mecanum4_description/install/mecanum4_description/share/ament_index/resource_index/package_run_dependencies/mecanum4_description
[0.149s] -- Up-to-date: /home/minmin/ros2_ws/src/mecanum4_description/install/mecanum4_description/share/ament_index/resource_index/parent_prefix_path/mecanum4_description
[0.149s] -- Up-to-date: /home/minmin/ros2_ws/src/mecanum4_description/install/mecanum4_description/share/mecanum4_description/environment/ament_prefix_path.sh
[0.150s] -- Up-to-date: /home/minmin/ros2_ws/src/mecanum4_description/install/mecanum4_description/share/mecanum4_description/environment/ament_prefix_path.dsv
[0.150s] -- Up-to-date: /home/minmin/ros2_ws/src/mecanum4_description/install/mecanum4_description/share/mecanum4_description/environment/path.sh
[0.150s] -- Up-to-date: /home/minmin/ros2_ws/src/mecanum4_description/install/mecanum4_description/share/mecanum4_description/environment/path.dsv
[0.150s] -- Up-to-date: /home/minmin/ros2_ws/src/mecanum4_description/install/mecanum4_description/share/mecanum4_description/local_setup.bash
[0.151s] -- Up-to-date: /home/minmin/ros2_ws/src/mecanum4_description/install/mecanum4_description/share/mecanum4_description/local_setup.sh
[0.151s] -- Up-to-date: /home/minmin/ros2_ws/src/mecanum4_description/install/mecanum4_description/share/mecanum4_description/local_setup.zsh
[0.151s] -- Up-to-date: /home/minmin/ros2_ws/src/mecanum4_description/install/mecanum4_description/share/mecanum4_description/local_setup.dsv
[0.151s] -- Up-to-date: /home/minmin/ros2_ws/src/mecanum4_description/install/mecanum4_description/share/mecanum4_description/package.dsv
[0.151s] -- Up-to-date: /home/minmin/ros2_ws/src/mecanum4_description/install/mecanum4_description/share/ament_index/resource_index/packages/mecanum4_description
[0.152s] -- Up-to-date: /home/minmin/ros2_ws/src/mecanum4_description/install/mecanum4_description/share/mecanum4_description/cmake/mecanum4_descriptionConfig.cmake
[0.152s] -- Up-to-date: /home/minmin/ros2_ws/src/mecanum4_description/install/mecanum4_description/share/mecanum4_description/cmake/mecanum4_descriptionConfig-version.cmake
[0.152s] -- Up-to-date: /home/minmin/ros2_ws/src/mecanum4_description/install/mecanum4_description/share/mecanum4_description/package.xml
[0.156s] Invoked command in '/home/minmin/ros2_ws/src/mecanum4_description/build/mecanum4_description' returned '0': CMAKE_PREFIX_PATH=${CMAKE_PREFIX_PATH}:/opt/ros/humble /usr/bin/cmake --install /home/minmin/ros2_ws/src/mecanum4_description/build/mecanum4_description
