[0.090s] Invoking command in '/home/vboxuser/ros2_ws/build/mecanum4_description': CMAKE_PREFIX_PATH=/home/vboxuser/robocon_ws/install/robocon_tutorial:/opt/ros/humble /usr/bin/cmake /home/vboxuser/ros2_ws/src/mecanum4_description -DAMENT_CMAKE_SYMLINK_INSTALL=1 -DCMAKE_INSTALL_PREFIX=/home/vboxuser/ros2_ws/install/mecanum4_description
[1.846s] -- The C compiler identification is GNU 11.4.0
[2.615s] -- The CXX compiler identification is GNU 11.4.0
[2.636s] -- Detecting C compiler ABI info
[2.885s] -- Detecting C compiler ABI info - done
[2.900s] -- Check for working C compiler: /usr/bin/cc - skipped
[2.913s] -- Detecting C compile features
[2.930s] -- Detecting C compile features - done
[2.943s] -- Detecting CXX compiler ABI info
[3.147s] -- Detecting CXX compiler ABI info - done
[3.162s] -- Check for working CXX compiler: /usr/bin/c++ - skipped
[3.163s] -- Detecting CXX compile features
[3.163s] -- Detecting CXX compile features - done
[3.283s] -- Found ament_cmake: 1.3.12 (/opt/ros/humble/share/ament_cmake/cmake)
[3.670s] -- Found Python3: /usr/bin/python3 (found version "3.10.12") found components: Interpreter 
[3.891s] -- Override CMake install command with custom implementation using symlinks instead of copying resources
[4.106s] -- Found ament_lint_auto: 0.12.14 (/opt/ros/humble/share/ament_lint_auto/cmake)
[4.304s] -- Added test 'flake8' to check Python code syntax and style conventions
[4.306s] -- Added test 'lint_cmake' to check CMake code style
[4.311s] -- Added test 'pep257' to check Python code against some of the docstring style conventions in PEP 257
[4.314s] -- Added test 'xmllint' to check XML markup files
[4.319s] -- Configuring done
[4.326s] -- Generating done
[4.329s] -- Build files have been written to: /home/vboxuser/ros2_ws/build/mecanum4_description
[4.336s] Invoked command in '/home/vboxuser/ros2_ws/build/mecanum4_description' returned '0': CMAKE_PREFIX_PATH=/home/vboxuser/robocon_ws/install/robocon_tutorial:/opt/ros/humble /usr/bin/cmake /home/vboxuser/ros2_ws/src/mecanum4_description -DAMENT_CMAKE_SYMLINK_INSTALL=1 -DCMAKE_INSTALL_PREFIX=/home/vboxuser/ros2_ws/install/mecanum4_description
[4.343s] Invoking command in '/home/vboxuser/ros2_ws/build/mecanum4_description': CMAKE_PREFIX_PATH=/home/vboxuser/robocon_ws/install/robocon_tutorial:/opt/ros/humble /usr/bin/cmake --build /home/vboxuser/ros2_ws/build/mecanum4_description -- -j5 -l5
[4.420s] Invoked command in '/home/vboxuser/ros2_ws/build/mecanum4_description' returned '0': CMAKE_PREFIX_PATH=/home/vboxuser/robocon_ws/install/robocon_tutorial:/opt/ros/humble /usr/bin/cmake --build /home/vboxuser/ros2_ws/build/mecanum4_description -- -j5 -l5
[4.435s] Invoking command in '/home/vboxuser/ros2_ws/build/mecanum4_description': CMAKE_PREFIX_PATH=/home/vboxuser/robocon_ws/install/robocon_tutorial:/opt/ros/humble /usr/bin/cmake --install /home/vboxuser/ros2_ws/build/mecanum4_description
[4.452s] -- Install configuration: ""
[4.453s] -- Execute custom install script
[4.455s] -- Symlinking: /home/vboxuser/ros2_ws/install/mecanum4_description/share/mecanum4_description/urdf/mecanum4_lidar.urdf
[4.472s] -- Symlinking: /home/vboxuser/ros2_ws/install/mecanum4_description/share/mecanum4_description/launch/display.launch.py
[4.490s] -- Symlinking: /home/vboxuser/ros2_ws/install/mecanum4_description/share/ament_index/resource_index/package_run_dependencies/mecanum4_description
[4.515s] -- Symlinking: /home/vboxuser/ros2_ws/install/mecanum4_description/share/ament_index/resource_index/parent_prefix_path/mecanum4_description
[4.538s] -- Symlinking: /home/vboxuser/ros2_ws/install/mecanum4_description/share/mecanum4_description/environment/ament_prefix_path.sh
[4.560s] -- Symlinking: /home/vboxuser/ros2_ws/install/mecanum4_description/share/mecanum4_description/environment/ament_prefix_path.dsv
[4.582s] -- Symlinking: /home/vboxuser/ros2_ws/install/mecanum4_description/share/mecanum4_description/environment/path.sh
[4.605s] -- Symlinking: /home/vboxuser/ros2_ws/install/mecanum4_description/share/mecanum4_description/environment/path.dsv
[4.625s] -- Symlinking: /home/vboxuser/ros2_ws/install/mecanum4_description/share/mecanum4_description/local_setup.bash
[4.646s] -- Symlinking: /home/vboxuser/ros2_ws/install/mecanum4_description/share/mecanum4_description/local_setup.sh
[4.668s] -- Symlinking: /home/vboxuser/ros2_ws/install/mecanum4_description/share/mecanum4_description/local_setup.zsh
[4.688s] -- Symlinking: /home/vboxuser/ros2_ws/install/mecanum4_description/share/mecanum4_description/local_setup.dsv
[4.707s] -- Symlinking: /home/vboxuser/ros2_ws/install/mecanum4_description/share/mecanum4_description/package.dsv
[4.728s] -- Symlinking: /home/vboxuser/ros2_ws/install/mecanum4_description/share/ament_index/resource_index/packages/mecanum4_description
[4.747s] -- Symlinking: /home/vboxuser/ros2_ws/install/mecanum4_description/share/mecanum4_description/cmake/mecanum4_descriptionConfig.cmake
[4.769s] -- Symlinking: /home/vboxuser/ros2_ws/install/mecanum4_description/share/mecanum4_description/cmake/mecanum4_descriptionConfig-version.cmake
[4.786s] -- Symlinking: /home/vboxuser/ros2_ws/install/mecanum4_description/share/mecanum4_description/package.xml
[4.809s] Invoked command in '/home/vboxuser/ros2_ws/build/mecanum4_description' returned '0': CMAKE_PREFIX_PATH=/home/vboxuser/robocon_ws/install/robocon_tutorial:/opt/ros/humble /usr/bin/cmake --install /home/vboxuser/ros2_ws/build/mecanum4_description
