[3.787s] DEBUG:colcon:Command line arguments: ['/usr/bin/colcon', 'build']
[3.788s] DEBUG:colcon:Parsed command line arguments: Namespace(log_base=None, log_level=None, verb_name='build', build_base='build', install_base='install', merge_install=False, symlink_install=False, test_result_base=None, continue_on_error=False, executor='parallel', parallel_workers=8, event_handlers=None, ignore_user_meta=False, metas=['./colcon.meta'], base_paths=['.'], packages_ignore=None, packages_ignore_regex=None, paths=None, packages_up_to=None, packages_up_to_regex=None, packages_above=None, packages_above_and_dependencies=None, packages_above_depth=None, packages_select_by_dep=None, packages_skip_by_dep=None, packages_skip_up_to=None, packages_select_build_failed=False, packages_skip_build_finished=False, packages_select_test_failures=False, packages_skip_test_passed=False, packages_select=None, packages_skip=None, packages_select_regex=None, packages_skip_regex=None, packages_start=None, packages_end=None, allow_overriding=[], cmake_args=None, cmake_target=None, cmake_target_skip_unavailable=False, cmake_clean_cache=False, cmake_clean_first=False, cmake_force_configure=False, ament_cmake_args=None, catkin_cmake_args=None, catkin_skip_building_tests=False, mixin_files=None, mixin=None, verb_parser=<colcon_mixin.mixin.mixin_argument.MixinArgumentDecorator object at 0x780012151810>, verb_extension=<colcon_core.verb.build.BuildVerb object at 0x780012151240>, main=<bound method BuildVerb.main of <colcon_core.verb.build.BuildVerb object at 0x780012151240>>, mixin_verb=('build',))
[5.250s] Level 1:colcon.colcon_core.package_discovery:discover_packages(colcon_meta) check parameters
[5.251s] Level 1:colcon.colcon_core.package_discovery:discover_packages(recursive) check parameters
[5.251s] Level 1:colcon.colcon_core.package_discovery:discover_packages(ignore) check parameters
[5.251s] Level 1:colcon.colcon_core.package_discovery:discover_packages(path) check parameters
[5.251s] Level 1:colcon.colcon_core.package_discovery:discover_packages(colcon_meta) discover
[5.252s] Level 1:colcon.colcon_core.package_discovery:discover_packages(recursive) discover
[5.252s] INFO:colcon.colcon_core.package_discovery:Crawling recursively for packages in '/home/poomjai/ros2_ws/src/mecanum4_description'
[5.252s] Level 1:colcon.colcon_core.package_identification:_identify(.) by extensions ['ignore', 'ignore_ament_install']
[5.253s] Level 1:colcon.colcon_core.package_identification:_identify(.) by extension 'ignore'
[5.253s] Level 1:colcon.colcon_core.package_identification:_identify(.) by extension 'ignore_ament_install'
[5.253s] Level 1:colcon.colcon_core.package_identification:_identify(.) by extensions ['colcon_pkg']
[5.253s] Level 1:colcon.colcon_core.package_identification:_identify(.) by extension 'colcon_pkg'
[5.253s] Level 1:colcon.colcon_core.package_identification:_identify(.) by extensions ['colcon_meta']
[5.253s] Level 1:colcon.colcon_core.package_identification:_identify(.) by extension 'colcon_meta'
[5.253s] Level 1:colcon.colcon_core.package_identification:_identify(.) by extensions ['ros']
[5.253s] Level 1:colcon.colcon_core.package_identification:_identify(.) by extension 'ros'
[5.376s] DEBUG:colcon.colcon_core.package_identification:Package '.' with type 'ros.ament_cmake' and name 'mecanum4_description'
[5.377s] Level 1:colcon.colcon_core.package_discovery:discover_packages(recursive) using defaults
[5.377s] Level 1:colcon.colcon_core.package_discovery:discover_packages(ignore) discover
[5.377s] Level 1:colcon.colcon_core.package_discovery:discover_packages(ignore) using defaults
[5.377s] Level 1:colcon.colcon_core.package_discovery:discover_packages(path) discover
[5.377s] Level 1:colcon.colcon_core.package_discovery:discover_packages(path) using defaults
[5.579s] Level 1:colcon.colcon_core.package_discovery:discover_packages(prefix_path) check parameters
[5.579s] Level 1:colcon.colcon_core.package_discovery:discover_packages(prefix_path) discover
[5.595s] DEBUG:colcon.colcon_installed_package_information.package_discovery:Found 2 installed packages in /home/poomjai/ros2_ws/install
[5.601s] DEBUG:colcon.colcon_installed_package_information.package_discovery:Found 370 installed packages in /opt/ros/humble
[5.615s] Level 1:colcon.colcon_core.package_discovery:discover_packages(prefix_path) using defaults
[5.938s] Level 5:colcon.colcon_core.verb:set package 'mecanum4_description' build argument 'cmake_args' from command line to 'None'
[5.939s] Level 5:colcon.colcon_core.verb:set package 'mecanum4_description' build argument 'cmake_target' from command line to 'None'
[5.940s] Level 5:colcon.colcon_core.verb:set package 'mecanum4_description' build argument 'cmake_target_skip_unavailable' from command line to 'False'
[5.942s] Level 5:colcon.colcon_core.verb:set package 'mecanum4_description' build argument 'cmake_clean_cache' from command line to 'False'
[5.943s] Level 5:colcon.colcon_core.verb:set package 'mecanum4_description' build argument 'cmake_clean_first' from command line to 'False'
[5.943s] Level 5:colcon.colcon_core.verb:set package 'mecanum4_description' build argument 'cmake_force_configure' from command line to 'False'
[5.943s] Level 5:colcon.colcon_core.verb:set package 'mecanum4_description' build argument 'ament_cmake_args' from command line to 'None'
[5.943s] Level 5:colcon.colcon_core.verb:set package 'mecanum4_description' build argument 'catkin_cmake_args' from command line to 'None'
[5.943s] Level 5:colcon.colcon_core.verb:set package 'mecanum4_description' build argument 'catkin_skip_building_tests' from command line to 'False'
[5.944s] DEBUG:colcon.colcon_core.verb:Building package 'mecanum4_description' with the following arguments: {'ament_cmake_args': None, 'build_base': '/home/poomjai/ros2_ws/src/mecanum4_description/build/mecanum4_description', 'catkin_cmake_args': None, 'catkin_skip_building_tests': False, 'cmake_args': None, 'cmake_clean_cache': False, 'cmake_clean_first': False, 'cmake_force_configure': False, 'cmake_target': None, 'cmake_target_skip_unavailable': False, 'install_base': '/home/poomjai/ros2_ws/src/mecanum4_description/install/mecanum4_description', 'merge_install': False, 'path': '/home/poomjai/ros2_ws/src/mecanum4_description', 'symlink_install': False, 'test_result_base': None}
[5.944s] INFO:colcon.colcon_core.executor:Executing jobs using 'parallel' executor
[5.951s] DEBUG:colcon.colcon_parallel_executor.executor.parallel:run_until_complete
[5.952s] INFO:colcon.colcon_ros.task.ament_cmake.build:Building ROS package in '/home/poomjai/ros2_ws/src/mecanum4_description' with build type 'ament_cmake'
[5.952s] INFO:colcon.colcon_cmake.task.cmake.build:Building CMake package in '/home/poomjai/ros2_ws/src/mecanum4_description'
[5.970s] INFO:colcon.colcon_core.plugin_system:Skipping extension 'colcon_core.shell.bat': Not used on non-Windows systems
[5.970s] INFO:colcon.colcon_core.shell:Skip shell extension 'powershell' for command environment: Not usable outside of PowerShell
[5.970s] DEBUG:colcon.colcon_core.shell:Skip shell extension 'dsv' for command environment
[6.055s] DEBUG:colcon.colcon_core.event_handler.log_command:Invoking command in '/home/poomjai/ros2_ws/src/mecanum4_description/build/mecanum4_description': CMAKE_PREFIX_PATH=${CMAKE_PREFIX_PATH}:/opt/ros/humble /usr/bin/cmake --build /home/poomjai/ros2_ws/src/mecanum4_description/build/mecanum4_description -- -j8 -l8
[8.000s] DEBUG:colcon.colcon_core.event_handler.log_command:Invoked command in '/home/poomjai/ros2_ws/src/mecanum4_description/build/mecanum4_description' returned '0': CMAKE_PREFIX_PATH=${CMAKE_PREFIX_PATH}:/opt/ros/humble /usr/bin/cmake --build /home/poomjai/ros2_ws/src/mecanum4_description/build/mecanum4_description -- -j8 -l8
[8.043s] DEBUG:colcon.colcon_core.event_handler.log_command:Invoking command in '/home/poomjai/ros2_ws/src/mecanum4_description/build/mecanum4_description': CMAKE_PREFIX_PATH=${CMAKE_PREFIX_PATH}:/opt/ros/humble /usr/bin/cmake --install /home/poomjai/ros2_ws/src/mecanum4_description/build/mecanum4_description
[8.162s] Level 1:colcon.colcon_core.environment:create_environment_scripts_only(mecanum4_description)
[8.167s] DEBUG:colcon.colcon_core.event_handler.log_command:Invoked command in '/home/poomjai/ros2_ws/src/mecanum4_description/build/mecanum4_description' returned '0': CMAKE_PREFIX_PATH=${CMAKE_PREFIX_PATH}:/opt/ros/humble /usr/bin/cmake --install /home/poomjai/ros2_ws/src/mecanum4_description/build/mecanum4_description
[8.179s] Level 1:colcon.colcon_core.environment:checking '/home/poomjai/ros2_ws/src/mecanum4_description/install/mecanum4_description' for CMake module files
[8.184s] Level 1:colcon.colcon_core.environment:checking '/home/poomjai/ros2_ws/src/mecanum4_description/install/mecanum4_description' for CMake config files
[8.187s] Level 1:colcon.colcon_core.shell:create_environment_hook('mecanum4_description', 'cmake_prefix_path')
[8.189s] INFO:colcon.colcon_core.shell:Creating environment hook '/home/poomjai/ros2_ws/src/mecanum4_description/install/mecanum4_description/share/mecanum4_description/hook/cmake_prefix_path.ps1'
[8.194s] INFO:colcon.colcon_core.shell:Creating environment descriptor '/home/poomjai/ros2_ws/src/mecanum4_description/install/mecanum4_description/share/mecanum4_description/hook/cmake_prefix_path.dsv'
[8.196s] INFO:colcon.colcon_core.shell:Creating environment hook '/home/poomjai/ros2_ws/src/mecanum4_description/install/mecanum4_description/share/mecanum4_description/hook/cmake_prefix_path.sh'
[8.204s] Level 1:colcon.colcon_core.environment:checking '/home/poomjai/ros2_ws/src/mecanum4_description/install/mecanum4_description/lib'
[8.205s] Level 1:colcon.colcon_core.environment:checking '/home/poomjai/ros2_ws/src/mecanum4_description/install/mecanum4_description/bin'
[8.206s] Level 1:colcon.colcon_core.environment:checking '/home/poomjai/ros2_ws/src/mecanum4_description/install/mecanum4_description/lib/pkgconfig/mecanum4_description.pc'
[8.207s] Level 1:colcon.colcon_core.environment:checking '/home/poomjai/ros2_ws/src/mecanum4_description/install/mecanum4_description/lib/python3.10/site-packages'
[8.209s] Level 1:colcon.colcon_core.environment:checking '/home/poomjai/ros2_ws/src/mecanum4_description/install/mecanum4_description/bin'
[8.210s] INFO:colcon.colcon_core.shell:Creating package script '/home/poomjai/ros2_ws/src/mecanum4_description/install/mecanum4_description/share/mecanum4_description/package.ps1'
[8.228s] INFO:colcon.colcon_core.shell:Creating package descriptor '/home/poomjai/ros2_ws/src/mecanum4_description/install/mecanum4_description/share/mecanum4_description/package.dsv'
[8.231s] INFO:colcon.colcon_core.shell:Creating package script '/home/poomjai/ros2_ws/src/mecanum4_description/install/mecanum4_description/share/mecanum4_description/package.sh'
[8.234s] INFO:colcon.colcon_core.shell:Creating package script '/home/poomjai/ros2_ws/src/mecanum4_description/install/mecanum4_description/share/mecanum4_description/package.bash'
[8.240s] INFO:colcon.colcon_core.shell:Creating package script '/home/poomjai/ros2_ws/src/mecanum4_description/install/mecanum4_description/share/mecanum4_description/package.zsh'
[8.252s] Level 1:colcon.colcon_core.environment:create_file_with_runtime_dependencies(/home/poomjai/ros2_ws/src/mecanum4_description/install/mecanum4_description/share/colcon-core/packages/mecanum4_description)
[8.257s] Level 1:colcon.colcon_core.environment:create_environment_scripts_only(mecanum4_description)
[8.257s] Level 1:colcon.colcon_core.environment:checking '/home/poomjai/ros2_ws/src/mecanum4_description/install/mecanum4_description' for CMake module files
[8.271s] Level 1:colcon.colcon_core.environment:checking '/home/poomjai/ros2_ws/src/mecanum4_description/install/mecanum4_description' for CMake config files
[8.273s] Level 1:colcon.colcon_core.shell:create_environment_hook('mecanum4_description', 'cmake_prefix_path')
[8.274s] INFO:colcon.colcon_core.shell:Creating environment hook '/home/poomjai/ros2_ws/src/mecanum4_description/install/mecanum4_description/share/mecanum4_description/hook/cmake_prefix_path.ps1'
[8.276s] INFO:colcon.colcon_core.shell:Creating environment descriptor '/home/poomjai/ros2_ws/src/mecanum4_description/install/mecanum4_description/share/mecanum4_description/hook/cmake_prefix_path.dsv'
[8.287s] INFO:colcon.colcon_core.shell:Creating environment hook '/home/poomjai/ros2_ws/src/mecanum4_description/install/mecanum4_description/share/mecanum4_description/hook/cmake_prefix_path.sh'
[8.290s] Level 1:colcon.colcon_core.environment:checking '/home/poomjai/ros2_ws/src/mecanum4_description/install/mecanum4_description/lib'
[8.290s] Level 1:colcon.colcon_core.environment:checking '/home/poomjai/ros2_ws/src/mecanum4_description/install/mecanum4_description/bin'
[8.290s] Level 1:colcon.colcon_core.environment:checking '/home/poomjai/ros2_ws/src/mecanum4_description/install/mecanum4_description/lib/pkgconfig/mecanum4_description.pc'
[8.291s] Level 1:colcon.colcon_core.environment:checking '/home/poomjai/ros2_ws/src/mecanum4_description/install/mecanum4_description/lib/python3.10/site-packages'
[8.293s] Level 1:colcon.colcon_core.environment:checking '/home/poomjai/ros2_ws/src/mecanum4_description/install/mecanum4_description/bin'
[8.296s] INFO:colcon.colcon_core.shell:Creating package script '/home/poomjai/ros2_ws/src/mecanum4_description/install/mecanum4_description/share/mecanum4_description/package.ps1'
[8.305s] INFO:colcon.colcon_core.shell:Creating package descriptor '/home/poomjai/ros2_ws/src/mecanum4_description/install/mecanum4_description/share/mecanum4_description/package.dsv'
[8.309s] INFO:colcon.colcon_core.shell:Creating package script '/home/poomjai/ros2_ws/src/mecanum4_description/install/mecanum4_description/share/mecanum4_description/package.sh'
[8.312s] INFO:colcon.colcon_core.shell:Creating package script '/home/poomjai/ros2_ws/src/mecanum4_description/install/mecanum4_description/share/mecanum4_description/package.bash'
[8.314s] INFO:colcon.colcon_core.shell:Creating package script '/home/poomjai/ros2_ws/src/mecanum4_description/install/mecanum4_description/share/mecanum4_description/package.zsh'
[8.324s] Level 1:colcon.colcon_core.environment:create_file_with_runtime_dependencies(/home/poomjai/ros2_ws/src/mecanum4_description/install/mecanum4_description/share/colcon-core/packages/mecanum4_description)
[8.326s] DEBUG:colcon.colcon_parallel_executor.executor.parallel:closing loop
[8.327s] DEBUG:colcon.colcon_parallel_executor.executor.parallel:loop closed
[8.327s] DEBUG:colcon.colcon_parallel_executor.executor.parallel:run_until_complete finished with '0'
[8.327s] DEBUG:colcon.colcon_core.event_reactor:joining thread
[9.691s] INFO:colcon.colcon_core.plugin_system:Skipping extension 'colcon_notification.desktop_notification.notify_send': Could not find 'notify-send'
[9.691s] INFO:colcon.colcon_core.plugin_system:Skipping extension 'colcon_notification.desktop_notification.terminal_notifier': Not used on non-Darwin systems
[9.692s] INFO:colcon.colcon_core.plugin_system:Skipping extension 'colcon_notification.desktop_notification.win32': Not used on non-Windows systems
[9.692s] INFO:colcon.colcon_notification.desktop_notification:Sending desktop notification using 'notify2'
[9.694s] DEBUG:colcon.colcon_notification.desktop_notification.notify2:Failed to initialize notify2: org.freedesktop.DBus.Error.FileNotFound: Failed to connect to socket /run/user/1000/bus: No such file or directory
[9.696s] DEBUG:colcon.colcon_core.event_reactor:joined thread
[9.697s] INFO:colcon.colcon_core.shell:Creating prefix script '/home/poomjai/ros2_ws/src/mecanum4_description/install/local_setup.ps1'
[9.702s] INFO:colcon.colcon_core.shell:Creating prefix util module '/home/poomjai/ros2_ws/src/mecanum4_description/install/_local_setup_util_ps1.py'
[9.714s] INFO:colcon.colcon_core.shell:Creating prefix chain script '/home/poomjai/ros2_ws/src/mecanum4_description/install/setup.ps1'
[9.724s] INFO:colcon.colcon_core.shell:Creating prefix script '/home/poomjai/ros2_ws/src/mecanum4_description/install/local_setup.sh'
[9.732s] INFO:colcon.colcon_core.shell:Creating prefix util module '/home/poomjai/ros2_ws/src/mecanum4_description/install/_local_setup_util_sh.py'
[9.738s] INFO:colcon.colcon_core.shell:Creating prefix chain script '/home/poomjai/ros2_ws/src/mecanum4_description/install/setup.sh'
[9.747s] INFO:colcon.colcon_core.shell:Creating prefix script '/home/poomjai/ros2_ws/src/mecanum4_description/install/local_setup.bash'
[9.750s] INFO:colcon.colcon_core.shell:Creating prefix chain script '/home/poomjai/ros2_ws/src/mecanum4_description/install/setup.bash'
[9.756s] INFO:colcon.colcon_core.shell:Creating prefix script '/home/poomjai/ros2_ws/src/mecanum4_description/install/local_setup.zsh'
[9.763s] INFO:colcon.colcon_core.shell:Creating prefix chain script '/home/poomjai/ros2_ws/src/mecanum4_description/install/setup.zsh'
