[0.146s] DEBUG:colcon:Command line arguments: ['/usr/bin/colcon', 'build']
[0.146s] DEBUG:colcon:Parsed command line arguments: Namespace(log_base=None, log_level=None, verb_name='build', build_base='build', install_base='install', merge_install=False, symlink_install=False, test_result_base=None, continue_on_error=False, executor='parallel', parallel_workers=5, event_handlers=None, ignore_user_meta=False, metas=['./colcon.meta'], base_paths=['.'], packages_ignore=None, packages_ignore_regex=None, paths=None, packages_up_to=None, packages_up_to_regex=None, packages_above=None, packages_above_and_dependencies=None, packages_above_depth=None, packages_select_by_dep=None, packages_skip_by_dep=None, packages_skip_up_to=None, packages_select_build_failed=False, packages_skip_build_finished=False, packages_select_test_failures=False, packages_skip_test_passed=False, packages_select=None, packages_skip=None, packages_select_regex=None, packages_skip_regex=None, packages_start=None, packages_end=None, allow_overriding=[], cmake_args=None, cmake_target=None, cmake_target_skip_unavailable=False, cmake_clean_cache=False, cmake_clean_first=False, cmake_force_configure=False, ament_cmake_args=None, catkin_cmake_args=None, catkin_skip_building_tests=False, verb_parser=<colcon_defaults.argument_parser.defaults.DefaultArgumentsDecorator object at 0x78599361ffa0>, verb_extension=<colcon_core.verb.build.BuildVerb object at 0x78599361f9d0>, main=<bound method BuildVerb.main of <colcon_core.verb.build.BuildVerb object at 0x78599361f9d0>>)
[0.416s] Level 1:colcon.colcon_core.package_discovery:discover_packages(colcon_meta) check parameters
[0.417s] Level 1:colcon.colcon_core.package_discovery:discover_packages(recursive) check parameters
[0.417s] Level 1:colcon.colcon_core.package_discovery:discover_packages(ignore) check parameters
[0.417s] Level 1:colcon.colcon_core.package_discovery:discover_packages(path) check parameters
[0.417s] Level 1:colcon.colcon_core.package_discovery:discover_packages(colcon_meta) discover
[0.417s] Level 1:colcon.colcon_core.package_discovery:discover_packages(recursive) discover
[0.417s] INFO:colcon.colcon_core.package_discovery:Crawling recursively for packages in '/home/vboxuser/robocon_ws/src/camera_raw_publisher'
[0.417s] Level 1:colcon.colcon_core.package_identification:_identify(.) by extensions ['ignore', 'ignore_ament_install']
[0.417s] Level 1:colcon.colcon_core.package_identification:_identify(.) by extension 'ignore'
[0.417s] Level 1:colcon.colcon_core.package_identification:_identify(.) by extension 'ignore_ament_install'
[0.418s] Level 1:colcon.colcon_core.package_identification:_identify(.) by extensions ['colcon_pkg']
[0.418s] Level 1:colcon.colcon_core.package_identification:_identify(.) by extension 'colcon_pkg'
[0.418s] Level 1:colcon.colcon_core.package_identification:_identify(.) by extensions ['colcon_meta']
[0.418s] Level 1:colcon.colcon_core.package_identification:_identify(.) by extension 'colcon_meta'
[0.418s] Level 1:colcon.colcon_core.package_identification:_identify(.) by extensions ['ros']
[0.418s] Level 1:colcon.colcon_core.package_identification:_identify(.) by extension 'ros'
[0.440s] DEBUG:colcon.colcon_core.package_identification:Package '.' with type 'ros.ament_python' and name 'camera_raw_publisher'
[0.440s] Level 1:colcon.colcon_core.package_discovery:discover_packages(recursive) using defaults
[0.440s] Level 1:colcon.colcon_core.package_discovery:discover_packages(ignore) discover
[0.440s] Level 1:colcon.colcon_core.package_discovery:discover_packages(ignore) using defaults
[0.440s] Level 1:colcon.colcon_core.package_discovery:discover_packages(path) discover
[0.440s] Level 1:colcon.colcon_core.package_discovery:discover_packages(path) using defaults
[0.471s] Level 1:colcon.colcon_core.package_discovery:discover_packages(prefix_path) check parameters
[0.471s] Level 1:colcon.colcon_core.package_discovery:discover_packages(prefix_path) discover
[0.474s] DEBUG:colcon.colcon_installed_package_information.package_discovery:Found 3 installed packages in /home/vboxuser/robocon_ws/install
[0.474s] DEBUG:colcon.colcon_installed_package_information.package_discovery:Found 2 installed packages in /home/vboxuser/ros2_ws/install
[0.476s] DEBUG:colcon.colcon_installed_package_information.package_discovery:Found 324 installed packages in /opt/ros/humble
[0.496s] Level 1:colcon.colcon_core.package_discovery:discover_packages(prefix_path) using defaults
[0.546s] Level 5:colcon.colcon_core.verb:set package 'camera_raw_publisher' build argument 'cmake_args' from command line to 'None'
[0.546s] Level 5:colcon.colcon_core.verb:set package 'camera_raw_publisher' build argument 'cmake_target' from command line to 'None'
[0.546s] Level 5:colcon.colcon_core.verb:set package 'camera_raw_publisher' build argument 'cmake_target_skip_unavailable' from command line to 'False'
[0.546s] Level 5:colcon.colcon_core.verb:set package 'camera_raw_publisher' build argument 'cmake_clean_cache' from command line to 'False'
[0.546s] Level 5:colcon.colcon_core.verb:set package 'camera_raw_publisher' build argument 'cmake_clean_first' from command line to 'False'
[0.546s] Level 5:colcon.colcon_core.verb:set package 'camera_raw_publisher' build argument 'cmake_force_configure' from command line to 'False'
[0.546s] Level 5:colcon.colcon_core.verb:set package 'camera_raw_publisher' build argument 'ament_cmake_args' from command line to 'None'
[0.546s] Level 5:colcon.colcon_core.verb:set package 'camera_raw_publisher' build argument 'catkin_cmake_args' from command line to 'None'
[0.546s] Level 5:colcon.colcon_core.verb:set package 'camera_raw_publisher' build argument 'catkin_skip_building_tests' from command line to 'False'
[0.546s] DEBUG:colcon.colcon_core.verb:Building package 'camera_raw_publisher' with the following arguments: {'ament_cmake_args': None, 'build_base': '/home/vboxuser/robocon_ws/src/camera_raw_publisher/build/camera_raw_publisher', 'catkin_cmake_args': None, 'catkin_skip_building_tests': False, 'cmake_args': None, 'cmake_clean_cache': False, 'cmake_clean_first': False, 'cmake_force_configure': False, 'cmake_target': None, 'cmake_target_skip_unavailable': False, 'install_base': '/home/vboxuser/robocon_ws/src/camera_raw_publisher/install/camera_raw_publisher', 'merge_install': False, 'path': '/home/vboxuser/robocon_ws/src/camera_raw_publisher', 'symlink_install': False, 'test_result_base': None}
[0.546s] INFO:colcon.colcon_core.executor:Executing jobs using 'parallel' executor
[0.548s] DEBUG:colcon.colcon_parallel_executor.executor.parallel:run_until_complete
[0.549s] INFO:colcon.colcon_ros.task.ament_python.build:Building ROS package in '/home/vboxuser/robocon_ws/src/camera_raw_publisher' with build type 'ament_python'
[0.549s] Level 1:colcon.colcon_core.shell:create_environment_hook('camera_raw_publisher', 'ament_prefix_path')
[0.552s] INFO:colcon.colcon_core.plugin_system:Skipping extension 'colcon_core.shell.bat': Not used on non-Windows systems
[0.553s] INFO:colcon.colcon_core.shell:Creating environment hook '/home/vboxuser/robocon_ws/src/camera_raw_publisher/install/camera_raw_publisher/share/camera_raw_publisher/hook/ament_prefix_path.ps1'
[0.554s] INFO:colcon.colcon_core.shell:Creating environment descriptor '/home/vboxuser/robocon_ws/src/camera_raw_publisher/install/camera_raw_publisher/share/camera_raw_publisher/hook/ament_prefix_path.dsv'
[0.583s] INFO:colcon.colcon_core.shell:Creating environment hook '/home/vboxuser/robocon_ws/src/camera_raw_publisher/install/camera_raw_publisher/share/camera_raw_publisher/hook/ament_prefix_path.sh'
[0.585s] INFO:colcon.colcon_core.shell:Skip shell extension 'powershell' for command environment: Not usable outside of PowerShell
[0.585s] DEBUG:colcon.colcon_core.shell:Skip shell extension 'dsv' for command environment
[1.056s] INFO:colcon.colcon_core.task.python.build:Building Python package in '/home/vboxuser/robocon_ws/src/camera_raw_publisher'
[1.056s] INFO:colcon.colcon_core.shell:Skip shell extension 'powershell' for command environment: Not usable outside of PowerShell
[1.056s] DEBUG:colcon.colcon_core.shell:Skip shell extension 'dsv' for command environment
[1.605s] DEBUG:colcon.colcon_core.event_handler.log_command:Invoking command in '/home/vboxuser/robocon_ws/src/camera_raw_publisher': PYTHONPATH=/home/vboxuser/robocon_ws/src/camera_raw_publisher/build/camera_raw_publisher/prefix_override:/usr/lib/python3/dist-packages/colcon_core/task/python/colcon_distutils_commands:/home/vboxuser/robocon_ws/src/camera_raw_publisher/install/camera_raw_publisher/lib/python3.10/site-packages:${PYTHONPATH} /usr/bin/python3 -W ignore:setup.py install is deprecated -W ignore:easy_install command is deprecated setup.py egg_info --egg-base build/camera_raw_publisher build --build-base /home/vboxuser/robocon_ws/src/camera_raw_publisher/build/camera_raw_publisher/build install --record /home/vboxuser/robocon_ws/src/camera_raw_publisher/build/camera_raw_publisher/install.log --single-version-externally-managed install_data
[2.085s] DEBUG:colcon.colcon_core.event_handler.log_command:Invoked command in '/home/vboxuser/robocon_ws/src/camera_raw_publisher' returned '0': PYTHONPATH=/home/vboxuser/robocon_ws/src/camera_raw_publisher/build/camera_raw_publisher/prefix_override:/usr/lib/python3/dist-packages/colcon_core/task/python/colcon_distutils_commands:/home/vboxuser/robocon_ws/src/camera_raw_publisher/install/camera_raw_publisher/lib/python3.10/site-packages:${PYTHONPATH} /usr/bin/python3 -W ignore:setup.py install is deprecated -W ignore:easy_install command is deprecated setup.py egg_info --egg-base build/camera_raw_publisher build --build-base /home/vboxuser/robocon_ws/src/camera_raw_publisher/build/camera_raw_publisher/build install --record /home/vboxuser/robocon_ws/src/camera_raw_publisher/build/camera_raw_publisher/install.log --single-version-externally-managed install_data
[2.089s] Level 1:colcon.colcon_core.environment:checking '/home/vboxuser/robocon_ws/src/camera_raw_publisher/install/camera_raw_publisher' for CMake module files
[2.089s] Level 1:colcon.colcon_core.environment:checking '/home/vboxuser/robocon_ws/src/camera_raw_publisher/install/camera_raw_publisher' for CMake config files
[2.090s] Level 1:colcon.colcon_core.environment:checking '/home/vboxuser/robocon_ws/src/camera_raw_publisher/install/camera_raw_publisher/lib'
[2.090s] Level 1:colcon.colcon_core.environment:checking '/home/vboxuser/robocon_ws/src/camera_raw_publisher/install/camera_raw_publisher/bin'
[2.091s] Level 1:colcon.colcon_core.environment:checking '/home/vboxuser/robocon_ws/src/camera_raw_publisher/install/camera_raw_publisher/lib/pkgconfig/camera_raw_publisher.pc'
[2.091s] Level 1:colcon.colcon_core.environment:checking '/home/vboxuser/robocon_ws/src/camera_raw_publisher/install/camera_raw_publisher/lib/python3.10/site-packages'
[2.091s] Level 1:colcon.colcon_core.shell:create_environment_hook('camera_raw_publisher', 'pythonpath')
[2.091s] INFO:colcon.colcon_core.shell:Creating environment hook '/home/vboxuser/robocon_ws/src/camera_raw_publisher/install/camera_raw_publisher/share/camera_raw_publisher/hook/pythonpath.ps1'
[2.093s] INFO:colcon.colcon_core.shell:Creating environment descriptor '/home/vboxuser/robocon_ws/src/camera_raw_publisher/install/camera_raw_publisher/share/camera_raw_publisher/hook/pythonpath.dsv'
[2.094s] INFO:colcon.colcon_core.shell:Creating environment hook '/home/vboxuser/robocon_ws/src/camera_raw_publisher/install/camera_raw_publisher/share/camera_raw_publisher/hook/pythonpath.sh'
[2.096s] Level 1:colcon.colcon_core.environment:checking '/home/vboxuser/robocon_ws/src/camera_raw_publisher/install/camera_raw_publisher/bin'
[2.096s] Level 1:colcon.colcon_core.environment:create_environment_scripts_only(camera_raw_publisher)
[2.096s] INFO:colcon.colcon_core.shell:Creating package script '/home/vboxuser/robocon_ws/src/camera_raw_publisher/install/camera_raw_publisher/share/camera_raw_publisher/package.ps1'
[2.098s] INFO:colcon.colcon_core.shell:Creating package descriptor '/home/vboxuser/robocon_ws/src/camera_raw_publisher/install/camera_raw_publisher/share/camera_raw_publisher/package.dsv'
[2.099s] INFO:colcon.colcon_core.shell:Creating package script '/home/vboxuser/robocon_ws/src/camera_raw_publisher/install/camera_raw_publisher/share/camera_raw_publisher/package.sh'
[2.100s] INFO:colcon.colcon_core.shell:Creating package script '/home/vboxuser/robocon_ws/src/camera_raw_publisher/install/camera_raw_publisher/share/camera_raw_publisher/package.bash'
[2.101s] INFO:colcon.colcon_core.shell:Creating package script '/home/vboxuser/robocon_ws/src/camera_raw_publisher/install/camera_raw_publisher/share/camera_raw_publisher/package.zsh'
[2.102s] Level 1:colcon.colcon_core.environment:create_file_with_runtime_dependencies(/home/vboxuser/robocon_ws/src/camera_raw_publisher/install/camera_raw_publisher/share/colcon-core/packages/camera_raw_publisher)
[2.102s] DEBUG:colcon.colcon_parallel_executor.executor.parallel:closing loop
[2.103s] DEBUG:colcon.colcon_parallel_executor.executor.parallel:loop closed
[2.103s] DEBUG:colcon.colcon_parallel_executor.executor.parallel:run_until_complete finished with '0'
[2.103s] DEBUG:colcon.colcon_core.event_reactor:joining thread
[2.110s] INFO:colcon.colcon_core.plugin_system:Skipping extension 'colcon_notification.desktop_notification.terminal_notifier': Not used on non-Darwin systems
[2.110s] INFO:colcon.colcon_core.plugin_system:Skipping extension 'colcon_notification.desktop_notification.win32': Not used on non-Windows systems
[2.110s] INFO:colcon.colcon_notification.desktop_notification:Sending desktop notification using 'notify2'
[2.172s] DEBUG:colcon.colcon_core.event_reactor:joined thread
[2.172s] INFO:colcon.colcon_core.shell:Creating prefix script '/home/vboxuser/robocon_ws/src/camera_raw_publisher/install/local_setup.ps1'
[2.174s] INFO:colcon.colcon_core.shell:Creating prefix util module '/home/vboxuser/robocon_ws/src/camera_raw_publisher/install/_local_setup_util_ps1.py'
[2.176s] INFO:colcon.colcon_core.shell:Creating prefix chain script '/home/vboxuser/robocon_ws/src/camera_raw_publisher/install/setup.ps1'
[2.179s] INFO:colcon.colcon_core.shell:Creating prefix script '/home/vboxuser/robocon_ws/src/camera_raw_publisher/install/local_setup.sh'
[2.179s] INFO:colcon.colcon_core.shell:Creating prefix util module '/home/vboxuser/robocon_ws/src/camera_raw_publisher/install/_local_setup_util_sh.py'
[2.181s] INFO:colcon.colcon_core.shell:Creating prefix chain script '/home/vboxuser/robocon_ws/src/camera_raw_publisher/install/setup.sh'
[2.183s] INFO:colcon.colcon_core.shell:Creating prefix script '/home/vboxuser/robocon_ws/src/camera_raw_publisher/install/local_setup.bash'
[2.184s] INFO:colcon.colcon_core.shell:Creating prefix chain script '/home/vboxuser/robocon_ws/src/camera_raw_publisher/install/setup.bash'
[2.186s] INFO:colcon.colcon_core.shell:Creating prefix script '/home/vboxuser/robocon_ws/src/camera_raw_publisher/install/local_setup.zsh'
[2.187s] INFO:colcon.colcon_core.shell:Creating prefix chain script '/home/vboxuser/robocon_ws/src/camera_raw_publisher/install/setup.zsh'
