[0.032s] Invoking command in '/home/minmin/ros2_ws/src/build/ydlidar_ros2_driver': CMAKE_PREFIX_PATH=${CMAKE_PREFIX_PATH}:/opt/ros/humble /usr/bin/cmake --build /home/minmin/ros2_ws/src/build/ydlidar_ros2_driver -- -j8 -l8
[0.187s] -- Found ament_cmake: 1.3.14 (/opt/ros/humble/share/ament_cmake/cmake)
[0.452s] -- Found rclcpp: 16.0.19 (/opt/ros/humble/share/rclcpp/cmake)
[1.139s] -- Found rosidl_generator_c: 3.1.8 (/opt/ros/humble/share/rosidl_generator_c/cmake)
[1.146s] -- Found rosidl_adapter: 3.1.8 (/opt/ros/humble/share/rosidl_adapter/cmake)
[1.163s] -- Found rosidl_generator_cpp: 3.1.8 (/opt/ros/humble/share/rosidl_generator_cpp/cmake)
[1.190s] -- Using all available rosidl_typesupport_c: rosidl_typesupport_fastrtps_c;rosidl_typesupport_introspection_c
[1.222s] -- Using all available rosidl_typesupport_cpp: rosidl_typesupport_fastrtps_cpp;rosidl_typesupport_introspection_cpp
[1.309s] -- Found rmw_implementation_cmake: 6.1.2 (/opt/ros/humble/share/rmw_implementation_cmake/cmake)
[1.315s] -- Found rmw_fastrtps_cpp: 6.2.10 (/opt/ros/humble/share/rmw_fastrtps_cpp/cmake)
[31.623s] -- Using RMW implementation 'rmw_fastrtps_cpp' as default
[31.791s] -- Found sensor_msgs: 4.9.1 (/opt/ros/humble/share/sensor_msgs/cmake)
[31.865s] -- Found visualization_msgs: 4.9.1 (/opt/ros/humble/share/visualization_msgs/cmake)
[31.914s] -- Found std_srvs: 4.9.1 (/opt/ros/humble/share/std_srvs/cmake)
[39.927s] [33mCMake Warning at CMakeLists.txt:35 (message):
[39.927s]   ydlidar_sdk not found: ydlidar_ros2_driver_node will not be built
[39.927s] 
[39.927s] [0m
[39.931s] -- Found ament_lint_auto: 0.12.15 (/opt/ros/humble/share/ament_lint_auto/cmake)
[40.087s] -- Added test 'copyright' to check source files copyright and LICENSE
[40.117s] -- Added test 'cppcheck' to perform static code analysis on C / C++ code
[40.118s] -- Configured cppcheck include dirs: /home/minmin/ros2_ws/src/ydlidar_ros2_driver/src
[40.118s] -- Configured cppcheck exclude dirs and/or files: 
[40.148s] -- Added test 'cpplint' to check C / C++ code against the Google style
[40.148s] -- Configured cpplint exclude dirs and/or files: 
[40.153s] -- Added test 'flake8' to check Python code syntax and style conventions
[40.161s] -- Added test 'lint_cmake' to check CMake code style
[40.166s] -- Added test 'pep257' to check Python code against some of the docstring style conventions in PEP 257
[40.197s] -- Added test 'uncrustify' to check C / C++ code style
[40.197s] -- Configured uncrustify additional arguments: 
[40.204s] -- Added test 'xmllint' to check XML markup files
[40.208s] -- Configuring done
[40.249s] -- Generating done
[40.259s] -- Build files have been written to: /home/minmin/ros2_ws/src/build/ydlidar_ros2_driver
[40.325s] [35m[1mConsolidate compiler generated dependencies of target ydlidar_ros2_driver_client[0m
[40.430s] [100%] Built target ydlidar_ros2_driver_client
[40.454s] Invoked command in '/home/minmin/ros2_ws/src/build/ydlidar_ros2_driver' returned '0': CMAKE_PREFIX_PATH=${CMAKE_PREFIX_PATH}:/opt/ros/humble /usr/bin/cmake --build /home/minmin/ros2_ws/src/build/ydlidar_ros2_driver -- -j8 -l8
[40.459s] Invoking command in '/home/minmin/ros2_ws/src/build/ydlidar_ros2_driver': CMAKE_PREFIX_PATH=${CMAKE_PREFIX_PATH}:/opt/ros/humble /usr/bin/cmake --install /home/minmin/ros2_ws/src/build/ydlidar_ros2_driver
[40.472s] -- Install configuration: ""
[40.473s] -- Up-to-date: /home/minmin/ros2_ws/src/install/ydlidar_ros2_driver/lib/ydlidar_ros2_driver/ydlidar_ros2_driver_client
[40.474s] -- Up-to-date: /home/minmin/ros2_ws/src/install/ydlidar_ros2_driver/share/ydlidar_ros2_driver/launch
[40.474s] -- Installing: /home/minmin/ros2_ws/src/install/ydlidar_ros2_driver/share/ydlidar_ros2_driver/launch/ydlidar.py
[40.475s] -- Installing: /home/minmin/ros2_ws/src/install/ydlidar_ros2_driver/share/ydlidar_ros2_driver/launch/ydlidar_scan_echo.launch.py
[40.476s] -- Up-to-date: /home/minmin/ros2_ws/src/install/ydlidar_ros2_driver/share/ydlidar_ros2_driver/launch/__pycache__
[40.477s] -- Installing: /home/minmin/ros2_ws/src/install/ydlidar_ros2_driver/share/ydlidar_ros2_driver/launch/__pycache__/ydlidar_rviz.launch.cpython-310.pyc
[40.477s] -- Installing: /home/minmin/ros2_ws/src/install/ydlidar_ros2_driver/share/ydlidar_ros2_driver/launch/__pycache__/ydlidar_bringup.launch.cpython-310.pyc
[40.478s] -- Installing: /home/minmin/ros2_ws/src/install/ydlidar_ros2_driver/share/ydlidar_ros2_driver/launch/__pycache__/ydlidar_launch.cpython-310.pyc
[40.479s] -- Installing: /home/minmin/ros2_ws/src/install/ydlidar_ros2_driver/share/ydlidar_ros2_driver/launch/__pycache__/ydlidar_driver.launch.cpython-310.pyc
[40.479s] -- Installing: /home/minmin/ros2_ws/src/install/ydlidar_ros2_driver/share/ydlidar_ros2_driver/launch/__pycache__/ydlidar_scan_echo.launch.cpython-310.pyc
[40.480s] -- Installing: /home/minmin/ros2_ws/src/install/ydlidar_ros2_driver/share/ydlidar_ros2_driver/launch/ydlidar_rviz.launch.py
[40.482s] -- Installing: /home/minmin/ros2_ws/src/install/ydlidar_ros2_driver/share/ydlidar_ros2_driver/launch/ydlidar_launch.py
[40.482s] -- Installing: /home/minmin/ros2_ws/src/install/ydlidar_ros2_driver/share/ydlidar_ros2_driver/launch/ydlidar_bringup.launch.py
[40.483s] -- Installing: /home/minmin/ros2_ws/src/install/ydlidar_ros2_driver/share/ydlidar_ros2_driver/launch/ydlidar_launch_view.py
[40.484s] -- Installing: /home/minmin/ros2_ws/src/install/ydlidar_ros2_driver/share/ydlidar_ros2_driver/launch/ydlidar_driver.launch.py
[40.485s] -- Up-to-date: /home/minmin/ros2_ws/src/install/ydlidar_ros2_driver/share/ydlidar_ros2_driver/params
[40.486s] -- Installing: /home/minmin/ros2_ws/src/install/ydlidar_ros2_driver/share/ydlidar_ros2_driver/params/X4.yaml
[40.487s] -- Installing: /home/minmin/ros2_ws/src/install/ydlidar_ros2_driver/share/ydlidar_ros2_driver/params/TminiPro.yaml
[40.488s] -- Installing: /home/minmin/ros2_ws/src/install/ydlidar_ros2_driver/share/ydlidar_ros2_driver/params/G2.yaml
[40.489s] -- Installing: /home/minmin/ros2_ws/src/install/ydlidar_ros2_driver/share/ydlidar_ros2_driver/params/X2.yaml
[40.489s] -- Installing: /home/minmin/ros2_ws/src/install/ydlidar_ros2_driver/share/ydlidar_ros2_driver/params/G1.yaml
[40.490s] -- Installing: /home/minmin/ros2_ws/src/install/ydlidar_ros2_driver/share/ydlidar_ros2_driver/params/TG.yaml
[40.491s] -- Installing: /home/minmin/ros2_ws/src/install/ydlidar_ros2_driver/share/ydlidar_ros2_driver/params/GS2.yaml
[40.492s] -- Installing: /home/minmin/ros2_ws/src/install/ydlidar_ros2_driver/share/ydlidar_ros2_driver/params/ydlidar.yaml
[40.493s] -- Installing: /home/minmin/ros2_ws/src/install/ydlidar_ros2_driver/share/ydlidar_ros2_driver/params/X4-Pro.yaml
[40.494s] -- Installing: /home/minmin/ros2_ws/src/install/ydlidar_ros2_driver/share/ydlidar_ros2_driver/params/G6.yaml
[40.495s] -- Installing: /home/minmin/ros2_ws/src/install/ydlidar_ros2_driver/share/ydlidar_ros2_driver/params/TEA.yaml
[40.496s] -- Up-to-date: /home/minmin/ros2_ws/src/install/ydlidar_ros2_driver/share/ydlidar_ros2_driver/startup
[40.496s] -- Installing: /home/minmin/ros2_ws/src/install/ydlidar_ros2_driver/share/ydlidar_ros2_driver/startup/initenv.sh
[40.497s] -- Up-to-date: /home/minmin/ros2_ws/src/install/ydlidar_ros2_driver/share/ydlidar_ros2_driver/config
[40.498s] -- Installing: /home/minmin/ros2_ws/src/install/ydlidar_ros2_driver/share/ydlidar_ros2_driver/config/ydlidar.rviz
[40.499s] -- Up-to-date: /home/minmin/ros2_ws/src/install/ydlidar_ros2_driver/share/ament_index/resource_index/package_run_dependencies/ydlidar_ros2_driver
[40.499s] -- Up-to-date: /home/minmin/ros2_ws/src/install/ydlidar_ros2_driver/share/ament_index/resource_index/parent_prefix_path/ydlidar_ros2_driver
[40.499s] -- Installing: /home/minmin/ros2_ws/src/install/ydlidar_ros2_driver/share/ydlidar_ros2_driver/environment/ament_prefix_path.sh
[40.500s] -- Installing: /home/minmin/ros2_ws/src/install/ydlidar_ros2_driver/share/ydlidar_ros2_driver/environment/ament_prefix_path.dsv
[40.500s] -- Installing: /home/minmin/ros2_ws/src/install/ydlidar_ros2_driver/share/ydlidar_ros2_driver/environment/path.sh
[40.501s] -- Installing: /home/minmin/ros2_ws/src/install/ydlidar_ros2_driver/share/ydlidar_ros2_driver/environment/path.dsv
[40.502s] -- Up-to-date: /home/minmin/ros2_ws/src/install/ydlidar_ros2_driver/share/ydlidar_ros2_driver/local_setup.bash
[40.502s] -- Up-to-date: /home/minmin/ros2_ws/src/install/ydlidar_ros2_driver/share/ydlidar_ros2_driver/local_setup.sh
[40.502s] -- Up-to-date: /home/minmin/ros2_ws/src/install/ydlidar_ros2_driver/share/ydlidar_ros2_driver/local_setup.zsh
[40.502s] -- Installing: /home/minmin/ros2_ws/src/install/ydlidar_ros2_driver/share/ydlidar_ros2_driver/local_setup.dsv
[40.503s] -- Installing: /home/minmin/ros2_ws/src/install/ydlidar_ros2_driver/share/ydlidar_ros2_driver/package.dsv
[40.504s] -- Up-to-date: /home/minmin/ros2_ws/src/install/ydlidar_ros2_driver/share/ament_index/resource_index/packages/ydlidar_ros2_driver
[40.504s] -- Up-to-date: /home/minmin/ros2_ws/src/install/ydlidar_ros2_driver/share/ydlidar_ros2_driver/cmake/ydlidar_ros2_driverConfig.cmake
[40.505s] -- Up-to-date: /home/minmin/ros2_ws/src/install/ydlidar_ros2_driver/share/ydlidar_ros2_driver/cmake/ydlidar_ros2_driverConfig-version.cmake
[40.505s] -- Installing: /home/minmin/ros2_ws/src/install/ydlidar_ros2_driver/share/ydlidar_ros2_driver/package.xml
[40.509s] Invoked command in '/home/minmin/ros2_ws/src/build/ydlidar_ros2_driver' returned '0': CMAKE_PREFIX_PATH=${CMAKE_PREFIX_PATH}:/opt/ros/humble /usr/bin/cmake --install /home/minmin/ros2_ws/src/build/ydlidar_ros2_driver
