-- Install configuration: ""
-- Up-to-date: /home/poomjai/ros2_ws/src/mecanum4_description/install/mecanum4_description/share/mecanum4_description/urdf
-- Installing: /home/poomjai/ros2_ws/src/mecanum4_description/install/mecanum4_description/share/mecanum4_description/urdf/mecanum4_lidar.urdf
-- Up-to-date: /home/poomjai/ros2_ws/src/mecanum4_description/install/mecanum4_description/share/mecanum4_description/launch
-- Up-to-date: /home/poomjai/ros2_ws/src/mecanum4_description/install/mecanum4_description/share/mecanum4_description/launch/localization_bringup.launch.py
-- Up-to-date: /home/poomjai/ros2_ws/src/mecanum4_description/install/mecanum4_description/share/mecanum4_description/launch/nav2_slam_bringup.launch.py
-- Up-to-date: /home/poomjai/ros2_ws/src/mecanum4_description/install/mecanum4_description/share/mecanum4_description/launch/abu_stadium_spawn.launch.py
-- Up-to-date: /home/poomjai/ros2_ws/src/mecanum4_description/install/mecanum4_description/share/mecanum4_description/launch/nav2_amcl_bringup.launch.py
-- Up-to-date: /home/poomjai/ros2_ws/src/mecanum4_description/install/mecanum4_description/share/mecanum4_description/launch/sim_bringup.launch.py
-- Up-to-date: /home/poomjai/ros2_ws/src/mecanum4_description/install/mecanum4_description/share/mecanum4_description/launch/display.launch.py
-- Up-to-date: /home/poomjai/ros2_ws/src/mecanum4_description/install/mecanum4_description/share/mecanum4_description/launch/robot_state_publisher.launch.py
-- Up-to-date: /home/poomjai/ros2_ws/src/mecanum4_description/install/mecanum4_description/share/mecanum4_description/config
-- Up-to-date: /home/poomjai/ros2_ws/src/mecanum4_description/install/mecanum4_description/share/mecanum4_description/config/nav2_params.yaml
-- Up-to-date: /home/poomjai/ros2_ws/src/mecanum4_description/install/mecanum4_description/share/mecanum4_description/config/slam_params.yaml
-- Installing: /home/poomjai/ros2_ws/src/mecanum4_description/install/mecanum4_description/share/mecanum4_description/config/nav2_view.rviz
-- Up-to-date: /home/poomjai/ros2_ws/src/mecanum4_description/install/mecanum4_description/share/mecanum4_description/config/mecanum_controllers.yaml
-- Up-to-date: /home/poomjai/ros2_ws/src/mecanum4_description/install/mecanum4_description/share/mecanum4_description/behavior_trees
-- Up-to-date: /home/poomjai/ros2_ws/src/mecanum4_description/install/mecanum4_description/share/mecanum4_description/behavior_trees/navigate_to_pose_w_replanning_and_recovery.xml
-- Up-to-date: /home/poomjai/ros2_ws/src/mecanum4_description/install/mecanum4_description/lib/mecanum4_description/cmd_vel_to_wheels.py
-- Up-to-date: /home/poomjai/ros2_ws/src/mecanum4_description/install/mecanum4_description/lib/mecanum4_description/teleop_gui.py
-- Up-to-date: /home/poomjai/ros2_ws/src/mecanum4_description/install/mecanum4_description/lib/mecanum4_description/docking_node.py
-- Up-to-date: /home/poomjai/ros2_ws/src/mecanum4_description/install/mecanum4_description/lib/mecanum4_description/camera_docking_node.py
-- Installing: /home/poomjai/ros2_ws/src/mecanum4_description/install/mecanum4_description/lib/mecanum4_description/fused_docking_node.py
-- Up-to-date: /home/poomjai/ros2_ws/src/mecanum4_description/install/mecanum4_description/share/ament_index/resource_index/package_run_dependencies/mecanum4_description
-- Up-to-date: /home/poomjai/ros2_ws/src/mecanum4_description/install/mecanum4_description/share/ament_index/resource_index/parent_prefix_path/mecanum4_description
-- Up-to-date: /home/poomjai/ros2_ws/src/mecanum4_description/install/mecanum4_description/share/mecanum4_description/environment/ament_prefix_path.sh
-- Up-to-date: /home/poomjai/ros2_ws/src/mecanum4_description/install/mecanum4_description/share/mecanum4_description/environment/ament_prefix_path.dsv
-- Up-to-date: /home/poomjai/ros2_ws/src/mecanum4_description/install/mecanum4_description/share/mecanum4_description/environment/path.sh
-- Up-to-date: /home/poomjai/ros2_ws/src/mecanum4_description/install/mecanum4_description/share/mecanum4_description/environment/path.dsv
-- Up-to-date: /home/poomjai/ros2_ws/src/mecanum4_description/install/mecanum4_description/share/mecanum4_description/local_setup.bash
-- Up-to-date: /home/poomjai/ros2_ws/src/mecanum4_description/install/mecanum4_description/share/mecanum4_description/local_setup.sh
-- Up-to-date: /home/poomjai/ros2_ws/src/mecanum4_description/install/mecanum4_description/share/mecanum4_description/local_setup.zsh
-- Up-to-date: /home/poomjai/ros2_ws/src/mecanum4_description/install/mecanum4_description/share/mecanum4_description/local_setup.dsv
-- Up-to-date: /home/poomjai/ros2_ws/src/mecanum4_description/install/mecanum4_description/share/mecanum4_description/package.dsv
-- Up-to-date: /home/poomjai/ros2_ws/src/mecanum4_description/install/mecanum4_description/share/ament_index/resource_index/packages/mecanum4_description
-- Up-to-date: /home/poomjai/ros2_ws/src/mecanum4_description/install/mecanum4_description/share/mecanum4_description/cmake/mecanum4_descriptionConfig.cmake
-- Up-to-date: /home/poomjai/ros2_ws/src/mecanum4_description/install/mecanum4_description/share/mecanum4_description/cmake/mecanum4_descriptionConfig-version.cmake
-- Up-to-date: /home/poomjai/ros2_ws/src/mecanum4_description/install/mecanum4_description/share/mecanum4_description/package.xml
