[2.690s] DEBUG:colcon:Command line arguments: ['/usr/bin/colcon', 'build']
[2.691s] DEBUG:colcon:Parsed command line arguments: Namespace(log_base=None, log_level=None, verb_name='build', build_base='build', install_base='install', merge_install=False, symlink_install=False, test_result_base=None, continue_on_error=False, executor='parallel', parallel_workers=8, event_handlers=None, ignore_user_meta=False, metas=['./colcon.meta'], base_paths=['.'], packages_ignore=None, packages_ignore_regex=None, paths=None, packages_up_to=None, packages_up_to_regex=None, packages_above=None, packages_above_and_dependencies=None, packages_above_depth=None, packages_select_by_dep=None, packages_skip_by_dep=None, packages_skip_up_to=None, packages_select_build_failed=False, packages_skip_build_finished=False, packages_select_test_failures=False, packages_skip_test_passed=False, packages_select=None, packages_skip=None, packages_select_regex=None, packages_skip_regex=None, packages_start=None, packages_end=None, allow_overriding=[], cmake_args=None, cmake_target=None, cmake_target_skip_unavailable=False, cmake_clean_cache=False, cmake_clean_first=False, cmake_force_configure=False, ament_cmake_args=None, catkin_cmake_args=None, catkin_skip_building_tests=False, mixin_files=None, mixin=None, verb_parser=<colcon_mixin.mixin.mixin_argument.MixinArgumentDecorator object at 0x78ba3123d750>, verb_extension=<colcon_core.verb.build.BuildVerb object at 0x78ba3123d180>, main=<bound method BuildVerb.main of <colcon_core.verb.build.BuildVerb object at 0x78ba3123d180>>, mixin_verb=('build',))
[4.071s] Level 1:colcon.colcon_core.package_discovery:discover_packages(colcon_meta) check parameters
[4.072s] Level 1:colcon.colcon_core.package_discovery:discover_packages(recursive) check parameters
[4.072s] Level 1:colcon.colcon_core.package_discovery:discover_packages(ignore) check parameters
[4.072s] Level 1:colcon.colcon_core.package_discovery:discover_packages(path) check parameters
[4.072s] Level 1:colcon.colcon_core.package_discovery:discover_packages(colcon_meta) discover
[4.072s] Level 1:colcon.colcon_core.package_discovery:discover_packages(recursive) discover
[4.072s] INFO:colcon.colcon_core.package_discovery:Crawling recursively for packages in '/home/minmin/ros2_ws/src'
[4.073s] Level 1:colcon.colcon_core.package_identification:_identify(.) by extensions ['ignore', 'ignore_ament_install']
[4.074s] Level 1:colcon.colcon_core.package_identification:_identify(.) by extension 'ignore'
[4.074s] Level 1:colcon.colcon_core.package_identification:_identify(.) by extension 'ignore_ament_install'
[4.074s] Level 1:colcon.colcon_core.package_identification:_identify(.) by extensions ['colcon_pkg']
[4.074s] Level 1:colcon.colcon_core.package_identification:_identify(.) by extension 'colcon_pkg'
[4.074s] Level 1:colcon.colcon_core.package_identification:_identify(.) by extensions ['colcon_meta']
[4.074s] Level 1:colcon.colcon_core.package_identification:_identify(.) by extension 'colcon_meta'
[4.074s] Level 1:colcon.colcon_core.package_identification:_identify(.) by extensions ['ros']
[4.075s] Level 1:colcon.colcon_core.package_identification:_identify(.) by extension 'ros'
[4.140s] Level 1:colcon.colcon_core.package_identification:_identify(.) by extensions ['cmake', 'python']
[4.140s] Level 1:colcon.colcon_core.package_identification:_identify(.) by extension 'cmake'
[4.140s] Level 1:colcon.colcon_core.package_identification:_identify(.) by extension 'python'
[4.140s] Level 1:colcon.colcon_core.package_identification:_identify(.) by extensions ['python_setup_py']
[4.141s] Level 1:colcon.colcon_core.package_identification:_identify(.) by extension 'python_setup_py'
[4.141s] Level 1:colcon.colcon_core.package_identification:_identify(build) by extensions ['ignore', 'ignore_ament_install']
[4.142s] Level 1:colcon.colcon_core.package_identification:_identify(build) by extension 'ignore'
[4.142s] Level 1:colcon.colcon_core.package_identification:_identify(build) ignored
[4.142s] Level 1:colcon.colcon_core.package_identification:_identify(install) by extensions ['ignore', 'ignore_ament_install']
[4.143s] Level 1:colcon.colcon_core.package_identification:_identify(install) by extension 'ignore'
[4.143s] Level 1:colcon.colcon_core.package_identification:_identify(install) ignored
[4.144s] Level 1:colcon.colcon_core.package_identification:_identify(log) by extensions ['ignore', 'ignore_ament_install']
[4.144s] Level 1:colcon.colcon_core.package_identification:_identify(log) by extension 'ignore'
[4.144s] Level 1:colcon.colcon_core.package_identification:_identify(log) ignored
[4.144s] Level 1:colcon.colcon_core.package_identification:_identify(mecanum4_description) by extensions ['ignore', 'ignore_ament_install']
[4.145s] Level 1:colcon.colcon_core.package_identification:_identify(mecanum4_description) by extension 'ignore'
[4.145s] Level 1:colcon.colcon_core.package_identification:_identify(mecanum4_description) by extension 'ignore_ament_install'
[4.145s] Level 1:colcon.colcon_core.package_identification:_identify(mecanum4_description) by extensions ['colcon_pkg']
[4.145s] Level 1:colcon.colcon_core.package_identification:_identify(mecanum4_description) by extension 'colcon_pkg'
[4.145s] Level 1:colcon.colcon_core.package_identification:_identify(mecanum4_description) by extensions ['colcon_meta']
[4.145s] Level 1:colcon.colcon_core.package_identification:_identify(mecanum4_description) by extension 'colcon_meta'
[4.145s] Level 1:colcon.colcon_core.package_identification:_identify(mecanum4_description) by extensions ['ros']
[4.146s] Level 1:colcon.colcon_core.package_identification:_identify(mecanum4_description) by extension 'ros'
[4.160s] DEBUG:colcon.colcon_core.package_identification:Package 'mecanum4_description' with type 'ros.ament_cmake' and name 'mecanum4_description'
[4.161s] Level 1:colcon.colcon_core.package_identification:_identify(ydlidar_ros2_driver) by extensions ['ignore', 'ignore_ament_install']
[4.161s] Level 1:colcon.colcon_core.package_identification:_identify(ydlidar_ros2_driver) by extension 'ignore'
[4.161s] Level 1:colcon.colcon_core.package_identification:_identify(ydlidar_ros2_driver) by extension 'ignore_ament_install'
[4.161s] Level 1:colcon.colcon_core.package_identification:_identify(ydlidar_ros2_driver) by extensions ['colcon_pkg']
[4.162s] Level 1:colcon.colcon_core.package_identification:_identify(ydlidar_ros2_driver) by extension 'colcon_pkg'
[4.162s] Level 1:colcon.colcon_core.package_identification:_identify(ydlidar_ros2_driver) by extensions ['colcon_meta']
[4.162s] Level 1:colcon.colcon_core.package_identification:_identify(ydlidar_ros2_driver) by extension 'colcon_meta'
[4.162s] Level 1:colcon.colcon_core.package_identification:_identify(ydlidar_ros2_driver) by extensions ['ros']
[4.162s] Level 1:colcon.colcon_core.package_identification:_identify(ydlidar_ros2_driver) by extension 'ros'
[4.168s] DEBUG:colcon.colcon_core.package_identification:Package 'ydlidar_ros2_driver' with type 'ros.ament_cmake' and name 'ydlidar_ros2_driver'
[4.168s] Level 1:colcon.colcon_core.package_discovery:discover_packages(recursive) using defaults
[4.168s] Level 1:colcon.colcon_core.package_discovery:discover_packages(ignore) discover
[4.168s] Level 1:colcon.colcon_core.package_discovery:discover_packages(ignore) using defaults
[4.168s] Level 1:colcon.colcon_core.package_discovery:discover_packages(path) discover
[4.168s] Level 1:colcon.colcon_core.package_discovery:discover_packages(path) using defaults
[4.324s] Level 1:colcon.colcon_core.package_discovery:discover_packages(prefix_path) check parameters
[4.324s] Level 1:colcon.colcon_core.package_discovery:discover_packages(prefix_path) discover
[4.337s] DEBUG:colcon.colcon_installed_package_information.package_discovery:Found 2 installed packages in /home/minmin/ros2_ws/install
[4.343s] DEBUG:colcon.colcon_installed_package_information.package_discovery:Found 370 installed packages in /opt/ros/humble
[4.349s] Level 1:colcon.colcon_core.package_discovery:discover_packages(prefix_path) using defaults
[4.575s] Level 5:colcon.colcon_core.verb:set package 'mecanum4_description' build argument 'cmake_args' from command line to 'None'
[4.575s] Level 5:colcon.colcon_core.verb:set package 'mecanum4_description' build argument 'cmake_target' from command line to 'None'
[4.575s] Level 5:colcon.colcon_core.verb:set package 'mecanum4_description' build argument 'cmake_target_skip_unavailable' from command line to 'False'
[4.575s] Level 5:colcon.colcon_core.verb:set package 'mecanum4_description' build argument 'cmake_clean_cache' from command line to 'False'
[4.575s] Level 5:colcon.colcon_core.verb:set package 'mecanum4_description' build argument 'cmake_clean_first' from command line to 'False'
[4.576s] Level 5:colcon.colcon_core.verb:set package 'mecanum4_description' build argument 'cmake_force_configure' from command line to 'False'
[4.577s] Level 5:colcon.colcon_core.verb:set package 'mecanum4_description' build argument 'ament_cmake_args' from command line to 'None'
[4.577s] Level 5:colcon.colcon_core.verb:set package 'mecanum4_description' build argument 'catkin_cmake_args' from command line to 'None'
[4.577s] Level 5:colcon.colcon_core.verb:set package 'mecanum4_description' build argument 'catkin_skip_building_tests' from command line to 'False'
[4.577s] DEBUG:colcon.colcon_core.verb:Building package 'mecanum4_description' with the following arguments: {'ament_cmake_args': None, 'build_base': '/home/minmin/ros2_ws/src/build/mecanum4_description', 'catkin_cmake_args': None, 'catkin_skip_building_tests': False, 'cmake_args': None, 'cmake_clean_cache': False, 'cmake_clean_first': False, 'cmake_force_configure': False, 'cmake_target': None, 'cmake_target_skip_unavailable': False, 'install_base': '/home/minmin/ros2_ws/src/install/mecanum4_description', 'merge_install': False, 'path': '/home/minmin/ros2_ws/src/mecanum4_description', 'symlink_install': False, 'test_result_base': None}
[4.578s] Level 5:colcon.colcon_core.verb:set package 'ydlidar_ros2_driver' build argument 'cmake_args' from command line to 'None'
[4.578s] Level 5:colcon.colcon_core.verb:set package 'ydlidar_ros2_driver' build argument 'cmake_target' from command line to 'None'
[4.578s] Level 5:colcon.colcon_core.verb:set package 'ydlidar_ros2_driver' build argument 'cmake_target_skip_unavailable' from command line to 'False'
[4.578s] Level 5:colcon.colcon_core.verb:set package 'ydlidar_ros2_driver' build argument 'cmake_clean_cache' from command line to 'False'
[4.578s] Level 5:colcon.colcon_core.verb:set package 'ydlidar_ros2_driver' build argument 'cmake_clean_first' from command line to 'False'
[4.578s] Level 5:colcon.colcon_core.verb:set package 'ydlidar_ros2_driver' build argument 'cmake_force_configure' from command line to 'False'
[4.578s] Level 5:colcon.colcon_core.verb:set package 'ydlidar_ros2_driver' build argument 'ament_cmake_args' from command line to 'None'
[4.578s] Level 5:colcon.colcon_core.verb:set package 'ydlidar_ros2_driver' build argument 'catkin_cmake_args' from command line to 'None'
[4.578s] Level 5:colcon.colcon_core.verb:set package 'ydlidar_ros2_driver' build argument 'catkin_skip_building_tests' from command line to 'False'
[4.578s] DEBUG:colcon.colcon_core.verb:Building package 'ydlidar_ros2_driver' with the following arguments: {'ament_cmake_args': None, 'build_base': '/home/minmin/ros2_ws/src/build/ydlidar_ros2_driver', 'catkin_cmake_args': None, 'catkin_skip_building_tests': False, 'cmake_args': None, 'cmake_clean_cache': False, 'cmake_clean_first': False, 'cmake_force_configure': False, 'cmake_target': None, 'cmake_target_skip_unavailable': False, 'install_base': '/home/minmin/ros2_ws/src/install/ydlidar_ros2_driver', 'merge_install': False, 'path': '/home/minmin/ros2_ws/src/ydlidar_ros2_driver', 'symlink_install': False, 'test_result_base': None}
[4.579s] INFO:colcon.colcon_core.executor:Executing jobs using 'parallel' executor
[4.583s] DEBUG:colcon.colcon_parallel_executor.executor.parallel:run_until_complete
[4.584s] INFO:colcon.colcon_ros.task.ament_cmake.build:Building ROS package in '/home/minmin/ros2_ws/src/mecanum4_description' with build type 'ament_cmake'
[4.584s] INFO:colcon.colcon_cmake.task.cmake.build:Building CMake package in '/home/minmin/ros2_ws/src/mecanum4_description'
[4.602s] INFO:colcon.colcon_core.plugin_system:Skipping extension 'colcon_core.shell.bat': Not used on non-Windows systems
[4.603s] INFO:colcon.colcon_core.shell:Skip shell extension 'powershell' for command environment: Not usable outside of PowerShell
[4.604s] DEBUG:colcon.colcon_core.shell:Skip shell extension 'dsv' for command environment
[4.630s] INFO:colcon.colcon_ros.task.ament_cmake.build:Building ROS package in '/home/minmin/ros2_ws/src/ydlidar_ros2_driver' with build type 'ament_cmake'
[4.630s] INFO:colcon.colcon_cmake.task.cmake.build:Building CMake package in '/home/minmin/ros2_ws/src/ydlidar_ros2_driver'
[4.631s] INFO:colcon.colcon_core.shell:Skip shell extension 'powershell' for command environment: Not usable outside of PowerShell
[4.631s] DEBUG:colcon.colcon_core.shell:Skip shell extension 'dsv' for command environment
[4.719s] DEBUG:colcon.colcon_core.event_handler.log_command:Invoking command in '/home/minmin/ros2_ws/src/build/mecanum4_description': CMAKE_PREFIX_PATH=${CMAKE_PREFIX_PATH}:/opt/ros/humble /usr/bin/cmake /home/minmin/ros2_ws/src/mecanum4_description -DCMAKE_INSTALL_PREFIX=/home/minmin/ros2_ws/src/install/mecanum4_description
[4.745s] DEBUG:colcon.colcon_core.event_handler.log_command:Invoking command in '/home/minmin/ros2_ws/src/build/ydlidar_ros2_driver': CMAKE_PREFIX_PATH=${CMAKE_PREFIX_PATH}:/opt/ros/humble /usr/bin/cmake /home/minmin/ros2_ws/src/ydlidar_ros2_driver -DCMAKE_INSTALL_PREFIX=/home/minmin/ros2_ws/src/install/ydlidar_ros2_driver
[18.194s] DEBUG:colcon.colcon_core.event_handler.log_command:Invoked command in '/home/minmin/ros2_ws/src/build/mecanum4_description' returned '0': CMAKE_PREFIX_PATH=${CMAKE_PREFIX_PATH}:/opt/ros/humble /usr/bin/cmake /home/minmin/ros2_ws/src/mecanum4_description -DCMAKE_INSTALL_PREFIX=/home/minmin/ros2_ws/src/install/mecanum4_description
[18.198s] DEBUG:colcon.colcon_core.event_handler.log_command:Invoking command in '/home/minmin/ros2_ws/src/build/mecanum4_description': CMAKE_PREFIX_PATH=${CMAKE_PREFIX_PATH}:/opt/ros/humble /usr/bin/cmake --build /home/minmin/ros2_ws/src/build/mecanum4_description -- -j8 -l8
[18.280s] DEBUG:colcon.colcon_core.event_handler.log_command:Invoked command in '/home/minmin/ros2_ws/src/build/mecanum4_description' returned '0': CMAKE_PREFIX_PATH=${CMAKE_PREFIX_PATH}:/opt/ros/humble /usr/bin/cmake --build /home/minmin/ros2_ws/src/build/mecanum4_description -- -j8 -l8
[18.300s] DEBUG:colcon.colcon_core.event_handler.log_command:Invoking command in '/home/minmin/ros2_ws/src/build/mecanum4_description': CMAKE_PREFIX_PATH=${CMAKE_PREFIX_PATH}:/opt/ros/humble /usr/bin/cmake --install /home/minmin/ros2_ws/src/build/mecanum4_description
[18.352s] Level 1:colcon.colcon_core.environment:create_environment_scripts_only(mecanum4_description)
[18.354s] DEBUG:colcon.colcon_core.event_handler.log_command:Invoked command in '/home/minmin/ros2_ws/src/build/mecanum4_description' returned '0': CMAKE_PREFIX_PATH=${CMAKE_PREFIX_PATH}:/opt/ros/humble /usr/bin/cmake --install /home/minmin/ros2_ws/src/build/mecanum4_description
[18.357s] Level 1:colcon.colcon_core.environment:checking '/home/minmin/ros2_ws/src/install/mecanum4_description' for CMake module files
[18.358s] Level 1:colcon.colcon_core.environment:checking '/home/minmin/ros2_ws/src/install/mecanum4_description' for CMake config files
[18.359s] Level 1:colcon.colcon_core.shell:create_environment_hook('mecanum4_description', 'cmake_prefix_path')
[18.360s] INFO:colcon.colcon_core.shell:Creating environment hook '/home/minmin/ros2_ws/src/install/mecanum4_description/share/mecanum4_description/hook/cmake_prefix_path.ps1'
[18.362s] INFO:colcon.colcon_core.shell:Creating environment descriptor '/home/minmin/ros2_ws/src/install/mecanum4_description/share/mecanum4_description/hook/cmake_prefix_path.dsv'
[18.364s] INFO:colcon.colcon_core.shell:Creating environment hook '/home/minmin/ros2_ws/src/install/mecanum4_description/share/mecanum4_description/hook/cmake_prefix_path.sh'
[18.366s] Level 1:colcon.colcon_core.environment:checking '/home/minmin/ros2_ws/src/install/mecanum4_description/lib'
[18.366s] Level 1:colcon.colcon_core.environment:checking '/home/minmin/ros2_ws/src/install/mecanum4_description/bin'
[18.366s] Level 1:colcon.colcon_core.environment:checking '/home/minmin/ros2_ws/src/install/mecanum4_description/lib/pkgconfig/mecanum4_description.pc'
[18.367s] Level 1:colcon.colcon_core.environment:checking '/home/minmin/ros2_ws/src/install/mecanum4_description/lib/python3.10/site-packages'
[18.367s] Level 1:colcon.colcon_core.environment:checking '/home/minmin/ros2_ws/src/install/mecanum4_description/bin'
[18.368s] INFO:colcon.colcon_core.shell:Creating package script '/home/minmin/ros2_ws/src/install/mecanum4_description/share/mecanum4_description/package.ps1'
[18.370s] INFO:colcon.colcon_core.shell:Creating package descriptor '/home/minmin/ros2_ws/src/install/mecanum4_description/share/mecanum4_description/package.dsv'
[18.371s] INFO:colcon.colcon_core.shell:Creating package script '/home/minmin/ros2_ws/src/install/mecanum4_description/share/mecanum4_description/package.sh'
[18.373s] INFO:colcon.colcon_core.shell:Creating package script '/home/minmin/ros2_ws/src/install/mecanum4_description/share/mecanum4_description/package.bash'
[18.374s] INFO:colcon.colcon_core.shell:Creating package script '/home/minmin/ros2_ws/src/install/mecanum4_description/share/mecanum4_description/package.zsh'
[18.376s] Level 1:colcon.colcon_core.environment:create_file_with_runtime_dependencies(/home/minmin/ros2_ws/src/install/mecanum4_description/share/colcon-core/packages/mecanum4_description)
[18.379s] Level 1:colcon.colcon_core.environment:create_environment_scripts_only(mecanum4_description)
[18.380s] Level 1:colcon.colcon_core.environment:checking '/home/minmin/ros2_ws/src/install/mecanum4_description' for CMake module files
[18.381s] Level 1:colcon.colcon_core.environment:checking '/home/minmin/ros2_ws/src/install/mecanum4_description' for CMake config files
[18.382s] Level 1:colcon.colcon_core.shell:create_environment_hook('mecanum4_description', 'cmake_prefix_path')
[18.383s] INFO:colcon.colcon_core.shell:Creating environment hook '/home/minmin/ros2_ws/src/install/mecanum4_description/share/mecanum4_description/hook/cmake_prefix_path.ps1'
[18.384s] INFO:colcon.colcon_core.shell:Creating environment descriptor '/home/minmin/ros2_ws/src/install/mecanum4_description/share/mecanum4_description/hook/cmake_prefix_path.dsv'
[18.385s] INFO:colcon.colcon_core.shell:Creating environment hook '/home/minmin/ros2_ws/src/install/mecanum4_description/share/mecanum4_description/hook/cmake_prefix_path.sh'
[18.386s] Level 1:colcon.colcon_core.environment:checking '/home/minmin/ros2_ws/src/install/mecanum4_description/lib'
[18.387s] Level 1:colcon.colcon_core.environment:checking '/home/minmin/ros2_ws/src/install/mecanum4_description/bin'
[18.387s] Level 1:colcon.colcon_core.environment:checking '/home/minmin/ros2_ws/src/install/mecanum4_description/lib/pkgconfig/mecanum4_description.pc'
[18.387s] Level 1:colcon.colcon_core.environment:checking '/home/minmin/ros2_ws/src/install/mecanum4_description/lib/python3.10/site-packages'
[18.388s] Level 1:colcon.colcon_core.environment:checking '/home/minmin/ros2_ws/src/install/mecanum4_description/bin'
[18.388s] INFO:colcon.colcon_core.shell:Creating package script '/home/minmin/ros2_ws/src/install/mecanum4_description/share/mecanum4_description/package.ps1'
[18.389s] INFO:colcon.colcon_core.shell:Creating package descriptor '/home/minmin/ros2_ws/src/install/mecanum4_description/share/mecanum4_description/package.dsv'
[18.390s] INFO:colcon.colcon_core.shell:Creating package script '/home/minmin/ros2_ws/src/install/mecanum4_description/share/mecanum4_description/package.sh'
[18.391s] INFO:colcon.colcon_core.shell:Creating package script '/home/minmin/ros2_ws/src/install/mecanum4_description/share/mecanum4_description/package.bash'
[18.392s] INFO:colcon.colcon_core.shell:Creating package script '/home/minmin/ros2_ws/src/install/mecanum4_description/share/mecanum4_description/package.zsh'
[18.393s] Level 1:colcon.colcon_core.environment:create_file_with_runtime_dependencies(/home/minmin/ros2_ws/src/install/mecanum4_description/share/colcon-core/packages/mecanum4_description)
[62.162s] DEBUG:colcon.colcon_core.event_handler.log_command:Invoked command in '/home/minmin/ros2_ws/src/build/ydlidar_ros2_driver' returned '0': CMAKE_PREFIX_PATH=${CMAKE_PREFIX_PATH}:/opt/ros/humble /usr/bin/cmake /home/minmin/ros2_ws/src/ydlidar_ros2_driver -DCMAKE_INSTALL_PREFIX=/home/minmin/ros2_ws/src/install/ydlidar_ros2_driver
[62.166s] DEBUG:colcon.colcon_core.event_handler.log_command:Invoking command in '/home/minmin/ros2_ws/src/build/ydlidar_ros2_driver': CMAKE_PREFIX_PATH=${CMAKE_PREFIX_PATH}:/opt/ros/humble /usr/bin/cmake --build /home/minmin/ros2_ws/src/build/ydlidar_ros2_driver -- -j8 -l8
[91.327s] DEBUG:colcon.colcon_core.event_handler.log_command:Invoked command in '/home/minmin/ros2_ws/src/build/ydlidar_ros2_driver' returned '0': CMAKE_PREFIX_PATH=${CMAKE_PREFIX_PATH}:/opt/ros/humble /usr/bin/cmake --build /home/minmin/ros2_ws/src/build/ydlidar_ros2_driver -- -j8 -l8
[91.333s] DEBUG:colcon.colcon_core.event_handler.log_command:Invoking command in '/home/minmin/ros2_ws/src/build/ydlidar_ros2_driver': CMAKE_PREFIX_PATH=${CMAKE_PREFIX_PATH}:/opt/ros/humble /usr/bin/cmake --install /home/minmin/ros2_ws/src/build/ydlidar_ros2_driver
[91.473s] Level 1:colcon.colcon_core.environment:create_environment_scripts_only(ydlidar_ros2_driver)
[91.475s] Level 1:colcon.colcon_core.environment:checking '/home/minmin/ros2_ws/src/install/ydlidar_ros2_driver' for CMake module files
[91.477s] DEBUG:colcon.colcon_core.event_handler.log_command:Invoked command in '/home/minmin/ros2_ws/src/build/ydlidar_ros2_driver' returned '0': CMAKE_PREFIX_PATH=${CMAKE_PREFIX_PATH}:/opt/ros/humble /usr/bin/cmake --install /home/minmin/ros2_ws/src/build/ydlidar_ros2_driver
[91.479s] Level 1:colcon.colcon_core.environment:checking '/home/minmin/ros2_ws/src/install/ydlidar_ros2_driver' for CMake config files
[91.480s] Level 1:colcon.colcon_core.shell:create_environment_hook('ydlidar_ros2_driver', 'cmake_prefix_path')
[91.481s] INFO:colcon.colcon_core.shell:Creating environment hook '/home/minmin/ros2_ws/src/install/ydlidar_ros2_driver/share/ydlidar_ros2_driver/hook/cmake_prefix_path.ps1'
[91.492s] INFO:colcon.colcon_core.shell:Creating environment descriptor '/home/minmin/ros2_ws/src/install/ydlidar_ros2_driver/share/ydlidar_ros2_driver/hook/cmake_prefix_path.dsv'
[91.494s] INFO:colcon.colcon_core.shell:Creating environment hook '/home/minmin/ros2_ws/src/install/ydlidar_ros2_driver/share/ydlidar_ros2_driver/hook/cmake_prefix_path.sh'
[91.496s] Level 1:colcon.colcon_core.environment:checking '/home/minmin/ros2_ws/src/install/ydlidar_ros2_driver/lib'
[91.496s] Level 1:colcon.colcon_core.environment:checking '/home/minmin/ros2_ws/src/install/ydlidar_ros2_driver/bin'
[91.496s] Level 1:colcon.colcon_core.environment:checking '/home/minmin/ros2_ws/src/install/ydlidar_ros2_driver/lib/pkgconfig/ydlidar_ros2_driver.pc'
[91.497s] Level 1:colcon.colcon_core.environment:checking '/home/minmin/ros2_ws/src/install/ydlidar_ros2_driver/lib/python3.10/site-packages'
[91.498s] Level 1:colcon.colcon_core.environment:checking '/home/minmin/ros2_ws/src/install/ydlidar_ros2_driver/bin'
[91.499s] INFO:colcon.colcon_core.shell:Creating package script '/home/minmin/ros2_ws/src/install/ydlidar_ros2_driver/share/ydlidar_ros2_driver/package.ps1'
[91.501s] INFO:colcon.colcon_core.shell:Creating package descriptor '/home/minmin/ros2_ws/src/install/ydlidar_ros2_driver/share/ydlidar_ros2_driver/package.dsv'
[91.502s] INFO:colcon.colcon_core.shell:Creating package script '/home/minmin/ros2_ws/src/install/ydlidar_ros2_driver/share/ydlidar_ros2_driver/package.sh'
[91.503s] INFO:colcon.colcon_core.shell:Creating package script '/home/minmin/ros2_ws/src/install/ydlidar_ros2_driver/share/ydlidar_ros2_driver/package.bash'
[91.504s] INFO:colcon.colcon_core.shell:Creating package script '/home/minmin/ros2_ws/src/install/ydlidar_ros2_driver/share/ydlidar_ros2_driver/package.zsh'
[91.505s] Level 1:colcon.colcon_core.environment:create_file_with_runtime_dependencies(/home/minmin/ros2_ws/src/install/ydlidar_ros2_driver/share/colcon-core/packages/ydlidar_ros2_driver)
[91.516s] Level 1:colcon.colcon_core.environment:create_environment_scripts_only(ydlidar_ros2_driver)
[91.516s] Level 1:colcon.colcon_core.environment:checking '/home/minmin/ros2_ws/src/install/ydlidar_ros2_driver' for CMake module files
[91.518s] Level 1:colcon.colcon_core.environment:checking '/home/minmin/ros2_ws/src/install/ydlidar_ros2_driver' for CMake config files
[91.519s] Level 1:colcon.colcon_core.shell:create_environment_hook('ydlidar_ros2_driver', 'cmake_prefix_path')
[91.520s] INFO:colcon.colcon_core.shell:Creating environment hook '/home/minmin/ros2_ws/src/install/ydlidar_ros2_driver/share/ydlidar_ros2_driver/hook/cmake_prefix_path.ps1'
[91.523s] INFO:colcon.colcon_core.shell:Creating environment descriptor '/home/minmin/ros2_ws/src/install/ydlidar_ros2_driver/share/ydlidar_ros2_driver/hook/cmake_prefix_path.dsv'
[91.524s] INFO:colcon.colcon_core.shell:Creating environment hook '/home/minmin/ros2_ws/src/install/ydlidar_ros2_driver/share/ydlidar_ros2_driver/hook/cmake_prefix_path.sh'
[91.526s] Level 1:colcon.colcon_core.environment:checking '/home/minmin/ros2_ws/src/install/ydlidar_ros2_driver/lib'
[91.526s] Level 1:colcon.colcon_core.environment:checking '/home/minmin/ros2_ws/src/install/ydlidar_ros2_driver/bin'
[91.526s] Level 1:colcon.colcon_core.environment:checking '/home/minmin/ros2_ws/src/install/ydlidar_ros2_driver/lib/pkgconfig/ydlidar_ros2_driver.pc'
[91.527s] Level 1:colcon.colcon_core.environment:checking '/home/minmin/ros2_ws/src/install/ydlidar_ros2_driver/lib/python3.10/site-packages'
[91.527s] Level 1:colcon.colcon_core.environment:checking '/home/minmin/ros2_ws/src/install/ydlidar_ros2_driver/bin'
[91.528s] INFO:colcon.colcon_core.shell:Creating package script '/home/minmin/ros2_ws/src/install/ydlidar_ros2_driver/share/ydlidar_ros2_driver/package.ps1'
[91.530s] INFO:colcon.colcon_core.shell:Creating package descriptor '/home/minmin/ros2_ws/src/install/ydlidar_ros2_driver/share/ydlidar_ros2_driver/package.dsv'
[91.531s] INFO:colcon.colcon_core.shell:Creating package script '/home/minmin/ros2_ws/src/install/ydlidar_ros2_driver/share/ydlidar_ros2_driver/package.sh'
[91.532s] INFO:colcon.colcon_core.shell:Creating package script '/home/minmin/ros2_ws/src/install/ydlidar_ros2_driver/share/ydlidar_ros2_driver/package.bash'
[91.534s] INFO:colcon.colcon_core.shell:Creating package script '/home/minmin/ros2_ws/src/install/ydlidar_ros2_driver/share/ydlidar_ros2_driver/package.zsh'
[91.536s] Level 1:colcon.colcon_core.environment:create_file_with_runtime_dependencies(/home/minmin/ros2_ws/src/install/ydlidar_ros2_driver/share/colcon-core/packages/ydlidar_ros2_driver)
[91.537s] DEBUG:colcon.colcon_parallel_executor.executor.parallel:closing loop
[91.540s] DEBUG:colcon.colcon_parallel_executor.executor.parallel:loop closed
[91.540s] DEBUG:colcon.colcon_parallel_executor.executor.parallel:run_until_complete finished with '0'
[91.541s] DEBUG:colcon.colcon_core.event_reactor:joining thread
[91.949s] INFO:colcon.colcon_core.plugin_system:Skipping extension 'colcon_notification.desktop_notification.notify_send': Could not find 'notify-send'
[91.950s] INFO:colcon.colcon_core.plugin_system:Skipping extension 'colcon_notification.desktop_notification.terminal_notifier': Not used on non-Darwin systems
[91.950s] INFO:colcon.colcon_core.plugin_system:Skipping extension 'colcon_notification.desktop_notification.win32': Not used on non-Windows systems
[91.950s] INFO:colcon.colcon_notification.desktop_notification:Sending desktop notification using 'notify2'
[91.950s] DEBUG:colcon.colcon_notification.desktop_notification.notify2:Failed to initialize notify2: org.freedesktop.DBus.Error.FileNotFound: Failed to connect to socket /run/user/1000/bus: No such file or directory
[91.951s] DEBUG:colcon.colcon_core.event_reactor:joined thread
[91.951s] INFO:colcon.colcon_core.shell:Creating prefix script '/home/minmin/ros2_ws/src/install/local_setup.ps1'
[91.954s] INFO:colcon.colcon_core.shell:Creating prefix util module '/home/minmin/ros2_ws/src/install/_local_setup_util_ps1.py'
[91.957s] INFO:colcon.colcon_core.shell:Creating prefix chain script '/home/minmin/ros2_ws/src/install/setup.ps1'
[91.960s] INFO:colcon.colcon_core.shell:Creating prefix script '/home/minmin/ros2_ws/src/install/local_setup.sh'
[91.962s] INFO:colcon.colcon_core.shell:Creating prefix util module '/home/minmin/ros2_ws/src/install/_local_setup_util_sh.py'
[91.964s] INFO:colcon.colcon_core.shell:Creating prefix chain script '/home/minmin/ros2_ws/src/install/setup.sh'
[91.971s] INFO:colcon.colcon_core.shell:Creating prefix script '/home/minmin/ros2_ws/src/install/local_setup.bash'
[91.973s] INFO:colcon.colcon_core.shell:Creating prefix chain script '/home/minmin/ros2_ws/src/install/setup.bash'
[91.976s] INFO:colcon.colcon_core.shell:Creating prefix script '/home/minmin/ros2_ws/src/install/local_setup.zsh'
[91.977s] INFO:colcon.colcon_core.shell:Creating prefix chain script '/home/minmin/ros2_ws/src/install/setup.zsh'
