In file included from /home/vboxuser/.local/include/core/base/v8stdint.h:142,
                 from /home/vboxuser/.local/include/core/common/DriverInterface.h:4,
                 from /home/vboxuser/.local/include/src/CYdLidar.h:48,
                 from /home/vboxuser/ros2_ws/src/ydlidar_ros2_driver/src/ydlidar_ros2_driver_node.cpp:16:
/home/vboxuser/.local/include/core/base/ydlidar.h: In function 'bool ydlidar::core::base::fileExists(const string&)':
/home/vboxuser/.local/include/core/base/ydlidar.h:183:24: warning: missing initializer for member 'stat::st_ino' [-Wmissing-field-initializers]
  183 |   struct stat info = {0};
      |                        ^
/home/vboxuser/.local/include/core/base/ydlidar.h:183:24: warning: missing initializer for member 'stat::st_nlink' [-Wmissing-field-initializers]
/home/vboxuser/.local/include/core/base/ydlidar.h:183:24: warning: missing initializer for member 'stat::st_mode' [-Wmissing-field-initializers]
/home/vboxuser/.local/include/core/base/ydlidar.h:183:24: warning: missing initializer for member 'stat::st_uid' [-Wmissing-field-initializers]
/home/vboxuser/.local/include/core/base/ydlidar.h:183:24: warning: missing initializer for member 'stat::st_gid' [-Wmissing-field-initializers]
/home/vboxuser/.local/include/core/base/ydlidar.h:183:24: warning: missing initializer for member 'stat::__pad0' [-Wmissing-field-initializers]
/home/vboxuser/.local/include/core/base/ydlidar.h:183:24: warning: missing initializer for member 'stat::st_rdev' [-Wmissing-field-initializers]
/home/vboxuser/.local/include/core/base/ydlidar.h:183:24: warning: missing initializer for member 'stat::st_size' [-Wmissing-field-initializers]
/home/vboxuser/.local/include/core/base/ydlidar.h:183:24: warning: missing initializer for member 'stat::st_blksize' [-Wmissing-field-initializers]
/home/vboxuser/.local/include/core/base/ydlidar.h:183:24: warning: missing initializer for member 'stat::st_blocks' [-Wmissing-field-initializers]
/home/vboxuser/.local/include/core/base/ydlidar.h:183:24: warning: missing initializer for member 'stat::st_atim' [-Wmissing-field-initializers]
/home/vboxuser/.local/include/core/base/ydlidar.h:183:24: warning: missing initializer for member 'stat::st_mtim' [-Wmissing-field-initializers]
/home/vboxuser/.local/include/core/base/ydlidar.h:183:24: warning: missing initializer for member 'stat::st_ctim' [-Wmissing-field-initializers]
/home/vboxuser/.local/include/core/base/ydlidar.h:183:24: warning: missing initializer for member 'stat::__glibc_reserved' [-Wmissing-field-initializers]
In file included from /home/vboxuser/.local/include/core/common/DriverInterface.h:5,
                 from /home/vboxuser/.local/include/src/CYdLidar.h:48,
                 from /home/vboxuser/ros2_ws/src/ydlidar_ros2_driver/src/ydlidar_ros2_driver_node.cpp:16:
/home/vboxuser/.local/include/core/base/thread.h: In static member function 'static ydlidar::core::base::Thread ydlidar::core::base::Thread::createThread(thread_proc_t, void*)':
/home/vboxuser/.local/include/core/base/thread.h:54:42: warning: cast between incompatible function types from 'thread_proc_t' {aka 'long unsigned int (*)(void*)'} to 'void* (*)(void*)' [-Wcast-function-type]
   54 |                                    NULL, (void *(*)(void *))proc,
      |                                          ^~~~~~~~~~~~~~~~~~~~~~~
/home/vboxuser/.local/include/core/base/thread.h: In member function 'int ydlidar::core::base::Thread::join(long unsigned int)':
/home/vboxuser/.local/include/core/base/thread.h:135:46: warning: format '%X' expects argument of type 'unsigned int', but argument 2 has type '_size_t' {aka 'long unsigned int'} [-Wformat=]
  135 |           printf("[YDLIDAR DEBUG] Thread [0x%X] ready to cancel[%d]\n", _handle, s);
      |                                             ~^                          ~~~~~~~
      |                                              |                          |
      |                                              unsigned int               _size_t {aka long unsigned int}
      |                                             %lX
/home/vboxuser/.local/include/core/base/thread.h:137:46: warning: format '%X' expects argument of type 'unsigned int', but argument 2 has type '_size_t' {aka 'long unsigned int'} [-Wformat=]
  137 |           printf("[YDLIDAR DEBUG] Thread [0x%X] ready to cancel[%d] time[%u]\n",
      |                                             ~^
      |                                              |
      |                                              unsigned int
      |                                             %lX
  138 |             _handle, s, getms() - t);
      |             ~~~~~~~                           
      |             |
      |             _size_t {aka long unsigned int}
/home/vboxuser/.local/include/core/base/thread.h:141:42: warning: format '%X' expects argument of type 'unsigned int', but argument 2 has type '_size_t' {aka 'long unsigned int'} [-Wformat=]
  141 |             printf("[YDLIDAR] Thread [0x%X] has been canceled in other thread\n", _handle);
      |                                         ~^                                        ~~~~~~~
      |                                          |                                        |
      |                                          unsigned int                             _size_t {aka long unsigned int}
      |                                         %lX
/home/vboxuser/.local/include/core/base/thread.h:146:74: warning: format '%X' expects argument of type 'unsigned int', but argument 3 has type '_size_t' {aka 'long unsigned int'} [-Wformat=]
  146 |             fprintf(stderr, "[YDLIDAR] An error occurred while thread[0x%X] cancelled!\n", _handle);
      |                                                                         ~^                 ~~~~~~~
      |                                                                          |                 |
      |                                                                          unsigned int      _size_t {aka long unsigned int}
      |                                                                         %lX
/home/vboxuser/.local/include/core/base/thread.h:150:40: warning: format '%X' expects argument of type 'unsigned int', but argument 2 has type '_size_t' {aka 'long unsigned int'} [-Wformat=]
  150 |           printf("[YDLIDAR] Thread [0x%X] has been canceled\n", _handle);
      |                                       ~^                        ~~~~~~~
      |                                        |                        |
      |                                        unsigned int             _size_t {aka long unsigned int}
      |                                       %lX
In file included from /home/vboxuser/.local/include/core/common/DriverInterface.h:8,
                 from /home/vboxuser/.local/include/src/CYdLidar.h:48,
                 from /home/vboxuser/ros2_ws/src/ydlidar_ros2_driver/src/ydlidar_ros2_driver_node.cpp:16:
/home/vboxuser/.local/include/core/common/ydlidar_protocol.h: At global scope:
/home/vboxuser/.local/include/core/common/ydlidar_protocol.h:291:22: warning: missing initializer for member 'device_info::firmware_version' [-Wmissing-field-initializers]
  291 |   device_info di = {0};
      |                      ^
/home/vboxuser/.local/include/core/common/ydlidar_protocol.h:291:22: warning: missing initializer for member 'device_info::hardware_version' [-Wmissing-field-initializers]
/home/vboxuser/.local/include/core/common/ydlidar_protocol.h:291:22: warning: missing initializer for member 'device_info::serialnum' [-Wmissing-field-initializers]
