[0.018s] Invoking command in '/home/vboxuser/ros2_ws/build/ydlidar_ros2_driver': CMAKE_PREFIX_PATH=${CMAKE_PREFIX_PATH}:/opt/ros/humble /usr/bin/cmake /home/vboxuser/ros2_ws/src/ydlidar_ros2_driver -DAMENT_CMAKE_SYMLINK_INSTALL=1 -DCMAKE_INSTALL_PREFIX=/home/vboxuser/ros2_ws/install/ydlidar_ros2_driver
[0.159s] -- The C compiler identification is GNU 11.4.0
[0.257s] -- The CXX compiler identification is GNU 11.4.0
[0.273s] -- Detecting C compiler ABI info
[0.407s] -- Detecting C compiler ABI info - done
[0.420s] -- Check for working C compiler: /usr/bin/cc - skipped
[0.420s] -- Detecting C compile features
[0.421s] -- Detecting C compile features - done
[0.425s] -- Detecting CXX compiler ABI info
[0.574s] -- Detecting CXX compiler ABI info - done
[0.585s] -- Check for working CXX compiler: /usr/bin/c++ - skipped
[0.586s] -- Detecting CXX compile features
[0.587s] -- Detecting CXX compile features - done
[0.591s] -- Found ament_cmake: 1.3.12 (/opt/ros/humble/share/ament_cmake/cmake)
[0.873s] -- Found Python3: /usr/bin/python3 (found version "3.10.12") found components: Interpreter 
[0.974s] -- Override CMake install command with custom implementation using symlinks instead of copying resources
[1.017s] -- Found rclcpp: 16.0.16 (/opt/ros/humble/share/rclcpp/cmake)
[1.088s] -- Found rosidl_generator_c: 3.1.7 (/opt/ros/humble/share/rosidl_generator_c/cmake)
[1.097s] -- Found rosidl_adapter: 3.1.7 (/opt/ros/humble/share/rosidl_adapter/cmake)
[1.109s] -- Found rosidl_generator_cpp: 3.1.7 (/opt/ros/humble/share/rosidl_generator_cpp/cmake)
[1.129s] -- Using all available rosidl_typesupport_c: rosidl_typesupport_fastrtps_c;rosidl_typesupport_introspection_c
[1.157s] -- Using all available rosidl_typesupport_cpp: rosidl_typesupport_fastrtps_cpp;rosidl_typesupport_introspection_cpp
[1.223s] -- Found rmw_implementation_cmake: 6.1.2 (/opt/ros/humble/share/rmw_implementation_cmake/cmake)
[1.227s] -- Found rmw_fastrtps_cpp: 6.2.9 (/opt/ros/humble/share/rmw_fastrtps_cpp/cmake)
[1.411s] -- Found OpenSSL: /usr/lib/x86_64-linux-gnu/libcrypto.so (found version "3.0.2")  
[1.470s] -- Found FastRTPS: /opt/ros/humble/include  
[1.551s] -- Using RMW implementation 'rmw_fastrtps_cpp' as default
[1.571s] -- Looking for pthread.h
[1.704s] -- Looking for pthread.h - found
[1.704s] -- Performing Test CMAKE_HAVE_LIBC_PTHREAD
[1.827s] -- Performing Test CMAKE_HAVE_LIBC_PTHREAD - Success
[1.829s] -- Found Threads: TRUE  
[1.910s] -- Found sensor_msgs: 4.9.0 (/opt/ros/humble/share/sensor_msgs/cmake)
[1.963s] -- Found visualization_msgs: 4.9.0 (/opt/ros/humble/share/visualization_msgs/cmake)
[1.991s] -- Found std_srvs: 4.9.0 (/opt/ros/humble/share/std_srvs/cmake)
[2.011s] -- Found ament_lint_auto: 0.12.14 (/opt/ros/humble/share/ament_lint_auto/cmake)
[2.139s] -- Added test 'copyright' to check source files copyright and LICENSE
[2.146s] -- Added test 'cppcheck' to perform static code analysis on C / C++ code
[2.147s] -- Configured cppcheck include dirs: /home/vboxuser/ros2_ws/src/ydlidar_ros2_driver/src
[2.147s] -- Configured cppcheck exclude dirs and/or files: 
[2.154s] -- Added test 'cpplint' to check C / C++ code against the Google style
[2.154s] -- Configured cpplint exclude dirs and/or files: 
[2.155s] -- Added test 'flake8' to check Python code syntax and style conventions
[2.158s] -- Added test 'lint_cmake' to check CMake code style
[2.159s] -- Added test 'pep257' to check Python code against some of the docstring style conventions in PEP 257
[2.165s] -- Added test 'uncrustify' to check C / C++ code style
[2.165s] -- Configured uncrustify additional arguments: 
[2.167s] -- Added test 'xmllint' to check XML markup files
[2.169s] -- Configuring done
[2.195s] -- Generating done
[2.208s] -- Build files have been written to: /home/vboxuser/ros2_ws/build/ydlidar_ros2_driver
[2.227s] Invoked command in '/home/vboxuser/ros2_ws/build/ydlidar_ros2_driver' returned '0': CMAKE_PREFIX_PATH=${CMAKE_PREFIX_PATH}:/opt/ros/humble /usr/bin/cmake /home/vboxuser/ros2_ws/src/ydlidar_ros2_driver -DAMENT_CMAKE_SYMLINK_INSTALL=1 -DCMAKE_INSTALL_PREFIX=/home/vboxuser/ros2_ws/install/ydlidar_ros2_driver
[2.233s] Invoking command in '/home/vboxuser/ros2_ws/build/ydlidar_ros2_driver': CMAKE_PREFIX_PATH=${CMAKE_PREFIX_PATH}:/opt/ros/humble /usr/bin/cmake --build /home/vboxuser/ros2_ws/build/ydlidar_ros2_driver -- -j4 -l4
[2.330s] [ 25%] Building CXX object CMakeFiles/ydlidar_ros2_driver_node.dir/src/ydlidar_ros2_driver_node.cpp.o
[2.334s] [ 50%] Building CXX object CMakeFiles/ydlidar_ros2_driver_client.dir/src/ydlidar_ros2_driver_client.cpp.o
[3.290s] In file included from /home/vboxuser/.local/include/core/base/v8stdint.h:142,
[3.292s]                  from /home/vboxuser/.local/include/core/common/DriverInterface.h:4,
[3.292s]                  from /home/vboxuser/.local/include/src/CYdLidar.h:48,
[3.292s]                  from /home/vboxuser/ros2_ws/src/ydlidar_ros2_driver/src/ydlidar_ros2_driver_node.cpp:16:
[3.292s] /home/vboxuser/.local/include/core/base/ydlidar.h: In function 'bool ydlidar::core::base::fileExists(const string&)':
[3.292s] /home/vboxuser/.local/include/core/base/ydlidar.h:183:24: warning: missing initializer for member 'stat::st_ino' [-Wmissing-field-initializers]
[3.293s]   183 |   struct stat info = {0};
[3.293s]       |                        ^
[3.293s] /home/vboxuser/.local/include/core/base/ydlidar.h:183:24: warning: missing initializer for member 'stat::st_nlink' [-Wmissing-field-initializers]
[3.293s] /home/vboxuser/.local/include/core/base/ydlidar.h:183:24: warning: missing initializer for member 'stat::st_mode' [-Wmissing-field-initializers]
[3.293s] /home/vboxuser/.local/include/core/base/ydlidar.h:183:24: warning: missing initializer for member 'stat::st_uid' [-Wmissing-field-initializers]
[3.294s] /home/vboxuser/.local/include/core/base/ydlidar.h:183:24: warning: missing initializer for member 'stat::st_gid' [-Wmissing-field-initializers]
[3.295s] /home/vboxuser/.local/include/core/base/ydlidar.h:183:24: warning: missing initializer for member 'stat::__pad0' [-Wmissing-field-initializers]
[3.295s] /home/vboxuser/.local/include/core/base/ydlidar.h:183:24: warning: missing initializer for member 'stat::st_rdev' [-Wmissing-field-initializers]
[3.295s] /home/vboxuser/.local/include/core/base/ydlidar.h:183:24: warning: missing initializer for member 'stat::st_size' [-Wmissing-field-initializers]
[3.295s] /home/vboxuser/.local/include/core/base/ydlidar.h:183:24: warning: missing initializer for member 'stat::st_blksize' [-Wmissing-field-initializers]
[3.295s] /home/vboxuser/.local/include/core/base/ydlidar.h:183:24: warning: missing initializer for member 'stat::st_blocks' [-Wmissing-field-initializers]
[3.296s] /home/vboxuser/.local/include/core/base/ydlidar.h:183:24: warning: missing initializer for member 'stat::st_atim' [-Wmissing-field-initializers]
[3.296s] /home/vboxuser/.local/include/core/base/ydlidar.h:183:24: warning: missing initializer for member 'stat::st_mtim' [-Wmissing-field-initializers]
[3.296s] /home/vboxuser/.local/include/core/base/ydlidar.h:183:24: warning: missing initializer for member 'stat::st_ctim' [-Wmissing-field-initializers]
[3.296s] /home/vboxuser/.local/include/core/base/ydlidar.h:183:24: warning: missing initializer for member 'stat::__glibc_reserved' [-Wmissing-field-initializers]
[3.296s] In file included from /home/vboxuser/.local/include/core/common/DriverInterface.h:5,
[3.297s]                  from /home/vboxuser/.local/include/src/CYdLidar.h:48,
[3.297s]                  from /home/vboxuser/ros2_ws/src/ydlidar_ros2_driver/src/ydlidar_ros2_driver_node.cpp:16:
[3.297s] /home/vboxuser/.local/include/core/base/thread.h: In static member function 'static ydlidar::core::base::Thread ydlidar::core::base::Thread::createThread(thread_proc_t, void*)':
[3.297s] /home/vboxuser/.local/include/core/base/thread.h:54:42: warning: cast between incompatible function types from 'thread_proc_t' {aka 'long unsigned int (*)(void*)'} to 'void* (*)(void*)' [-Wcast-function-type]
[3.297s]    54 |                                    NULL, (void *(*)(void *))proc,
[3.297s]       |                                          ^~~~~~~~~~~~~~~~~~~~~~~
[3.297s] /home/vboxuser/.local/include/core/base/thread.h: In member function 'int ydlidar::core::base::Thread::join(long unsigned int)':
[3.298s] /home/vboxuser/.local/include/core/base/thread.h:135:46: warning: format '%X' expects argument of type 'unsigned int', but argument 2 has type '_size_t' {aka 'long unsigned int'} [-Wformat=]
[3.298s]   135 |           printf("[YDLIDAR DEBUG] Thread [0x%X] ready to cancel[%d]\n", _handle, s);
[3.298s]       |                                             ~^                          ~~~~~~~
[3.298s]       |                                              |                          |
[3.298s]       |                                              unsigned int               _size_t {aka long unsigned int}
[3.298s]       |                                             %lX
[3.298s] /home/vboxuser/.local/include/core/base/thread.h:137:46: warning: format '%X' expects argument of type 'unsigned int', but argument 2 has type '_size_t' {aka 'long unsigned int'} [-Wformat=]
[3.298s]   137 |           printf("[YDLIDAR DEBUG] Thread [0x%X] ready to cancel[%d] time[%u]\n",
[3.298s]       |                                             ~^
[3.298s]       |                                              |
[3.298s]       |                                              unsigned int
[3.298s]       |                                             %lX
[3.299s]   138 |             _handle, s, getms() - t);
[3.299s]       |             ~~~~~~~                           
[3.299s]       |             |
[3.299s]       |             _size_t {aka long unsigned int}
[3.299s] /home/vboxuser/.local/include/core/base/thread.h:141:42: warning: format '%X' expects argument of type 'unsigned int', but argument 2 has type '_size_t' {aka 'long unsigned int'} [-Wformat=]
[3.299s]   141 |             printf("[YDLIDAR] Thread [0x%X] has been canceled in other thread\n", _handle);
[3.299s]       |                                         ~^                                        ~~~~~~~
[3.299s]       |                                          |                                        |
[3.299s]       |                                          unsigned int                             _size_t {aka long unsigned int}
[3.299s]       |                                         %lX
[3.299s] /home/vboxuser/.local/include/core/base/thread.h:146:74: warning: format '%X' expects argument of type 'unsigned int', but argument 3 has type '_size_t' {aka 'long unsigned int'} [-Wformat=]
[3.299s]   146 |             fprintf(stderr, "[YDLIDAR] An error occurred while thread[0x%X] cancelled!\n", _handle);
[3.299s]       |                                                                         ~^                 ~~~~~~~
[3.300s]       |                                                                          |                 |
[3.300s]       |                                                                          unsigned int      _size_t {aka long unsigned int}
[3.300s]       |                                                                         %lX
[3.300s] /home/vboxuser/.local/include/core/base/thread.h:150:40: warning: format '%X' expects argument of type 'unsigned int', but argument 2 has type '_size_t' {aka 'long unsigned int'} [-Wformat=]
[3.300s]   150 |           printf("[YDLIDAR] Thread [0x%X] has been canceled\n", _handle);
[3.300s]       |                                       ~^                        ~~~~~~~
[3.300s]       |                                        |                        |
[3.300s]       |                                        unsigned int             _size_t {aka long unsigned int}
[3.300s]       |                                       %lX
[3.520s] In file included from /home/vboxuser/.local/include/core/common/DriverInterface.h:8,
[3.520s]                  from /home/vboxuser/.local/include/src/CYdLidar.h:48,
[3.520s]                  from /home/vboxuser/ros2_ws/src/ydlidar_ros2_driver/src/ydlidar_ros2_driver_node.cpp:16:
[3.520s] /home/vboxuser/.local/include/core/common/ydlidar_protocol.h: At global scope:
[3.520s] /home/vboxuser/.local/include/core/common/ydlidar_protocol.h:291:22: warning: missing initializer for member 'device_info::firmware_version' [-Wmissing-field-initializers]
[3.521s]   291 |   device_info di = {0};
[3.521s]       |                      ^
[3.521s] /home/vboxuser/.local/include/core/common/ydlidar_protocol.h:291:22: warning: missing initializer for member 'device_info::hardware_version' [-Wmissing-field-initializers]
[3.521s] /home/vboxuser/.local/include/core/common/ydlidar_protocol.h:291:22: warning: missing initializer for member 'device_info::serialnum' [-Wmissing-field-initializers]
[13.618s] [ 75%] Linking CXX executable ydlidar_ros2_driver_node
[14.369s] [ 75%] Built target ydlidar_ros2_driver_node
[21.030s] [100%] Linking CXX executable ydlidar_ros2_driver_client
[21.858s] [100%] Built target ydlidar_ros2_driver_client
[21.879s] Invoked command in '/home/vboxuser/ros2_ws/build/ydlidar_ros2_driver' returned '0': CMAKE_PREFIX_PATH=${CMAKE_PREFIX_PATH}:/opt/ros/humble /usr/bin/cmake --build /home/vboxuser/ros2_ws/build/ydlidar_ros2_driver -- -j4 -l4
[21.901s] Invoking command in '/home/vboxuser/ros2_ws/build/ydlidar_ros2_driver': CMAKE_PREFIX_PATH=${CMAKE_PREFIX_PATH}:/opt/ros/humble /usr/bin/cmake --install /home/vboxuser/ros2_ws/build/ydlidar_ros2_driver
[21.918s] -- Install configuration: ""
[21.918s] -- Execute custom install script
[21.918s] -- Symlinking: /home/vboxuser/ros2_ws/install/ydlidar_ros2_driver/lib/ydlidar_ros2_driver/ydlidar_ros2_driver_node
[21.942s] -- Symlinking: /home/vboxuser/ros2_ws/install/ydlidar_ros2_driver/lib/ydlidar_ros2_driver/ydlidar_ros2_driver_client
[21.958s] -- Symlinking: /home/vboxuser/ros2_ws/install/ydlidar_ros2_driver/share/ydlidar_ros2_driver/launch/ydlidar.py
[21.977s] -- Symlinking: /home/vboxuser/ros2_ws/install/ydlidar_ros2_driver/share/ydlidar_ros2_driver/launch/ydlidar_launch.py
[21.999s] -- Symlinking: /home/vboxuser/ros2_ws/install/ydlidar_ros2_driver/share/ydlidar_ros2_driver/launch/ydlidar_launch_view.py
[22.022s] -- Symlinking: /home/vboxuser/ros2_ws/install/ydlidar_ros2_driver/share/ydlidar_ros2_driver/params/G1.yaml
[22.041s] -- Symlinking: /home/vboxuser/ros2_ws/install/ydlidar_ros2_driver/share/ydlidar_ros2_driver/params/G2.yaml
[22.062s] -- Symlinking: /home/vboxuser/ros2_ws/install/ydlidar_ros2_driver/share/ydlidar_ros2_driver/params/G6.yaml
[22.090s] -- Symlinking: /home/vboxuser/ros2_ws/install/ydlidar_ros2_driver/share/ydlidar_ros2_driver/params/GS2.yaml
[22.114s] -- Symlinking: /home/vboxuser/ros2_ws/install/ydlidar_ros2_driver/share/ydlidar_ros2_driver/params/TEA.yaml
[22.131s] -- Symlinking: /home/vboxuser/ros2_ws/install/ydlidar_ros2_driver/share/ydlidar_ros2_driver/params/TG.yaml
[22.150s] -- Symlinking: /home/vboxuser/ros2_ws/install/ydlidar_ros2_driver/share/ydlidar_ros2_driver/params/TminiPro.yaml
[22.165s] -- Symlinking: /home/vboxuser/ros2_ws/install/ydlidar_ros2_driver/share/ydlidar_ros2_driver/params/X2.yaml
[22.182s] -- Symlinking: /home/vboxuser/ros2_ws/install/ydlidar_ros2_driver/share/ydlidar_ros2_driver/params/X4-Pro.yaml
[22.195s] -- Symlinking: /home/vboxuser/ros2_ws/install/ydlidar_ros2_driver/share/ydlidar_ros2_driver/params/X4.yaml
[22.213s] -- Symlinking: /home/vboxuser/ros2_ws/install/ydlidar_ros2_driver/share/ydlidar_ros2_driver/params/ydlidar.yaml
[22.229s] -- Symlinking: /home/vboxuser/ros2_ws/install/ydlidar_ros2_driver/share/ydlidar_ros2_driver/startup/initenv.sh
[22.245s] -- Symlinking: /home/vboxuser/ros2_ws/install/ydlidar_ros2_driver/share/ydlidar_ros2_driver/config/ydlidar.rviz
[22.262s] -- Symlinking: /home/vboxuser/ros2_ws/install/ydlidar_ros2_driver/share/ament_index/resource_index/package_run_dependencies/ydlidar_ros2_driver
[22.279s] -- Symlinking: /home/vboxuser/ros2_ws/install/ydlidar_ros2_driver/share/ament_index/resource_index/parent_prefix_path/ydlidar_ros2_driver
[22.293s] -- Symlinking: /home/vboxuser/ros2_ws/install/ydlidar_ros2_driver/share/ydlidar_ros2_driver/environment/ament_prefix_path.sh
[22.309s] -- Symlinking: /home/vboxuser/ros2_ws/install/ydlidar_ros2_driver/share/ydlidar_ros2_driver/environment/ament_prefix_path.dsv
[22.325s] -- Symlinking: /home/vboxuser/ros2_ws/install/ydlidar_ros2_driver/share/ydlidar_ros2_driver/environment/path.sh
[22.340s] -- Symlinking: /home/vboxuser/ros2_ws/install/ydlidar_ros2_driver/share/ydlidar_ros2_driver/environment/path.dsv
[22.357s] -- Symlinking: /home/vboxuser/ros2_ws/install/ydlidar_ros2_driver/share/ydlidar_ros2_driver/local_setup.bash
[22.375s] -- Symlinking: /home/vboxuser/ros2_ws/install/ydlidar_ros2_driver/share/ydlidar_ros2_driver/local_setup.sh
[22.387s] -- Symlinking: /home/vboxuser/ros2_ws/install/ydlidar_ros2_driver/share/ydlidar_ros2_driver/local_setup.zsh
[22.403s] -- Symlinking: /home/vboxuser/ros2_ws/install/ydlidar_ros2_driver/share/ydlidar_ros2_driver/local_setup.dsv
[22.419s] -- Symlinking: /home/vboxuser/ros2_ws/install/ydlidar_ros2_driver/share/ydlidar_ros2_driver/package.dsv
[22.435s] -- Symlinking: /home/vboxuser/ros2_ws/install/ydlidar_ros2_driver/share/ament_index/resource_index/packages/ydlidar_ros2_driver
[22.451s] -- Symlinking: /home/vboxuser/ros2_ws/install/ydlidar_ros2_driver/share/ydlidar_ros2_driver/cmake/ydlidar_ros2_driverConfig.cmake
[22.468s] -- Symlinking: /home/vboxuser/ros2_ws/install/ydlidar_ros2_driver/share/ydlidar_ros2_driver/cmake/ydlidar_ros2_driverConfig-version.cmake
[22.485s] -- Symlinking: /home/vboxuser/ros2_ws/install/ydlidar_ros2_driver/share/ydlidar_ros2_driver/package.xml
[22.506s] Invoked command in '/home/vboxuser/ros2_ws/build/ydlidar_ros2_driver' returned '0': CMAKE_PREFIX_PATH=${CMAKE_PREFIX_PATH}:/opt/ros/humble /usr/bin/cmake --install /home/vboxuser/ros2_ws/build/ydlidar_ros2_driver
