[0.023s] Invoking command in '/home/poomjai/ros2_ws/src/mecanum4_description/build/mecanum4_description': CMAKE_PREFIX_PATH=${CMAKE_PREFIX_PATH}:/opt/ros/humble /usr/bin/cmake --build /home/poomjai/ros2_ws/src/mecanum4_description/build/mecanum4_description -- -j8 -l8
[0.123s] Invoked command in '/home/poomjai/ros2_ws/src/mecanum4_description/build/mecanum4_description' returned '0': CMAKE_PREFIX_PATH=${CMAKE_PREFIX_PATH}:/opt/ros/humble /usr/bin/cmake --build /home/poomjai/ros2_ws/src/mecanum4_description/build/mecanum4_description -- -j8 -l8
[0.147s] Invoking command in '/home/poomjai/ros2_ws/src/mecanum4_description/build/mecanum4_description': CMAKE_PREFIX_PATH=${CMAKE_PREFIX_PATH}:/opt/ros/humble /usr/bin/cmake --install /home/poomjai/ros2_ws/src/mecanum4_description/build/mecanum4_description
[0.166s] -- Install configuration: ""
[0.166s] -- Up-to-date: /home/poomjai/ros2_ws/src/mecanum4_description/install/mecanum4_description/share/mecanum4_description/urdf
[0.166s] -- Up-to-date: /home/poomjai/ros2_ws/src/mecanum4_description/install/mecanum4_description/share/mecanum4_description/urdf/mecanum4_lidar.urdf
[0.166s] -- Up-to-date: /home/poomjai/ros2_ws/src/mecanum4_description/install/mecanum4_description/share/mecanum4_description/launch
[0.167s] -- Up-to-date: /home/poomjai/ros2_ws/src/mecanum4_description/install/mecanum4_description/share/mecanum4_description/launch/localization_bringup.launch.py
[0.167s] -- Up-to-date: /home/poomjai/ros2_ws/src/mecanum4_description/install/mecanum4_description/share/mecanum4_description/launch/nav2_slam_bringup.launch.py
[0.169s] -- Up-to-date: /home/poomjai/ros2_ws/src/mecanum4_description/install/mecanum4_description/share/mecanum4_description/launch/abu_stadium_spawn.launch.py
[0.169s] -- Up-to-date: /home/poomjai/ros2_ws/src/mecanum4_description/install/mecanum4_description/share/mecanum4_description/launch/nav2_amcl_bringup.launch.py
[0.169s] -- Up-to-date: /home/poomjai/ros2_ws/src/mecanum4_description/install/mecanum4_description/share/mecanum4_description/launch/sim_bringup.launch.py
[0.170s] -- Up-to-date: /home/poomjai/ros2_ws/src/mecanum4_description/install/mecanum4_description/share/mecanum4_description/launch/display.launch.py
[0.170s] -- Up-to-date: /home/poomjai/ros2_ws/src/mecanum4_description/install/mecanum4_description/share/mecanum4_description/launch/robot_state_publisher.launch.py
[0.170s] -- Up-to-date: /home/poomjai/ros2_ws/src/mecanum4_description/install/mecanum4_description/share/mecanum4_description/config
[0.170s] -- Up-to-date: /home/poomjai/ros2_ws/src/mecanum4_description/install/mecanum4_description/share/mecanum4_description/config/nav2_params.yaml
[0.170s] -- Up-to-date: /home/poomjai/ros2_ws/src/mecanum4_description/install/mecanum4_description/share/mecanum4_description/config/slam_params.yaml
[0.171s] -- Up-to-date: /home/poomjai/ros2_ws/src/mecanum4_description/install/mecanum4_description/share/mecanum4_description/config/nav2_view.rviz
[0.171s] -- Up-to-date: /home/poomjai/ros2_ws/src/mecanum4_description/install/mecanum4_description/share/mecanum4_description/config/mecanum_controllers.yaml
[0.171s] -- Up-to-date: /home/poomjai/ros2_ws/src/mecanum4_description/install/mecanum4_description/share/mecanum4_description/behavior_trees
[0.171s] -- Up-to-date: /home/poomjai/ros2_ws/src/mecanum4_description/install/mecanum4_description/share/mecanum4_description/behavior_trees/navigate_to_pose_w_replanning_and_recovery.xml
[0.172s] -- Up-to-date: /home/poomjai/ros2_ws/src/mecanum4_description/install/mecanum4_description/lib/mecanum4_description/cmd_vel_to_wheels.py
[0.172s] -- Up-to-date: /home/poomjai/ros2_ws/src/mecanum4_description/install/mecanum4_description/lib/mecanum4_description/teleop_gui.py
[0.172s] -- Up-to-date: /home/poomjai/ros2_ws/src/mecanum4_description/install/mecanum4_description/lib/mecanum4_description/docking_node.py
[0.172s] -- Up-to-date: /home/poomjai/ros2_ws/src/mecanum4_description/install/mecanum4_description/lib/mecanum4_description/camera_docking_node.py
[0.173s] -- Up-to-date: /home/poomjai/ros2_ws/src/mecanum4_description/install/mecanum4_description/lib/mecanum4_description/fused_docking_node.py
[0.173s] -- Up-to-date: /home/poomjai/ros2_ws/src/mecanum4_description/install/mecanum4_description/share/ament_index/resource_index/package_run_dependencies/mecanum4_description
[0.173s] -- Up-to-date: /home/poomjai/ros2_ws/src/mecanum4_description/install/mecanum4_description/share/ament_index/resource_index/parent_prefix_path/mecanum4_description
[0.173s] -- Up-to-date: /home/poomjai/ros2_ws/src/mecanum4_description/install/mecanum4_description/share/mecanum4_description/environment/ament_prefix_path.sh
[0.173s] -- Up-to-date: /home/poomjai/ros2_ws/src/mecanum4_description/install/mecanum4_description/share/mecanum4_description/environment/ament_prefix_path.dsv
[0.173s] -- Up-to-date: /home/poomjai/ros2_ws/src/mecanum4_description/install/mecanum4_description/share/mecanum4_description/environment/path.sh
[0.174s] -- Up-to-date: /home/poomjai/ros2_ws/src/mecanum4_description/install/mecanum4_description/share/mecanum4_description/environment/path.dsv
[0.174s] -- Up-to-date: /home/poomjai/ros2_ws/src/mecanum4_description/install/mecanum4_description/share/mecanum4_description/local_setup.bash
[0.174s] -- Up-to-date: /home/poomjai/ros2_ws/src/mecanum4_description/install/mecanum4_description/share/mecanum4_description/local_setup.sh
[0.174s] -- Up-to-date: /home/poomjai/ros2_ws/src/mecanum4_description/install/mecanum4_description/share/mecanum4_description/local_setup.zsh
[0.175s] -- Up-to-date: /home/poomjai/ros2_ws/src/mecanum4_description/install/mecanum4_description/share/mecanum4_description/local_setup.dsv
[0.175s] -- Installing: /home/poomjai/ros2_ws/src/mecanum4_description/install/mecanum4_description/share/mecanum4_description/package.dsv
[0.175s] -- Up-to-date: /home/poomjai/ros2_ws/src/mecanum4_description/install/mecanum4_description/share/ament_index/resource_index/packages/mecanum4_description
[0.175s] -- Up-to-date: /home/poomjai/ros2_ws/src/mecanum4_description/install/mecanum4_description/share/mecanum4_description/cmake/mecanum4_descriptionConfig.cmake
[0.176s] -- Up-to-date: /home/poomjai/ros2_ws/src/mecanum4_description/install/mecanum4_description/share/mecanum4_description/cmake/mecanum4_descriptionConfig-version.cmake
[0.176s] -- Up-to-date: /home/poomjai/ros2_ws/src/mecanum4_description/install/mecanum4_description/share/mecanum4_description/package.xml
[0.178s] Invoked command in '/home/poomjai/ros2_ws/src/mecanum4_description/build/mecanum4_description' returned '0': CMAKE_PREFIX_PATH=${CMAKE_PREFIX_PATH}:/opt/ros/humble /usr/bin/cmake --install /home/poomjai/ros2_ws/src/mecanum4_description/build/mecanum4_description
