[1.758s] Invoking command in '/home/minmin/roboarm_ws/build/my_vision_system': PYTHONPATH=/home/minmin/roboarm_ws/build/my_vision_system/prefix_override:/usr/lib/python3/dist-packages/colcon_core/task/python/colcon_distutils_commands:/home/minmin/roboarm_ws/install/my_vision_system/lib/python3.10/site-packages:${PYTHONPATH} /usr/bin/python3 -W ignore:setup.py install is deprecated -W ignore:easy_install command is deprecated setup.py develop --editable --build-directory /home/minmin/roboarm_ws/build/my_vision_system/build --no-deps symlink_data
[2.461s] running develop
[2.866s] running egg_info
[2.867s] writing my_vision_system.egg-info/PKG-INFO
[2.868s] writing dependency_links to my_vision_system.egg-info/dependency_links.txt
[2.869s] writing entry points to my_vision_system.egg-info/entry_points.txt
[2.869s] writing requirements to my_vision_system.egg-info/requires.txt
[2.870s] writing top-level names to my_vision_system.egg-info/top_level.txt
[2.875s] reading manifest file 'my_vision_system.egg-info/SOURCES.txt'
[2.878s] writing manifest file 'my_vision_system.egg-info/SOURCES.txt'
[2.882s] running build_ext
[2.882s] Creating /home/minmin/roboarm_ws/install/my_vision_system/lib/python3.10/site-packages/my-vision-system.egg-link (link to .)
[2.886s] Installing yolo_a_node script to /home/minmin/roboarm_ws/install/my_vision_system/lib/my_vision_system
[2.886s] Installing yolo_docking_node script to /home/minmin/roboarm_ws/install/my_vision_system/lib/my_vision_system
[2.886s] Installing yolo_node script to /home/minmin/roboarm_ws/install/my_vision_system/lib/my_vision_system
[2.887s] Installing yolo_real_cam_debug script to /home/minmin/roboarm_ws/install/my_vision_system/lib/my_vision_system
[2.887s] Installing yolo_select_node script to /home/minmin/roboarm_ws/install/my_vision_system/lib/my_vision_system
[2.888s] 
[2.888s] Installed /home/minmin/roboarm_ws/build/my_vision_system
[2.889s] running symlink_data
[3.044s] Invoked command in '/home/minmin/roboarm_ws/build/my_vision_system' returned '0': PYTHONPATH=/home/minmin/roboarm_ws/build/my_vision_system/prefix_override:/usr/lib/python3/dist-packages/colcon_core/task/python/colcon_distutils_commands:/home/minmin/roboarm_ws/install/my_vision_system/lib/python3.10/site-packages:${PYTHONPATH} /usr/bin/python3 -W ignore:setup.py install is deprecated -W ignore:easy_install command is deprecated setup.py develop --editable --build-directory /home/minmin/roboarm_ws/build/my_vision_system/build --no-deps symlink_data
