[1.453s] DEBUG:colcon:Command line arguments: ['/usr/bin/colcon', 'build']
[1.454s] DEBUG:colcon:Parsed command line arguments: Namespace(log_base=None, log_level=None, verb_name='build', build_base='build', install_base='install', merge_install=False, symlink_install=False, test_result_base=None, continue_on_error=False, executor='parallel', parallel_workers=8, event_handlers=None, ignore_user_meta=False, metas=['./colcon.meta'], base_paths=['.'], packages_ignore=None, packages_ignore_regex=None, paths=None, packages_up_to=None, packages_up_to_regex=None, packages_above=None, packages_above_and_dependencies=None, packages_above_depth=None, packages_select_by_dep=None, packages_skip_by_dep=None, packages_skip_up_to=None, packages_select_build_failed=False, packages_skip_build_finished=False, packages_select_test_failures=False, packages_skip_test_passed=False, packages_select=None, packages_skip=None, packages_select_regex=None, packages_skip_regex=None, packages_start=None, packages_end=None, allow_overriding=[], cmake_args=None, cmake_target=None, cmake_target_skip_unavailable=False, cmake_clean_cache=False, cmake_clean_first=False, cmake_force_configure=False, ament_cmake_args=None, catkin_cmake_args=None, catkin_skip_building_tests=False, mixin_files=None, mixin=None, verb_parser=<colcon_mixin.mixin.mixin_argument.MixinArgumentDecorator object at 0x76668c752200>, verb_extension=<colcon_core.verb.build.BuildVerb object at 0x76668c751c30>, main=<bound method BuildVerb.main of <colcon_core.verb.build.BuildVerb object at 0x76668c751c30>>, mixin_verb=('build',))
[2.996s] Level 1:colcon.colcon_core.package_discovery:discover_packages(colcon_meta) check parameters
[2.997s] Level 1:colcon.colcon_core.package_discovery:discover_packages(recursive) check parameters
[2.997s] Level 1:colcon.colcon_core.package_discovery:discover_packages(ignore) check parameters
[2.997s] Level 1:colcon.colcon_core.package_discovery:discover_packages(path) check parameters
[2.997s] Level 1:colcon.colcon_core.package_discovery:discover_packages(colcon_meta) discover
[2.997s] Level 1:colcon.colcon_core.package_discovery:discover_packages(recursive) discover
[2.997s] INFO:colcon.colcon_core.package_discovery:Crawling recursively for packages in '/home/minmin/ros2_ws/src/mecanum4_description'
[2.998s] Level 1:colcon.colcon_core.package_identification:_identify(.) by extensions ['ignore', 'ignore_ament_install']
[2.998s] Level 1:colcon.colcon_core.package_identification:_identify(.) by extension 'ignore'
[2.998s] Level 1:colcon.colcon_core.package_identification:_identify(.) by extension 'ignore_ament_install'
[2.999s] Level 1:colcon.colcon_core.package_identification:_identify(.) by extensions ['colcon_pkg']
[2.999s] Level 1:colcon.colcon_core.package_identification:_identify(.) by extension 'colcon_pkg'
[2.999s] Level 1:colcon.colcon_core.package_identification:_identify(.) by extensions ['colcon_meta']
[2.999s] Level 1:colcon.colcon_core.package_identification:_identify(.) by extension 'colcon_meta'
[3.000s] Level 1:colcon.colcon_core.package_identification:_identify(.) by extensions ['ros']
[3.000s] Level 1:colcon.colcon_core.package_identification:_identify(.) by extension 'ros'
[3.066s] DEBUG:colcon.colcon_core.package_identification:Package '.' with type 'ros.ament_cmake' and name 'mecanum4_description'
[3.066s] Level 1:colcon.colcon_core.package_discovery:discover_packages(recursive) using defaults
[3.066s] Level 1:colcon.colcon_core.package_discovery:discover_packages(ignore) discover
[3.066s] Level 1:colcon.colcon_core.package_discovery:discover_packages(ignore) using defaults
[3.067s] Level 1:colcon.colcon_core.package_discovery:discover_packages(path) discover
[3.067s] Level 1:colcon.colcon_core.package_discovery:discover_packages(path) using defaults
[3.224s] Level 1:colcon.colcon_core.package_discovery:discover_packages(prefix_path) check parameters
[3.224s] Level 1:colcon.colcon_core.package_discovery:discover_packages(prefix_path) discover
[3.266s] DEBUG:colcon.colcon_installed_package_information.package_discovery:Found 2 installed packages in /home/minmin/ros2_ws/install
[3.279s] DEBUG:colcon.colcon_installed_package_information.package_discovery:Found 370 installed packages in /opt/ros/humble
[3.285s] Level 1:colcon.colcon_core.package_discovery:discover_packages(prefix_path) using defaults
[3.787s] Level 5:colcon.colcon_core.verb:set package 'mecanum4_description' build argument 'cmake_args' from command line to 'None'
[3.788s] Level 5:colcon.colcon_core.verb:set package 'mecanum4_description' build argument 'cmake_target' from command line to 'None'
[3.788s] Level 5:colcon.colcon_core.verb:set package 'mecanum4_description' build argument 'cmake_target_skip_unavailable' from command line to 'False'
[3.788s] Level 5:colcon.colcon_core.verb:set package 'mecanum4_description' build argument 'cmake_clean_cache' from command line to 'False'
[3.788s] Level 5:colcon.colcon_core.verb:set package 'mecanum4_description' build argument 'cmake_clean_first' from command line to 'False'
[3.788s] Level 5:colcon.colcon_core.verb:set package 'mecanum4_description' build argument 'cmake_force_configure' from command line to 'False'
[3.788s] Level 5:colcon.colcon_core.verb:set package 'mecanum4_description' build argument 'ament_cmake_args' from command line to 'None'
[3.788s] Level 5:colcon.colcon_core.verb:set package 'mecanum4_description' build argument 'catkin_cmake_args' from command line to 'None'
[3.788s] Level 5:colcon.colcon_core.verb:set package 'mecanum4_description' build argument 'catkin_skip_building_tests' from command line to 'False'
[3.789s] DEBUG:colcon.colcon_core.verb:Building package 'mecanum4_description' with the following arguments: {'ament_cmake_args': None, 'build_base': '/home/minmin/ros2_ws/src/mecanum4_description/build/mecanum4_description', 'catkin_cmake_args': None, 'catkin_skip_building_tests': False, 'cmake_args': None, 'cmake_clean_cache': False, 'cmake_clean_first': False, 'cmake_force_configure': False, 'cmake_target': None, 'cmake_target_skip_unavailable': False, 'install_base': '/home/minmin/ros2_ws/src/mecanum4_description/install/mecanum4_description', 'merge_install': False, 'path': '/home/minmin/ros2_ws/src/mecanum4_description', 'symlink_install': False, 'test_result_base': None}
[3.789s] INFO:colcon.colcon_core.executor:Executing jobs using 'parallel' executor
[3.792s] DEBUG:colcon.colcon_parallel_executor.executor.parallel:run_until_complete
[3.794s] INFO:colcon.colcon_ros.task.ament_cmake.build:Building ROS package in '/home/minmin/ros2_ws/src/mecanum4_description' with build type 'ament_cmake'
[3.794s] INFO:colcon.colcon_cmake.task.cmake.build:Building CMake package in '/home/minmin/ros2_ws/src/mecanum4_description'
[3.813s] INFO:colcon.colcon_core.plugin_system:Skipping extension 'colcon_core.shell.bat': Not used on non-Windows systems
[3.813s] INFO:colcon.colcon_core.shell:Skip shell extension 'powershell' for command environment: Not usable outside of PowerShell
[3.814s] DEBUG:colcon.colcon_core.shell:Skip shell extension 'dsv' for command environment
[3.871s] DEBUG:colcon.colcon_core.event_handler.log_command:Invoking command in '/home/minmin/ros2_ws/src/mecanum4_description/build/mecanum4_description': CMAKE_PREFIX_PATH=${CMAKE_PREFIX_PATH}:/opt/ros/humble /usr/bin/cmake --build /home/minmin/ros2_ws/src/mecanum4_description/build/mecanum4_description -- -j8 -l8
[5.035s] DEBUG:colcon.colcon_core.event_handler.log_command:Invoked command in '/home/minmin/ros2_ws/src/mecanum4_description/build/mecanum4_description' returned '0': CMAKE_PREFIX_PATH=${CMAKE_PREFIX_PATH}:/opt/ros/humble /usr/bin/cmake --build /home/minmin/ros2_ws/src/mecanum4_description/build/mecanum4_description -- -j8 -l8
[5.071s] DEBUG:colcon.colcon_core.event_handler.log_command:Invoking command in '/home/minmin/ros2_ws/src/mecanum4_description/build/mecanum4_description': CMAKE_PREFIX_PATH=${CMAKE_PREFIX_PATH}:/opt/ros/humble /usr/bin/cmake --install /home/minmin/ros2_ws/src/mecanum4_description/build/mecanum4_description
[5.111s] Level 1:colcon.colcon_core.environment:create_environment_scripts_only(mecanum4_description)
[5.111s] DEBUG:colcon.colcon_core.event_handler.log_command:Invoked command in '/home/minmin/ros2_ws/src/mecanum4_description/build/mecanum4_description' returned '0': CMAKE_PREFIX_PATH=${CMAKE_PREFIX_PATH}:/opt/ros/humble /usr/bin/cmake --install /home/minmin/ros2_ws/src/mecanum4_description/build/mecanum4_description
[5.129s] Level 1:colcon.colcon_core.environment:checking '/home/minmin/ros2_ws/src/mecanum4_description/install/mecanum4_description' for CMake module files
[5.130s] Level 1:colcon.colcon_core.environment:checking '/home/minmin/ros2_ws/src/mecanum4_description/install/mecanum4_description' for CMake config files
[5.131s] Level 1:colcon.colcon_core.shell:create_environment_hook('mecanum4_description', 'cmake_prefix_path')
[5.131s] INFO:colcon.colcon_core.shell:Creating environment hook '/home/minmin/ros2_ws/src/mecanum4_description/install/mecanum4_description/share/mecanum4_description/hook/cmake_prefix_path.ps1'
[5.133s] INFO:colcon.colcon_core.shell:Creating environment descriptor '/home/minmin/ros2_ws/src/mecanum4_description/install/mecanum4_description/share/mecanum4_description/hook/cmake_prefix_path.dsv'
[5.134s] INFO:colcon.colcon_core.shell:Creating environment hook '/home/minmin/ros2_ws/src/mecanum4_description/install/mecanum4_description/share/mecanum4_description/hook/cmake_prefix_path.sh'
[5.139s] Level 1:colcon.colcon_core.environment:checking '/home/minmin/ros2_ws/src/mecanum4_description/install/mecanum4_description/lib'
[5.139s] Level 1:colcon.colcon_core.environment:checking '/home/minmin/ros2_ws/src/mecanum4_description/install/mecanum4_description/bin'
[5.140s] Level 1:colcon.colcon_core.environment:checking '/home/minmin/ros2_ws/src/mecanum4_description/install/mecanum4_description/lib/pkgconfig/mecanum4_description.pc'
[5.140s] Level 1:colcon.colcon_core.environment:checking '/home/minmin/ros2_ws/src/mecanum4_description/install/mecanum4_description/lib/python3.10/site-packages'
[5.141s] Level 1:colcon.colcon_core.environment:checking '/home/minmin/ros2_ws/src/mecanum4_description/install/mecanum4_description/bin'
[5.143s] INFO:colcon.colcon_core.shell:Creating package script '/home/minmin/ros2_ws/src/mecanum4_description/install/mecanum4_description/share/mecanum4_description/package.ps1'
[5.153s] INFO:colcon.colcon_core.shell:Creating package descriptor '/home/minmin/ros2_ws/src/mecanum4_description/install/mecanum4_description/share/mecanum4_description/package.dsv'
[5.155s] INFO:colcon.colcon_core.shell:Creating package script '/home/minmin/ros2_ws/src/mecanum4_description/install/mecanum4_description/share/mecanum4_description/package.sh'
[5.159s] INFO:colcon.colcon_core.shell:Creating package script '/home/minmin/ros2_ws/src/mecanum4_description/install/mecanum4_description/share/mecanum4_description/package.bash'
[5.161s] INFO:colcon.colcon_core.shell:Creating package script '/home/minmin/ros2_ws/src/mecanum4_description/install/mecanum4_description/share/mecanum4_description/package.zsh'
[5.164s] Level 1:colcon.colcon_core.environment:create_file_with_runtime_dependencies(/home/minmin/ros2_ws/src/mecanum4_description/install/mecanum4_description/share/colcon-core/packages/mecanum4_description)
[5.166s] Level 1:colcon.colcon_core.environment:create_environment_scripts_only(mecanum4_description)
[5.167s] Level 1:colcon.colcon_core.environment:checking '/home/minmin/ros2_ws/src/mecanum4_description/install/mecanum4_description' for CMake module files
[5.169s] Level 1:colcon.colcon_core.environment:checking '/home/minmin/ros2_ws/src/mecanum4_description/install/mecanum4_description' for CMake config files
[5.170s] Level 1:colcon.colcon_core.shell:create_environment_hook('mecanum4_description', 'cmake_prefix_path')
[5.171s] INFO:colcon.colcon_core.shell:Creating environment hook '/home/minmin/ros2_ws/src/mecanum4_description/install/mecanum4_description/share/mecanum4_description/hook/cmake_prefix_path.ps1'
[5.172s] INFO:colcon.colcon_core.shell:Creating environment descriptor '/home/minmin/ros2_ws/src/mecanum4_description/install/mecanum4_description/share/mecanum4_description/hook/cmake_prefix_path.dsv'
[5.173s] INFO:colcon.colcon_core.shell:Creating environment hook '/home/minmin/ros2_ws/src/mecanum4_description/install/mecanum4_description/share/mecanum4_description/hook/cmake_prefix_path.sh'
[5.176s] Level 1:colcon.colcon_core.environment:checking '/home/minmin/ros2_ws/src/mecanum4_description/install/mecanum4_description/lib'
[5.176s] Level 1:colcon.colcon_core.environment:checking '/home/minmin/ros2_ws/src/mecanum4_description/install/mecanum4_description/bin'
[5.176s] Level 1:colcon.colcon_core.environment:checking '/home/minmin/ros2_ws/src/mecanum4_description/install/mecanum4_description/lib/pkgconfig/mecanum4_description.pc'
[5.177s] Level 1:colcon.colcon_core.environment:checking '/home/minmin/ros2_ws/src/mecanum4_description/install/mecanum4_description/lib/python3.10/site-packages'
[5.177s] Level 1:colcon.colcon_core.environment:checking '/home/minmin/ros2_ws/src/mecanum4_description/install/mecanum4_description/bin'
[5.178s] INFO:colcon.colcon_core.shell:Creating package script '/home/minmin/ros2_ws/src/mecanum4_description/install/mecanum4_description/share/mecanum4_description/package.ps1'
[5.180s] INFO:colcon.colcon_core.shell:Creating package descriptor '/home/minmin/ros2_ws/src/mecanum4_description/install/mecanum4_description/share/mecanum4_description/package.dsv'
[5.181s] INFO:colcon.colcon_core.shell:Creating package script '/home/minmin/ros2_ws/src/mecanum4_description/install/mecanum4_description/share/mecanum4_description/package.sh'
[5.185s] INFO:colcon.colcon_core.shell:Creating package script '/home/minmin/ros2_ws/src/mecanum4_description/install/mecanum4_description/share/mecanum4_description/package.bash'
[5.186s] INFO:colcon.colcon_core.shell:Creating package script '/home/minmin/ros2_ws/src/mecanum4_description/install/mecanum4_description/share/mecanum4_description/package.zsh'
[5.187s] Level 1:colcon.colcon_core.environment:create_file_with_runtime_dependencies(/home/minmin/ros2_ws/src/mecanum4_description/install/mecanum4_description/share/colcon-core/packages/mecanum4_description)
[5.188s] DEBUG:colcon.colcon_parallel_executor.executor.parallel:closing loop
[5.190s] DEBUG:colcon.colcon_parallel_executor.executor.parallel:loop closed
[5.190s] DEBUG:colcon.colcon_parallel_executor.executor.parallel:run_until_complete finished with '0'
[5.191s] DEBUG:colcon.colcon_core.event_reactor:joining thread
[5.571s] INFO:colcon.colcon_core.plugin_system:Skipping extension 'colcon_notification.desktop_notification.notify_send': Could not find 'notify-send'
[5.571s] INFO:colcon.colcon_core.plugin_system:Skipping extension 'colcon_notification.desktop_notification.terminal_notifier': Not used on non-Darwin systems
[5.571s] INFO:colcon.colcon_core.plugin_system:Skipping extension 'colcon_notification.desktop_notification.win32': Not used on non-Windows systems
[5.572s] INFO:colcon.colcon_notification.desktop_notification:Sending desktop notification using 'notify2'
[5.572s] DEBUG:colcon.colcon_notification.desktop_notification.notify2:Failed to initialize notify2: org.freedesktop.DBus.Error.FileNotFound: Failed to connect to socket /run/user/1000/bus: No such file or directory
[5.572s] DEBUG:colcon.colcon_core.event_reactor:joined thread
[5.573s] INFO:colcon.colcon_core.shell:Creating prefix script '/home/minmin/ros2_ws/src/mecanum4_description/install/local_setup.ps1'
[5.576s] INFO:colcon.colcon_core.shell:Creating prefix util module '/home/minmin/ros2_ws/src/mecanum4_description/install/_local_setup_util_ps1.py'
[5.581s] INFO:colcon.colcon_core.shell:Creating prefix chain script '/home/minmin/ros2_ws/src/mecanum4_description/install/setup.ps1'
[5.584s] INFO:colcon.colcon_core.shell:Creating prefix script '/home/minmin/ros2_ws/src/mecanum4_description/install/local_setup.sh'
[5.585s] INFO:colcon.colcon_core.shell:Creating prefix util module '/home/minmin/ros2_ws/src/mecanum4_description/install/_local_setup_util_sh.py'
[5.587s] INFO:colcon.colcon_core.shell:Creating prefix chain script '/home/minmin/ros2_ws/src/mecanum4_description/install/setup.sh'
[5.590s] INFO:colcon.colcon_core.shell:Creating prefix script '/home/minmin/ros2_ws/src/mecanum4_description/install/local_setup.bash'
[5.592s] INFO:colcon.colcon_core.shell:Creating prefix chain script '/home/minmin/ros2_ws/src/mecanum4_description/install/setup.bash'
[5.595s] INFO:colcon.colcon_core.shell:Creating prefix script '/home/minmin/ros2_ws/src/mecanum4_description/install/local_setup.zsh'
[5.598s] INFO:colcon.colcon_core.shell:Creating prefix chain script '/home/minmin/ros2_ws/src/mecanum4_description/install/setup.zsh'
