[0.092s] Invoking command in '/home/vboxuser/ros2_ws/build/mecanum4_description': CMAKE_PREFIX_PATH=${CMAKE_PREFIX_PATH}:/home/vboxuser/robocon_ws/install/robocon_tutorial:/opt/ros/humble /usr/bin/cmake /home/vboxuser/ros2_ws/src/mecanum4_description -DCMAKE_INSTALL_PREFIX=/home/vboxuser/ros2_ws/install/mecanum4_description
[1.008s] -- Found ament_cmake: 1.3.12 (/opt/ros/humble/share/ament_cmake/cmake)
[1.514s] -- Override CMake install command with custom implementation using symlinks instead of copying resources
[1.668s] -- Found ament_lint_auto: 0.12.14 (/opt/ros/humble/share/ament_lint_auto/cmake)
[1.980s] -- Added test 'flake8' to check Python code syntax and style conventions
[1.982s] -- Added test 'lint_cmake' to check CMake code style
[1.983s] -- Added test 'pep257' to check Python code against some of the docstring style conventions in PEP 257
[2.009s] -- Added test 'xmllint' to check XML markup files
[2.016s] -- Configuring done
[2.078s] -- Generating done
[2.085s] -- Build files have been written to: /home/vboxuser/ros2_ws/build/mecanum4_description
[2.097s] Invoked command in '/home/vboxuser/ros2_ws/build/mecanum4_description' returned '0': CMAKE_PREFIX_PATH=${CMAKE_PREFIX_PATH}:/home/vboxuser/robocon_ws/install/robocon_tutorial:/opt/ros/humble /usr/bin/cmake /home/vboxuser/ros2_ws/src/mecanum4_description -DCMAKE_INSTALL_PREFIX=/home/vboxuser/ros2_ws/install/mecanum4_description
[2.100s] Invoking command in '/home/vboxuser/ros2_ws/build/mecanum4_description': CMAKE_PREFIX_PATH=${CMAKE_PREFIX_PATH}:/home/vboxuser/robocon_ws/install/robocon_tutorial:/opt/ros/humble /usr/bin/cmake --build /home/vboxuser/ros2_ws/build/mecanum4_description -- -j5 -l5
[2.223s] Invoked command in '/home/vboxuser/ros2_ws/build/mecanum4_description' returned '0': CMAKE_PREFIX_PATH=${CMAKE_PREFIX_PATH}:/home/vboxuser/robocon_ws/install/robocon_tutorial:/opt/ros/humble /usr/bin/cmake --build /home/vboxuser/ros2_ws/build/mecanum4_description -- -j5 -l5
[2.244s] Invoking command in '/home/vboxuser/ros2_ws/build/mecanum4_description': CMAKE_PREFIX_PATH=${CMAKE_PREFIX_PATH}:/home/vboxuser/robocon_ws/install/robocon_tutorial:/opt/ros/humble /usr/bin/cmake --install /home/vboxuser/ros2_ws/build/mecanum4_description
[2.267s] -- Install configuration: ""
[2.268s] -- Execute custom install script
[2.270s] -- Up-to-date symlink: /home/vboxuser/ros2_ws/install/mecanum4_description/share/mecanum4_description/urdf/mecanum4_lidar.urdf
[2.270s] -- Up-to-date symlink: /home/vboxuser/ros2_ws/install/mecanum4_description/share/mecanum4_description/launch/display.launch.py
[2.270s] -- Up-to-date symlink: /home/vboxuser/ros2_ws/install/mecanum4_description/share/ament_index/resource_index/package_run_dependencies/mecanum4_description
[2.271s] -- Up-to-date symlink: /home/vboxuser/ros2_ws/install/mecanum4_description/share/ament_index/resource_index/parent_prefix_path/mecanum4_description
[2.271s] -- Up-to-date symlink: /home/vboxuser/ros2_ws/install/mecanum4_description/share/mecanum4_description/environment/ament_prefix_path.sh
[2.273s] -- Up-to-date symlink: /home/vboxuser/ros2_ws/install/mecanum4_description/share/mecanum4_description/environment/ament_prefix_path.dsv
[2.274s] -- Up-to-date symlink: /home/vboxuser/ros2_ws/install/mecanum4_description/share/mecanum4_description/environment/path.sh
[2.274s] -- Up-to-date symlink: /home/vboxuser/ros2_ws/install/mecanum4_description/share/mecanum4_description/environment/path.dsv
[2.274s] -- Up-to-date symlink: /home/vboxuser/ros2_ws/install/mecanum4_description/share/mecanum4_description/local_setup.bash
[2.274s] -- Up-to-date symlink: /home/vboxuser/ros2_ws/install/mecanum4_description/share/mecanum4_description/local_setup.sh
[2.274s] -- Up-to-date symlink: /home/vboxuser/ros2_ws/install/mecanum4_description/share/mecanum4_description/local_setup.zsh
[2.274s] -- Up-to-date symlink: /home/vboxuser/ros2_ws/install/mecanum4_description/share/mecanum4_description/local_setup.dsv
[2.275s] -- Symlinking: /home/vboxuser/ros2_ws/install/mecanum4_description/share/mecanum4_description/package.dsv
[2.299s] -- Up-to-date symlink: /home/vboxuser/ros2_ws/install/mecanum4_description/share/ament_index/resource_index/packages/mecanum4_description
[2.303s] -- Up-to-date symlink: /home/vboxuser/ros2_ws/install/mecanum4_description/share/mecanum4_description/cmake/mecanum4_descriptionConfig.cmake
[2.303s] -- Up-to-date symlink: /home/vboxuser/ros2_ws/install/mecanum4_description/share/mecanum4_description/cmake/mecanum4_descriptionConfig-version.cmake
[2.303s] -- Up-to-date symlink: /home/vboxuser/ros2_ws/install/mecanum4_description/share/mecanum4_description/package.xml
[2.308s] Invoked command in '/home/vboxuser/ros2_ws/build/mecanum4_description' returned '0': CMAKE_PREFIX_PATH=${CMAKE_PREFIX_PATH}:/home/vboxuser/robocon_ws/install/robocon_tutorial:/opt/ros/humble /usr/bin/cmake --install /home/vboxuser/ros2_ws/build/mecanum4_description
