[0.022s] Invoking command in '/home/vboxuser/ros2_ws/build/ydlidar_ros2_driver': CMAKE_PREFIX_PATH=${CMAKE_PREFIX_PATH}:/home/vboxuser/robocon_ws/install/robocon_tutorial:/opt/ros/humble /usr/bin/cmake /home/vboxuser/ros2_ws/src/ydlidar_ros2_driver -DAMENT_CMAKE_SYMLINK_INSTALL=1 -DCMAKE_INSTALL_PREFIX=/home/vboxuser/ros2_ws/install/ydlidar_ros2_driver
[0.044s] -- Found ament_cmake: 1.3.12 (/opt/ros/humble/share/ament_cmake/cmake)
[0.274s] -- Override CMake install command with custom implementation using symlinks instead of copying resources
[0.286s] -- Found rclcpp: 16.0.17 (/opt/ros/humble/share/rclcpp/cmake)
[0.365s] -- Found rosidl_generator_c: 3.1.8 (/opt/ros/humble/share/rosidl_generator_c/cmake)
[0.370s] -- Found rosidl_adapter: 3.1.8 (/opt/ros/humble/share/rosidl_adapter/cmake)
[0.384s] -- Found rosidl_generator_cpp: 3.1.8 (/opt/ros/humble/share/rosidl_generator_cpp/cmake)
[0.409s] -- Using all available rosidl_typesupport_c: rosidl_typesupport_fastrtps_c;rosidl_typesupport_introspection_c
[0.442s] -- Using all available rosidl_typesupport_cpp: rosidl_typesupport_fastrtps_cpp;rosidl_typesupport_introspection_cpp
[0.519s] -- Found rmw_implementation_cmake: 6.1.2 (/opt/ros/humble/share/rmw_implementation_cmake/cmake)
[0.521s] -- Found rmw_fastrtps_cpp: 6.2.9 (/opt/ros/humble/share/rmw_fastrtps_cpp/cmake)
[0.699s] -- Using RMW implementation 'rmw_fastrtps_cpp' as default
[0.782s] -- Found sensor_msgs: 4.9.0 (/opt/ros/humble/share/sensor_msgs/cmake)
[0.826s] -- Found visualization_msgs: 4.9.0 (/opt/ros/humble/share/visualization_msgs/cmake)
[0.861s] -- Found std_srvs: 4.9.0 (/opt/ros/humble/share/std_srvs/cmake)
[0.886s] -- Found ament_lint_auto: 0.12.14 (/opt/ros/humble/share/ament_lint_auto/cmake)
[1.020s] -- Added test 'copyright' to check source files copyright and LICENSE
[1.024s] -- Added test 'cppcheck' to perform static code analysis on C / C++ code
[1.025s] -- Configured cppcheck include dirs: /home/vboxuser/ros2_ws/src/ydlidar_ros2_driver/src
[1.025s] -- Configured cppcheck exclude dirs and/or files: 
[1.033s] -- Added test 'cpplint' to check C / C++ code against the Google style
[1.033s] -- Configured cpplint exclude dirs and/or files: 
[1.033s] -- Added test 'flake8' to check Python code syntax and style conventions
[1.033s] -- Added test 'lint_cmake' to check CMake code style
[1.033s] -- Added test 'pep257' to check Python code against some of the docstring style conventions in PEP 257
[1.036s] -- Added test 'uncrustify' to check C / C++ code style
[1.036s] -- Configured uncrustify additional arguments: 
[1.037s] -- Added test 'xmllint' to check XML markup files
[1.041s] -- Configuring done
[1.073s] -- Generating done
[1.088s] -- Build files have been written to: /home/vboxuser/ros2_ws/build/ydlidar_ros2_driver
[1.106s] Invoked command in '/home/vboxuser/ros2_ws/build/ydlidar_ros2_driver' returned '0': CMAKE_PREFIX_PATH=${CMAKE_PREFIX_PATH}:/home/vboxuser/robocon_ws/install/robocon_tutorial:/opt/ros/humble /usr/bin/cmake /home/vboxuser/ros2_ws/src/ydlidar_ros2_driver -DAMENT_CMAKE_SYMLINK_INSTALL=1 -DCMAKE_INSTALL_PREFIX=/home/vboxuser/ros2_ws/install/ydlidar_ros2_driver
[1.108s] Invoking command in '/home/vboxuser/ros2_ws/build/ydlidar_ros2_driver': CMAKE_PREFIX_PATH=${CMAKE_PREFIX_PATH}:/home/vboxuser/robocon_ws/install/robocon_tutorial:/opt/ros/humble /usr/bin/cmake --build /home/vboxuser/ros2_ws/build/ydlidar_ros2_driver -- -j5 -l5
[1.202s] Consolidate compiler generated dependencies of target ydlidar_ros2_driver_node
[1.205s] Consolidate compiler generated dependencies of target ydlidar_ros2_driver_client
[1.232s] [ 50%] Built target ydlidar_ros2_driver_node
[1.241s] [100%] Built target ydlidar_ros2_driver_client
[1.271s] Invoked command in '/home/vboxuser/ros2_ws/build/ydlidar_ros2_driver' returned '0': CMAKE_PREFIX_PATH=${CMAKE_PREFIX_PATH}:/home/vboxuser/robocon_ws/install/robocon_tutorial:/opt/ros/humble /usr/bin/cmake --build /home/vboxuser/ros2_ws/build/ydlidar_ros2_driver -- -j5 -l5
[1.292s] Invoking command in '/home/vboxuser/ros2_ws/build/ydlidar_ros2_driver': CMAKE_PREFIX_PATH=${CMAKE_PREFIX_PATH}:/home/vboxuser/robocon_ws/install/robocon_tutorial:/opt/ros/humble /usr/bin/cmake --install /home/vboxuser/ros2_ws/build/ydlidar_ros2_driver
[1.311s] -- Install configuration: ""
[1.312s] -- Execute custom install script
[1.313s] -- Up-to-date symlink: /home/vboxuser/ros2_ws/install/ydlidar_ros2_driver/lib/ydlidar_ros2_driver/ydlidar_ros2_driver_node
[1.313s] -- Up-to-date symlink: /home/vboxuser/ros2_ws/install/ydlidar_ros2_driver/lib/ydlidar_ros2_driver/ydlidar_ros2_driver_client
[1.315s] -- Up-to-date symlink: /home/vboxuser/ros2_ws/install/ydlidar_ros2_driver/share/ydlidar_ros2_driver/launch/__pycache__/ydlidar_bringup.launch.cpython-310.pyc
[1.315s] -- Up-to-date symlink: /home/vboxuser/ros2_ws/install/ydlidar_ros2_driver/share/ydlidar_ros2_driver/launch/__pycache__/ydlidar_driver.launch.cpython-310.pyc
[1.316s] -- Up-to-date symlink: /home/vboxuser/ros2_ws/install/ydlidar_ros2_driver/share/ydlidar_ros2_driver/launch/__pycache__/ydlidar_launch.cpython-310.pyc
[1.316s] -- Up-to-date symlink: /home/vboxuser/ros2_ws/install/ydlidar_ros2_driver/share/ydlidar_ros2_driver/launch/__pycache__/ydlidar_rviz.launch.cpython-310.pyc
[1.316s] -- Up-to-date symlink: /home/vboxuser/ros2_ws/install/ydlidar_ros2_driver/share/ydlidar_ros2_driver/launch/__pycache__/ydlidar_scan_echo.launch.cpython-310.pyc
[1.316s] -- Up-to-date symlink: /home/vboxuser/ros2_ws/install/ydlidar_ros2_driver/share/ydlidar_ros2_driver/launch/ydlidar.py
[1.316s] -- Up-to-date symlink: /home/vboxuser/ros2_ws/install/ydlidar_ros2_driver/share/ydlidar_ros2_driver/launch/ydlidar_bringup.launch.py
[1.316s] -- Up-to-date symlink: /home/vboxuser/ros2_ws/install/ydlidar_ros2_driver/share/ydlidar_ros2_driver/launch/ydlidar_driver.launch.py
[1.320s] -- Up-to-date symlink: /home/vboxuser/ros2_ws/install/ydlidar_ros2_driver/share/ydlidar_ros2_driver/launch/ydlidar_launch.py
[1.320s] -- Up-to-date symlink: /home/vboxuser/ros2_ws/install/ydlidar_ros2_driver/share/ydlidar_ros2_driver/launch/ydlidar_launch_view.py
[1.320s] -- Up-to-date symlink: /home/vboxuser/ros2_ws/install/ydlidar_ros2_driver/share/ydlidar_ros2_driver/launch/ydlidar_rviz.launch.py
[1.324s] -- Up-to-date symlink: /home/vboxuser/ros2_ws/install/ydlidar_ros2_driver/share/ydlidar_ros2_driver/launch/ydlidar_scan_echo.launch.py
[1.325s] -- Up-to-date symlink: /home/vboxuser/ros2_ws/install/ydlidar_ros2_driver/share/ydlidar_ros2_driver/params/G1.yaml
[1.325s] -- Up-to-date symlink: /home/vboxuser/ros2_ws/install/ydlidar_ros2_driver/share/ydlidar_ros2_driver/params/G2.yaml
[1.325s] -- Up-to-date symlink: /home/vboxuser/ros2_ws/install/ydlidar_ros2_driver/share/ydlidar_ros2_driver/params/G6.yaml
[1.325s] -- Up-to-date symlink: /home/vboxuser/ros2_ws/install/ydlidar_ros2_driver/share/ydlidar_ros2_driver/params/GS2.yaml
[1.325s] -- Up-to-date symlink: /home/vboxuser/ros2_ws/install/ydlidar_ros2_driver/share/ydlidar_ros2_driver/params/TEA.yaml
[1.325s] -- Up-to-date symlink: /home/vboxuser/ros2_ws/install/ydlidar_ros2_driver/share/ydlidar_ros2_driver/params/TG.yaml
[1.325s] -- Up-to-date symlink: /home/vboxuser/ros2_ws/install/ydlidar_ros2_driver/share/ydlidar_ros2_driver/params/TminiPro.yaml
[1.325s] -- Up-to-date symlink: /home/vboxuser/ros2_ws/install/ydlidar_ros2_driver/share/ydlidar_ros2_driver/params/X2.yaml
[1.325s] -- Up-to-date symlink: /home/vboxuser/ros2_ws/install/ydlidar_ros2_driver/share/ydlidar_ros2_driver/params/X4-Pro.yaml
[1.325s] -- Up-to-date symlink: /home/vboxuser/ros2_ws/install/ydlidar_ros2_driver/share/ydlidar_ros2_driver/params/X4.yaml
[1.326s] -- Up-to-date symlink: /home/vboxuser/ros2_ws/install/ydlidar_ros2_driver/share/ydlidar_ros2_driver/params/ydlidar.yaml
[1.326s] -- Up-to-date symlink: /home/vboxuser/ros2_ws/install/ydlidar_ros2_driver/share/ydlidar_ros2_driver/startup/initenv.sh
[1.326s] -- Up-to-date symlink: /home/vboxuser/ros2_ws/install/ydlidar_ros2_driver/share/ydlidar_ros2_driver/config/ydlidar.rviz
[1.326s] -- Up-to-date symlink: /home/vboxuser/ros2_ws/install/ydlidar_ros2_driver/share/ament_index/resource_index/package_run_dependencies/ydlidar_ros2_driver
[1.327s] -- Up-to-date symlink: /home/vboxuser/ros2_ws/install/ydlidar_ros2_driver/share/ament_index/resource_index/parent_prefix_path/ydlidar_ros2_driver
[1.327s] -- Up-to-date symlink: /home/vboxuser/ros2_ws/install/ydlidar_ros2_driver/share/ydlidar_ros2_driver/environment/ament_prefix_path.sh
[1.328s] -- Up-to-date symlink: /home/vboxuser/ros2_ws/install/ydlidar_ros2_driver/share/ydlidar_ros2_driver/environment/ament_prefix_path.dsv
[1.328s] -- Up-to-date symlink: /home/vboxuser/ros2_ws/install/ydlidar_ros2_driver/share/ydlidar_ros2_driver/environment/path.sh
[1.328s] -- Up-to-date symlink: /home/vboxuser/ros2_ws/install/ydlidar_ros2_driver/share/ydlidar_ros2_driver/environment/path.dsv
[1.328s] -- Up-to-date symlink: /home/vboxuser/ros2_ws/install/ydlidar_ros2_driver/share/ydlidar_ros2_driver/local_setup.bash
[1.328s] -- Up-to-date symlink: /home/vboxuser/ros2_ws/install/ydlidar_ros2_driver/share/ydlidar_ros2_driver/local_setup.sh
[1.328s] -- Up-to-date symlink: /home/vboxuser/ros2_ws/install/ydlidar_ros2_driver/share/ydlidar_ros2_driver/local_setup.zsh
[1.328s] -- Up-to-date symlink: /home/vboxuser/ros2_ws/install/ydlidar_ros2_driver/share/ydlidar_ros2_driver/local_setup.dsv
[1.328s] -- Symlinking: /home/vboxuser/ros2_ws/install/ydlidar_ros2_driver/share/ydlidar_ros2_driver/package.dsv
[1.342s] -- Up-to-date symlink: /home/vboxuser/ros2_ws/install/ydlidar_ros2_driver/share/ament_index/resource_index/packages/ydlidar_ros2_driver
[1.344s] -- Up-to-date symlink: /home/vboxuser/ros2_ws/install/ydlidar_ros2_driver/share/ydlidar_ros2_driver/cmake/ydlidar_ros2_driverConfig.cmake
[1.344s] -- Up-to-date symlink: /home/vboxuser/ros2_ws/install/ydlidar_ros2_driver/share/ydlidar_ros2_driver/cmake/ydlidar_ros2_driverConfig-version.cmake
[1.344s] -- Up-to-date symlink: /home/vboxuser/ros2_ws/install/ydlidar_ros2_driver/share/ydlidar_ros2_driver/package.xml
[30.030s] Invoked command in '/home/vboxuser/ros2_ws/build/ydlidar_ros2_driver' returned '0': CMAKE_PREFIX_PATH=${CMAKE_PREFIX_PATH}:/home/vboxuser/robocon_ws/install/robocon_tutorial:/opt/ros/humble /usr/bin/cmake --install /home/vboxuser/ros2_ws/build/ydlidar_ros2_driver
