[4.055s] DEBUG:colcon:Command line arguments: ['/usr/bin/colcon', 'build']
[4.056s] DEBUG:colcon:Parsed command line arguments: Namespace(log_base=None, log_level=None, verb_name='build', build_base='build', install_base='install', merge_install=False, symlink_install=False, test_result_base=None, continue_on_error=False, executor='parallel', parallel_workers=8, event_handlers=None, ignore_user_meta=False, metas=['./colcon.meta'], base_paths=['.'], packages_ignore=None, packages_ignore_regex=None, paths=None, packages_up_to=None, packages_up_to_regex=None, packages_above=None, packages_above_and_dependencies=None, packages_above_depth=None, packages_select_by_dep=None, packages_skip_by_dep=None, packages_skip_up_to=None, packages_select_build_failed=False, packages_skip_build_finished=False, packages_select_test_failures=False, packages_skip_test_passed=False, packages_select=None, packages_skip=None, packages_select_regex=None, packages_skip_regex=None, packages_start=None, packages_end=None, allow_overriding=[], cmake_args=None, cmake_target=None, cmake_target_skip_unavailable=False, cmake_clean_cache=False, cmake_clean_first=False, cmake_force_configure=False, ament_cmake_args=None, catkin_cmake_args=None, catkin_skip_building_tests=False, mixin_files=None, mixin=None, verb_parser=<colcon_mixin.mixin.mixin_argument.MixinArgumentDecorator object at 0x7340bd14d810>, verb_extension=<colcon_core.verb.build.BuildVerb object at 0x7340bd14d240>, main=<bound method BuildVerb.main of <colcon_core.verb.build.BuildVerb object at 0x7340bd14d240>>, mixin_verb=('build',))
[5.620s] Level 1:colcon.colcon_core.package_discovery:discover_packages(colcon_meta) check parameters
[5.620s] Level 1:colcon.colcon_core.package_discovery:discover_packages(recursive) check parameters
[5.621s] Level 1:colcon.colcon_core.package_discovery:discover_packages(ignore) check parameters
[5.621s] Level 1:colcon.colcon_core.package_discovery:discover_packages(path) check parameters
[5.621s] Level 1:colcon.colcon_core.package_discovery:discover_packages(colcon_meta) discover
[5.621s] Level 1:colcon.colcon_core.package_discovery:discover_packages(recursive) discover
[5.621s] INFO:colcon.colcon_core.package_discovery:Crawling recursively for packages in '/home/minmin/ros2_ws/src/ydlidar_ros2_driver'
[5.622s] Level 1:colcon.colcon_core.package_identification:_identify(.) by extensions ['ignore', 'ignore_ament_install']
[5.625s] Level 1:colcon.colcon_core.package_identification:_identify(.) by extension 'ignore'
[5.627s] Level 1:colcon.colcon_core.package_identification:_identify(.) by extension 'ignore_ament_install'
[5.633s] Level 1:colcon.colcon_core.package_identification:_identify(.) by extensions ['colcon_pkg']
[5.633s] Level 1:colcon.colcon_core.package_identification:_identify(.) by extension 'colcon_pkg'
[5.634s] Level 1:colcon.colcon_core.package_identification:_identify(.) by extensions ['colcon_meta']
[5.634s] Level 1:colcon.colcon_core.package_identification:_identify(.) by extension 'colcon_meta'
[5.634s] Level 1:colcon.colcon_core.package_identification:_identify(.) by extensions ['ros']
[5.634s] Level 1:colcon.colcon_core.package_identification:_identify(.) by extension 'ros'
[5.710s] DEBUG:colcon.colcon_core.package_identification:Package '.' with type 'ros.ament_cmake' and name 'ydlidar_ros2_driver'
[5.710s] Level 1:colcon.colcon_core.package_discovery:discover_packages(recursive) using defaults
[5.710s] Level 1:colcon.colcon_core.package_discovery:discover_packages(ignore) discover
[5.710s] Level 1:colcon.colcon_core.package_discovery:discover_packages(ignore) using defaults
[5.710s] Level 1:colcon.colcon_core.package_discovery:discover_packages(path) discover
[5.710s] Level 1:colcon.colcon_core.package_discovery:discover_packages(path) using defaults
[5.903s] Level 1:colcon.colcon_core.package_discovery:discover_packages(prefix_path) check parameters
[5.903s] Level 1:colcon.colcon_core.package_discovery:discover_packages(prefix_path) discover
[5.918s] DEBUG:colcon.colcon_installed_package_information.package_discovery:Found 2 installed packages in /home/minmin/ros2_ws/install
[5.924s] DEBUG:colcon.colcon_installed_package_information.package_discovery:Found 370 installed packages in /opt/ros/humble
[5.935s] Level 1:colcon.colcon_core.package_discovery:discover_packages(prefix_path) using defaults
[6.321s] Level 5:colcon.colcon_core.verb:set package 'ydlidar_ros2_driver' build argument 'cmake_args' from command line to 'None'
[6.322s] Level 5:colcon.colcon_core.verb:set package 'ydlidar_ros2_driver' build argument 'cmake_target' from command line to 'None'
[6.322s] Level 5:colcon.colcon_core.verb:set package 'ydlidar_ros2_driver' build argument 'cmake_target_skip_unavailable' from command line to 'False'
[6.322s] Level 5:colcon.colcon_core.verb:set package 'ydlidar_ros2_driver' build argument 'cmake_clean_cache' from command line to 'False'
[6.322s] Level 5:colcon.colcon_core.verb:set package 'ydlidar_ros2_driver' build argument 'cmake_clean_first' from command line to 'False'
[6.322s] Level 5:colcon.colcon_core.verb:set package 'ydlidar_ros2_driver' build argument 'cmake_force_configure' from command line to 'False'
[6.322s] Level 5:colcon.colcon_core.verb:set package 'ydlidar_ros2_driver' build argument 'ament_cmake_args' from command line to 'None'
[6.322s] Level 5:colcon.colcon_core.verb:set package 'ydlidar_ros2_driver' build argument 'catkin_cmake_args' from command line to 'None'
[6.322s] Level 5:colcon.colcon_core.verb:set package 'ydlidar_ros2_driver' build argument 'catkin_skip_building_tests' from command line to 'False'
[6.322s] DEBUG:colcon.colcon_core.verb:Building package 'ydlidar_ros2_driver' with the following arguments: {'ament_cmake_args': None, 'build_base': '/home/minmin/ros2_ws/src/ydlidar_ros2_driver/build/ydlidar_ros2_driver', 'catkin_cmake_args': None, 'catkin_skip_building_tests': False, 'cmake_args': None, 'cmake_clean_cache': False, 'cmake_clean_first': False, 'cmake_force_configure': False, 'cmake_target': None, 'cmake_target_skip_unavailable': False, 'install_base': '/home/minmin/ros2_ws/src/ydlidar_ros2_driver/install/ydlidar_ros2_driver', 'merge_install': False, 'path': '/home/minmin/ros2_ws/src/ydlidar_ros2_driver', 'symlink_install': False, 'test_result_base': None}
[6.323s] INFO:colcon.colcon_core.executor:Executing jobs using 'parallel' executor
[6.339s] DEBUG:colcon.colcon_parallel_executor.executor.parallel:run_until_complete
[6.340s] INFO:colcon.colcon_ros.task.ament_cmake.build:Building ROS package in '/home/minmin/ros2_ws/src/ydlidar_ros2_driver' with build type 'ament_cmake'
[6.341s] INFO:colcon.colcon_cmake.task.cmake.build:Building CMake package in '/home/minmin/ros2_ws/src/ydlidar_ros2_driver'
[6.356s] INFO:colcon.colcon_core.plugin_system:Skipping extension 'colcon_core.shell.bat': Not used on non-Windows systems
[6.359s] INFO:colcon.colcon_core.shell:Skip shell extension 'powershell' for command environment: Not usable outside of PowerShell
[6.360s] DEBUG:colcon.colcon_core.shell:Skip shell extension 'dsv' for command environment
[6.460s] DEBUG:colcon.colcon_core.event_handler.log_command:Invoking command in '/home/minmin/ros2_ws/src/ydlidar_ros2_driver/build/ydlidar_ros2_driver': CMAKE_PREFIX_PATH=${CMAKE_PREFIX_PATH}:/opt/ros/humble /usr/bin/cmake --build /home/minmin/ros2_ws/src/ydlidar_ros2_driver/build/ydlidar_ros2_driver -- -j8 -l8
[7.033s] DEBUG:colcon.colcon_core.event_handler.log_command:Invoked command in '/home/minmin/ros2_ws/src/ydlidar_ros2_driver/build/ydlidar_ros2_driver' returned '0': CMAKE_PREFIX_PATH=${CMAKE_PREFIX_PATH}:/opt/ros/humble /usr/bin/cmake --build /home/minmin/ros2_ws/src/ydlidar_ros2_driver/build/ydlidar_ros2_driver -- -j8 -l8
[7.131s] DEBUG:colcon.colcon_core.event_handler.log_command:Invoking command in '/home/minmin/ros2_ws/src/ydlidar_ros2_driver/build/ydlidar_ros2_driver': CMAKE_PREFIX_PATH=${CMAKE_PREFIX_PATH}:/opt/ros/humble /usr/bin/cmake --install /home/minmin/ros2_ws/src/ydlidar_ros2_driver/build/ydlidar_ros2_driver
[7.238s] Level 1:colcon.colcon_core.environment:create_environment_scripts_only(ydlidar_ros2_driver)
[7.277s] DEBUG:colcon.colcon_core.event_handler.log_command:Invoked command in '/home/minmin/ros2_ws/src/ydlidar_ros2_driver/build/ydlidar_ros2_driver' returned '0': CMAKE_PREFIX_PATH=${CMAKE_PREFIX_PATH}:/opt/ros/humble /usr/bin/cmake --install /home/minmin/ros2_ws/src/ydlidar_ros2_driver/build/ydlidar_ros2_driver
[7.292s] Level 1:colcon.colcon_core.environment:checking '/home/minmin/ros2_ws/src/ydlidar_ros2_driver/install/ydlidar_ros2_driver' for CMake module files
[7.295s] Level 1:colcon.colcon_core.environment:checking '/home/minmin/ros2_ws/src/ydlidar_ros2_driver/install/ydlidar_ros2_driver' for CMake config files
[7.307s] Level 1:colcon.colcon_core.shell:create_environment_hook('ydlidar_ros2_driver', 'cmake_prefix_path')
[7.308s] INFO:colcon.colcon_core.shell:Creating environment hook '/home/minmin/ros2_ws/src/ydlidar_ros2_driver/install/ydlidar_ros2_driver/share/ydlidar_ros2_driver/hook/cmake_prefix_path.ps1'
[7.312s] INFO:colcon.colcon_core.shell:Creating environment descriptor '/home/minmin/ros2_ws/src/ydlidar_ros2_driver/install/ydlidar_ros2_driver/share/ydlidar_ros2_driver/hook/cmake_prefix_path.dsv'
[7.321s] INFO:colcon.colcon_core.shell:Creating environment hook '/home/minmin/ros2_ws/src/ydlidar_ros2_driver/install/ydlidar_ros2_driver/share/ydlidar_ros2_driver/hook/cmake_prefix_path.sh'
[7.328s] Level 1:colcon.colcon_core.environment:checking '/home/minmin/ros2_ws/src/ydlidar_ros2_driver/install/ydlidar_ros2_driver/lib'
[7.329s] Level 1:colcon.colcon_core.environment:checking '/home/minmin/ros2_ws/src/ydlidar_ros2_driver/install/ydlidar_ros2_driver/bin'
[7.331s] Level 1:colcon.colcon_core.environment:checking '/home/minmin/ros2_ws/src/ydlidar_ros2_driver/install/ydlidar_ros2_driver/lib/pkgconfig/ydlidar_ros2_driver.pc'
[7.335s] Level 1:colcon.colcon_core.environment:checking '/home/minmin/ros2_ws/src/ydlidar_ros2_driver/install/ydlidar_ros2_driver/lib/python3.10/site-packages'
[7.337s] Level 1:colcon.colcon_core.environment:checking '/home/minmin/ros2_ws/src/ydlidar_ros2_driver/install/ydlidar_ros2_driver/bin'
[7.343s] INFO:colcon.colcon_core.shell:Creating package script '/home/minmin/ros2_ws/src/ydlidar_ros2_driver/install/ydlidar_ros2_driver/share/ydlidar_ros2_driver/package.ps1'
[7.347s] INFO:colcon.colcon_core.shell:Creating package descriptor '/home/minmin/ros2_ws/src/ydlidar_ros2_driver/install/ydlidar_ros2_driver/share/ydlidar_ros2_driver/package.dsv'
[7.349s] INFO:colcon.colcon_core.shell:Creating package script '/home/minmin/ros2_ws/src/ydlidar_ros2_driver/install/ydlidar_ros2_driver/share/ydlidar_ros2_driver/package.sh'
[7.353s] INFO:colcon.colcon_core.shell:Creating package script '/home/minmin/ros2_ws/src/ydlidar_ros2_driver/install/ydlidar_ros2_driver/share/ydlidar_ros2_driver/package.bash'
[7.362s] INFO:colcon.colcon_core.shell:Creating package script '/home/minmin/ros2_ws/src/ydlidar_ros2_driver/install/ydlidar_ros2_driver/share/ydlidar_ros2_driver/package.zsh'
[7.365s] Level 1:colcon.colcon_core.environment:create_file_with_runtime_dependencies(/home/minmin/ros2_ws/src/ydlidar_ros2_driver/install/ydlidar_ros2_driver/share/colcon-core/packages/ydlidar_ros2_driver)
[7.369s] Level 1:colcon.colcon_core.environment:create_environment_scripts_only(ydlidar_ros2_driver)
[7.370s] Level 1:colcon.colcon_core.environment:checking '/home/minmin/ros2_ws/src/ydlidar_ros2_driver/install/ydlidar_ros2_driver' for CMake module files
[7.371s] Level 1:colcon.colcon_core.environment:checking '/home/minmin/ros2_ws/src/ydlidar_ros2_driver/install/ydlidar_ros2_driver' for CMake config files
[7.376s] Level 1:colcon.colcon_core.shell:create_environment_hook('ydlidar_ros2_driver', 'cmake_prefix_path')
[7.377s] INFO:colcon.colcon_core.shell:Creating environment hook '/home/minmin/ros2_ws/src/ydlidar_ros2_driver/install/ydlidar_ros2_driver/share/ydlidar_ros2_driver/hook/cmake_prefix_path.ps1'
[7.382s] INFO:colcon.colcon_core.shell:Creating environment descriptor '/home/minmin/ros2_ws/src/ydlidar_ros2_driver/install/ydlidar_ros2_driver/share/ydlidar_ros2_driver/hook/cmake_prefix_path.dsv'
[7.391s] INFO:colcon.colcon_core.shell:Creating environment hook '/home/minmin/ros2_ws/src/ydlidar_ros2_driver/install/ydlidar_ros2_driver/share/ydlidar_ros2_driver/hook/cmake_prefix_path.sh'
[7.393s] Level 1:colcon.colcon_core.environment:checking '/home/minmin/ros2_ws/src/ydlidar_ros2_driver/install/ydlidar_ros2_driver/lib'
[7.394s] Level 1:colcon.colcon_core.environment:checking '/home/minmin/ros2_ws/src/ydlidar_ros2_driver/install/ydlidar_ros2_driver/bin'
[7.394s] Level 1:colcon.colcon_core.environment:checking '/home/minmin/ros2_ws/src/ydlidar_ros2_driver/install/ydlidar_ros2_driver/lib/pkgconfig/ydlidar_ros2_driver.pc'
[7.395s] Level 1:colcon.colcon_core.environment:checking '/home/minmin/ros2_ws/src/ydlidar_ros2_driver/install/ydlidar_ros2_driver/lib/python3.10/site-packages'
[7.396s] Level 1:colcon.colcon_core.environment:checking '/home/minmin/ros2_ws/src/ydlidar_ros2_driver/install/ydlidar_ros2_driver/bin'
[7.397s] INFO:colcon.colcon_core.shell:Creating package script '/home/minmin/ros2_ws/src/ydlidar_ros2_driver/install/ydlidar_ros2_driver/share/ydlidar_ros2_driver/package.ps1'
[7.412s] INFO:colcon.colcon_core.shell:Creating package descriptor '/home/minmin/ros2_ws/src/ydlidar_ros2_driver/install/ydlidar_ros2_driver/share/ydlidar_ros2_driver/package.dsv'
[7.415s] INFO:colcon.colcon_core.shell:Creating package script '/home/minmin/ros2_ws/src/ydlidar_ros2_driver/install/ydlidar_ros2_driver/share/ydlidar_ros2_driver/package.sh'
[7.417s] INFO:colcon.colcon_core.shell:Creating package script '/home/minmin/ros2_ws/src/ydlidar_ros2_driver/install/ydlidar_ros2_driver/share/ydlidar_ros2_driver/package.bash'
[7.419s] INFO:colcon.colcon_core.shell:Creating package script '/home/minmin/ros2_ws/src/ydlidar_ros2_driver/install/ydlidar_ros2_driver/share/ydlidar_ros2_driver/package.zsh'
[7.425s] Level 1:colcon.colcon_core.environment:create_file_with_runtime_dependencies(/home/minmin/ros2_ws/src/ydlidar_ros2_driver/install/ydlidar_ros2_driver/share/colcon-core/packages/ydlidar_ros2_driver)
[7.430s] DEBUG:colcon.colcon_parallel_executor.executor.parallel:closing loop
[7.431s] DEBUG:colcon.colcon_parallel_executor.executor.parallel:loop closed
[7.436s] DEBUG:colcon.colcon_parallel_executor.executor.parallel:run_until_complete finished with '0'
[7.436s] DEBUG:colcon.colcon_core.event_reactor:joining thread
[8.751s] INFO:colcon.colcon_core.plugin_system:Skipping extension 'colcon_notification.desktop_notification.notify_send': Could not find 'notify-send'
[8.751s] INFO:colcon.colcon_core.plugin_system:Skipping extension 'colcon_notification.desktop_notification.terminal_notifier': Not used on non-Darwin systems
[8.751s] INFO:colcon.colcon_core.plugin_system:Skipping extension 'colcon_notification.desktop_notification.win32': Not used on non-Windows systems
[8.751s] INFO:colcon.colcon_notification.desktop_notification:Sending desktop notification using 'notify2'
[8.752s] DEBUG:colcon.colcon_notification.desktop_notification.notify2:Failed to initialize notify2: org.freedesktop.DBus.Error.FileNotFound: Failed to connect to socket /run/user/1000/bus: No such file or directory
[8.752s] DEBUG:colcon.colcon_core.event_reactor:joined thread
[8.753s] INFO:colcon.colcon_core.shell:Creating prefix script '/home/minmin/ros2_ws/src/ydlidar_ros2_driver/install/local_setup.ps1'
[8.760s] INFO:colcon.colcon_core.shell:Creating prefix util module '/home/minmin/ros2_ws/src/ydlidar_ros2_driver/install/_local_setup_util_ps1.py'
[8.773s] INFO:colcon.colcon_core.shell:Creating prefix chain script '/home/minmin/ros2_ws/src/ydlidar_ros2_driver/install/setup.ps1'
[8.791s] INFO:colcon.colcon_core.shell:Creating prefix script '/home/minmin/ros2_ws/src/ydlidar_ros2_driver/install/local_setup.sh'
[8.804s] INFO:colcon.colcon_core.shell:Creating prefix util module '/home/minmin/ros2_ws/src/ydlidar_ros2_driver/install/_local_setup_util_sh.py'
[8.808s] INFO:colcon.colcon_core.shell:Creating prefix chain script '/home/minmin/ros2_ws/src/ydlidar_ros2_driver/install/setup.sh'
[8.820s] INFO:colcon.colcon_core.shell:Creating prefix script '/home/minmin/ros2_ws/src/ydlidar_ros2_driver/install/local_setup.bash'
[8.824s] INFO:colcon.colcon_core.shell:Creating prefix chain script '/home/minmin/ros2_ws/src/ydlidar_ros2_driver/install/setup.bash'
[8.830s] INFO:colcon.colcon_core.shell:Creating prefix script '/home/minmin/ros2_ws/src/ydlidar_ros2_driver/install/local_setup.zsh'
[8.839s] INFO:colcon.colcon_core.shell:Creating prefix chain script '/home/minmin/ros2_ws/src/ydlidar_ros2_driver/install/setup.zsh'
