[0.018s] Invoking command in '/home/vboxuser/ros2_ws/build/mecanum4_description': CMAKE_PREFIX_PATH=/home/vboxuser/robocon_ws/install/robocon_tutorial:/opt/ros/humble /usr/bin/cmake --build /home/vboxuser/ros2_ws/build/mecanum4_description -- -j5 -l5
[0.055s] -- Found ament_cmake: 1.3.12 (/opt/ros/humble/share/ament_cmake/cmake)
[0.254s] -- Override CMake install command with custom implementation using symlinks instead of copying resources
[0.267s] -- Found ament_lint_auto: 0.12.14 (/opt/ros/humble/share/ament_lint_auto/cmake)
[0.368s] -- Added test 'flake8' to check Python code syntax and style conventions
[0.368s] -- Added test 'lint_cmake' to check CMake code style
[0.369s] -- Added test 'pep257' to check Python code against some of the docstring style conventions in PEP 257
[0.371s] -- Added test 'xmllint' to check XML markup files
[0.373s] -- Configuring done
[0.379s] -- Generating done
[0.382s] -- Build files have been written to: /home/vboxuser/ros2_ws/build/mecanum4_description
[0.417s] Invoked command in '/home/vboxuser/ros2_ws/build/mecanum4_description' returned '0': CMAKE_PREFIX_PATH=/home/vboxuser/robocon_ws/install/robocon_tutorial:/opt/ros/humble /usr/bin/cmake --build /home/vboxuser/ros2_ws/build/mecanum4_description -- -j5 -l5
[0.436s] Invoking command in '/home/vboxuser/ros2_ws/build/mecanum4_description': CMAKE_PREFIX_PATH=/home/vboxuser/robocon_ws/install/robocon_tutorial:/opt/ros/humble /usr/bin/cmake --install /home/vboxuser/ros2_ws/build/mecanum4_description
[0.446s] -- Install configuration: ""
[0.447s] -- Execute custom install script
[0.447s] -- Up-to-date symlink: /home/vboxuser/ros2_ws/install/mecanum4_description/share/mecanum4_description/urdf/mecanum4_lidar.urdf
[0.448s] -- Up-to-date symlink: /home/vboxuser/ros2_ws/install/mecanum4_description/share/mecanum4_description/launch/display.launch.py
[0.448s] -- Up-to-date symlink: /home/vboxuser/ros2_ws/install/mecanum4_description/share/ament_index/resource_index/package_run_dependencies/mecanum4_description
[0.449s] -- Up-to-date symlink: /home/vboxuser/ros2_ws/install/mecanum4_description/share/ament_index/resource_index/parent_prefix_path/mecanum4_description
[0.449s] -- Up-to-date symlink: /home/vboxuser/ros2_ws/install/mecanum4_description/share/mecanum4_description/environment/ament_prefix_path.sh
[0.450s] -- Up-to-date symlink: /home/vboxuser/ros2_ws/install/mecanum4_description/share/mecanum4_description/environment/ament_prefix_path.dsv
[0.450s] -- Up-to-date symlink: /home/vboxuser/ros2_ws/install/mecanum4_description/share/mecanum4_description/environment/path.sh
[0.450s] -- Up-to-date symlink: /home/vboxuser/ros2_ws/install/mecanum4_description/share/mecanum4_description/environment/path.dsv
[0.450s] -- Up-to-date symlink: /home/vboxuser/ros2_ws/install/mecanum4_description/share/mecanum4_description/local_setup.bash
[0.450s] -- Up-to-date symlink: /home/vboxuser/ros2_ws/install/mecanum4_description/share/mecanum4_description/local_setup.sh
[0.450s] -- Up-to-date symlink: /home/vboxuser/ros2_ws/install/mecanum4_description/share/mecanum4_description/local_setup.zsh
[0.450s] -- Up-to-date symlink: /home/vboxuser/ros2_ws/install/mecanum4_description/share/mecanum4_description/local_setup.dsv
[0.451s] -- Symlinking: /home/vboxuser/ros2_ws/install/mecanum4_description/share/mecanum4_description/package.dsv
[0.466s] -- Up-to-date symlink: /home/vboxuser/ros2_ws/install/mecanum4_description/share/ament_index/resource_index/packages/mecanum4_description
[0.467s] -- Up-to-date symlink: /home/vboxuser/ros2_ws/install/mecanum4_description/share/mecanum4_description/cmake/mecanum4_descriptionConfig.cmake
[0.467s] -- Up-to-date symlink: /home/vboxuser/ros2_ws/install/mecanum4_description/share/mecanum4_description/cmake/mecanum4_descriptionConfig-version.cmake
[0.467s] -- Up-to-date symlink: /home/vboxuser/ros2_ws/install/mecanum4_description/share/mecanum4_description/package.xml
[0.472s] Invoked command in '/home/vboxuser/ros2_ws/build/mecanum4_description' returned '0': CMAKE_PREFIX_PATH=/home/vboxuser/robocon_ws/install/robocon_tutorial:/opt/ros/humble /usr/bin/cmake --install /home/vboxuser/ros2_ws/build/mecanum4_description
