[1.051s] DEBUG:colcon:Command line arguments: ['/usr/bin/colcon', 'build', '--packages-select', 'my_vision_system']
[1.051s] DEBUG:colcon:Parsed command line arguments: Namespace(log_base=None, log_level=None, verb_name='build', build_base='build', install_base='install', merge_install=False, symlink_install=False, test_result_base=None, continue_on_error=False, executor='parallel', parallel_workers=20, event_handlers=None, ignore_user_meta=False, metas=['./colcon.meta'], base_paths=['.'], packages_ignore=None, packages_ignore_regex=None, paths=None, packages_up_to=None, packages_up_to_regex=None, packages_above=None, packages_above_and_dependencies=None, packages_above_depth=None, packages_select_by_dep=None, packages_skip_by_dep=None, packages_skip_up_to=None, packages_select_build_failed=False, packages_skip_build_finished=False, packages_select_test_failures=False, packages_skip_test_passed=False, packages_select=['my_vision_system'], packages_skip=None, packages_select_regex=None, packages_skip_regex=None, packages_start=None, packages_end=None, allow_overriding=[], cmake_args=None, cmake_target=None, cmake_target_skip_unavailable=False, cmake_clean_cache=False, cmake_clean_first=False, cmake_force_configure=False, ament_cmake_args=None, catkin_cmake_args=None, catkin_skip_building_tests=False, verb_parser=<colcon_defaults.argument_parser.defaults.DefaultArgumentsDecorator object at 0x7d238ca2fa00>, verb_extension=<colcon_core.verb.build.BuildVerb object at 0x7d238ca2f4c0>, main=<bound method BuildVerb.main of <colcon_core.verb.build.BuildVerb object at 0x7d238ca2f4c0>>)
[1.834s] Level 1:colcon.colcon_core.package_discovery:discover_packages(colcon_meta) check parameters
[1.835s] Level 1:colcon.colcon_core.package_discovery:discover_packages(recursive) check parameters
[1.835s] Level 1:colcon.colcon_core.package_discovery:discover_packages(ignore) check parameters
[1.835s] Level 1:colcon.colcon_core.package_discovery:discover_packages(path) check parameters
[1.835s] Level 1:colcon.colcon_core.package_discovery:discover_packages(colcon_meta) discover
[1.835s] Level 1:colcon.colcon_core.package_discovery:discover_packages(recursive) discover
[1.835s] INFO:colcon.colcon_core.package_discovery:Crawling recursively for packages in '/home/poomjai/roboarm_ws'
[1.836s] Level 1:colcon.colcon_core.package_identification:_identify(.) by extensions ['ignore', 'ignore_ament_install']
[1.836s] Level 1:colcon.colcon_core.package_identification:_identify(.) by extension 'ignore'
[1.836s] Level 1:colcon.colcon_core.package_identification:_identify(.) by extension 'ignore_ament_install'
[1.836s] Level 1:colcon.colcon_core.package_identification:_identify(.) by extensions ['colcon_pkg']
[1.836s] Level 1:colcon.colcon_core.package_identification:_identify(.) by extension 'colcon_pkg'
[1.836s] Level 1:colcon.colcon_core.package_identification:_identify(.) by extensions ['colcon_meta']
[1.836s] Level 1:colcon.colcon_core.package_identification:_identify(.) by extension 'colcon_meta'
[1.836s] Level 1:colcon.colcon_core.package_identification:_identify(.) by extensions ['ros']
[1.836s] Level 1:colcon.colcon_core.package_identification:_identify(.) by extension 'ros'
[1.863s] Level 1:colcon.colcon_core.package_identification:_identify(.) by extensions ['cmake', 'python']
[1.863s] Level 1:colcon.colcon_core.package_identification:_identify(.) by extension 'cmake'
[1.863s] Level 1:colcon.colcon_core.package_identification:_identify(.) by extension 'python'
[1.863s] Level 1:colcon.colcon_core.package_identification:_identify(.) by extensions ['python_setup_py']
[1.863s] Level 1:colcon.colcon_core.package_identification:_identify(.) by extension 'python_setup_py'
[1.864s] Level 1:colcon.colcon_core.package_identification:_identify(build) by extensions ['ignore', 'ignore_ament_install']
[1.865s] Level 1:colcon.colcon_core.package_identification:_identify(build) by extension 'ignore'
[1.865s] Level 1:colcon.colcon_core.package_identification:_identify(build) ignored
[1.866s] Level 1:colcon.colcon_core.package_identification:_identify(install) by extensions ['ignore', 'ignore_ament_install']
[1.866s] Level 1:colcon.colcon_core.package_identification:_identify(install) by extension 'ignore'
[1.866s] Level 1:colcon.colcon_core.package_identification:_identify(install) ignored
[1.866s] Level 1:colcon.colcon_core.package_identification:_identify(log) by extensions ['ignore', 'ignore_ament_install']
[1.866s] Level 1:colcon.colcon_core.package_identification:_identify(log) by extension 'ignore'
[1.866s] Level 1:colcon.colcon_core.package_identification:_identify(log) ignored
[1.867s] Level 1:colcon.colcon_core.package_identification:_identify(src) by extensions ['ignore', 'ignore_ament_install']
[1.867s] Level 1:colcon.colcon_core.package_identification:_identify(src) by extension 'ignore'
[1.867s] Level 1:colcon.colcon_core.package_identification:_identify(src) by extension 'ignore_ament_install'
[1.867s] Level 1:colcon.colcon_core.package_identification:_identify(src) by extensions ['colcon_pkg']
[1.867s] Level 1:colcon.colcon_core.package_identification:_identify(src) by extension 'colcon_pkg'
[1.867s] Level 1:colcon.colcon_core.package_identification:_identify(src) by extensions ['colcon_meta']
[1.867s] Level 1:colcon.colcon_core.package_identification:_identify(src) by extension 'colcon_meta'
[1.867s] Level 1:colcon.colcon_core.package_identification:_identify(src) by extensions ['ros']
[1.867s] Level 1:colcon.colcon_core.package_identification:_identify(src) by extension 'ros'
[1.867s] Level 1:colcon.colcon_core.package_identification:_identify(src) by extensions ['cmake', 'python']
[1.868s] Level 1:colcon.colcon_core.package_identification:_identify(src) by extension 'cmake'
[1.868s] Level 1:colcon.colcon_core.package_identification:_identify(src) by extension 'python'
[1.868s] Level 1:colcon.colcon_core.package_identification:_identify(src) by extensions ['python_setup_py']
[1.868s] Level 1:colcon.colcon_core.package_identification:_identify(src) by extension 'python_setup_py'
[1.868s] Level 1:colcon.colcon_core.package_identification:_identify(src/my_vision_system) by extensions ['ignore', 'ignore_ament_install']
[1.869s] Level 1:colcon.colcon_core.package_identification:_identify(src/my_vision_system) by extension 'ignore'
[1.869s] Level 1:colcon.colcon_core.package_identification:_identify(src/my_vision_system) by extension 'ignore_ament_install'
[1.869s] Level 1:colcon.colcon_core.package_identification:_identify(src/my_vision_system) by extensions ['colcon_pkg']
[1.869s] Level 1:colcon.colcon_core.package_identification:_identify(src/my_vision_system) by extension 'colcon_pkg'
[1.869s] Level 1:colcon.colcon_core.package_identification:_identify(src/my_vision_system) by extensions ['colcon_meta']
[1.869s] Level 1:colcon.colcon_core.package_identification:_identify(src/my_vision_system) by extension 'colcon_meta'
[1.869s] Level 1:colcon.colcon_core.package_identification:_identify(src/my_vision_system) by extensions ['ros']
[1.869s] Level 1:colcon.colcon_core.package_identification:_identify(src/my_vision_system) by extension 'ros'
[1.876s] DEBUG:colcon.colcon_core.package_identification:Package 'src/my_vision_system' with type 'ros.ament_python' and name 'my_vision_system'
[1.876s] Level 1:colcon.colcon_core.package_discovery:discover_packages(recursive) using defaults
[1.876s] Level 1:colcon.colcon_core.package_discovery:discover_packages(ignore) discover
[1.876s] Level 1:colcon.colcon_core.package_discovery:discover_packages(ignore) using defaults
[1.876s] Level 1:colcon.colcon_core.package_discovery:discover_packages(path) discover
[1.876s] Level 1:colcon.colcon_core.package_discovery:discover_packages(path) using defaults
[1.934s] Level 1:colcon.colcon_core.package_discovery:discover_packages(prefix_path) check parameters
[1.934s] Level 1:colcon.colcon_core.package_discovery:discover_packages(prefix_path) discover
[1.942s] DEBUG:colcon.colcon_installed_package_information.package_discovery:Found 1 installed packages in /home/poomjai/roboarm_ws/install
[1.945s] DEBUG:colcon.colcon_installed_package_information.package_discovery:Found 273 installed packages in /opt/ros/humble
[1.957s] Level 1:colcon.colcon_core.package_discovery:discover_packages(prefix_path) using defaults
[2.103s] Level 5:colcon.colcon_core.verb:set package 'my_vision_system' build argument 'cmake_args' from command line to 'None'
[2.103s] Level 5:colcon.colcon_core.verb:set package 'my_vision_system' build argument 'cmake_target' from command line to 'None'
[2.103s] Level 5:colcon.colcon_core.verb:set package 'my_vision_system' build argument 'cmake_target_skip_unavailable' from command line to 'False'
[2.103s] Level 5:colcon.colcon_core.verb:set package 'my_vision_system' build argument 'cmake_clean_cache' from command line to 'False'
[2.103s] Level 5:colcon.colcon_core.verb:set package 'my_vision_system' build argument 'cmake_clean_first' from command line to 'False'
[2.103s] Level 5:colcon.colcon_core.verb:set package 'my_vision_system' build argument 'cmake_force_configure' from command line to 'False'
[2.103s] Level 5:colcon.colcon_core.verb:set package 'my_vision_system' build argument 'ament_cmake_args' from command line to 'None'
[2.103s] Level 5:colcon.colcon_core.verb:set package 'my_vision_system' build argument 'catkin_cmake_args' from command line to 'None'
[2.103s] Level 5:colcon.colcon_core.verb:set package 'my_vision_system' build argument 'catkin_skip_building_tests' from command line to 'False'
[2.103s] DEBUG:colcon.colcon_core.verb:Building package 'my_vision_system' with the following arguments: {'ament_cmake_args': None, 'build_base': '/home/poomjai/roboarm_ws/build/my_vision_system', 'catkin_cmake_args': None, 'catkin_skip_building_tests': False, 'cmake_args': None, 'cmake_clean_cache': False, 'cmake_clean_first': False, 'cmake_force_configure': False, 'cmake_target': None, 'cmake_target_skip_unavailable': False, 'install_base': '/home/poomjai/roboarm_ws/install/my_vision_system', 'merge_install': False, 'path': '/home/poomjai/roboarm_ws/src/my_vision_system', 'symlink_install': False, 'test_result_base': None}
[2.103s] INFO:colcon.colcon_core.executor:Executing jobs using 'parallel' executor
[2.105s] DEBUG:colcon.colcon_parallel_executor.executor.parallel:run_until_complete
[2.105s] INFO:colcon.colcon_ros.task.ament_python.build:Building ROS package in '/home/poomjai/roboarm_ws/src/my_vision_system' with build type 'ament_python'
[2.105s] Level 1:colcon.colcon_core.shell:create_environment_hook('my_vision_system', 'ament_prefix_path')
[2.116s] INFO:colcon.colcon_core.plugin_system:Skipping extension 'colcon_core.shell.bat': Not used on non-Windows systems
[2.116s] INFO:colcon.colcon_core.shell:Creating environment hook '/home/poomjai/roboarm_ws/install/my_vision_system/share/my_vision_system/hook/ament_prefix_path.ps1'
[2.119s] INFO:colcon.colcon_core.shell:Creating environment descriptor '/home/poomjai/roboarm_ws/install/my_vision_system/share/my_vision_system/hook/ament_prefix_path.dsv'
[2.120s] INFO:colcon.colcon_core.shell:Creating environment hook '/home/poomjai/roboarm_ws/install/my_vision_system/share/my_vision_system/hook/ament_prefix_path.sh'
[2.122s] INFO:colcon.colcon_core.shell:Skip shell extension 'powershell' for command environment: Not usable outside of PowerShell
[2.122s] DEBUG:colcon.colcon_core.shell:Skip shell extension 'dsv' for command environment
[2.455s] INFO:colcon.colcon_core.task.python.build:Building Python package in '/home/poomjai/roboarm_ws/src/my_vision_system'
[2.455s] INFO:colcon.colcon_core.shell:Skip shell extension 'powershell' for command environment: Not usable outside of PowerShell
[2.455s] DEBUG:colcon.colcon_core.shell:Skip shell extension 'dsv' for command environment
[3.162s] DEBUG:colcon.colcon_core.event_handler.log_command:Invoking command in '/home/poomjai/roboarm_ws/src/my_vision_system': PYTHONPATH=/home/poomjai/roboarm_ws/build/my_vision_system/prefix_override:/usr/lib/python3/dist-packages/colcon_core/task/python/colcon_distutils_commands:/home/poomjai/roboarm_ws/install/my_vision_system/lib/python3.10/site-packages:${PYTHONPATH} /usr/bin/python3 -W ignore:setup.py install is deprecated -W ignore:easy_install command is deprecated setup.py egg_info --egg-base ../../build/my_vision_system build --build-base /home/poomjai/roboarm_ws/build/my_vision_system/build install --record /home/poomjai/roboarm_ws/build/my_vision_system/install.log --single-version-externally-managed install_data
[3.489s] DEBUG:colcon.colcon_core.event_handler.log_command:Invoked command in '/home/poomjai/roboarm_ws/src/my_vision_system' returned '0': PYTHONPATH=/home/poomjai/roboarm_ws/build/my_vision_system/prefix_override:/usr/lib/python3/dist-packages/colcon_core/task/python/colcon_distutils_commands:/home/poomjai/roboarm_ws/install/my_vision_system/lib/python3.10/site-packages:${PYTHONPATH} /usr/bin/python3 -W ignore:setup.py install is deprecated -W ignore:easy_install command is deprecated setup.py egg_info --egg-base ../../build/my_vision_system build --build-base /home/poomjai/roboarm_ws/build/my_vision_system/build install --record /home/poomjai/roboarm_ws/build/my_vision_system/install.log --single-version-externally-managed install_data
[3.505s] Level 1:colcon.colcon_core.environment:checking '/home/poomjai/roboarm_ws/install/my_vision_system' for CMake module files
[3.507s] Level 1:colcon.colcon_core.environment:checking '/home/poomjai/roboarm_ws/install/my_vision_system' for CMake config files
[3.514s] Level 1:colcon.colcon_core.environment:checking '/home/poomjai/roboarm_ws/install/my_vision_system/lib'
[3.515s] Level 1:colcon.colcon_core.environment:checking '/home/poomjai/roboarm_ws/install/my_vision_system/bin'
[3.515s] Level 1:colcon.colcon_core.environment:checking '/home/poomjai/roboarm_ws/install/my_vision_system/lib/pkgconfig/my_vision_system.pc'
[3.515s] Level 1:colcon.colcon_core.environment:checking '/home/poomjai/roboarm_ws/install/my_vision_system/lib/python3.10/site-packages'
[3.515s] Level 1:colcon.colcon_core.shell:create_environment_hook('my_vision_system', 'pythonpath')
[3.516s] INFO:colcon.colcon_core.shell:Creating environment hook '/home/poomjai/roboarm_ws/install/my_vision_system/share/my_vision_system/hook/pythonpath.ps1'
[3.516s] INFO:colcon.colcon_core.shell:Creating environment descriptor '/home/poomjai/roboarm_ws/install/my_vision_system/share/my_vision_system/hook/pythonpath.dsv'
[3.517s] INFO:colcon.colcon_core.shell:Creating environment hook '/home/poomjai/roboarm_ws/install/my_vision_system/share/my_vision_system/hook/pythonpath.sh'
[3.518s] Level 1:colcon.colcon_core.environment:checking '/home/poomjai/roboarm_ws/install/my_vision_system/bin'
[3.518s] Level 1:colcon.colcon_core.environment:create_environment_scripts_only(my_vision_system)
[3.518s] INFO:colcon.colcon_core.shell:Creating package script '/home/poomjai/roboarm_ws/install/my_vision_system/share/my_vision_system/package.ps1'
[3.520s] INFO:colcon.colcon_core.shell:Creating package descriptor '/home/poomjai/roboarm_ws/install/my_vision_system/share/my_vision_system/package.dsv'
[3.522s] INFO:colcon.colcon_core.shell:Creating package script '/home/poomjai/roboarm_ws/install/my_vision_system/share/my_vision_system/package.sh'
[3.523s] INFO:colcon.colcon_core.shell:Creating package script '/home/poomjai/roboarm_ws/install/my_vision_system/share/my_vision_system/package.bash'
[3.525s] INFO:colcon.colcon_core.shell:Creating package script '/home/poomjai/roboarm_ws/install/my_vision_system/share/my_vision_system/package.zsh'
[3.527s] Level 1:colcon.colcon_core.environment:create_file_with_runtime_dependencies(/home/poomjai/roboarm_ws/install/my_vision_system/share/colcon-core/packages/my_vision_system)
[3.527s] DEBUG:colcon.colcon_parallel_executor.executor.parallel:closing loop
[3.528s] DEBUG:colcon.colcon_parallel_executor.executor.parallel:loop closed
[3.528s] DEBUG:colcon.colcon_parallel_executor.executor.parallel:run_until_complete finished with '0'
[3.528s] DEBUG:colcon.colcon_core.event_reactor:joining thread
[3.549s] INFO:colcon.colcon_core.plugin_system:Skipping extension 'colcon_notification.desktop_notification.terminal_notifier': Not used on non-Darwin systems
[3.549s] INFO:colcon.colcon_core.plugin_system:Skipping extension 'colcon_notification.desktop_notification.win32': Not used on non-Windows systems
[3.549s] INFO:colcon.colcon_notification.desktop_notification:Sending desktop notification using 'notify2'
[3.549s] DEBUG:colcon.colcon_notification.desktop_notification.notify2:Failed to initialize notify2: org.freedesktop.DBus.Error.FileNotFound: Failed to connect to socket /run/user/1000/bus: No such file or directory
[3.550s] DEBUG:colcon.colcon_core.event_reactor:joined thread
[3.550s] INFO:colcon.colcon_core.shell:Creating prefix script '/home/poomjai/roboarm_ws/install/local_setup.ps1'
[3.552s] INFO:colcon.colcon_core.shell:Creating prefix util module '/home/poomjai/roboarm_ws/install/_local_setup_util_ps1.py'
[3.554s] INFO:colcon.colcon_core.shell:Creating prefix chain script '/home/poomjai/roboarm_ws/install/setup.ps1'
[3.555s] INFO:colcon.colcon_core.shell:Creating prefix script '/home/poomjai/roboarm_ws/install/local_setup.sh'
[3.556s] INFO:colcon.colcon_core.shell:Creating prefix util module '/home/poomjai/roboarm_ws/install/_local_setup_util_sh.py'
[3.557s] INFO:colcon.colcon_core.shell:Creating prefix chain script '/home/poomjai/roboarm_ws/install/setup.sh'
[3.559s] INFO:colcon.colcon_core.shell:Creating prefix script '/home/poomjai/roboarm_ws/install/local_setup.bash'
[3.560s] INFO:colcon.colcon_core.shell:Creating prefix chain script '/home/poomjai/roboarm_ws/install/setup.bash'
[3.561s] INFO:colcon.colcon_core.shell:Creating prefix script '/home/poomjai/roboarm_ws/install/local_setup.zsh'
[3.562s] INFO:colcon.colcon_core.shell:Creating prefix chain script '/home/poomjai/roboarm_ws/install/setup.zsh'
