[1.311s] Invoking command in '/home/minmin/roboarm_ws/build/my_vision_system': PYTHONPATH=/home/minmin/roboarm_ws/build/my_vision_system/prefix_override:/usr/lib/python3/dist-packages/colcon_core/task/python/colcon_distutils_commands:/home/minmin/roboarm_ws/install/my_vision_system/lib/python3.10/site-packages:${PYTHONPATH} /usr/bin/python3 -W ignore:setup.py install is deprecated -W ignore:easy_install command is deprecated setup.py develop --editable --build-directory /home/minmin/roboarm_ws/build/my_vision_system/build --no-deps symlink_data --force
[1.854s] running develop
[2.169s] running egg_info
[2.169s] writing my_vision_system.egg-info/PKG-INFO
[2.170s] writing dependency_links to my_vision_system.egg-info/dependency_links.txt
[2.170s] writing entry points to my_vision_system.egg-info/entry_points.txt
[2.170s] writing requirements to my_vision_system.egg-info/requires.txt
[2.171s] writing top-level names to my_vision_system.egg-info/top_level.txt
[2.175s] reading manifest file 'my_vision_system.egg-info/SOURCES.txt'
[2.177s] writing manifest file 'my_vision_system.egg-info/SOURCES.txt'
[2.180s] running build_ext
[2.181s] Creating /home/minmin/roboarm_ws/install/my_vision_system/lib/python3.10/site-packages/my-vision-system.egg-link (link to .)
[2.183s] Installing yolo_docking_node script to /home/minmin/roboarm_ws/install/my_vision_system/lib/my_vision_system
[2.183s] Installing yolo_node script to /home/minmin/roboarm_ws/install/my_vision_system/lib/my_vision_system
[2.183s] Installing yolo_real_cam_debug script to /home/minmin/roboarm_ws/install/my_vision_system/lib/my_vision_system
[2.184s] Installing yolo_select_node script to /home/minmin/roboarm_ws/install/my_vision_system/lib/my_vision_system
[2.184s] 
[2.184s] Installed /home/minmin/roboarm_ws/build/my_vision_system
[2.185s] running symlink_data
[2.185s] symbolically linking /home/minmin/roboarm_ws/build/my_vision_system/resource/my_vision_system -> /home/minmin/roboarm_ws/install/my_vision_system/share/ament_index/resource_index/packages
[2.185s] symbolically linking /home/minmin/roboarm_ws/build/my_vision_system/package.xml -> /home/minmin/roboarm_ws/install/my_vision_system/share/my_vision_system
[2.193s] symbolically linking /home/minmin/roboarm_ws/build/my_vision_system/models_upgrade/best.pt -> /home/minmin/roboarm_ws/install/my_vision_system/share/my_vision_system/models_upgrade
[2.286s] Invoked command in '/home/minmin/roboarm_ws/build/my_vision_system' returned '0': PYTHONPATH=/home/minmin/roboarm_ws/build/my_vision_system/prefix_override:/usr/lib/python3/dist-packages/colcon_core/task/python/colcon_distutils_commands:/home/minmin/roboarm_ws/install/my_vision_system/lib/python3.10/site-packages:${PYTHONPATH} /usr/bin/python3 -W ignore:setup.py install is deprecated -W ignore:easy_install command is deprecated setup.py develop --editable --build-directory /home/minmin/roboarm_ws/build/my_vision_system/build --no-deps symlink_data --force
